2024-07-15 18:22:15.678 [error] Reading directory to watch failed Error: ENOENT: no such file or directory, scandir '/home/karthi/Leetcode-profile-scraper/.pixi/envs'
    at Object.readdirSync (node:fs:1513:3)
    at Object.t.readdirSync (node:electron/js2c/node_init:2:11289)
    at /home/karthi/.vscode-oss/extensions/ms-python.python-2024.10.0-universal/out/client/extension.js:2:574598
    at /home/karthi/.vscode-oss/extensions/ms-python.python-2024.10.0-universal/out/client/extension.js:2:574789
    at Array.map (<anonymous>)
    at d.initWatchers (/home/karthi/.vscode-oss/extensions/ms-python.python-2024.10.0-universal/out/client/extension.js:2:574507)
    at d.ensureWatchersReady (/home/karthi/.vscode-oss/extensions/ms-python.python-2024.10.0-universal/out/client/extension.js:2:536827) {
  errno: -2,
  syscall: 'scandir',
  code: 'ENOENT',
  path: '/home/karthi/Leetcode-profile-scraper/.pixi/envs'
}
2024-07-15 18:22:15.678 [error] Dir "/home/karthi/Leetcode-profile-scraper/.pixi/envs" is not watchable (directory does not exist)
2024-07-15 18:22:15.678 [info] Default formatter is set to null for workspace /home/karthi/Leetcode-profile-scraper
2024-07-15 18:22:15.678 [error] Unable to check if shell integration is active Error: Extension 'ms-python.python' CANNOT use API proposal: terminalDataWriteEvent.
Its package.json#enabledApiProposals-property declares:  but NOT terminalDataWriteEvent.
 The missing proposal MUST be added and you must start in extension development mode or use the following command line switch: --enable-proposed-api ms-python.python
    at P (/usr/lib/code/out/vs/workbench/api/node/extensionHostProcess.js:142:57960)
    at a.onDidWriteTerminalData (/usr/lib/code/out/vs/workbench/api/node/extensionHostProcess.js:164:32723)
    at new m (/home/karthi/.vscode-oss/extensions/ms-python.python-2024.10.0-universal/out/client/extension.js:2:795800)
    at Object.t.resolveInstance (/home/karthi/.vscode-oss/extensions/ms-python.python-2024.10.0-universal/out/client/extension.js:2:1647601)
    at /home/karthi/.vscode-oss/extensions/ms-python.python-2024.10.0-universal/out/client/extension.js:2:1649509
    at Array.map (<anonymous>)
    at Object.t.resolveInstance (/home/karthi/.vscode-oss/extensions/ms-python.python-2024.10.0-universal/out/client/extension.js:2:1647375)
    at /home/karthi/.vscode-oss/extensions/ms-python.python-2024.10.0-universal/out/client/extension.js:2:1649509
    at Object.t.resolve (/home/karthi/.vscode-oss/extensions/ms-python.python-2024.10.0-universal/out/client/extension.js:2:1649772)
    at /home/karthi/.vscode-oss/extensions/ms-python.python-2024.10.0-universal/out/client/extension.js:2:1633335
    at e._get (/home/karthi/.vscode-oss/extensions/ms-python.python-2024.10.0-universal/out/client/extension.js:2:1633101)
    at e.get (/home/karthi/.vscode-oss/extensions/ms-python.python-2024.10.0-universal/out/client/extension.js:2:1631813)
    at e.dynamicValue (/home/karthi/.vscode-oss/extensions/ms-python.python-2024.10.0-universal/out/client/extension.js:2:1654877)
    at /home/karthi/.vscode-oss/extensions/ms-python.python-2024.10.0-universal/out/client/extension.js:2:1648998
    at c (/home/karthi/.vscode-oss/extensions/ms-python.python-2024.10.0-universal/out/client/extension.js:2:1648044)
    at /home/karthi/.vscode-oss/extensions/ms-python.python-2024.10.0-universal/out/client/extension.js:2:1648938
    at /home/karthi/.vscode-oss/extensions/ms-python.python-2024.10.0-universal/out/client/extension.js:2:1648457
    at Array.map (<anonymous>)
    at /home/karthi/.vscode-oss/extensions/ms-python.python-2024.10.0-universal/out/client/extension.js:2:1648429
    at Array.map (<anonymous>)
    at Object.t.resolveInstance (/home/karthi/.vscode-oss/extensions/ms-python.python-2024.10.0-universal/out/client/extension.js:2:1647375)
    at /home/karthi/.vscode-oss/extensions/ms-python.python-2024.10.0-universal/out/client/extension.js:2:1649509
    at Object.t.resolve (/home/karthi/.vscode-oss/extensions/ms-python.python-2024.10.0-universal/out/client/extension.js:2:1649772)
    at /home/karthi/.vscode-oss/extensions/ms-python.python-2024.10.0-universal/out/client/extension.js:2:1633335
    at e._get (/home/karthi/.vscode-oss/extensions/ms-python.python-2024.10.0-universal/out/client/extension.js:2:1633101)
    at e.get (/home/karthi/.vscode-oss/extensions/ms-python.python-2024.10.0-universal/out/client/extension.js:2:1631813)
    at a.get (/home/karthi/.vscode-oss/extensions/ms-python.python-2024.10.0-universal/out/client/extension.js:2:476784)
    at /home/karthi/.vscode-oss/extensions/ms-python.python-2024.10.0-universal/out/client/extension.js:2:397213
    at t.activateComponents (/home/karthi/.vscode-oss/extensions/ms-python.python-2024.10.0-universal/out/client/extension.js:2:395500)
    at /home/karthi/.vscode-oss/extensions/ms-python.python-2024.10.0-universal/out/client/extension.js:2:2572500
    at e (/home/karthi/.vscode-oss/extensions/ms-python.python-2024.10.0-universal/out/client/extension.js:2:2572032)
    at c.n (/usr/lib/code/out/vs/workbench/api/node/extensionHostProcess.js:144:6384)
    at c.m (/usr/lib/code/out/vs/workbench/api/node/extensionHostProcess.js:144:6347)
    at c.l (/usr/lib/code/out/vs/workbench/api/node/extensionHostProcess.js:144:5804)
2024-07-15 18:22:15.678 [info] > conda info --json
2024-07-15 18:22:15.678 [info] Python interpreter path: /bin/python
2024-07-15 18:22:15.860 [info] > pyenv which python
2024-07-15 18:22:15.860 [info] cwd: .
2024-07-15 18:22:15.932 [error] [
  'Failed to activate a workspace, Class name = m, completed in 1362ms, has a falsy return value, Arg 1: <Uri:/home/karthi/Leetcode-profile-scraper/main.py>, Arg 2: {"started":1721047923650}, Return Value: undefined',
  Error: Extension 'ms-python.python' CANNOT use API proposal: testObserver.
  Its package.json#enabledApiProposals-property declares:  but NOT testObserver.
   The missing proposal MUST be added and you must start in extension development mode or use the following command line switch: --enable-proposed-api ms-python.python
      at P (/usr/lib/code/out/vs/workbench/api/node/extensionHostProcess.js:142:57960)
      at Object.get testResults [as testResults] (/usr/lib/code/out/vs/workbench/api/node/extensionHostProcess.js:164:25429)
      at T.activate (/home/karthi/.vscode-oss/extensions/ms-python.python-2024.10.0-universal/out/client/extension.js:2:824391)
      at /home/karthi/.vscode-oss/extensions/ms-python.python-2024.10.0-universal/out/client/extension.js:2:2460
      at Array.map (<anonymous>)
      at m.activateWorkspace (/home/karthi/.vscode-oss/extensions/ms-python.python-2024.10.0-universal/out/client/extension.js:2:2450)
]
2024-07-15 18:22:15.933 [error] Failure during activation. Error: Extension 'ms-python.python' CANNOT use API proposal: testObserver.
Its package.json#enabledApiProposals-property declares:  but NOT testObserver.
 The missing proposal MUST be added and you must start in extension development mode or use the following command line switch: --enable-proposed-api ms-python.python
    at P (/usr/lib/code/out/vs/workbench/api/node/extensionHostProcess.js:142:57960)
    at Object.get testResults [as testResults] (/usr/lib/code/out/vs/workbench/api/node/extensionHostProcess.js:164:25429)
    at T.activate (/home/karthi/.vscode-oss/extensions/ms-python.python-2024.10.0-universal/out/client/extension.js:2:824391)
    at /home/karthi/.vscode-oss/extensions/ms-python.python-2024.10.0-universal/out/client/extension.js:2:2460
    at Array.map (<anonymous>)
    at m.activateWorkspace (/home/karthi/.vscode-oss/extensions/ms-python.python-2024.10.0-universal/out/client/extension.js:2:2450)
2024-07-15 18:22:15.933 [error] sendStartupTelemetry() failed. Error: Extension 'ms-python.python' CANNOT use API proposal: testObserver.
Its package.json#enabledApiProposals-property declares:  but NOT testObserver.
 The missing proposal MUST be added and you must start in extension development mode or use the following command line switch: --enable-proposed-api ms-python.python
    at P (/usr/lib/code/out/vs/workbench/api/node/extensionHostProcess.js:142:57960)
    at Object.get testResults [as testResults] (/usr/lib/code/out/vs/workbench/api/node/extensionHostProcess.js:164:25429)
    at T.activate (/home/karthi/.vscode-oss/extensions/ms-python.python-2024.10.0-universal/out/client/extension.js:2:824391)
    at /home/karthi/.vscode-oss/extensions/ms-python.python-2024.10.0-universal/out/client/extension.js:2:2460
    at Array.map (<anonymous>)
    at m.activateWorkspace (/home/karthi/.vscode-oss/extensions/ms-python.python-2024.10.0-universal/out/client/extension.js:2:2450)
2024-07-15 18:22:15.970 [info] > /usr/bin/python3 -I ~/.vscode-oss/extensions/ms-python.python-2024.10.0-universal/python_files/get_output_via_markers.py ~/.vscode-oss/extensions/ms-python.python-2024.10.0-universal/python_files/interpreterInfo.py
2024-07-15 18:22:23.511 [info] Starting Jedi language server for Leetcode-profile-scraper.
2024-07-15 18:28:37.815 [info] Discover tests for workspace name: Leetcode-profile-scraper - uri: /home/karthi/Leetcode-profile-scraper/main.py
2024-07-15 18:29:03.307 [info] Discover tests for workspace name: Leetcode-profile-scraper - uri: /home/karthi/Leetcode-profile-scraper/cache.py
2024-07-15 18:33:24.931 [info] Discover tests for workspace name: Leetcode-profile-scraper - uri: /home/karthi/Leetcode-profile-scraper/main.py
2024-07-15 18:33:42.418 [info] Discover tests for workspace name: Leetcode-profile-scraper - uri: /home/karthi/Leetcode-profile-scraper/main.py
2024-07-15 18:39:08.563 [info] Discover tests for workspace name: Leetcode-profile-scraper - uri: /home/karthi/Leetcode-profile-scraper/main.py
2024-07-15 18:44:23.161 [info] Discover tests for workspace name: Leetcode-profile-scraper - uri: /home/karthi/Leetcode-profile-scraper/cache.py
2024-07-15 18:44:49.789 [info] Discover tests for workspace name: Leetcode-profile-scraper - uri: /home/karthi/Leetcode-profile-scraper/scraper.py
2024-07-15 18:45:11.217 [info] Discover tests for workspace name: Leetcode-profile-scraper - uri: /home/karthi/Leetcode-profile-scraper/cache.py
2024-07-15 18:45:28.900 [info] Discover tests for workspace name: Leetcode-profile-scraper - uri: /home/karthi/Leetcode-profile-scraper/main.py
2024-07-15 18:46:43.896 [info] Discover tests for workspace name: Leetcode-profile-scraper - uri: /home/karthi/Leetcode-profile-scraper/main.py
2024-07-15 18:47:09.963 [info] Discover tests for workspace name: Leetcode-profile-scraper - uri: /home/karthi/Leetcode-profile-scraper/main.py
2024-07-15 18:47:51.110 [info] Discover tests for workspace name: Leetcode-profile-scraper - uri: /home/karthi/Leetcode-profile-scraper/scraper.py
2024-07-15 18:49:45.442 [info] Discover tests for workspace name: Leetcode-profile-scraper - uri: /home/karthi/Leetcode-profile-scraper/main.py
2024-07-15 18:53:53.067 [info] Discover tests for workspace name: Leetcode-profile-scraper - uri: /home/karthi/Leetcode-profile-scraper/main.py
2024-07-15 18:58:53.324 [info] Discover tests for workspace name: Leetcode-profile-scraper - uri: /home/karthi/Leetcode-profile-scraper/main.py
2024-07-15 18:59:01.702 [info] Discover tests for workspace name: Leetcode-profile-scraper - uri: /home/karthi/Leetcode-profile-scraper/main.py
2024-07-15 18:59:22.263 [info] Discover tests for workspace name: Leetcode-profile-scraper - uri: /home/karthi/Leetcode-profile-scraper/main.py
2024-07-15 19:05:11.636 [info] Discover tests for workspace name: Leetcode-profile-scraper - uri: /home/karthi/Leetcode-profile-scraper/main.py
2024-07-15 19:05:59.482 [info] Discover tests for workspace name: Leetcode-profile-scraper - uri: /home/karthi/Leetcode-profile-scraper/main.py
2024-07-15 19:07:49.669 [info] Discover tests for workspace name: Leetcode-profile-scraper - uri: /home/karthi/Leetcode-profile-scraper/main.py
2024-07-15 19:16:13.091 [info] Discover tests for workspace name: Leetcode-profile-scraper - uri: /home/karthi/Leetcode-profile-scraper/scraper.py
2024-07-15 19:18:09.335 [info] Discover tests for workspace name: Leetcode-profile-scraper - uri: /home/karthi/Leetcode-profile-scraper/scraper.py
2024-07-15 19:18:19.774 [info] Discover tests for workspace name: Leetcode-profile-scraper - uri: /home/karthi/Leetcode-profile-scraper/scraper.py
2024-07-15 19:20:11.484 [info] Discover tests for workspace name: Leetcode-profile-scraper - uri: /home/karthi/Leetcode-profile-scraper/main.py
2024-07-15 19:20:17.536 [info] > pixi --version
2024-07-15 19:20:17.539 [error] Error: spawn pixi ENOENT
    at Process.ChildProcess._handle.onexit (node:internal/child_process:286:19)
    at onErrorNT (node:internal/child_process:484:16)
    at processTicksAndRejections (node:internal/process/task_queues:82:21) {
  errno: -2,
  code: 'ENOENT',
  syscall: 'spawn pixi',
  path: 'pixi',
  spawnargs: [ '--version' ]
}
2024-07-15 19:20:17.540 [warning] could not find a pixi interpreter for the interpreter at /bin/python
2024-07-15 19:26:17.050 [warning] could not find a pixi interpreter for the interpreter at /bin/python
2024-07-15 20:52:58.253 [info] Discover tests for workspace name: Leetcode-profile-scraper - uri: /home/karthi/Leetcode-profile-scraper/main.py
2024-07-15 21:01:53.647 [info] > /bin/python ~/.vscode-oss/extensions/ms-python.python-2024.10.0-universal/python_files/normalizeSelection.py
2024-07-15 21:01:54.080 [warning] could not find a pixi interpreter for the interpreter at /bin/python
2024-07-15 21:01:54.142 [info] Send text to terminal: /bin/python
2024-07-15 21:01:59.939 [info] Discover tests for workspace name: Leetcode-profile-scraper - uri: /home/karthi/Leetcode-profile-scraper/main.py
2024-07-15 21:28:36.035 [info] Discover tests for workspace name: Leetcode-profile-scraper - uri: /home/karthi/Leetcode-profile-scraper/main.py
2024-07-15 21:39:55.807 [info] Discover tests for workspace name: Leetcode-profile-scraper - uri: /home/karthi/Leetcode-profile-scraper/main.py
2024-07-15 22:02:59.304 [info] Discover tests for workspace name: Leetcode-profile-scraper - uri: /home/karthi/Leetcode-profile-scraper/main.py
