2024-07-15 18:21:34.500 [info] Reading sessions from keychain...
2024-07-15 18:21:34.500 [info] Getting sessions for all scopes...
2024-07-15 18:21:34.500 [info] Got 0 sessions for ...
2024-07-15 18:21:34.500 [info] Getting sessions for read:user,repo,user:email,workflow...
2024-07-15 18:21:34.500 [info] Got 0 sessions for read:user,repo,user:email,workflow...
2024-07-15 22:03:56.565 [info] Getting sessions for read:user,repo,user:email,workflow...
2024-07-15 22:03:56.601 [info] Got 0 sessions for read:user,repo,user:email,workflow...
2024-07-15 22:04:03.715 [info] Logging in for the following scopes: read:user repo user:email workflow
2024-07-15 22:04:03.812 [info] Trying device code flow... (read:user repo user:email workflow)
2024-07-15 22:06:37.656 [error] Timed out
2024-07-15 22:06:49.925 [info] Trying to retrieve PAT... (read:user repo user:email workflow)
2024-07-15 22:06:52.304 [error] User Cancelled
2024-07-15 22:07:07.263 [info] Getting sessions for read:user,repo,user:email,workflow...
2024-07-15 22:07:07.265 [info] Got 0 sessions for read:user,repo,user:email,workflow...
2024-07-15 22:07:29.868 [info] Getting sessions for read:user,repo,user:email,workflow...
2024-07-15 22:07:29.868 [info] Got 0 sessions for read:user,repo,user:email,workflow...
2024-07-15 22:08:15.248 [info] Getting sessions for read:user,repo,user:email,workflow...
2024-07-15 22:08:15.248 [info] Got 0 sessions for read:user,repo,user:email,workflow...
2024-07-15 22:08:17.666 [info] Logging in for the following scopes: read:user repo user:email workflow
2024-07-15 22:08:17.714 [info] Trying device code flow... (read:user repo user:email workflow)
2024-07-15 22:09:15.645 [info] Getting user info...
2024-07-15 22:09:17.195 [info] Got account info!
2024-07-15 22:09:17.197 [info] Storing 1 sessions...
2024-07-15 22:09:22.871 [info] Reading sessions from keychain...
2024-07-15 22:09:22.871 [info] Stored 1 sessions!
2024-07-15 22:09:22.872 [info] Login success!
2024-07-15 22:09:23.620 [info] Got stored sessions!
2024-07-15 22:09:23.621 [info] Got 1 verified sessions.
2024-07-15 22:09:24.281 [info] Getting sessions for read:user,repo,user:email,workflow...
2024-07-15 22:09:24.281 [info] Got 1 sessions for read:user,repo,user:email,workflow...
2024-07-15 22:25:29.712 [info] Getting sessions for read:user,repo,user:email,workflow...
2024-07-15 22:25:29.713 [info] Got 1 sessions for read:user,repo,user:email,workflow...
