Code - OSS (1.92.1, undefined, desktop)
Jupyter Extension Version: 2022.3.108.
Python Extension Version: 2024.12.3.
Info 02:19:20: ZMQ install verified.
Error 02:19:30: extension activation failed TypeError: s.notebooks.onDidChangeCellMetadata is not a function
    at u.onDidChangeCellMetadata [as addEventHandlers] (/home/karthi/.vscode-oss/extensions/luma.jupyter-2022.3.108-universal/src/client/common/application/notebook.ts:73:32)
    at new addEventHandlers (/home/karthi/.vscode-oss/extensions/luma.jupyter-2022.3.108-universal/src/client/common/application/notebook.ts:24:14)
    at Object.t.resolveInstance (/home/karthi/.vscode-oss/extensions/luma.jupyter-2022.3.108-universal/node_modules/inversify/lib/resolution/instantiation.js:21:12)
    at resolveInstance (/home/karthi/.vscode-oss/extensions/luma.jupyter-2022.3.108-universal/node_modules/inversify/lib/resolution/resolver.js:72:42)
    at Array.map (<anonymous>)
    at Object.map [as resolveInstance] (/home/karthi/.vscode-oss/extensions/luma.jupyter-2022.3.108-universal/node_modules/inversify/lib/resolution/instantiation.js:40:67)
    at resolveInstance (/home/karthi/.vscode-oss/extensions/luma.jupyter-2022.3.108-universal/node_modules/inversify/lib/resolution/resolver.js:72:42)
    at _f (/home/karthi/.vscode-oss/extensions/luma.jupyter-2022.3.108-universal/node_modules/inversify/lib/resolution/resolver.js:34:24)
    at Array.map (<anonymous>)
    at map (/home/karthi/.vscode-oss/extensions/luma.jupyter-2022.3.108-universal/node_modules/inversify/lib/resolution/resolver.js:32:34)
    at Array.map (<anonymous>)
    at Object.map [as resolveInstance] (/home/karthi/.vscode-oss/extensions/luma.jupyter-2022.3.108-universal/node_modules/inversify/lib/resolution/instantiation.js:40:67)
    at resolveInstance (/home/karthi/.vscode-oss/extensions/luma.jupyter-2022.3.108-universal/node_modules/inversify/lib/resolution/resolver.js:72:42)
    at Object._f [as resolve] (/home/karthi/.vscode-oss/extensions/luma.jupyter-2022.3.108-universal/node_modules/inversify/lib/resolution/resolver.js:96:12)
    at resolve (/home/karthi/.vscode-oss/extensions/luma.jupyter-2022.3.108-universal/node_modules/inversify/lib/container/container.js:319:37)
    at e.this (/home/karthi/.vscode-oss/extensions/luma.jupyter-2022.3.108-universal/node_modules/inversify/lib/container/container.js:310:22)
    at e._get [as get] (/home/karthi/.vscode-oss/extensions/luma.jupyter-2022.3.108-universal/node_modules/inversify/lib/container/container.js:230:21)
    at a.get (/home/karthi/.vscode-oss/extensions/luma.jupyter-2022.3.108-universal/src/client/ioc/container.ts:24:89)
    at get (/home/karthi/.vscode-oss/extensions/luma.jupyter-2022.3.108-universal/src/client/extensionActivation.ts:90:38)
    at activationPromise (/home/karthi/.vscode-oss/extensions/luma.jupyter-2022.3.108-universal/src/client/extension.ts:67:17)
    at serviceContainer (/home/karthi/.vscode-oss/extensions/luma.jupyter-2022.3.108-universal/src/client/extension.ts:30:22)
    at m.n (/usr/lib/code/out/vs/workbench/api/node/extensionHostProcess.js:144:6409)
    at m (/usr/lib/code/out/vs/workbench/api/node/extensionHostProcess.js:144:6372)
    at m.l (/usr/lib/code/out/vs/workbench/api/node/extensionHostProcess.js:144:5829)
Error 02:19:30: Failed to active the Jupyter Extension TypeError: s.notebooks.onDidChangeCellMetadata is not a function
    at u.onDidChangeCellMetadata [as addEventHandlers] (/home/karthi/.vscode-oss/extensions/luma.jupyter-2022.3.108-universal/src/client/common/application/notebook.ts:73:32)
    at new addEventHandlers (/home/karthi/.vscode-oss/extensions/luma.jupyter-2022.3.108-universal/src/client/common/application/notebook.ts:24:14)
    at Object.t.resolveInstance (/home/karthi/.vscode-oss/extensions/luma.jupyter-2022.3.108-universal/node_modules/inversify/lib/resolution/instantiation.js:21:12)
    at resolveInstance (/home/karthi/.vscode-oss/extensions/luma.jupyter-2022.3.108-universal/node_modules/inversify/lib/resolution/resolver.js:72:42)
    at Array.map (<anonymous>)
    at Object.map [as resolveInstance] (/home/karthi/.vscode-oss/extensions/luma.jupyter-2022.3.108-universal/node_modules/inversify/lib/resolution/instantiation.js:40:67)
    at resolveInstance (/home/karthi/.vscode-oss/extensions/luma.jupyter-2022.3.108-universal/node_modules/inversify/lib/resolution/resolver.js:72:42)
    at _f (/home/karthi/.vscode-oss/extensions/luma.jupyter-2022.3.108-universal/node_modules/inversify/lib/resolution/resolver.js:34:24)
    at Array.map (<anonymous>)
    at map (/home/karthi/.vscode-oss/extensions/luma.jupyter-2022.3.108-universal/node_modules/inversify/lib/resolution/resolver.js:32:34)
    at Array.map (<anonymous>)
    at Object.map [as resolveInstance] (/home/karthi/.vscode-oss/extensions/luma.jupyter-2022.3.108-universal/node_modules/inversify/lib/resolution/instantiation.js:40:67)
    at resolveInstance (/home/karthi/.vscode-oss/extensions/luma.jupyter-2022.3.108-universal/node_modules/inversify/lib/resolution/resolver.js:72:42)
    at Object._f [as resolve] (/home/karthi/.vscode-oss/extensions/luma.jupyter-2022.3.108-universal/node_modules/inversify/lib/resolution/resolver.js:96:12)
    at resolve (/home/karthi/.vscode-oss/extensions/luma.jupyter-2022.3.108-universal/node_modules/inversify/lib/container/container.js:319:37)
    at e.this (/home/karthi/.vscode-oss/extensions/luma.jupyter-2022.3.108-universal/node_modules/inversify/lib/container/container.js:310:22)
    at e._get [as get] (/home/karthi/.vscode-oss/extensions/luma.jupyter-2022.3.108-universal/node_modules/inversify/lib/container/container.js:230:21)
    at a.get (/home/karthi/.vscode-oss/extensions/luma.jupyter-2022.3.108-universal/src/client/ioc/container.ts:24:89)
    at get (/home/karthi/.vscode-oss/extensions/luma.jupyter-2022.3.108-universal/src/client/extensionActivation.ts:90:38)
    at activationPromise (/home/karthi/.vscode-oss/extensions/luma.jupyter-2022.3.108-universal/src/client/extension.ts:67:17)
    at serviceContainer (/home/karthi/.vscode-oss/extensions/luma.jupyter-2022.3.108-universal/src/client/extension.ts:30:22)
    at m.n (/usr/lib/code/out/vs/workbench/api/node/extensionHostProcess.js:144:6409)
    at m (/usr/lib/code/out/vs/workbench/api/node/extensionHostProcess.js:144:6372)
    at m.l (/usr/lib/code/out/vs/workbench/api/node/extensionHostProcess.js:144:5829)
