2024-08-25 23:41:21.409 [error] Reading directory to watch failed Error: ENOENT: no such file or directory, scandir '/home/karthi/project/mongodb/start/.pixi/envs'
    at Object.readdirSync (node:fs:1513:3)
    at Object.t.readdirSync (node:electron/js2c/node_init:2:11289)
    at /home/karthi/.vscode-oss/extensions/ms-python.python-2024.12.3-universal/out/client/extension.js:2:586747
    at /home/karthi/.vscode-oss/extensions/ms-python.python-2024.12.3-universal/out/client/extension.js:2:586938
    at Array.map (<anonymous>)
    at d.initWatchers (/home/karthi/.vscode-oss/extensions/ms-python.python-2024.12.3-universal/out/client/extension.js:2:586656)
    at d.ensureWatchersReady (/home/karthi/.vscode-oss/extensions/ms-python.python-2024.12.3-universal/out/client/extension.js:2:543067) {
  errno: -2,
  syscall: 'scandir',
  code: 'ENOENT',
  path: '/home/karthi/project/mongodb/start/.pixi/envs'
}
2024-08-25 23:41:21.409 [error] Dir "/home/karthi/project/mongodb/start/.pixi/envs" is not watchable (directory does not exist)
2024-08-25 23:41:21.409 [info] Default formatter is set to null for workspace /home/karthi/project/mongodb/start
2024-08-25 23:41:21.409 [error] Unable to check if shell integration is active Error: Extension 'ms-python.python' CANNOT use API proposal: terminalDataWriteEvent.
Its package.json#enabledApiProposals-property declares:  but NOT terminalDataWriteEvent.
 The missing proposal MUST be added and you must start in extension development mode or use the following command line switch: --enable-proposed-api ms-python.python
    at P (/usr/lib/code/out/vs/workbench/api/node/extensionHostProcess.js:142:57960)
    at a.onDidWriteTerminalData (/usr/lib/code/out/vs/workbench/api/node/extensionHostProcess.js:164:32723)
    at new m (/home/karthi/.vscode-oss/extensions/ms-python.python-2024.12.3-universal/out/client/extension.js:2:816931)
    at Object.t.resolveInstance (/home/karthi/.vscode-oss/extensions/ms-python.python-2024.12.3-universal/out/client/extension.js:2:1668732)
    at /home/karthi/.vscode-oss/extensions/ms-python.python-2024.12.3-universal/out/client/extension.js:2:1670640
    at Array.map (<anonymous>)
    at Object.t.resolveInstance (/home/karthi/.vscode-oss/extensions/ms-python.python-2024.12.3-universal/out/client/extension.js:2:1668506)
    at /home/karthi/.vscode-oss/extensions/ms-python.python-2024.12.3-universal/out/client/extension.js:2:1670640
    at Object.t.resolve (/home/karthi/.vscode-oss/extensions/ms-python.python-2024.12.3-universal/out/client/extension.js:2:1670903)
    at /home/karthi/.vscode-oss/extensions/ms-python.python-2024.12.3-universal/out/client/extension.js:2:1654466
    at e._get (/home/karthi/.vscode-oss/extensions/ms-python.python-2024.12.3-universal/out/client/extension.js:2:1654232)
    at e.get (/home/karthi/.vscode-oss/extensions/ms-python.python-2024.12.3-universal/out/client/extension.js:2:1652944)
    at e.dynamicValue (/home/karthi/.vscode-oss/extensions/ms-python.python-2024.12.3-universal/out/client/extension.js:2:1676008)
    at /home/karthi/.vscode-oss/extensions/ms-python.python-2024.12.3-universal/out/client/extension.js:2:1670129
    at c (/home/karthi/.vscode-oss/extensions/ms-python.python-2024.12.3-universal/out/client/extension.js:2:1669175)
    at /home/karthi/.vscode-oss/extensions/ms-python.python-2024.12.3-universal/out/client/extension.js:2:1670069
    at /home/karthi/.vscode-oss/extensions/ms-python.python-2024.12.3-universal/out/client/extension.js:2:1669588
    at Array.map (<anonymous>)
    at /home/karthi/.vscode-oss/extensions/ms-python.python-2024.12.3-universal/out/client/extension.js:2:1669560
    at Array.map (<anonymous>)
    at Object.t.resolveInstance (/home/karthi/.vscode-oss/extensions/ms-python.python-2024.12.3-universal/out/client/extension.js:2:1668506)
    at /home/karthi/.vscode-oss/extensions/ms-python.python-2024.12.3-universal/out/client/extension.js:2:1670640
    at Object.t.resolve (/home/karthi/.vscode-oss/extensions/ms-python.python-2024.12.3-universal/out/client/extension.js:2:1670903)
    at /home/karthi/.vscode-oss/extensions/ms-python.python-2024.12.3-universal/out/client/extension.js:2:1654466
    at e._get (/home/karthi/.vscode-oss/extensions/ms-python.python-2024.12.3-universal/out/client/extension.js:2:1654232)
    at e.get (/home/karthi/.vscode-oss/extensions/ms-python.python-2024.12.3-universal/out/client/extension.js:2:1652944)
    at a.get (/home/karthi/.vscode-oss/extensions/ms-python.python-2024.12.3-universal/out/client/extension.js:2:477070)
    at /home/karthi/.vscode-oss/extensions/ms-python.python-2024.12.3-universal/out/client/extension.js:2:397424
    at t.activateComponents (/home/karthi/.vscode-oss/extensions/ms-python.python-2024.12.3-universal/out/client/extension.js:2:395711)
    at /home/karthi/.vscode-oss/extensions/ms-python.python-2024.12.3-universal/out/client/extension.js:2:2588581
    at e (/home/karthi/.vscode-oss/extensions/ms-python.python-2024.12.3-universal/out/client/extension.js:2:2588113)
    at c.n (/usr/lib/code/out/vs/workbench/api/node/extensionHostProcess.js:144:6384)
    at c.m (/usr/lib/code/out/vs/workbench/api/node/extensionHostProcess.js:144:6347)
    at c.l (/usr/lib/code/out/vs/workbench/api/node/extensionHostProcess.js:144:5804)
2024-08-25 23:41:21.409 [error] extension activation failed Error: Extension 'ms-python.python' CANNOT use API proposal: terminalShellIntegration.
Its package.json#enabledApiProposals-property declares:  but NOT terminalShellIntegration.
 The missing proposal MUST be added and you must start in extension development mode or use the following command line switch: --enable-proposed-api ms-python.python
    at P (/usr/lib/code/out/vs/workbench/api/node/extensionHostProcess.js:142:57960)
    at Object.onDidStartTerminalShellExecution (/usr/lib/code/out/vs/workbench/api/node/extensionHostProcess.js:164:33136)
    at t.onDidStartTerminalShellExecution (/home/karthi/.vscode-oss/extensions/ms-python.python-2024.12.3-universal/out/client/extension.js:2:338602)
    at t.registerTriggerForPipInTerminal (/home/karthi/.vscode-oss/extensions/ms-python.python-2024.12.3-universal/out/client/extension.js:2:662828)
    at t.registerAllCreateEnvironmentFeatures (/home/karthi/.vscode-oss/extensions/ms-python.python-2024.12.3-universal/out/client/extension.js:2:697793)
    at t.activateFeatures (/home/karthi/.vscode-oss/extensions/ms-python.python-2024.12.3-universal/out/client/extension.js:2:397935)
    at /home/karthi/.vscode-oss/extensions/ms-python.python-2024.12.3-universal/out/client/extension.js:2:2588640
    at e (/home/karthi/.vscode-oss/extensions/ms-python.python-2024.12.3-universal/out/client/extension.js:2:2588113)
    at c.n (/usr/lib/code/out/vs/workbench/api/node/extensionHostProcess.js:144:6384)
    at c.m (/usr/lib/code/out/vs/workbench/api/node/extensionHostProcess.js:144:6347)
    at c.l (/usr/lib/code/out/vs/workbench/api/node/extensionHostProcess.js:144:5804)
2024-08-25 23:41:21.492 [info] > pyenv which python
2024-08-25 23:41:21.492 [info] cwd: .
2024-08-25 23:41:21.794 [error] [
  'Failed to activate a workspace, Class name = m, completed in 4747ms, has a falsy return value, Arg 1: <Uri:/home/karthi/project/mongodb/start/app.py>, Arg 2: {"started":1724609464217}, Return Value: undefined',
  Error: Extension 'ms-python.python' CANNOT use API proposal: testObserver.
  Its package.json#enabledApiProposals-property declares:  but NOT testObserver.
   The missing proposal MUST be added and you must start in extension development mode or use the following command line switch: --enable-proposed-api ms-python.python
      at P (/usr/lib/code/out/vs/workbench/api/node/extensionHostProcess.js:142:57960)
      at Object.get testResults [as testResults] (/usr/lib/code/out/vs/workbench/api/node/extensionHostProcess.js:164:25429)
      at T.activate (/home/karthi/.vscode-oss/extensions/ms-python.python-2024.12.3-universal/out/client/extension.js:2:845522)
      at /home/karthi/.vscode-oss/extensions/ms-python.python-2024.12.3-universal/out/client/extension.js:2:2460
      at Array.map (<anonymous>)
      at m.activateWorkspace (/home/karthi/.vscode-oss/extensions/ms-python.python-2024.12.3-universal/out/client/extension.js:2:2450)
]
2024-08-25 23:41:39.364 [info] Starting Jedi language server for start.
2024-08-25 23:56:56.598 [info] Discover tests for workspace name: start - uri: /home/karthi/project/mongodb/start/app.py
2024-08-26 00:04:03.821 [info] Discover tests for workspace name: start - uri: /home/karthi/project/mongodb/start/app.py
2024-08-26 00:04:30.951 [info] Discover tests for workspace name: start - uri: /home/karthi/project/mongodb/start/app.py
2024-08-26 00:10:03.480 [info] Discover tests for workspace name: start - uri: /home/karthi/project/mongodb/start/app.py
2024-08-26 00:12:01.227 [info] Discover tests for workspace name: start - uri: /home/karthi/project/mongodb/start/app.py
2024-08-26 00:17:53.433 [info] Discover tests for workspace name: start - uri: /home/karthi/project/mongodb/start/app.py
2024-08-26 00:18:17.793 [info] Python interpreter path: ~/project/mongodb/start/.myenv/bin/python
2024-08-26 00:18:37.887 [info] Discover tests for workspace name: start - uri: /home/karthi/project/mongodb/start/app.py
2024-08-26 00:23:49.829 [info] Discover tests for workspace name: start - uri: /home/karthi/project/mongodb/start/app.py
2024-08-26 00:25:11.702 [info] Discover tests for workspace name: start - uri: /home/karthi/project/mongodb/start/app.py
2024-08-26 00:28:20.131 [info] Discover tests for workspace name: start - uri: /home/karthi/project/mongodb/start/app.py
2024-08-26 00:28:35.472 [info] Discover tests for workspace name: start - uri: /home/karthi/project/mongodb/start/app.py
2024-08-26 00:32:43.225 [info] Discover tests for workspace name: start - uri: /home/karthi/project/mongodb/start/app.py
2024-08-26 00:32:59.393 [info] Discover tests for workspace name: start - uri: /home/karthi/project/mongodb/start/app.py
2024-08-26 00:33:48.942 [info] Discover tests for workspace name: start - uri: /home/karthi/project/mongodb/start/app.py
2024-08-26 00:34:26.580 [info] Discover tests for workspace name: start - uri: /home/karthi/project/mongodb/start/app.py
2024-08-26 00:35:01.354 [info] Discover tests for workspace name: start - uri: /home/karthi/project/mongodb/start/app.py
2024-08-26 00:36:31.775 [info] Discover tests for workspace name: start - uri: /home/karthi/project/mongodb/start/app.py
2024-08-26 00:37:20.895 [info] Discover tests for workspace name: start - uri: /home/karthi/project/mongodb/start/app.py
2024-08-26 00:37:26.854 [info] Discover tests for workspace name: start - uri: /home/karthi/project/mongodb/start/app.py
2024-08-26 00:37:41.984 [info] Discover tests for workspace name: start - uri: /home/karthi/project/mongodb/start/app.py
2024-08-26 00:37:50.390 [info] Discover tests for workspace name: start - uri: /home/karthi/project/mongodb/start/app.py
2024-08-26 00:38:03.474 [info] Discover tests for workspace name: start - uri: /home/karthi/project/mongodb/start/app.py
2024-08-26 00:38:19.289 [info] Discover tests for workspace name: start - uri: /home/karthi/project/mongodb/start/app.py
2024-08-26 00:39:09.736 [info] Discover tests for workspace name: start - uri: /home/karthi/project/mongodb/start/app.py
2024-08-26 00:40:05.459 [info] > ./.myenv/bin/python ~/.vscode-oss/extensions/ms-python.python-2024.12.3-universal/python_files/normalizeSelection.py
2024-08-26 00:40:06.188 [info] > pixi --version
2024-08-26 00:40:06.284 [error] Error: spawn pixi ENOENT
    at Process.ChildProcess._handle.onexit (node:internal/child_process:286:19)
    at onErrorNT (node:internal/child_process:484:16)
    at processTicksAndRejections (node:internal/process/task_queues:82:21) {
  errno: -2,
  code: 'ENOENT',
  syscall: 'spawn pixi',
  path: 'pixi',
  spawnargs: [ '--version' ]
}
2024-08-26 00:40:06.314 [warning] could not find a pixi interpreter for the interpreter at /home/karthi/project/mongodb/start/.myenv/bin/python
2024-08-26 00:40:07.085 [info] Send text to terminal: source /home/karthi/project/mongodb/start/.myenv/bin/activate.fish
2024-08-26 00:40:07.607 [info] Send text to terminal: /home/karthi/project/mongodb/start/.myenv/bin/python
2024-08-26 00:40:23.311 [info] Discover tests for workspace name: start - uri: /home/karthi/project/mongodb/start/app.py
2024-08-26 00:40:49.519 [warning] could not find a pixi interpreter for the interpreter at /home/karthi/project/mongodb/start/.myenv/bin/python
2024-08-26 00:40:50.282 [info] Send text to terminal: source /home/karthi/project/mongodb/start/.myenv/bin/activate.fish
2024-08-26 00:41:35.865 [info] Discover tests for workspace name: start - uri: /home/karthi/project/mongodb/start/app.py
2024-08-26 00:43:56.074 [info] Discover tests for workspace name: start - uri: /home/karthi/project/mongodb/start/app.py
2024-08-26 00:44:58.568 [info] Discover tests for workspace name: start - uri: /home/karthi/project/mongodb/start/app.py
2024-08-26 00:45:16.431 [info] Discover tests for workspace name: start - uri: /home/karthi/project/mongodb/start/app.py
2024-08-26 00:45:39.258 [info] Discover tests for workspace name: start - uri: /home/karthi/project/mongodb/start/app.py
2024-08-26 00:46:18.281 [info] Discover tests for workspace name: start - uri: /home/karthi/project/mongodb/start/app.py
2024-08-26 00:46:33.550 [info] Discover tests for workspace name: start - uri: /home/karthi/project/mongodb/start/app.py
2024-08-26 00:47:03.167 [info] Discover tests for workspace name: start - uri: /home/karthi/project/mongodb/start/app.py
2024-08-26 00:47:35.240 [info] Discover tests for workspace name: start - uri: /home/karthi/project/mongodb/start/app.py
2024-08-26 00:47:52.826 [info] Discover tests for workspace name: start - uri: /home/karthi/project/mongodb/start/app.py
2024-08-26 00:48:12.891 [info] Discover tests for workspace name: start - uri: /home/karthi/project/mongodb/start/app.py
2024-08-26 00:48:25.782 [info] Discover tests for workspace name: start - uri: /home/karthi/project/mongodb/start/app.py
2024-08-26 00:49:29.084 [info] Discover tests for workspace name: start - uri: /home/karthi/project/mongodb/start/app.py
2024-08-26 00:50:57.321 [info] Discover tests for workspace name: start - uri: /home/karthi/project/mongodb/start/app.py
2024-08-26 00:51:10.516 [info] Discover tests for workspace name: start - uri: /home/karthi/project/mongodb/start/app.py
2024-08-26 00:52:20.718 [info] Discover tests for workspace name: start - uri: /home/karthi/project/mongodb/start/app.py
2024-08-26 00:52:52.785 [info] Discover tests for workspace name: start - uri: /home/karthi/project/mongodb/start/app.py
