2024-07-11 18:10:51.961 [error] Reading directory to watch failed Error: ENOENT: no such file or directory, scandir '/home/karthi/Leetcode-profile-scraper/.pixi/envs'
    at Object.readdirSync (node:fs:1513:3)
    at Object.t.readdirSync (node:electron/js2c/node_init:2:11289)
    at /home/karthi/.vscode-oss/extensions/ms-python.python-2024.10.0-universal/out/client/extension.js:2:574598
    at /home/karthi/.vscode-oss/extensions/ms-python.python-2024.10.0-universal/out/client/extension.js:2:574789
    at Array.map (<anonymous>)
    at d.initWatchers (/home/karthi/.vscode-oss/extensions/ms-python.python-2024.10.0-universal/out/client/extension.js:2:574507)
    at d.ensureWatchersReady (/home/karthi/.vscode-oss/extensions/ms-python.python-2024.10.0-universal/out/client/extension.js:2:536827) {
  errno: -2,
  syscall: 'scandir',
  code: 'ENOENT',
  path: '/home/karthi/Leetcode-profile-scraper/.pixi/envs'
}
2024-07-11 18:10:51.961 [error] Dir "/home/karthi/Leetcode-profile-scraper/.pixi/envs" is not watchable (directory does not exist)
2024-07-11 18:10:51.961 [info] Default formatter is set to null for workspace /home/karthi/Leetcode-profile-scraper
2024-07-11 18:10:51.961 [error] Unable to check if shell integration is active Error: Extension 'ms-python.python' CANNOT use API proposal: terminalDataWriteEvent.
Its package.json#enabledApiProposals-property declares:  but NOT terminalDataWriteEvent.
 The missing proposal MUST be added and you must start in extension development mode or use the following command line switch: --enable-proposed-api ms-python.python
    at P (/usr/lib/code/out/vs/workbench/api/node/extensionHostProcess.js:142:57960)
    at a.onDidWriteTerminalData (/usr/lib/code/out/vs/workbench/api/node/extensionHostProcess.js:164:32723)
    at new m (/home/karthi/.vscode-oss/extensions/ms-python.python-2024.10.0-universal/out/client/extension.js:2:795800)
    at Object.t.resolveInstance (/home/karthi/.vscode-oss/extensions/ms-python.python-2024.10.0-universal/out/client/extension.js:2:1647601)
    at /home/karthi/.vscode-oss/extensions/ms-python.python-2024.10.0-universal/out/client/extension.js:2:1649509
    at Array.map (<anonymous>)
    at Object.t.resolveInstance (/home/karthi/.vscode-oss/extensions/ms-python.python-2024.10.0-universal/out/client/extension.js:2:1647375)
    at /home/karthi/.vscode-oss/extensions/ms-python.python-2024.10.0-universal/out/client/extension.js:2:1649509
    at Object.t.resolve (/home/karthi/.vscode-oss/extensions/ms-python.python-2024.10.0-universal/out/client/extension.js:2:1649772)
    at /home/karthi/.vscode-oss/extensions/ms-python.python-2024.10.0-universal/out/client/extension.js:2:1633335
    at e._get (/home/karthi/.vscode-oss/extensions/ms-python.python-2024.10.0-universal/out/client/extension.js:2:1633101)
    at e.get (/home/karthi/.vscode-oss/extensions/ms-python.python-2024.10.0-universal/out/client/extension.js:2:1631813)
    at e.dynamicValue (/home/karthi/.vscode-oss/extensions/ms-python.python-2024.10.0-universal/out/client/extension.js:2:1654877)
    at /home/karthi/.vscode-oss/extensions/ms-python.python-2024.10.0-universal/out/client/extension.js:2:1648998
    at c (/home/karthi/.vscode-oss/extensions/ms-python.python-2024.10.0-universal/out/client/extension.js:2:1648044)
    at /home/karthi/.vscode-oss/extensions/ms-python.python-2024.10.0-universal/out/client/extension.js:2:1648938
    at /home/karthi/.vscode-oss/extensions/ms-python.python-2024.10.0-universal/out/client/extension.js:2:1648457
    at Array.map (<anonymous>)
    at /home/karthi/.vscode-oss/extensions/ms-python.python-2024.10.0-universal/out/client/extension.js:2:1648429
    at Array.map (<anonymous>)
    at Object.t.resolveInstance (/home/karthi/.vscode-oss/extensions/ms-python.python-2024.10.0-universal/out/client/extension.js:2:1647375)
    at /home/karthi/.vscode-oss/extensions/ms-python.python-2024.10.0-universal/out/client/extension.js:2:1649509
    at Object.t.resolve (/home/karthi/.vscode-oss/extensions/ms-python.python-2024.10.0-universal/out/client/extension.js:2:1649772)
    at /home/karthi/.vscode-oss/extensions/ms-python.python-2024.10.0-universal/out/client/extension.js:2:1633335
    at e._get (/home/karthi/.vscode-oss/extensions/ms-python.python-2024.10.0-universal/out/client/extension.js:2:1633101)
    at e.get (/home/karthi/.vscode-oss/extensions/ms-python.python-2024.10.0-universal/out/client/extension.js:2:1631813)
    at a.get (/home/karthi/.vscode-oss/extensions/ms-python.python-2024.10.0-universal/out/client/extension.js:2:476784)
    at /home/karthi/.vscode-oss/extensions/ms-python.python-2024.10.0-universal/out/client/extension.js:2:397213
    at t.activateComponents (/home/karthi/.vscode-oss/extensions/ms-python.python-2024.10.0-universal/out/client/extension.js:2:395500)
    at /home/karthi/.vscode-oss/extensions/ms-python.python-2024.10.0-universal/out/client/extension.js:2:2572500
    at e (/home/karthi/.vscode-oss/extensions/ms-python.python-2024.10.0-universal/out/client/extension.js:2:2572032)
    at c.n (/usr/lib/code/out/vs/workbench/api/node/extensionHostProcess.js:144:6384)
    at c.m (/usr/lib/code/out/vs/workbench/api/node/extensionHostProcess.js:144:6347)
    at c.l (/usr/lib/code/out/vs/workbench/api/node/extensionHostProcess.js:144:5804)
2024-07-11 18:10:51.961 [info] Starting Environment refresh
2024-07-11 18:10:51.961 [info] Starting Environment refresh
2024-07-11 18:10:51.961 [info] > pixi --version
2024-07-11 18:10:51.961 [error] Error: spawn pixi ENOENT
    at Process.ChildProcess._handle.onexit (node:internal/child_process:286:19)
    at onErrorNT (node:internal/child_process:484:16)
    at processTicksAndRejections (node:internal/process/task_queues:82:21) {
  errno: -2,
  code: 'ENOENT',
  syscall: 'spawn pixi',
  path: 'pixi',
  spawnargs: [ '--version' ]
}
2024-07-11 18:10:51.961 [info] > hatch env show --json
2024-07-11 18:10:51.961 [info] cwd: .
2024-07-11 18:10:51.961 [info] > conda info --json
2024-07-11 18:10:52.132 [info] Environments refresh finished (event): 3447 milliseconds
2024-07-11 18:10:52.132 [info] Environments refresh paths discovered: 3447 milliseconds
2024-07-11 18:10:52.133 [info] Environments refresh finished (event): 3446 milliseconds
2024-07-11 18:10:52.133 [info] Environments refresh paths discovered: 3446 milliseconds
2024-07-11 18:10:52.140 [info] Environment refresh took 3458 milliseconds
2024-07-11 18:10:52.144 [info] Environment refresh took 3457 milliseconds
2024-07-11 18:10:52.163 [info] > pyenv which python
2024-07-11 18:10:52.163 [info] cwd: .
2024-07-11 18:10:52.199 [warning] could not find a pixi interpreter for the interpreter at /bin/python
2024-07-11 18:10:52.226 [error] [
  'Failed to activate a workspace, Class name = m, completed in 3547ms, has a falsy return value, Arg 1: <Uri:/home/karthi/Leetcode-profile-scraper/scraper.py>, Arg 2: {"started":1720701641783}, Return Value: undefined',
  Error: Extension 'ms-python.python' CANNOT use API proposal: testObserver.
  Its package.json#enabledApiProposals-property declares:  but NOT testObserver.
   The missing proposal MUST be added and you must start in extension development mode or use the following command line switch: --enable-proposed-api ms-python.python
      at P (/usr/lib/code/out/vs/workbench/api/node/extensionHostProcess.js:142:57960)
      at Object.get testResults [as testResults] (/usr/lib/code/out/vs/workbench/api/node/extensionHostProcess.js:164:25429)
      at T.activate (/home/karthi/.vscode-oss/extensions/ms-python.python-2024.10.0-universal/out/client/extension.js:2:824391)
      at /home/karthi/.vscode-oss/extensions/ms-python.python-2024.10.0-universal/out/client/extension.js:2:2460
      at Array.map (<anonymous>)
      at m.activateWorkspace (/home/karthi/.vscode-oss/extensions/ms-python.python-2024.10.0-universal/out/client/extension.js:2:2450)
]
2024-07-11 18:10:52.227 [error] Failure during activation. Error: Extension 'ms-python.python' CANNOT use API proposal: testObserver.
Its package.json#enabledApiProposals-property declares:  but NOT testObserver.
 The missing proposal MUST be added and you must start in extension development mode or use the following command line switch: --enable-proposed-api ms-python.python
    at P (/usr/lib/code/out/vs/workbench/api/node/extensionHostProcess.js:142:57960)
    at Object.get testResults [as testResults] (/usr/lib/code/out/vs/workbench/api/node/extensionHostProcess.js:164:25429)
    at T.activate (/home/karthi/.vscode-oss/extensions/ms-python.python-2024.10.0-universal/out/client/extension.js:2:824391)
    at /home/karthi/.vscode-oss/extensions/ms-python.python-2024.10.0-universal/out/client/extension.js:2:2460
    at Array.map (<anonymous>)
    at m.activateWorkspace (/home/karthi/.vscode-oss/extensions/ms-python.python-2024.10.0-universal/out/client/extension.js:2:2450)
2024-07-11 18:10:52.227 [error] sendStartupTelemetry() failed. Error: Extension 'ms-python.python' CANNOT use API proposal: testObserver.
Its package.json#enabledApiProposals-property declares:  but NOT testObserver.
 The missing proposal MUST be added and you must start in extension development mode or use the following command line switch: --enable-proposed-api ms-python.python
    at P (/usr/lib/code/out/vs/workbench/api/node/extensionHostProcess.js:142:57960)
    at Object.get testResults [as testResults] (/usr/lib/code/out/vs/workbench/api/node/extensionHostProcess.js:164:25429)
    at T.activate (/home/karthi/.vscode-oss/extensions/ms-python.python-2024.10.0-universal/out/client/extension.js:2:824391)
    at /home/karthi/.vscode-oss/extensions/ms-python.python-2024.10.0-universal/out/client/extension.js:2:2460
    at Array.map (<anonymous>)
    at m.activateWorkspace (/home/karthi/.vscode-oss/extensions/ms-python.python-2024.10.0-universal/out/client/extension.js:2:2450)
2024-07-11 18:10:52.260 [info] > /usr/bin/python3 -I ~/.vscode-oss/extensions/ms-python.python-2024.10.0-universal/python_files/get_output_via_markers.py ~/.vscode-oss/extensions/ms-python.python-2024.10.0-universal/python_files/interpreterInfo.py
2024-07-11 18:10:52.293 [info] > /bin/python -I ~/.vscode-oss/extensions/ms-python.python-2024.10.0-universal/python_files/get_output_via_markers.py ~/.vscode-oss/extensions/ms-python.python-2024.10.0-universal/python_files/interpreterInfo.py
2024-07-11 18:10:54.085 [info] Python interpreter path: /bin/python
2024-07-11 18:11:00.336 [info] Starting Jedi language server for Leetcode-profile-scraper.
2024-07-11 18:15:17.231 [warning] could not find a pixi interpreter for the interpreter at /bin/python
2024-07-11 18:22:06.601 [info] Discover tests for workspace name: Leetcode-profile-scraper - uri: /home/karthi/Leetcode-profile-scraper/scraper.py
2024-07-11 18:39:01.543 [info] Discover tests for workspace name: Leetcode-profile-scraper - uri: /home/karthi/Leetcode-profile-scraper/scraper.py
2024-07-11 18:44:02.509 [info] Discover tests for workspace name: Leetcode-profile-scraper - uri: /home/karthi/Leetcode-profile-scraper/scraper.py
2024-07-11 18:44:38.390 [info] Discover tests for workspace name: Leetcode-profile-scraper - uri: /home/karthi/Leetcode-profile-scraper/main.py
2024-07-11 18:46:53.360 [info] Discover tests for workspace name: Leetcode-profile-scraper - uri: /home/karthi/Leetcode-profile-scraper/main.py
2024-07-11 18:54:33.888 [info] Discover tests for workspace name: Leetcode-profile-scraper - uri: /home/karthi/Leetcode-profile-scraper/main.py
2024-07-11 18:55:55.935 [info] Discover tests for workspace name: Leetcode-profile-scraper - uri: /home/karthi/Leetcode-profile-scraper/main.py
2024-07-11 19:05:50.106 [info] Discover tests for workspace name: Leetcode-profile-scraper - uri: /home/karthi/Leetcode-profile-scraper/main.py
2024-07-11 19:06:12.447 [info] Discover tests for workspace name: Leetcode-profile-scraper - uri: /home/karthi/Leetcode-profile-scraper/main.py
2024-07-11 19:07:16.610 [info] Discover tests for workspace name: Leetcode-profile-scraper - uri: /home/karthi/Leetcode-profile-scraper/main.py
2024-07-11 19:13:26.640 [info] Discover tests for workspace name: Leetcode-profile-scraper - uri: /home/karthi/Leetcode-profile-scraper/main.py
2024-07-11 19:15:46.502 [info] Discover tests for workspace name: Leetcode-profile-scraper - uri: /home/karthi/Leetcode-profile-scraper/main.py
2024-07-11 19:17:02.739 [info] Discover tests for workspace name: Leetcode-profile-scraper - uri: /home/karthi/Leetcode-profile-scraper/main.py
2024-07-11 19:17:17.482 [info] Discover tests for workspace name: Leetcode-profile-scraper - uri: /home/karthi/Leetcode-profile-scraper/main.py
2024-07-11 19:18:45.899 [info] Discover tests for workspace name: Leetcode-profile-scraper - uri: /home/karthi/Leetcode-profile-scraper/main.py
2024-07-11 19:19:28.034 [info] Discover tests for workspace name: Leetcode-profile-scraper - uri: /home/karthi/Leetcode-profile-scraper/main.py
2024-07-11 19:21:22.825 [info] Discover tests for workspace name: Leetcode-profile-scraper - uri: /home/karthi/Leetcode-profile-scraper/main.py
2024-07-11 19:21:39.693 [info] Discover tests for workspace name: Leetcode-profile-scraper - uri: /home/karthi/Leetcode-profile-scraper/main.py
2024-07-11 19:24:47.175 [info] Discover tests for workspace name: Leetcode-profile-scraper - uri: /home/karthi/Leetcode-profile-scraper/main.py
2024-07-11 19:25:49.890 [info] Discover tests for workspace name: Leetcode-profile-scraper - uri: /home/karthi/Leetcode-profile-scraper/main.py
2024-07-11 19:26:22.737 [info] Discover tests for workspace name: Leetcode-profile-scraper - uri: /home/karthi/Leetcode-profile-scraper/main.py
2024-07-11 19:28:14.945 [info] Discover tests for workspace name: Leetcode-profile-scraper - uri: /home/karthi/Leetcode-profile-scraper/main.py
2024-07-11 19:30:43.381 [info] Discover tests for workspace name: Leetcode-profile-scraper - uri: /home/karthi/Leetcode-profile-scraper/main.py
2024-07-11 19:34:05.128 [info] Discover tests for workspace name: Leetcode-profile-scraper - uri: /home/karthi/Leetcode-profile-scraper/main.py
2024-07-11 19:43:41.836 [info] Discover tests for workspace name: Leetcode-profile-scraper - uri: /home/karthi/Leetcode-profile-scraper/main.py
2024-07-11 19:44:06.236 [info] Discover tests for workspace name: Leetcode-profile-scraper - uri: /home/karthi/Leetcode-profile-scraper/main.py
2024-07-11 19:44:47.324 [info] Discover tests for workspace name: Leetcode-profile-scraper - uri: /home/karthi/Leetcode-profile-scraper/main.py
2024-07-11 19:51:19.777 [info] Discover tests for workspace name: Leetcode-profile-scraper - uri: /home/karthi/Leetcode-profile-scraper/main.py
2024-07-11 19:53:40.490 [info] Discover tests for workspace name: Leetcode-profile-scraper - uri: /home/karthi/Leetcode-profile-scraper/main.py
2024-07-11 19:54:12.361 [info] Discover tests for workspace name: Leetcode-profile-scraper - uri: /home/karthi/Leetcode-profile-scraper/main.py
