2024-07-15 13:58:05.635 [info] Log level: Info
2024-07-15 13:58:05.635 [info] Validating found git in: "git"
2024-07-15 13:58:05.635 [info] Using git "2.45.2" from "git"
2024-07-15 13:58:05.635 [info] > git rev-parse --show-toplevel [4ms]
2024-07-15 13:58:05.635 [info] > git rev-parse --git-dir --git-common-dir [7ms]
2024-07-15 13:58:05.635 [info] Open repository: /home/karthi/Leetcode-profile-scraper
2024-07-15 13:58:05.635 [info] > git config --get commit.template [19ms]
2024-07-15 13:58:05.635 [info] > git for-each-ref --format=%(refname)%00%(upstream:short)%00%(objectname)%00%(upstream:track)%00%(upstream:remotename)%00%(upstream:remoteref) refs/heads/main refs/remotes/main [21ms]
2024-07-15 13:58:05.635 [warning] ENOENT: no such file or directory, open '/home/karthi/Leetcode-profile-scraper/.git/refs/remotes/origin/main'
2024-07-15 13:58:05.635 [info] > git rev-parse refs/remotes/origin/main [4ms]
2024-07-15 13:58:05.641 [info] > git status -z -uall [12ms]
2024-07-15 13:58:05.755 [info] > git for-each-ref --format=%(refname)%00%(upstream:short)%00%(objectname)%00%(upstream:track)%00%(upstream:remotename)%00%(upstream:remoteref) refs/heads/main refs/remotes/main [62ms]
2024-07-15 13:58:05.783 [info] > git config --local branch.main.vscode-merge-base [12ms]
2024-07-15 13:58:05.784 [warning] git config failed: Failed to execute git
2024-07-15 13:58:05.798 [info] > git config --get commit.template [47ms]
2024-07-15 13:58:05.837 [info] > git for-each-ref --format=%(refname)%00%(upstream:short)%00%(objectname)%00%(upstream:track)%00%(upstream:remotename)%00%(upstream:remoteref) refs/heads/main refs/remotes/main [16ms]
2024-07-15 13:58:05.857 [warning] ENOENT: no such file or directory, open '/home/karthi/Leetcode-profile-scraper/.git/refs/remotes/origin/main'
2024-07-15 13:58:05.859 [info] > git reflog main --grep-reflog=branch: Created from *. [61ms]
2024-07-15 13:58:05.905 [info] > git symbolic-ref --short refs/remotes/origin/HEAD [10ms]
2024-07-15 13:58:05.941 [info] > git rev-parse refs/remotes/origin/main [84ms]
2024-07-15 13:58:05.972 [info] > git for-each-ref --format=%(refname)%00%(upstream:short)%00%(objectname)%00%(upstream:track)%00%(upstream:remotename)%00%(upstream:remoteref) refs/heads/origin/main refs/remotes/origin/main [31ms]
2024-07-15 13:58:06.000 [info] > git status -z -uall [38ms]
2024-07-15 13:58:06.001 [info] > git config --local branch.main.vscode-merge-base origin/main [14ms]
2024-07-15 13:58:06.036 [info] > git config --get commit.template [10ms]
2024-07-15 13:58:06.062 [info] > git for-each-ref --format=%(refname)%00%(upstream:short)%00%(objectname)%00%(upstream:track)%00%(upstream:remotename)%00%(upstream:remoteref) refs/heads/main refs/remotes/main [8ms]
2024-07-15 13:58:06.073 [warning] ENOENT: no such file or directory, open '/home/karthi/Leetcode-profile-scraper/.git/refs/remotes/origin/main'
2024-07-15 13:58:07.725 [info] > git rev-parse refs/remotes/origin/main [1651ms]
2024-07-15 13:58:08.096 [info] > git status -z -uall [338ms]
2024-07-15 13:58:08.339 [info] > git merge-base refs/heads/main refs/remotes/origin/main [204ms]
2024-07-15 13:58:08.353 [info] > git for-each-ref --format=%(refname)%00%(upstream:short)%00%(objectname)%00%(upstream:track)%00%(upstream:remotename)%00%(upstream:remoteref) refs/heads/main refs/remotes/main [236ms]
2024-07-15 13:58:08.728 [info] > git check-ignore -v -z --stdin [341ms]
2024-07-15 13:58:08.731 [info] > git config --local branch.main.vscode-merge-base [358ms]
2024-07-15 13:58:08.746 [info] > git rev-list --count --left-right refs/heads/main...refs/remotes/origin/main [393ms]
2024-07-15 13:58:08.810 [info] > git diff --name-status -z --diff-filter=ADMR c9ae4d8981695d395c85e7198edda7bc2dc4f06d...refs/remotes/origin/main [44ms]
2024-07-15 13:58:08.813 [info] > git for-each-ref --format=%(refname)%00%(upstream:short)%00%(objectname)%00%(upstream:track)%00%(upstream:remotename)%00%(upstream:remoteref) refs/heads/origin/main refs/remotes/origin/main [67ms]
