2024-07-12 14:21:11.471 [info] Added views:workbench.panel.markers.view in workbench.panel.markers
2024-07-12 14:21:11.471 [info] Added views:workbench.panel.output in workbench.panel.output
2024-07-12 14:21:11.471 [info] Added views:terminal in terminal
2024-07-12 14:21:11.471 [info] Added views:workbench.scm in workbench.view.scm
2024-07-12 14:21:11.471 [info] Added views:workbench.view.search in workbench.view.search
2024-07-12 14:21:11.471 [info] Added views:outline in workbench.views.service.sidebar.f7267c84-72dc-4e1b-9b99-8268233a296b
2024-07-12 14:21:11.471 [info] Added views:timeline in workbench.views.service.sidebar.f7267c84-72dc-4e1b-9b99-8268233a296b
2024-07-12 14:21:11.471 [info] Added views:workbench.explorer.openEditorsView in workbench.views.service.sidebar.f7267c84-72dc-4e1b-9b99-8268233a296b
2024-07-12 14:21:11.471 [info] Added views:workbench.explorer.emptyView in workbench.view.explorer
2024-07-12 14:21:16.216 [info] Added views:workbench.debug.variablesView,workbench.debug.watchExpressionsView,workbench.debug.callStackView,workbench.debug.breakPointsView in workbench.view.debug
2024-07-12 14:21:16.390 [info] Added views:workbench.panel.repl.view in workbench.panel.repl
2024-07-12 14:21:16.391 [info] Removed views:workbench.debug.breakPointsView,workbench.debug.callStackView,workbench.debug.watchExpressionsView,workbench.debug.variablesView from workbench.view.debug
2024-07-12 14:21:16.400 [info] Added views:workbench.debug.welcome in workbench.view.debug
2024-07-12 14:21:17.708 [info] Added views:~remote.forwardedPorts in ~remote.forwardedPortsContainer
2024-07-12 14:21:39.388 [info] Added views:workbench.panel.markers.view in workbench.panel.markers
2024-07-12 14:21:39.390 [info] Added views:workbench.panel.output in workbench.panel.output
2024-07-12 14:21:39.390 [info] Added views:terminal in terminal
2024-07-12 14:21:39.390 [info] Added views:workbench.scm in workbench.view.scm
2024-07-12 14:21:39.390 [info] Added views:workbench.view.search in workbench.view.search
2024-07-12 14:21:39.390 [info] Added views:outline in workbench.views.service.sidebar.f7267c84-72dc-4e1b-9b99-8268233a296b
2024-07-12 14:21:39.390 [info] Added views:timeline in workbench.views.service.sidebar.f7267c84-72dc-4e1b-9b99-8268233a296b
2024-07-12 14:21:39.390 [info] Added views:workbench.explorer.fileView,workbench.explorer.openEditorsView in workbench.views.service.sidebar.f7267c84-72dc-4e1b-9b99-8268233a296b
2024-07-12 14:21:41.439 [info] Added views:workbench.debug.variablesView,workbench.debug.watchExpressionsView,workbench.debug.callStackView,workbench.debug.breakPointsView in workbench.view.debug
2024-07-12 14:21:47.063 [info] Added views:workbench.panel.repl.view in workbench.panel.repl
2024-07-12 14:21:47.068 [info] Removed views:workbench.debug.breakPointsView,workbench.debug.callStackView,workbench.debug.watchExpressionsView,workbench.debug.variablesView from workbench.view.debug
2024-07-12 14:21:47.071 [info] Added views:workbench.debug.welcome in workbench.view.debug
2024-07-12 14:21:47.244 [info] Added views:~remote.forwardedPorts in ~remote.forwardedPortsContainer
2024-07-12 14:22:29.109 [info] Added views:workbench.view.testing in workbench.view.extension.test
