2024-09-10 00:42:27.066 [warning] Creation of workbench contribution 'workbench.contrib.preferencesActions' took 25ms.
2024-09-10 00:42:29.223 [info] Started local extension host with pid 2008.
2024-09-10 00:42:33.888 [error] Extension 'luma.jupyter' wants API proposal 'notebookConcatTextDocument' but that proposal DOES NOT EXIST. Likely, the proposal has been finalized (check 'vscode.d.ts') or was abandoned.
2024-09-10 00:42:33.893 [error] Extension 'luma.jupyter' wants API proposal 'notebookControllerKind' but that proposal DOES NOT EXIST. Likely, the proposal has been finalized (check 'vscode.d.ts') or was abandoned.
2024-09-10 00:42:33.893 [error] Extension 'luma.jupyter' wants API proposal 'notebookDebugOptions' but that proposal DOES NOT EXIST. Likely, the proposal has been finalized (check 'vscode.d.ts') or was abandoned.
2024-09-10 00:42:33.898 [error] Extension 'luma.jupyter' wants API proposal 'notebookEditor' but that proposal DOES NOT EXIST. Likely, the proposal has been finalized (check 'vscode.d.ts') or was abandoned.
2024-09-10 00:42:33.899 [error] Extension 'luma.jupyter' wants API proposal 'notebookEditorDecorationType' but that proposal DOES NOT EXIST. Likely, the proposal has been finalized (check 'vscode.d.ts') or was abandoned.
2024-09-10 00:42:33.899 [error] Extension 'luma.jupyter' wants API proposal 'notebookEditorEdit' but that proposal DOES NOT EXIST. Likely, the proposal has been finalized (check 'vscode.d.ts') or was abandoned.
2024-09-10 00:42:33.900 [error] Extension 'luma.jupyter' wants API proposal 'textDocumentNotebook' but that proposal DOES NOT EXIST. Likely, the proposal has been finalized (check 'vscode.d.ts') or was abandoned.
2024-09-10 00:42:33.904 [error] Extension 'luma.jupyter CANNOT USE these API proposals 'notebookDeprecated, notebookMessaging, notebookMime, notebookCellExecutionState, portsAttributes, quickPickSortByLabel'. You MUST start in extension development mode or use the --enable-proposed-api command line flag
2024-09-10 00:42:33.905 [error] Extension 'ms-python.debugpy CANNOT USE these API proposals 'portsAttributes, contribIssueReporter, debugVisualization'. You MUST start in extension development mode or use the --enable-proposed-api command line flag
2024-09-10 00:42:33.984 [error] Extension 'ms-python.python CANNOT USE these API proposals 'contribEditorContentMenu, quickPickSortByLabel, testObserver, quickPickItemTooltip, terminalDataWriteEvent, terminalExecuteCommandEvent, contribIssueReporter, terminalShellIntegration'. You MUST start in extension development mode or use the --enable-proposed-api command line flag
2024-09-10 00:42:33.985 [error] Extension 'ms-toolsai.jupyter CANNOT USE these API proposals 'notebookDeprecated, notebookMessaging, notebookMime, contribNotebookStaticPreloads, portsAttributes, quickPickSortByLabel, notebookKernelSource, interactiveWindow, quickPickItemTooltip, notebookExecution, notebookCellExecution, notebookVariableProvider'. You MUST start in extension development mode or use the --enable-proposed-api command line flag
2024-09-10 00:42:33.986 [error] Extension 'ms-toolsai.jupyter-renderers CANNOT USE these API proposals 'contribNotebookStaticPreloads'. You MUST start in extension development mode or use the --enable-proposed-api command line flag
2024-09-10 00:42:34.125 [warning] [ms-toolsai.jupyter]: Cannot register 'jupyter.experiments.enabled'. This property is already registered.
2024-09-10 00:42:34.126 [warning] [ms-toolsai.jupyter]: Cannot register 'jupyter.showVariableViewWhenDebugging'. This property is already registered.
2024-09-10 00:42:34.127 [warning] [ms-toolsai.jupyter]: Cannot register 'jupyter.logging.level'. This property is already registered.
2024-09-10 00:42:34.130 [warning] [ms-toolsai.jupyter]: Cannot register 'jupyter.experiments.optInto'. This property is already registered.
2024-09-10 00:42:34.131 [warning] [ms-toolsai.jupyter]: Cannot register 'jupyter.experiments.optOutFrom'. This property is already registered.
2024-09-10 00:42:34.132 [warning] [ms-toolsai.jupyter]: Cannot register 'jupyter.widgetScriptSources'. This property is already registered.
2024-09-10 00:42:34.133 [warning] [ms-toolsai.jupyter]: Cannot register 'jupyter.askForLargeDataFrames'. This property is already registered.
2024-09-10 00:42:34.133 [warning] [ms-toolsai.jupyter]: Cannot register 'jupyter.askForKernelRestart'. This property is already registered.
2024-09-10 00:42:34.144 [warning] [ms-toolsai.jupyter]: Cannot register 'jupyter.exportWithOutputEnabled'. This property is already registered.
2024-09-10 00:42:34.145 [warning] [ms-toolsai.jupyter]: Cannot register 'jupyter.jupyterLaunchTimeout'. This property is already registered.
2024-09-10 00:42:34.145 [warning] [ms-toolsai.jupyter]: Cannot register 'jupyter.jupyterLaunchRetries'. This property is already registered.
2024-09-10 00:42:34.146 [warning] [ms-toolsai.jupyter]: Cannot register 'jupyter.jupyterCommandLineArguments'. This property is already registered.
2024-09-10 00:42:34.147 [warning] [ms-toolsai.jupyter]: Cannot register 'jupyter.notebookFileRoot'. This property is already registered.
2024-09-10 00:42:34.152 [warning] [ms-toolsai.jupyter]: Cannot register 'jupyter.useDefaultConfigForJupyter'. This property is already registered.
2024-09-10 00:42:34.153 [warning] [ms-toolsai.jupyter]: Cannot register 'jupyter.jupyterInterruptTimeout'. This property is already registered.
2024-09-10 00:42:34.162 [warning] [ms-toolsai.jupyter]: Cannot register 'jupyter.variableExplorerExclude'. This property is already registered.
2024-09-10 00:42:34.162 [warning] [ms-toolsai.jupyter]: Cannot register 'jupyter.themeMatplotlibPlots'. This property is already registered.
2024-09-10 00:42:34.163 [warning] [ms-toolsai.jupyter]: Cannot register 'jupyter.allowUnauthorizedRemoteConnection'. This property is already registered.
2024-09-10 00:42:34.171 [warning] [ms-toolsai.jupyter]: Cannot register 'jupyter.debugpyDistPath'. This property is already registered.
2024-09-10 00:42:34.172 [warning] [ms-toolsai.jupyter]: Cannot register 'jupyter.stopOnFirstLineWhileDebugging'. This property is already registered.
2024-09-10 00:42:34.172 [warning] [ms-toolsai.jupyter]: Cannot register 'jupyter.disableJupyterAutoStart'. This property is already registered.
2024-09-10 00:42:34.173 [warning] [ms-toolsai.jupyter]: Cannot register 'jupyter.pythonExportMethod'. This property is already registered.
2024-09-10 00:42:34.181 [warning] [ms-toolsai.jupyter]: Cannot register 'jupyter.runStartupCommands'. This property is already registered.
2024-09-10 00:42:34.182 [warning] [ms-toolsai.jupyter]: Cannot register 'jupyter.debugJustMyCode'. This property is already registered.
2024-09-10 00:42:34.182 [warning] [ms-toolsai.jupyter]: Cannot register 'jupyter.showOutlineButtonInNotebookToolbar'. This property is already registered.
2024-09-10 00:42:34.183 [warning] [ms-toolsai.jupyter]: Cannot register 'jupyter.pythonCompletionTriggerCharacters'. This property is already registered.
2024-09-10 00:42:34.184 [warning] [ms-toolsai.jupyter]: Cannot register 'jupyter.logKernelOutputSeparately'. This property is already registered.
2024-09-10 00:42:34.398 [info] [luma.jupyter]: Command `jupyter.selectNativeJupyterUriFromToolBar` already registered by Jupyter (luma.jupyter)
2024-09-10 00:42:34.413 [info] [ms-toolsai.jupyter]: Command `dataScience.ClearCache` already registered by Jupyter (luma.jupyter)
2024-09-10 00:42:34.414 [info] [ms-toolsai.jupyter]: Command `jupyter.replayPylanceLog` already registered by Jupyter (luma.jupyter)
2024-09-10 00:42:34.416 [info] [ms-toolsai.jupyter]: Command `jupyter.replayPylanceLogStep` already registered by Jupyter (luma.jupyter)
2024-09-10 00:42:34.421 [info] [ms-toolsai.jupyter]: Command `jupyter.filterKernels` already registered by Jupyter (luma.jupyter)
2024-09-10 00:42:34.425 [info] [ms-toolsai.jupyter]: Command `jupyter.runByLine` already registered by Jupyter (luma.jupyter)
2024-09-10 00:42:34.426 [info] [ms-toolsai.jupyter]: Command `jupyter.runAndDebugCell` already registered by Jupyter (luma.jupyter)
2024-09-10 00:42:34.430 [info] [ms-toolsai.jupyter]: Command `jupyter.runByLineNext` already registered by Jupyter (luma.jupyter)
2024-09-10 00:42:34.433 [info] [ms-toolsai.jupyter]: Command `jupyter.runByLineStop` already registered by Jupyter (luma.jupyter)
2024-09-10 00:42:34.438 [info] [ms-toolsai.jupyter]: Command `jupyter.viewOutput` already registered by Jupyter (luma.jupyter)
2024-09-10 00:42:34.439 [info] [ms-toolsai.jupyter]: Command `jupyter.notebookeditor.export` already registered by Jupyter (luma.jupyter)
2024-09-10 00:42:34.447 [info] [ms-toolsai.jupyter]: Command `jupyter.export` already registered by Jupyter (luma.jupyter)
2024-09-10 00:42:34.448 [info] [ms-toolsai.jupyter]: Command `jupyter.exportAsPythonScript` already registered by Jupyter (luma.jupyter)
2024-09-10 00:42:34.454 [info] [ms-toolsai.jupyter]: Command `jupyter.exportToHTML` already registered by Jupyter (luma.jupyter)
2024-09-10 00:42:34.455 [info] [ms-toolsai.jupyter]: Command `jupyter.exportToPDF` already registered by Jupyter (luma.jupyter)
2024-09-10 00:42:34.456 [info] [ms-toolsai.jupyter]: Command `jupyter.selectJupyterInterpreter` already registered by Jupyter (luma.jupyter)
2024-09-10 00:42:34.457 [info] [ms-toolsai.jupyter]: Command `jupyter.runcurrentcell` already registered by Jupyter (luma.jupyter)
2024-09-10 00:42:34.463 [info] [ms-toolsai.jupyter]: Command `jupyter.debugcell` already registered by Jupyter (luma.jupyter)
2024-09-10 00:42:34.467 [info] [ms-toolsai.jupyter]: Command `jupyter.debugstepover` already registered by Jupyter (luma.jupyter)
2024-09-10 00:42:34.471 [info] [ms-toolsai.jupyter]: Command `jupyter.debugstop` already registered by Jupyter (luma.jupyter)
2024-09-10 00:42:34.476 [info] [ms-toolsai.jupyter]: Command `jupyter.debugcontinue` already registered by Jupyter (luma.jupyter)
2024-09-10 00:42:34.477 [info] [ms-toolsai.jupyter]: Command `jupyter.insertCellBelowPosition` already registered by Jupyter (luma.jupyter)
2024-09-10 00:42:34.478 [info] [ms-toolsai.jupyter]: Command `jupyter.insertCellBelow` already registered by Jupyter (luma.jupyter)
2024-09-10 00:42:34.485 [info] [ms-toolsai.jupyter]: Command `jupyter.insertCellAbove` already registered by Jupyter (luma.jupyter)
2024-09-10 00:42:34.486 [info] [ms-toolsai.jupyter]: Command `jupyter.deleteCells` already registered by Jupyter (luma.jupyter)
2024-09-10 00:42:34.487 [info] [ms-toolsai.jupyter]: Command `jupyter.selectCell` already registered by Jupyter (luma.jupyter)
2024-09-10 00:42:34.496 [info] [ms-toolsai.jupyter]: Command `jupyter.selectCellContents` already registered by Jupyter (luma.jupyter)
2024-09-10 00:42:34.501 [info] [ms-toolsai.jupyter]: Command `jupyter.extendSelectionByCellAbove` already registered by Jupyter (luma.jupyter)
2024-09-10 00:42:34.502 [info] [ms-toolsai.jupyter]: Command `jupyter.extendSelectionByCellBelow` already registered by Jupyter (luma.jupyter)
2024-09-10 00:42:34.503 [info] [ms-toolsai.jupyter]: Command `jupyter.moveCellsUp` already registered by Jupyter (luma.jupyter)
2024-09-10 00:42:34.508 [info] [ms-toolsai.jupyter]: Command `jupyter.moveCellsDown` already registered by Jupyter (luma.jupyter)
2024-09-10 00:42:34.511 [info] [ms-toolsai.jupyter]: Command `jupyter.changeCellToMarkdown` already registered by Jupyter (luma.jupyter)
2024-09-10 00:42:34.512 [info] [ms-toolsai.jupyter]: Command `jupyter.changeCellToCode` already registered by Jupyter (luma.jupyter)
2024-09-10 00:42:34.519 [info] [ms-toolsai.jupyter]: Command `jupyter.gotoNextCellInFile` already registered by Jupyter (luma.jupyter)
2024-09-10 00:42:34.520 [info] [ms-toolsai.jupyter]: Command `jupyter.gotoPrevCellInFile` already registered by Jupyter (luma.jupyter)
2024-09-10 00:42:34.529 [info] [ms-toolsai.jupyter]: Command `jupyter.runcurrentcelladvance` already registered by Jupyter (luma.jupyter)
2024-09-10 00:42:34.529 [info] [ms-toolsai.jupyter]: Command `jupyter.runcurrentcellandallbelow.palette` already registered by Jupyter (luma.jupyter)
2024-09-10 00:42:34.530 [info] [ms-toolsai.jupyter]: Command `jupyter.runallcellsabove.palette` already registered by Jupyter (luma.jupyter)
2024-09-10 00:42:34.539 [info] [ms-toolsai.jupyter]: Command `jupyter.debugcurrentcell.palette` already registered by Jupyter (luma.jupyter)
2024-09-10 00:42:34.540 [info] [ms-toolsai.jupyter]: Command `jupyter.execSelectionInteractive` already registered by Jupyter (luma.jupyter)
2024-09-10 00:42:34.547 [info] [ms-toolsai.jupyter]: Command `jupyter.createnewinteractive` already registered by Jupyter (luma.jupyter)
2024-09-10 00:42:34.547 [info] [ms-toolsai.jupyter]: Command `jupyter.runFileInteractive` already registered by Jupyter (luma.jupyter)
2024-09-10 00:42:34.548 [info] [ms-toolsai.jupyter]: Command `jupyter.debugFileInteractive` already registered by Jupyter (luma.jupyter)
2024-09-10 00:42:34.549 [info] [ms-toolsai.jupyter]: Command `jupyter.runallcells` already registered by Jupyter (luma.jupyter)
2024-09-10 00:42:34.550 [info] [ms-toolsai.jupyter]: Command `jupyter.runallcellsabove` already registered by Jupyter (luma.jupyter)
2024-09-10 00:42:34.566 [info] [ms-toolsai.jupyter]: Command `jupyter.runcellandallbelow` already registered by Jupyter (luma.jupyter)
2024-09-10 00:42:34.568 [info] [ms-toolsai.jupyter]: Command `jupyter.runcell` already registered by Jupyter (luma.jupyter)
2024-09-10 00:42:34.569 [info] [ms-toolsai.jupyter]: Command `jupyter.runtoline` already registered by Jupyter (luma.jupyter)
2024-09-10 00:42:34.570 [info] [ms-toolsai.jupyter]: Command `jupyter.runfromline` already registered by Jupyter (luma.jupyter)
2024-09-10 00:42:34.571 [info] [ms-toolsai.jupyter]: Command `jupyter.importnotebook` already registered by Jupyter (luma.jupyter)
2024-09-10 00:42:34.572 [info] [ms-toolsai.jupyter]: Command `jupyter.importnotebookfile` already registered by Jupyter (luma.jupyter)
2024-09-10 00:42:34.573 [info] [ms-toolsai.jupyter]: Command `jupyter.exportoutputasnotebook` already registered by Jupyter (luma.jupyter)
2024-09-10 00:42:34.574 [info] [ms-toolsai.jupyter]: Command `jupyter.exportfileasnotebook` already registered by Jupyter (luma.jupyter)
2024-09-10 00:42:34.575 [info] [ms-toolsai.jupyter]: Command `jupyter.exportfileandoutputasnotebook` already registered by Jupyter (luma.jupyter)
2024-09-10 00:42:34.576 [info] [ms-toolsai.jupyter]: Command `jupyter.interruptkernel` already registered by Jupyter (luma.jupyter)
2024-09-10 00:42:34.577 [info] [ms-toolsai.jupyter]: Command `jupyter.restartkernel` already registered by Jupyter (luma.jupyter)
2024-09-10 00:42:34.581 [info] [ms-toolsai.jupyter]: Command `jupyter.notebookeditor.addcellbelow` already registered by Jupyter (luma.jupyter)
2024-09-10 00:42:34.582 [info] [ms-toolsai.jupyter]: Command `jupyter.notebookeditor.removeallcells` already registered by Jupyter (luma.jupyter)
2024-09-10 00:42:34.584 [info] [ms-toolsai.jupyter]: Command `jupyter.expandallcells` already registered by Jupyter (luma.jupyter)
2024-09-10 00:42:34.591 [info] [ms-toolsai.jupyter]: Command `jupyter.collapseallcells` already registered by Jupyter (luma.jupyter)
2024-09-10 00:42:34.592 [info] [ms-toolsai.jupyter]: Command `jupyter.addcellbelow` already registered by Jupyter (luma.jupyter)
2024-09-10 00:42:34.597 [info] [ms-toolsai.jupyter]: Command `jupyter.createnewnotebook` already registered by Jupyter (luma.jupyter)
2024-09-10 00:42:34.599 [info] [ms-toolsai.jupyter]: Command `jupyter.scrolltocell` already registered by Jupyter (luma.jupyter)
2024-09-10 00:42:34.600 [info] [ms-toolsai.jupyter]: Command `jupyter.latestExtension` already registered by Jupyter (luma.jupyter)
2024-09-10 00:42:34.601 [info] [ms-toolsai.jupyter]: Command `jupyter.showDataViewer` already registered by Jupyter (luma.jupyter)
2024-09-10 00:42:34.608 [info] [ms-toolsai.jupyter]: Command `jupyter.clearSavedJupyterUris` already registered by Jupyter (luma.jupyter)
2024-09-10 00:42:34.609 [info] [ms-toolsai.jupyter]: Command `jupyter.openVariableView` already registered by Jupyter (luma.jupyter)
2024-09-10 00:42:34.612 [info] [ms-toolsai.jupyter]: Command `jupyter.openOutlineView` already registered by Jupyter (luma.jupyter)
2024-09-10 00:42:34.614 [info] [ms-toolsai.jupyter]: Command `jupyter.refreshDataViewer` already registered by Jupyter (luma.jupyter)
2024-09-10 00:42:34.619 [info] [ms-toolsai.jupyter]: Command `jupyter.interactive.clearAllCells` already registered by Jupyter (luma.jupyter)
2024-09-10 00:42:34.623 [info] [ms-toolsai.jupyter]: Command `jupyter.interactive.goToCode` already registered by Jupyter (luma.jupyter)
2024-09-10 00:42:34.627 [info] [ms-toolsai.jupyter]: Command `jupyter.interactive.exportasnotebook` already registered by Jupyter (luma.jupyter)
2024-09-10 00:42:34.628 [info] [ms-toolsai.jupyter]: Command `jupyter.interactive.exportas` already registered by Jupyter (luma.jupyter)
2024-09-10 00:42:34.637 [info] [ms-toolsai.jupyter]: Command `jupyter.interactive.copyCell` already registered by Jupyter (luma.jupyter)
2024-09-10 00:42:34.642 [error] [ms-python.debugpy]: issue/reporter is a proposed menu identifier. It requires 'package.json#enabledApiProposals: ["contribIssueReporter"]' and is only available when running out of dev or with the following command line switch: --enable-proposed-api ms-python.debugpy
2024-09-10 00:42:34.644 [error] [ms-python.python]: issue/reporter is a proposed menu identifier. It requires 'package.json#enabledApiProposals: ["contribIssueReporter"]' and is only available when running out of dev or with the following command line switch: --enable-proposed-api ms-python.python
2024-09-10 00:42:34.654 [error] [ms-python.python]: editor/content is a proposed menu identifier. It requires 'package.json#enabledApiProposals: ["contribEditorContentMenu"]' and is only available when running out of dev or with the following command line switch: --enable-proposed-api ms-python.python
2024-09-10 00:42:34.906 [error] [ms-toolsai.jupyter]: Cannot register multiple views with same id `jupyterViewVariables`
2024-09-10 00:42:38.598 [error] spawn /home/karthi/.vscode-oss/extensions/ms-python.python-2024.12.3-universal/python-env-tools/bin/pet ENOENT: Error: spawn /home/karthi/.vscode-oss/extensions/ms-python.python-2024.12.3-universal/python-env-tools/bin/pet ENOENT
	at ChildProcess._handle.onexit (node:internal/child_process:286:19)
	at onErrorNT (node:internal/child_process:484:16)
	at process.processTicksAndRejections (node:internal/process/task_queues:82:21)
2024-09-10 00:42:44.929 [error] [EricSia.pythonsnippets3]: Unknown language in `contributes.pythonsnippets3.language`. Provided value: django-html
2024-09-10 00:42:44.930 [error] [EricSia.pythonsnippets3]: Unknown language in `contributes.pythonsnippets3.language`. Provided value: django-txt
2024-09-10 00:42:51.246 [info] [perf] Render performance baseline is 331ms
2024-09-10 00:47:22.104 [info] Extension host (LocalProcess pid: 2008) is unresponsive.
2024-09-10 00:47:25.752 [info] UNRESPONSIVE extension host: starting to profile NOW
2024-09-10 00:47:31.978 [warning] UNRESPONSIVE extension host: 'luma.jupyter' took 83.37181031251646% of 4212.976ms, saved PROFILE here: 'file:///tmp/exthost-708035.cpuprofile'
2024-09-10 00:47:33.809 [info] Extension host (LocalProcess pid: 2008) is responsive.
2024-09-10 00:47:36.422 [error] [Extension Host] error 00:47:36.394: Jupyter Extension: Python extension is not exporting the jupyter API
2024-09-10 00:47:36.610 [error] [Extension Host] error 00:47:36.545: Jupyter Extension: Error in activating extension, failed in hy Error: Extension 'ms-toolsai.jupyter' CANNOT use API proposal: notebookKernelSource.
Its package.json#enabledApiProposals-property declares:  but NOT notebookKernelSource.
 The missing proposal MUST be added and you must start in extension development mode or use the following command line switch: --enable-proposed-api ms-toolsai.jupyter
    at P (/usr/lib/code/out/vs/workbench/api/node/extensionHostProcess.js:142:59143)
    at Object.createNotebookControllerDetectionTask (/usr/lib/code/out/vs/workbench/api/node/extensionHostProcess.js:164:48650)
    at i (/home/karthi/.vscode-oss/extensions/ms-toolsai.jupyter-2024.7.0-universal/dist/extension.node.js:299:6231)
    at hy.startRefreshWithPython (/home/karthi/.vscode-oss/extensions/ms-toolsai.jupyter-2024.7.0-universal/dist/extension.node.js:299:6454)
    at hy.activate (/home/karthi/.vscode-oss/extensions/ms-toolsai.jupyter-2024.7.0-universal/dist/extension.node.js:299:4678)
    at /home/karthi/.vscode-oss/extensions/ms-toolsai.jupyter-2024.7.0-universal/dist/extension.node.js:373:28858
    at Array.map (<anonymous>)
    at rI.activate (/home/karthi/.vscode-oss/extensions/ms-toolsai.jupyter-2024.7.0-universal/dist/extension.node.js:373:28844)
    at SG (/home/karthi/.vscode-oss/extensions/ms-toolsai.jupyter-2024.7.0-universal/dist/extension.node.js:436:2062)
    at Bfe (/home/karthi/.vscode-oss/extensions/ms-toolsai.jupyter-2024.7.0-universal/dist/extension.node.js:438:454)
2024-09-10 00:47:36.732 [error] [Extension Host] error 00:47:36.552: Jupyter Extension: Error in activating extension, failed in zy Error: Extension 'ms-toolsai.jupyter' CANNOT use API proposal: notebookKernelSource.
Its package.json#enabledApiProposals-property declares:  but NOT notebookKernelSource.
 The missing proposal MUST be added and you must start in extension development mode or use the following command line switch: --enable-proposed-api ms-toolsai.jupyter
    at P (/usr/lib/code/out/vs/workbench/api/node/extensionHostProcess.js:142:59143)
    at Object.registerKernelSourceActionProvider (/usr/lib/code/out/vs/workbench/api/node/extensionHostProcess.js:164:48785)
    at zy.activate (/home/karthi/.vscode-oss/extensions/ms-toolsai.jupyter-2024.7.0-universal/dist/extension.node.js:304:115154)
    at /home/karthi/.vscode-oss/extensions/ms-toolsai.jupyter-2024.7.0-universal/dist/extension.node.js:373:28858
    at Array.map (<anonymous>)
    at rI.activate (/home/karthi/.vscode-oss/extensions/ms-toolsai.jupyter-2024.7.0-universal/dist/extension.node.js:373:28844)
    at SG (/home/karthi/.vscode-oss/extensions/ms-toolsai.jupyter-2024.7.0-universal/dist/extension.node.js:436:2062)
    at Bfe (/home/karthi/.vscode-oss/extensions/ms-toolsai.jupyter-2024.7.0-universal/dist/extension.node.js:438:454)
2024-09-10 00:47:38.309 [error] [Extension Host] extension activation failed TypeError: s.notebooks.onDidChangeCellMetadata is not a function
    at u.onDidChangeCellMetadata [as addEventHandlers] (/home/karthi/.vscode-oss/extensions/luma.jupyter-2022.3.108-universal/src/client/common/application/notebook.ts:73:32)
    at new addEventHandlers (/home/karthi/.vscode-oss/extensions/luma.jupyter-2022.3.108-universal/src/client/common/application/notebook.ts:24:14)
    at Object.t.resolveInstance (/home/karthi/.vscode-oss/extensions/luma.jupyter-2022.3.108-universal/node_modules/inversify/lib/resolution/instantiation.js:21:12)
    at resolveInstance (/home/karthi/.vscode-oss/extensions/luma.jupyter-2022.3.108-universal/node_modules/inversify/lib/resolution/resolver.js:72:42)
    at Array.map (<anonymous>)
    at Object.map [as resolveInstance] (/home/karthi/.vscode-oss/extensions/luma.jupyter-2022.3.108-universal/node_modules/inversify/lib/resolution/instantiation.js:40:67)
    at resolveInstance (/home/karthi/.vscode-oss/extensions/luma.jupyter-2022.3.108-universal/node_modules/inversify/lib/resolution/resolver.js:72:42)
    at _f (/home/karthi/.vscode-oss/extensions/luma.jupyter-2022.3.108-universal/node_modules/inversify/lib/resolution/resolver.js:34:24)
    at Array.map (<anonymous>)
    at map (/home/karthi/.vscode-oss/extensions/luma.jupyter-2022.3.108-universal/node_modules/inversify/lib/resolution/resolver.js:32:34)
    at Array.map (<anonymous>)
    at Object.map [as resolveInstance] (/home/karthi/.vscode-oss/extensions/luma.jupyter-2022.3.108-universal/node_modules/inversify/lib/resolution/instantiation.js:40:67)
    at resolveInstance (/home/karthi/.vscode-oss/extensions/luma.jupyter-2022.3.108-universal/node_modules/inversify/lib/resolution/resolver.js:72:42)
    at Object._f [as resolve] (/home/karthi/.vscode-oss/extensions/luma.jupyter-2022.3.108-universal/node_modules/inversify/lib/resolution/resolver.js:96:12)
    at resolve (/home/karthi/.vscode-oss/extensions/luma.jupyter-2022.3.108-universal/node_modules/inversify/lib/container/container.js:319:37)
    at e.this (/home/karthi/.vscode-oss/extensions/luma.jupyter-2022.3.108-universal/node_modules/inversify/lib/container/container.js:310:22)
    at e._get [as get] (/home/karthi/.vscode-oss/extensions/luma.jupyter-2022.3.108-universal/node_modules/inversify/lib/container/container.js:230:21)
    at a.get (/home/karthi/.vscode-oss/extensions/luma.jupyter-2022.3.108-universal/src/client/ioc/container.ts:24:89)
    at get (/home/karthi/.vscode-oss/extensions/luma.jupyter-2022.3.108-universal/src/client/extensionActivation.ts:90:38)
    at activationPromise (/home/karthi/.vscode-oss/extensions/luma.jupyter-2022.3.108-universal/src/client/extension.ts:67:17)
    at serviceContainer (/home/karthi/.vscode-oss/extensions/luma.jupyter-2022.3.108-universal/src/client/extension.ts:30:22)
    at m.n (/usr/lib/code/out/vs/workbench/api/node/extensionHostProcess.js:144:6409)
    at m (/usr/lib/code/out/vs/workbench/api/node/extensionHostProcess.js:144:6372)
    at m.l (/usr/lib/code/out/vs/workbench/api/node/extensionHostProcess.js:144:5829)
2024-09-10 00:48:18.084 [info] Extension host (LocalProcess pid: 2008) is unresponsive.
2024-09-10 00:48:22.391 [info] UNRESPONSIVE extension host: starting to profile NOW
2024-09-10 00:48:23.514 [info] Extension host (LocalProcess pid: 2008) is responsive.
2024-09-10 00:48:23.515 [info] UNRESPONSIVE extension host: received responsive event and cancelling profiling session
2024-09-10 00:48:44.700 [info] Extension host (LocalProcess pid: 2008) is unresponsive.
2024-09-10 00:48:46.771 [info] UNRESPONSIVE extension host: starting to profile NOW
2024-09-10 00:48:48.773 [info] Extension host (LocalProcess pid: 2008) is responsive.
2024-09-10 00:48:48.794 [info] UNRESPONSIVE extension host: received responsive event and cancelling profiling session
2024-09-10 00:48:53.269 [info] Extension host (LocalProcess pid: 2008) is unresponsive.
2024-09-10 00:48:56.466 [info] UNRESPONSIVE extension host: starting to profile NOW
2024-09-10 00:49:02.567 [info] Extension host (LocalProcess pid: 2008) is responsive.
2024-09-10 00:49:10.015 [info] Extension host (LocalProcess pid: 2008) is unresponsive.
2024-09-10 00:49:13.766 [info] UNRESPONSIVE extension host: starting to profile NOW
2024-09-10 00:49:15.036 [error] Error: Aborted onWillSaveTextDocument-event after 1750ms
    at vscode-file://vscode-app/usr/lib/code/out/vs/workbench/workbench.desktop.main.js:2008:13039
2024-09-10 00:49:17.635 [info] Extension host (LocalProcess pid: 2008) is responsive.
2024-09-10 00:49:17.645 [info] UNRESPONSIVE extension host: received responsive event and cancelling profiling session
2024-09-10 00:49:19.469 [warning] UNRESPONSIVE extension host: 'vscode.git' took 16.097147394758437% of 628.818ms, saved PROFILE here: 'file:///tmp/exthost-95491c.cpuprofile'
2024-09-10 00:49:22.883 [info] Extension host (LocalProcess pid: 2008) is unresponsive.
2024-09-10 00:49:26.001 [info] UNRESPONSIVE extension host: starting to profile NOW
2024-09-10 00:49:34.211 [info] Extension host (LocalProcess pid: 2008) is responsive.
2024-09-10 00:50:07.931 [info] Extension host (LocalProcess pid: 2008) is unresponsive.
2024-09-10 00:50:10.328 [info] UNRESPONSIVE extension host: starting to profile NOW
2024-09-10 00:50:18.164 [info] Extension host (LocalProcess pid: 2008) is responsive.
2024-09-10 00:50:29.160 [info] Extension host (LocalProcess pid: 2008) is unresponsive.
2024-09-10 00:50:31.285 [info] UNRESPONSIVE extension host: starting to profile NOW
2024-09-10 00:50:36.744 [info] Extension host (LocalProcess pid: 2008) is responsive.
2024-09-10 01:14:04.426 [info] Extension host (LocalProcess pid: 2008) is unresponsive.
2024-09-10 01:14:05.449 [info] UNRESPONSIVE extension host: starting to profile NOW
2024-09-10 01:14:06.766 [info] Extension host (LocalProcess pid: 2008) is responsive.
2024-09-10 01:14:06.767 [info] UNRESPONSIVE extension host: received responsive event and cancelling profiling session
2024-09-10 01:14:56.049 [info] Extension host (LocalProcess pid: 2008) is unresponsive.
2024-09-10 01:14:58.568 [info] UNRESPONSIVE extension host: starting to profile NOW
