2024-07-11 17:45:00.679 [info] Extension host with pid 5636 started
2024-07-11 17:45:00.679 [info] Skipping acquiring lock for /home/karthi/.config/Code - OSS/User/workspaceStorage/30e0fd348ecc0b41b1fa23a61c7166ec.
2024-07-11 17:45:02.278 [info] ExtensionService#_doActivateExtension vscode.emmet, startup: false, activationEvent: 'onLanguage'
2024-07-11 17:45:04.396 [info] ExtensionService#_doActivateExtension luma.jupyter, startup: false, activationEvent: 'onLanguage:python'
2024-07-11 17:45:05.675 [info] ExtensionService#_doActivateExtension ms-python.python, startup: false, activationEvent: 'onLanguage:python', root cause: ms-python.debugpy
2024-07-11 17:45:06.447 [info] ExtensionService#_doActivateExtension ms-toolsai.jupyter, startup: false, activationEvent: 'onLanguage:python'
2024-07-11 17:45:06.541 [info] ExtensionService#_doActivateExtension virgilsisoe.python-auto-import, startup: false, activationEvent: 'onLanguage:python'
2024-07-11 17:45:06.759 [info] ExtensionService#_doActivateExtension vscode.git-base, startup: true, activationEvent: '*', root cause: vscode.git
2024-07-11 17:45:06.797 [info] ExtensionService#_doActivateExtension s-nlf-fh.glassit, startup: true, activationEvent: '*'
2024-07-11 17:45:07.283 [error] Error: spawn /home/karthi/.vscode-oss/extensions/ms-python.python-2024.10.0-universal/python-env-tools/bin/pet ENOENT
    at Process.ChildProcess._handle.onexit (node:internal/child_process:286:19)
    at onErrorNT (node:internal/child_process:484:16)
    at processTicksAndRejections (node:internal/process/task_queues:82:21)
2024-07-11 17:45:12.041 [info] ExtensionService#_doActivateExtension ms-toolsai.jupyter-renderers, startup: false, activationEvent: 'api', root cause: ms-toolsai.jupyter
2024-07-11 17:45:12.191 [info] ExtensionService#_doActivateExtension vscode.git, startup: true, activationEvent: '*'
2024-07-11 17:45:12.769 [info] ExtensionService#_doActivateExtension vscode.github, startup: true, activationEvent: '*'
2024-07-11 17:45:24.126 [info] Extension host terminating: renderer closed the MessagePort
2024-07-11 17:45:24.177 [error] Canceled: Canceled
    at Object.l [as $9] (/usr/lib/code/out/vs/workbench/api/node/extensionHostProcess.js:10:1082)
    at /usr/lib/code/out/vs/workbench/api/node/extensionHostProcess.js:151:2406
    at Array.forEach (<anonymous>)
    at S.dispose (/usr/lib/code/out/vs/workbench/api/node/extensionHostProcess.js:151:2344)
    at m.terminate (/usr/lib/code/out/vs/workbench/api/node/extensionHostProcess.js:160:8151)
    at d.terminate (/usr/lib/code/out/vs/workbench/api/node/extensionHostProcess.js:164:1513)
    at i (/usr/lib/code/out/vs/workbench/api/node/extensionHostProcess.js:177:10617)
    at MessagePortMain.<anonymous> (/usr/lib/code/out/vs/workbench/api/node/extensionHostProcess.js:177:6809)
    at MessagePortMain.emit (node:events:514:28)
    at Object.MessagePortMain._internalPort.emit (node:electron/js2c/utility_init:2:2285) setContext undefined
2024-07-11 17:45:24.179 [error] Canceled: Canceled
    at Object.l [as $9] (/usr/lib/code/out/vs/workbench/api/node/extensionHostProcess.js:10:1082)
    at /usr/lib/code/out/vs/workbench/api/node/extensionHostProcess.js:151:2406
    at Array.forEach (<anonymous>)
    at S.dispose (/usr/lib/code/out/vs/workbench/api/node/extensionHostProcess.js:151:2344)
    at m.terminate (/usr/lib/code/out/vs/workbench/api/node/extensionHostProcess.js:160:8151)
    at d.terminate (/usr/lib/code/out/vs/workbench/api/node/extensionHostProcess.js:164:1513)
    at i (/usr/lib/code/out/vs/workbench/api/node/extensionHostProcess.js:177:10617)
    at MessagePortMain.<anonymous> (/usr/lib/code/out/vs/workbench/api/node/extensionHostProcess.js:177:6809)
    at MessagePortMain.emit (node:events:514:28)
    at Object.MessagePortMain._internalPort.emit (node:electron/js2c/utility_init:2:2285) setContext undefined
2024-07-11 17:45:24.180 [error] Canceled: Canceled
    at Object.l [as $9] (/usr/lib/code/out/vs/workbench/api/node/extensionHostProcess.js:10:1082)
    at /usr/lib/code/out/vs/workbench/api/node/extensionHostProcess.js:151:2406
    at Array.forEach (<anonymous>)
    at S.dispose (/usr/lib/code/out/vs/workbench/api/node/extensionHostProcess.js:151:2344)
    at m.terminate (/usr/lib/code/out/vs/workbench/api/node/extensionHostProcess.js:160:8151)
    at d.terminate (/usr/lib/code/out/vs/workbench/api/node/extensionHostProcess.js:164:1513)
    at i (/usr/lib/code/out/vs/workbench/api/node/extensionHostProcess.js:177:10617)
    at MessagePortMain.<anonymous> (/usr/lib/code/out/vs/workbench/api/node/extensionHostProcess.js:177:6809)
    at MessagePortMain.emit (node:events:514:28)
    at Object.MessagePortMain._internalPort.emit (node:electron/js2c/utility_init:2:2285) setContext undefined
2024-07-11 17:45:24.182 [error] Canceled: Canceled
    at Object.l [as $9] (/usr/lib/code/out/vs/workbench/api/node/extensionHostProcess.js:10:1082)
    at /usr/lib/code/out/vs/workbench/api/node/extensionHostProcess.js:151:2406
    at Array.forEach (<anonymous>)
    at S.dispose (/usr/lib/code/out/vs/workbench/api/node/extensionHostProcess.js:151:2344)
    at m.terminate (/usr/lib/code/out/vs/workbench/api/node/extensionHostProcess.js:160:8151)
    at d.terminate (/usr/lib/code/out/vs/workbench/api/node/extensionHostProcess.js:164:1513)
    at i (/usr/lib/code/out/vs/workbench/api/node/extensionHostProcess.js:177:10617)
    at MessagePortMain.<anonymous> (/usr/lib/code/out/vs/workbench/api/node/extensionHostProcess.js:177:6809)
    at MessagePortMain.emit (node:events:514:28)
    at Object.MessagePortMain._internalPort.emit (node:electron/js2c/utility_init:2:2285) setContext undefined
2024-07-11 17:45:24.186 [error] ProxyResolver#addCertificatesV1 Canceled: Canceled
    at Object.l [as $9] (/usr/lib/code/out/vs/workbench/api/node/extensionHostProcess.js:10:1082)
    at /usr/lib/code/out/vs/workbench/api/node/extensionHostProcess.js:151:2406
    at Array.forEach (<anonymous>)
    at S.dispose (/usr/lib/code/out/vs/workbench/api/node/extensionHostProcess.js:151:2344)
    at m.terminate (/usr/lib/code/out/vs/workbench/api/node/extensionHostProcess.js:160:8151)
    at d.terminate (/usr/lib/code/out/vs/workbench/api/node/extensionHostProcess.js:164:1513)
    at i (/usr/lib/code/out/vs/workbench/api/node/extensionHostProcess.js:177:10617)
    at MessagePortMain.<anonymous> (/usr/lib/code/out/vs/workbench/api/node/extensionHostProcess.js:177:6809)
    at MessagePortMain.emit (node:events:514:28)
    at Object.MessagePortMain._internalPort.emit (node:electron/js2c/utility_init:2:2285)
2024-07-11 17:45:24.190 [info] Extension host with pid 5636 exiting with code 0
