Code - OSS (1.93.0, undefined, desktop)
Jupyter Extension Version: 2024.8.1.
Python Extension Version: 2024.14.1.
Pylance Extension not installed.
Platform: linux (x64).
Temp Storage folder ~/.config/Code - OSS/User/globalStorage/ms-toolsai.jupyter/version-2024.8.1
Workspace folder ~/project/ap, Home = /home/karthi
23:28:20.382 [debug] Start refreshing Kernel Picker (1726336700382)
23:28:20.383 [error] Error in activating extension, failed in gy Error: Extension 'ms-toolsai.jupyter' CANNOT use API proposal: notebookKernelSource.
Its package.json#enabledApiProposals-property declares:  but NOT notebookKernelSource.
 The missing proposal MUST be added and you must start in extension development mode or use the following command line switch: --enable-proposed-api ms-toolsai.jupyter
    at P (/usr/lib/code/out/vs/workbench/api/node/extensionHostProcess.js:149:59064)
    at Object.createNotebookControllerDetectionTask (/usr/lib/code/out/vs/workbench/api/node/extensionHostProcess.js:171:54611)
    at i (/home/~/.vscode-oss/extensions/ms-toolsai.jupyter-2024.8.1-universal/dist/extension.node.js:299:6231)
    at gy.startRefreshWithPython (/home/~/.vscode-oss/extensions/ms-toolsai.jupyter-2024.8.1-universal/dist/extension.node.js:299:6454)
    at gy.activate (/home/~/.vscode-oss/extensions/ms-toolsai.jupyter-2024.8.1-universal/dist/extension.node.js:299:4678)
    at /home/~/.vscode-oss/extensions/ms-toolsai.jupyter-2024.8.1-universal/dist/extension.node.js:373:28494
    at Array.map (<anonymous>)
    at nI.activate (/home/~/.vscode-oss/extensions/ms-toolsai.jupyter-2024.8.1-universal/dist/extension.node.js:373:28480)
    at _G (/home/~/.vscode-oss/extensions/ms-toolsai.jupyter-2024.8.1-universal/dist/extension.node.js:436:2110)
    at the (/home/~/.vscode-oss/extensions/ms-toolsai.jupyter-2024.8.1-universal/dist/extension.node.js:438:454)
23:28:20.503 [error] Error in activating extension, failed in Qy Error: Extension 'ms-toolsai.jupyter' CANNOT use API proposal: notebookKernelSource.
Its package.json#enabledApiProposals-property declares:  but NOT notebookKernelSource.
 The missing proposal MUST be added and you must start in extension development mode or use the following command line switch: --enable-proposed-api ms-toolsai.jupyter
    at P (/usr/lib/code/out/vs/workbench/api/node/extensionHostProcess.js:149:59064)
    at Object.registerKernelSourceActionProvider (/usr/lib/code/out/vs/workbench/api/node/extensionHostProcess.js:171:54746)
    at Qy.activate (/home/~/.vscode-oss/extensions/ms-toolsai.jupyter-2024.8.1-universal/dist/extension.node.js:304:116342)
    at /home/~/.vscode-oss/extensions/ms-toolsai.jupyter-2024.8.1-universal/dist/extension.node.js:373:28494
    at Array.map (<anonymous>)
    at nI.activate (/home/~/.vscode-oss/extensions/ms-toolsai.jupyter-2024.8.1-universal/dist/extension.node.js:373:28480)
    at _G (/home/~/.vscode-oss/extensions/ms-toolsai.jupyter-2024.8.1-universal/dist/extension.node.js:436:2110)
    at the (/home/~/.vscode-oss/extensions/ms-toolsai.jupyter-2024.8.1-universal/dist/extension.node.js:438:454)
23:28:21.697 [debug] creating new code watcher with matching document file:///home/~/project/ap/main.py
23:28:30.376 [debug] Get Custom Env Variables, Class name = Cm, completed in 9997ms, has a truthy return value, Arg 1: undefined, Arg 2: "RunPythonCode"
23:28:30.377 [debug] Jupyter Paths /kernels: 
23:28:30.398 [debug] Kernel Spec Root Paths, /usr/share/jupyter/kernels, /usr/local/share/jupyter/kernels, ~/.local/share/jupyter/kernels
23:28:31.964 [warn] Failed to attach variable provider Error: Extension 'ms-toolsai.jupyter' CANNOT use API proposal: notebookVariableProvider.
Its package.json#enabledApiProposals-property declares:  but NOT notebookVariableProvider.
 The missing proposal MUST be added and you must start in extension development mode or use the following command line switch: --enable-proposed-api ms-toolsai.jupyter
    at P (/usr/lib/code/out/vs/workbench/api/node/extensionHostProcess.js:149:59064)
    at Object.set variableProvider [as variableProvider] (/usr/lib/code/out/vs/workbench/api/node/extensionHostProcess.js:161:237136)
    at Function.create (/home/~/.vscode-oss/extensions/ms-toolsai.jupyter-2024.8.1-universal/dist/extension.node.js:304:86445)
    at /home/~/.vscode-oss/extensions/ms-toolsai.jupyter-2024.8.1-universal/dist/extension.node.js:304:101040
    at Array.forEach (<anonymous>)
    at By.addImpl (/home/~/.vscode-oss/extensions/ms-toolsai.jupyter-2024.8.1-universal/dist/extension.node.js:304:101013)
    at /home/~/.vscode-oss/extensions/ms-toolsai.jupyter-2024.8.1-universal/dist/extension.node.js:304:99999
    at Array.forEach (<anonymous>)
    at By.batchAdd (/home/~/.vscode-oss/extensions/ms-toolsai.jupyter-2024.8.1-universal/dist/extension.node.js:304:99969)
    at By.createNotebookControllers (/home/~/.vscode-oss/extensions/ms-toolsai.jupyter-2024.8.1-universal/dist/extension.node.js:304:98791)
    at By.loadControllersImpl (/home/~/.vscode-oss/extensions/ms-toolsai.jupyter-2024.8.1-universal/dist/extension.node.js:304:98251)
    at By.loadControllers (/home/~/.vscode-oss/extensions/ms-toolsai.jupyter-2024.8.1-universal/dist/extension.node.js:304:97901)
    at By.<anonymous> (/home/~/.vscode-oss/extensions/ms-toolsai.jupyter-2024.8.1-universal/dist/extension.node.js:304:96781)
    at r.B (/usr/lib/code/out/vs/workbench/api/node/extensionHostProcess.js:90:732)
    at r.fire (/usr/lib/code/out/vs/workbench/api/node/extensionHostProcess.js:90:949)
    at i.value (/home/~/.vscode-oss/extensions/ms-toolsai.jupyter-2024.8.1-universal/dist/extension.node.js:285:19835)
    at r.B (/usr/lib/code/out/vs/workbench/api/node/extensionHostProcess.js:90:732)
    at r.C (/usr/lib/code/out/vs/workbench/api/node/extensionHostProcess.js:90:802)
    at r.fire (/usr/lib/code/out/vs/workbench/api/node/extensionHostProcess.js:90:1018)
    at Zy.buildDummyEnvironment (/home/~/.vscode-oss/extensions/ms-toolsai.jupyter-2024.8.1-universal/dist/extension.node.js:304:145257)
23:28:31.974 [warn] Failed to attach variable provider Error: Extension 'ms-toolsai.jupyter' CANNOT use API proposal: notebookVariableProvider.
Its package.json#enabledApiProposals-property declares:  but NOT notebookVariableProvider.
 The missing proposal MUST be added and you must start in extension development mode or use the following command line switch: --enable-proposed-api ms-toolsai.jupyter
    at P (/usr/lib/code/out/vs/workbench/api/node/extensionHostProcess.js:149:59064)
    at Object.set variableProvider [as variableProvider] (/usr/lib/code/out/vs/workbench/api/node/extensionHostProcess.js:161:237136)
    at Function.create (/home/~/.vscode-oss/extensions/ms-toolsai.jupyter-2024.8.1-universal/dist/extension.node.js:304:86445)
    at /home/~/.vscode-oss/extensions/ms-toolsai.jupyter-2024.8.1-universal/dist/extension.node.js:304:101040
    at Array.forEach (<anonymous>)
    at By.addImpl (/home/~/.vscode-oss/extensions/ms-toolsai.jupyter-2024.8.1-universal/dist/extension.node.js:304:101013)
    at /home/~/.vscode-oss/extensions/ms-toolsai.jupyter-2024.8.1-universal/dist/extension.node.js:304:99999
    at Array.forEach (<anonymous>)
    at By.batchAdd (/home/~/.vscode-oss/extensions/ms-toolsai.jupyter-2024.8.1-universal/dist/extension.node.js:304:99969)
    at By.createNotebookControllers (/home/~/.vscode-oss/extensions/ms-toolsai.jupyter-2024.8.1-universal/dist/extension.node.js:304:98791)
    at By.loadControllersImpl (/home/~/.vscode-oss/extensions/ms-toolsai.jupyter-2024.8.1-universal/dist/extension.node.js:304:98251)
    at By.loadControllers (/home/~/.vscode-oss/extensions/ms-toolsai.jupyter-2024.8.1-universal/dist/extension.node.js:304:97901)
    at By.<anonymous> (/home/~/.vscode-oss/extensions/ms-toolsai.jupyter-2024.8.1-universal/dist/extension.node.js:304:96781)
    at r.B (/usr/lib/code/out/vs/workbench/api/node/extensionHostProcess.js:90:732)
    at r.fire (/usr/lib/code/out/vs/workbench/api/node/extensionHostProcess.js:90:949)
    at i.value (/home/~/.vscode-oss/extensions/ms-toolsai.jupyter-2024.8.1-universal/dist/extension.node.js:285:19835)
    at r.B (/usr/lib/code/out/vs/workbench/api/node/extensionHostProcess.js:90:732)
    at r.C (/usr/lib/code/out/vs/workbench/api/node/extensionHostProcess.js:90:802)
    at r.fire (/usr/lib/code/out/vs/workbench/api/node/extensionHostProcess.js:90:1018)
    at Zy.buildDummyEnvironment (/home/~/.vscode-oss/extensions/ms-toolsai.jupyter-2024.8.1-universal/dist/extension.node.js:304:145257)
23:28:32.004 [warn] Failed to attach variable provider Error: Extension 'ms-toolsai.jupyter' CANNOT use API proposal: notebookVariableProvider.
Its package.json#enabledApiProposals-property declares:  but NOT notebookVariableProvider.
 The missing proposal MUST be added and you must start in extension development mode or use the following command line switch: --enable-proposed-api ms-toolsai.jupyter
    at P (/usr/lib/code/out/vs/workbench/api/node/extensionHostProcess.js:149:59064)
    at Object.set variableProvider [as variableProvider] (/usr/lib/code/out/vs/workbench/api/node/extensionHostProcess.js:161:237136)
    at Function.create (/home/~/.vscode-oss/extensions/ms-toolsai.jupyter-2024.8.1-universal/dist/extension.node.js:304:86445)
    at /home/~/.vscode-oss/extensions/ms-toolsai.jupyter-2024.8.1-universal/dist/extension.node.js:304:101040
    at Array.forEach (<anonymous>)
    at By.addImpl (/home/~/.vscode-oss/extensions/ms-toolsai.jupyter-2024.8.1-universal/dist/extension.node.js:304:101013)
    at /home/~/.vscode-oss/extensions/ms-toolsai.jupyter-2024.8.1-universal/dist/extension.node.js:304:99999
    at Array.forEach (<anonymous>)
    at By.batchAdd (/home/~/.vscode-oss/extensions/ms-toolsai.jupyter-2024.8.1-universal/dist/extension.node.js:304:99969)
    at By.createNotebookControllers (/home/~/.vscode-oss/extensions/ms-toolsai.jupyter-2024.8.1-universal/dist/extension.node.js:304:98791)
    at By.loadControllersImpl (/home/~/.vscode-oss/extensions/ms-toolsai.jupyter-2024.8.1-universal/dist/extension.node.js:304:98251)
    at By.loadControllers (/home/~/.vscode-oss/extensions/ms-toolsai.jupyter-2024.8.1-universal/dist/extension.node.js:304:97901)
    at By.<anonymous> (/home/~/.vscode-oss/extensions/ms-toolsai.jupyter-2024.8.1-universal/dist/extension.node.js:304:96781)
    at r.B (/usr/lib/code/out/vs/workbench/api/node/extensionHostProcess.js:90:732)
    at r.fire (/usr/lib/code/out/vs/workbench/api/node/extensionHostProcess.js:90:949)
    at i.value (/home/~/.vscode-oss/extensions/ms-toolsai.jupyter-2024.8.1-universal/dist/extension.node.js:285:19835)
    at r.B (/usr/lib/code/out/vs/workbench/api/node/extensionHostProcess.js:90:732)
    at r.C (/usr/lib/code/out/vs/workbench/api/node/extensionHostProcess.js:90:802)
    at r.fire (/usr/lib/code/out/vs/workbench/api/node/extensionHostProcess.js:90:1018)
    at Zy.buildDummyEnvironment (/home/~/.vscode-oss/extensions/ms-toolsai.jupyter-2024.8.1-universal/dist/extension.node.js:304:145257)
23:28:32.007 [warn] Failed to attach variable provider Error: Extension 'ms-toolsai.jupyter' CANNOT use API proposal: notebookVariableProvider.
Its package.json#enabledApiProposals-property declares:  but NOT notebookVariableProvider.
 The missing proposal MUST be added and you must start in extension development mode or use the following command line switch: --enable-proposed-api ms-toolsai.jupyter
    at P (/usr/lib/code/out/vs/workbench/api/node/extensionHostProcess.js:149:59064)
    at Object.set variableProvider [as variableProvider] (/usr/lib/code/out/vs/workbench/api/node/extensionHostProcess.js:161:237136)
    at Function.create (/home/~/.vscode-oss/extensions/ms-toolsai.jupyter-2024.8.1-universal/dist/extension.node.js:304:86445)
    at /home/~/.vscode-oss/extensions/ms-toolsai.jupyter-2024.8.1-universal/dist/extension.node.js:304:101040
    at Array.forEach (<anonymous>)
    at By.addImpl (/home/~/.vscode-oss/extensions/ms-toolsai.jupyter-2024.8.1-universal/dist/extension.node.js:304:101013)
    at /home/~/.vscode-oss/extensions/ms-toolsai.jupyter-2024.8.1-universal/dist/extension.node.js:304:99999
    at Array.forEach (<anonymous>)
    at By.batchAdd (/home/~/.vscode-oss/extensions/ms-toolsai.jupyter-2024.8.1-universal/dist/extension.node.js:304:99969)
    at By.createNotebookControllers (/home/~/.vscode-oss/extensions/ms-toolsai.jupyter-2024.8.1-universal/dist/extension.node.js:304:98791)
    at By.loadControllersImpl (/home/~/.vscode-oss/extensions/ms-toolsai.jupyter-2024.8.1-universal/dist/extension.node.js:304:98251)
    at By.loadControllers (/home/~/.vscode-oss/extensions/ms-toolsai.jupyter-2024.8.1-universal/dist/extension.node.js:304:97901)
    at By.<anonymous> (/home/~/.vscode-oss/extensions/ms-toolsai.jupyter-2024.8.1-universal/dist/extension.node.js:304:96781)
    at r.B (/usr/lib/code/out/vs/workbench/api/node/extensionHostProcess.js:90:732)
    at r.fire (/usr/lib/code/out/vs/workbench/api/node/extensionHostProcess.js:90:949)
    at i.value (/home/~/.vscode-oss/extensions/ms-toolsai.jupyter-2024.8.1-universal/dist/extension.node.js:285:19835)
    at r.B (/usr/lib/code/out/vs/workbench/api/node/extensionHostProcess.js:90:732)
    at r.C (/usr/lib/code/out/vs/workbench/api/node/extensionHostProcess.js:90:802)
    at r.fire (/usr/lib/code/out/vs/workbench/api/node/extensionHostProcess.js:90:1018)
    at Zy.buildDummyEnvironment (/home/~/.vscode-oss/extensions/ms-toolsai.jupyter-2024.8.1-universal/dist/extension.node.js:304:145257)
23:28:32.021 [warn] Failed to attach variable provider Error: Extension 'ms-toolsai.jupyter' CANNOT use API proposal: notebookVariableProvider.
Its package.json#enabledApiProposals-property declares:  but NOT notebookVariableProvider.
 The missing proposal MUST be added and you must start in extension development mode or use the following command line switch: --enable-proposed-api ms-toolsai.jupyter
    at P (/usr/lib/code/out/vs/workbench/api/node/extensionHostProcess.js:149:59064)
    at Object.set variableProvider [as variableProvider] (/usr/lib/code/out/vs/workbench/api/node/extensionHostProcess.js:161:237136)
    at Function.create (/home/~/.vscode-oss/extensions/ms-toolsai.jupyter-2024.8.1-universal/dist/extension.node.js:304:86445)
    at /home/~/.vscode-oss/extensions/ms-toolsai.jupyter-2024.8.1-universal/dist/extension.node.js:304:101040
    at Array.forEach (<anonymous>)
    at By.addImpl (/home/~/.vscode-oss/extensions/ms-toolsai.jupyter-2024.8.1-universal/dist/extension.node.js:304:101013)
    at /home/~/.vscode-oss/extensions/ms-toolsai.jupyter-2024.8.1-universal/dist/extension.node.js:304:99999
    at Array.forEach (<anonymous>)
    at By.batchAdd (/home/~/.vscode-oss/extensions/ms-toolsai.jupyter-2024.8.1-universal/dist/extension.node.js:304:99969)
    at By.createNotebookControllers (/home/~/.vscode-oss/extensions/ms-toolsai.jupyter-2024.8.1-universal/dist/extension.node.js:304:98791)
    at By.loadControllersImpl (/home/~/.vscode-oss/extensions/ms-toolsai.jupyter-2024.8.1-universal/dist/extension.node.js:304:98251)
    at By.loadControllers (/home/~/.vscode-oss/extensions/ms-toolsai.jupyter-2024.8.1-universal/dist/extension.node.js:304:97901)
    at By.<anonymous> (/home/~/.vscode-oss/extensions/ms-toolsai.jupyter-2024.8.1-universal/dist/extension.node.js:304:96781)
    at r.B (/usr/lib/code/out/vs/workbench/api/node/extensionHostProcess.js:90:732)
    at r.fire (/usr/lib/code/out/vs/workbench/api/node/extensionHostProcess.js:90:949)
    at i.value (/home/~/.vscode-oss/extensions/ms-toolsai.jupyter-2024.8.1-universal/dist/extension.node.js:285:19835)
    at r.B (/usr/lib/code/out/vs/workbench/api/node/extensionHostProcess.js:90:732)
    at r.C (/usr/lib/code/out/vs/workbench/api/node/extensionHostProcess.js:90:802)
    at r.fire (/usr/lib/code/out/vs/workbench/api/node/extensionHostProcess.js:90:1018)
    at Zy.buildDummyEnvironment (/home/~/.vscode-oss/extensions/ms-toolsai.jupyter-2024.8.1-universal/dist/extension.node.js:304:145257)
23:28:32.025 [warn] Failed to attach variable provider Error: Extension 'ms-toolsai.jupyter' CANNOT use API proposal: notebookVariableProvider.
Its package.json#enabledApiProposals-property declares:  but NOT notebookVariableProvider.
 The missing proposal MUST be added and you must start in extension development mode or use the following command line switch: --enable-proposed-api ms-toolsai.jupyter
    at P (/usr/lib/code/out/vs/workbench/api/node/extensionHostProcess.js:149:59064)
    at Object.set variableProvider [as variableProvider] (/usr/lib/code/out/vs/workbench/api/node/extensionHostProcess.js:161:237136)
    at Function.create (/home/~/.vscode-oss/extensions/ms-toolsai.jupyter-2024.8.1-universal/dist/extension.node.js:304:86445)
    at /home/~/.vscode-oss/extensions/ms-toolsai.jupyter-2024.8.1-universal/dist/extension.node.js:304:101040
    at Array.forEach (<anonymous>)
    at By.addImpl (/home/~/.vscode-oss/extensions/ms-toolsai.jupyter-2024.8.1-universal/dist/extension.node.js:304:101013)
    at /home/~/.vscode-oss/extensions/ms-toolsai.jupyter-2024.8.1-universal/dist/extension.node.js:304:99999
    at Array.forEach (<anonymous>)
    at By.batchAdd (/home/~/.vscode-oss/extensions/ms-toolsai.jupyter-2024.8.1-universal/dist/extension.node.js:304:99969)
    at By.createNotebookControllers (/home/~/.vscode-oss/extensions/ms-toolsai.jupyter-2024.8.1-universal/dist/extension.node.js:304:98791)
    at By.loadControllersImpl (/home/~/.vscode-oss/extensions/ms-toolsai.jupyter-2024.8.1-universal/dist/extension.node.js:304:98251)
    at By.loadControllers (/home/~/.vscode-oss/extensions/ms-toolsai.jupyter-2024.8.1-universal/dist/extension.node.js:304:97901)
    at By.<anonymous> (/home/~/.vscode-oss/extensions/ms-toolsai.jupyter-2024.8.1-universal/dist/extension.node.js:304:96781)
    at r.B (/usr/lib/code/out/vs/workbench/api/node/extensionHostProcess.js:90:732)
    at r.fire (/usr/lib/code/out/vs/workbench/api/node/extensionHostProcess.js:90:949)
    at i.value (/home/~/.vscode-oss/extensions/ms-toolsai.jupyter-2024.8.1-universal/dist/extension.node.js:285:19835)
    at r.B (/usr/lib/code/out/vs/workbench/api/node/extensionHostProcess.js:90:732)
    at r.C (/usr/lib/code/out/vs/workbench/api/node/extensionHostProcess.js:90:802)
    at r.fire (/usr/lib/code/out/vs/workbench/api/node/extensionHostProcess.js:90:1018)
    at Zy.buildDummyEnvironment (/home/~/.vscode-oss/extensions/ms-toolsai.jupyter-2024.8.1-universal/dist/extension.node.js:304:145257)
23:28:32.050 [warn] Failed to attach variable provider Error: Extension 'ms-toolsai.jupyter' CANNOT use API proposal: notebookVariableProvider.
Its package.json#enabledApiProposals-property declares:  but NOT notebookVariableProvider.
 The missing proposal MUST be added and you must start in extension development mode or use the following command line switch: --enable-proposed-api ms-toolsai.jupyter
    at P (/usr/lib/code/out/vs/workbench/api/node/extensionHostProcess.js:149:59064)
    at Object.set variableProvider [as variableProvider] (/usr/lib/code/out/vs/workbench/api/node/extensionHostProcess.js:161:237136)
    at Function.create (/home/~/.vscode-oss/extensions/ms-toolsai.jupyter-2024.8.1-universal/dist/extension.node.js:304:86445)
    at /home/~/.vscode-oss/extensions/ms-toolsai.jupyter-2024.8.1-universal/dist/extension.node.js:304:101040
    at Array.forEach (<anonymous>)
    at By.addImpl (/home/~/.vscode-oss/extensions/ms-toolsai.jupyter-2024.8.1-universal/dist/extension.node.js:304:101013)
    at /home/~/.vscode-oss/extensions/ms-toolsai.jupyter-2024.8.1-universal/dist/extension.node.js:304:99999
    at Array.forEach (<anonymous>)
    at By.batchAdd (/home/~/.vscode-oss/extensions/ms-toolsai.jupyter-2024.8.1-universal/dist/extension.node.js:304:99969)
    at By.createNotebookControllers (/home/~/.vscode-oss/extensions/ms-toolsai.jupyter-2024.8.1-universal/dist/extension.node.js:304:98791)
    at By.loadControllersImpl (/home/~/.vscode-oss/extensions/ms-toolsai.jupyter-2024.8.1-universal/dist/extension.node.js:304:98251)
    at By.loadControllers (/home/~/.vscode-oss/extensions/ms-toolsai.jupyter-2024.8.1-universal/dist/extension.node.js:304:97901)
    at By.<anonymous> (/home/~/.vscode-oss/extensions/ms-toolsai.jupyter-2024.8.1-universal/dist/extension.node.js:304:96781)
    at r.B (/usr/lib/code/out/vs/workbench/api/node/extensionHostProcess.js:90:732)
    at r.fire (/usr/lib/code/out/vs/workbench/api/node/extensionHostProcess.js:90:949)
    at i.value (/home/~/.vscode-oss/extensions/ms-toolsai.jupyter-2024.8.1-universal/dist/extension.node.js:285:19835)
    at r.B (/usr/lib/code/out/vs/workbench/api/node/extensionHostProcess.js:90:732)
    at r.C (/usr/lib/code/out/vs/workbench/api/node/extensionHostProcess.js:90:802)
    at r.fire (/usr/lib/code/out/vs/workbench/api/node/extensionHostProcess.js:90:1018)
    at Zy.buildDummyEnvironment (/home/~/.vscode-oss/extensions/ms-toolsai.jupyter-2024.8.1-universal/dist/extension.node.js:304:145257)
23:28:32.054 [warn] Failed to attach variable provider Error: Extension 'ms-toolsai.jupyter' CANNOT use API proposal: notebookVariableProvider.
Its package.json#enabledApiProposals-property declares:  but NOT notebookVariableProvider.
 The missing proposal MUST be added and you must start in extension development mode or use the following command line switch: --enable-proposed-api ms-toolsai.jupyter
    at P (/usr/lib/code/out/vs/workbench/api/node/extensionHostProcess.js:149:59064)
    at Object.set variableProvider [as variableProvider] (/usr/lib/code/out/vs/workbench/api/node/extensionHostProcess.js:161:237136)
    at Function.create (/home/~/.vscode-oss/extensions/ms-toolsai.jupyter-2024.8.1-universal/dist/extension.node.js:304:86445)
    at /home/~/.vscode-oss/extensions/ms-toolsai.jupyter-2024.8.1-universal/dist/extension.node.js:304:101040
    at Array.forEach (<anonymous>)
    at By.addImpl (/home/~/.vscode-oss/extensions/ms-toolsai.jupyter-2024.8.1-universal/dist/extension.node.js:304:101013)
    at /home/~/.vscode-oss/extensions/ms-toolsai.jupyter-2024.8.1-universal/dist/extension.node.js:304:99999
    at Array.forEach (<anonymous>)
    at By.batchAdd (/home/~/.vscode-oss/extensions/ms-toolsai.jupyter-2024.8.1-universal/dist/extension.node.js:304:99969)
    at By.createNotebookControllers (/home/~/.vscode-oss/extensions/ms-toolsai.jupyter-2024.8.1-universal/dist/extension.node.js:304:98791)
    at By.loadControllersImpl (/home/~/.vscode-oss/extensions/ms-toolsai.jupyter-2024.8.1-universal/dist/extension.node.js:304:98251)
    at By.loadControllers (/home/~/.vscode-oss/extensions/ms-toolsai.jupyter-2024.8.1-universal/dist/extension.node.js:304:97901)
    at By.<anonymous> (/home/~/.vscode-oss/extensions/ms-toolsai.jupyter-2024.8.1-universal/dist/extension.node.js:304:96781)
    at r.B (/usr/lib/code/out/vs/workbench/api/node/extensionHostProcess.js:90:732)
    at r.fire (/usr/lib/code/out/vs/workbench/api/node/extensionHostProcess.js:90:949)
    at i.value (/home/~/.vscode-oss/extensions/ms-toolsai.jupyter-2024.8.1-universal/dist/extension.node.js:285:19835)
    at r.B (/usr/lib/code/out/vs/workbench/api/node/extensionHostProcess.js:90:732)
    at r.C (/usr/lib/code/out/vs/workbench/api/node/extensionHostProcess.js:90:802)
    at r.fire (/usr/lib/code/out/vs/workbench/api/node/extensionHostProcess.js:90:1018)
    at Zy.buildDummyEnvironment (/home/~/.vscode-oss/extensions/ms-toolsai.jupyter-2024.8.1-universal/dist/extension.node.js:304:145257)
23:28:32.065 [warn] Failed to attach variable provider Error: Extension 'ms-toolsai.jupyter' CANNOT use API proposal: notebookVariableProvider.
Its package.json#enabledApiProposals-property declares:  but NOT notebookVariableProvider.
 The missing proposal MUST be added and you must start in extension development mode or use the following command line switch: --enable-proposed-api ms-toolsai.jupyter
    at P (/usr/lib/code/out/vs/workbench/api/node/extensionHostProcess.js:149:59064)
    at Object.set variableProvider [as variableProvider] (/usr/lib/code/out/vs/workbench/api/node/extensionHostProcess.js:161:237136)
    at Function.create (/home/~/.vscode-oss/extensions/ms-toolsai.jupyter-2024.8.1-universal/dist/extension.node.js:304:86445)
    at /home/~/.vscode-oss/extensions/ms-toolsai.jupyter-2024.8.1-universal/dist/extension.node.js:304:101040
    at Array.forEach (<anonymous>)
    at By.addImpl (/home/~/.vscode-oss/extensions/ms-toolsai.jupyter-2024.8.1-universal/dist/extension.node.js:304:101013)
    at /home/~/.vscode-oss/extensions/ms-toolsai.jupyter-2024.8.1-universal/dist/extension.node.js:304:99999
    at Array.forEach (<anonymous>)
    at By.batchAdd (/home/~/.vscode-oss/extensions/ms-toolsai.jupyter-2024.8.1-universal/dist/extension.node.js:304:99969)
    at By.createNotebookControllers (/home/~/.vscode-oss/extensions/ms-toolsai.jupyter-2024.8.1-universal/dist/extension.node.js:304:98791)
    at By.loadControllersImpl (/home/~/.vscode-oss/extensions/ms-toolsai.jupyter-2024.8.1-universal/dist/extension.node.js:304:98251)
    at By.loadControllers (/home/~/.vscode-oss/extensions/ms-toolsai.jupyter-2024.8.1-universal/dist/extension.node.js:304:97901)
    at By.<anonymous> (/home/~/.vscode-oss/extensions/ms-toolsai.jupyter-2024.8.1-universal/dist/extension.node.js:304:96781)
    at r.B (/usr/lib/code/out/vs/workbench/api/node/extensionHostProcess.js:90:732)
    at r.fire (/usr/lib/code/out/vs/workbench/api/node/extensionHostProcess.js:90:949)
    at i.value (/home/~/.vscode-oss/extensions/ms-toolsai.jupyter-2024.8.1-universal/dist/extension.node.js:285:19835)
    at r.B (/usr/lib/code/out/vs/workbench/api/node/extensionHostProcess.js:90:732)
    at r.C (/usr/lib/code/out/vs/workbench/api/node/extensionHostProcess.js:90:802)
    at r.fire (/usr/lib/code/out/vs/workbench/api/node/extensionHostProcess.js:90:1018)
    at Zy.buildDummyEnvironment (/home/~/.vscode-oss/extensions/ms-toolsai.jupyter-2024.8.1-universal/dist/extension.node.js:304:145257)
23:28:32.070 [warn] Failed to attach variable provider Error: Extension 'ms-toolsai.jupyter' CANNOT use API proposal: notebookVariableProvider.
Its package.json#enabledApiProposals-property declares:  but NOT notebookVariableProvider.
 The missing proposal MUST be added and you must start in extension development mode or use the following command line switch: --enable-proposed-api ms-toolsai.jupyter
    at P (/usr/lib/code/out/vs/workbench/api/node/extensionHostProcess.js:149:59064)
    at Object.set variableProvider [as variableProvider] (/usr/lib/code/out/vs/workbench/api/node/extensionHostProcess.js:161:237136)
    at Function.create (/home/~/.vscode-oss/extensions/ms-toolsai.jupyter-2024.8.1-universal/dist/extension.node.js:304:86445)
    at /home/~/.vscode-oss/extensions/ms-toolsai.jupyter-2024.8.1-universal/dist/extension.node.js:304:101040
    at Array.forEach (<anonymous>)
    at By.addImpl (/home/~/.vscode-oss/extensions/ms-toolsai.jupyter-2024.8.1-universal/dist/extension.node.js:304:101013)
    at /home/~/.vscode-oss/extensions/ms-toolsai.jupyter-2024.8.1-universal/dist/extension.node.js:304:99999
    at Array.forEach (<anonymous>)
    at By.batchAdd (/home/~/.vscode-oss/extensions/ms-toolsai.jupyter-2024.8.1-universal/dist/extension.node.js:304:99969)
    at By.createNotebookControllers (/home/~/.vscode-oss/extensions/ms-toolsai.jupyter-2024.8.1-universal/dist/extension.node.js:304:98791)
    at By.loadControllersImpl (/home/~/.vscode-oss/extensions/ms-toolsai.jupyter-2024.8.1-universal/dist/extension.node.js:304:98251)
    at By.loadControllers (/home/~/.vscode-oss/extensions/ms-toolsai.jupyter-2024.8.1-universal/dist/extension.node.js:304:97901)
    at By.<anonymous> (/home/~/.vscode-oss/extensions/ms-toolsai.jupyter-2024.8.1-universal/dist/extension.node.js:304:96781)
    at r.B (/usr/lib/code/out/vs/workbench/api/node/extensionHostProcess.js:90:732)
    at r.fire (/usr/lib/code/out/vs/workbench/api/node/extensionHostProcess.js:90:949)
    at i.value (/home/~/.vscode-oss/extensions/ms-toolsai.jupyter-2024.8.1-universal/dist/extension.node.js:285:19835)
    at r.B (/usr/lib/code/out/vs/workbench/api/node/extensionHostProcess.js:90:732)
    at r.C (/usr/lib/code/out/vs/workbench/api/node/extensionHostProcess.js:90:802)
    at r.fire (/usr/lib/code/out/vs/workbench/api/node/extensionHostProcess.js:90:1018)
    at Zy.buildDummyEnvironment (/home/~/.vscode-oss/extensions/ms-toolsai.jupyter-2024.8.1-universal/dist/extension.node.js:304:145257)
23:28:32.083 [warn] Failed to attach variable provider Error: Extension 'ms-toolsai.jupyter' CANNOT use API proposal: notebookVariableProvider.
Its package.json#enabledApiProposals-property declares:  but NOT notebookVariableProvider.
 The missing proposal MUST be added and you must start in extension development mode or use the following command line switch: --enable-proposed-api ms-toolsai.jupyter
    at P (/usr/lib/code/out/vs/workbench/api/node/extensionHostProcess.js:149:59064)
    at Object.set variableProvider [as variableProvider] (/usr/lib/code/out/vs/workbench/api/node/extensionHostProcess.js:161:237136)
    at Function.create (/home/~/.vscode-oss/extensions/ms-toolsai.jupyter-2024.8.1-universal/dist/extension.node.js:304:86445)
    at /home/~/.vscode-oss/extensions/ms-toolsai.jupyter-2024.8.1-universal/dist/extension.node.js:304:101040
    at Array.forEach (<anonymous>)
    at By.addImpl (/home/~/.vscode-oss/extensions/ms-toolsai.jupyter-2024.8.1-universal/dist/extension.node.js:304:101013)
    at /home/~/.vscode-oss/extensions/ms-toolsai.jupyter-2024.8.1-universal/dist/extension.node.js:304:99999
    at Array.forEach (<anonymous>)
    at By.batchAdd (/home/~/.vscode-oss/extensions/ms-toolsai.jupyter-2024.8.1-universal/dist/extension.node.js:304:99969)
    at By.createNotebookControllers (/home/~/.vscode-oss/extensions/ms-toolsai.jupyter-2024.8.1-universal/dist/extension.node.js:304:98791)
    at By.loadControllersImpl (/home/~/.vscode-oss/extensions/ms-toolsai.jupyter-2024.8.1-universal/dist/extension.node.js:304:98251)
    at By.loadControllers (/home/~/.vscode-oss/extensions/ms-toolsai.jupyter-2024.8.1-universal/dist/extension.node.js:304:97901)
    at By.<anonymous> (/home/~/.vscode-oss/extensions/ms-toolsai.jupyter-2024.8.1-universal/dist/extension.node.js:304:96781)
    at r.B (/usr/lib/code/out/vs/workbench/api/node/extensionHostProcess.js:90:732)
    at r.fire (/usr/lib/code/out/vs/workbench/api/node/extensionHostProcess.js:90:949)
    at i.value (/home/~/.vscode-oss/extensions/ms-toolsai.jupyter-2024.8.1-universal/dist/extension.node.js:285:19835)
    at r.B (/usr/lib/code/out/vs/workbench/api/node/extensionHostProcess.js:90:732)
    at r.C (/usr/lib/code/out/vs/workbench/api/node/extensionHostProcess.js:90:802)
    at r.fire (/usr/lib/code/out/vs/workbench/api/node/extensionHostProcess.js:90:1018)
    at Zy.buildDummyEnvironment (/home/~/.vscode-oss/extensions/ms-toolsai.jupyter-2024.8.1-universal/dist/extension.node.js:304:145257)
23:28:32.090 [warn] Failed to attach variable provider Error: Extension 'ms-toolsai.jupyter' CANNOT use API proposal: notebookVariableProvider.
Its package.json#enabledApiProposals-property declares:  but NOT notebookVariableProvider.
 The missing proposal MUST be added and you must start in extension development mode or use the following command line switch: --enable-proposed-api ms-toolsai.jupyter
    at P (/usr/lib/code/out/vs/workbench/api/node/extensionHostProcess.js:149:59064)
    at Object.set variableProvider [as variableProvider] (/usr/lib/code/out/vs/workbench/api/node/extensionHostProcess.js:161:237136)
    at Function.create (/home/~/.vscode-oss/extensions/ms-toolsai.jupyter-2024.8.1-universal/dist/extension.node.js:304:86445)
    at /home/~/.vscode-oss/extensions/ms-toolsai.jupyter-2024.8.1-universal/dist/extension.node.js:304:101040
    at Array.forEach (<anonymous>)
    at By.addImpl (/home/~/.vscode-oss/extensions/ms-toolsai.jupyter-2024.8.1-universal/dist/extension.node.js:304:101013)
    at /home/~/.vscode-oss/extensions/ms-toolsai.jupyter-2024.8.1-universal/dist/extension.node.js:304:99999
    at Array.forEach (<anonymous>)
    at By.batchAdd (/home/~/.vscode-oss/extensions/ms-toolsai.jupyter-2024.8.1-universal/dist/extension.node.js:304:99969)
    at By.createNotebookControllers (/home/~/.vscode-oss/extensions/ms-toolsai.jupyter-2024.8.1-universal/dist/extension.node.js:304:98791)
    at By.loadControllersImpl (/home/~/.vscode-oss/extensions/ms-toolsai.jupyter-2024.8.1-universal/dist/extension.node.js:304:98251)
    at By.loadControllers (/home/~/.vscode-oss/extensions/ms-toolsai.jupyter-2024.8.1-universal/dist/extension.node.js:304:97901)
    at By.<anonymous> (/home/~/.vscode-oss/extensions/ms-toolsai.jupyter-2024.8.1-universal/dist/extension.node.js:304:96781)
    at r.B (/usr/lib/code/out/vs/workbench/api/node/extensionHostProcess.js:90:732)
    at r.fire (/usr/lib/code/out/vs/workbench/api/node/extensionHostProcess.js:90:949)
    at i.value (/home/~/.vscode-oss/extensions/ms-toolsai.jupyter-2024.8.1-universal/dist/extension.node.js:285:19835)
    at r.B (/usr/lib/code/out/vs/workbench/api/node/extensionHostProcess.js:90:732)
    at r.C (/usr/lib/code/out/vs/workbench/api/node/extensionHostProcess.js:90:802)
    at r.fire (/usr/lib/code/out/vs/workbench/api/node/extensionHostProcess.js:90:1018)
    at Zy.buildDummyEnvironment (/home/~/.vscode-oss/extensions/ms-toolsai.jupyter-2024.8.1-universal/dist/extension.node.js:304:145257)
23:28:52.547 [debug] Disposing controller .jvsc74a57bd0e7370f93d1d0cde622a1f8e1c04877d8463912d04d973331ad4851f04de6915a./bin/python./bin/python.-m#ipykernel_launcher associated with connection .jvsc74a57bd0e7370f93d1d0cde622a1f8e1c04877d8463912d04d973331ad4851f04de6915a./bin/python./bin/python.-m#ipykernel_launcher 
23:28:52.550 [debug] Disposing controller .jvsc74a57bd0e7370f93d1d0cde622a1f8e1c04877d8463912d04d973331ad4851f04de6915a./bin/python./bin/python.-m#ipykernel_launcher (Interactive) associated with connection .jvsc74a57bd0e7370f93d1d0cde622a1f8e1c04877d8463912d04d973331ad4851f04de6915a./bin/python./bin/python.-m#ipykernel_launcher 
23:28:52.551 [debug] Disposing controller .jvsc74a57bd0d2152fd7f0bbc62aa1baff8c990435d1e2c7175d001561303988032604c11a48./sbin/python./sbin/python.-m#ipykernel_launcher associated with connection .jvsc74a57bd0d2152fd7f0bbc62aa1baff8c990435d1e2c7175d001561303988032604c11a48./sbin/python./sbin/python.-m#ipykernel_launcher 
23:28:52.555 [debug] Disposing controller .jvsc74a57bd0d2152fd7f0bbc62aa1baff8c990435d1e2c7175d001561303988032604c11a48./sbin/python./sbin/python.-m#ipykernel_launcher (Interactive) associated with connection .jvsc74a57bd0d2152fd7f0bbc62aa1baff8c990435d1e2c7175d001561303988032604c11a48./sbin/python./sbin/python.-m#ipykernel_launcher 
23:28:52.559 [debug] Disposing controller .jvsc74a57bd031f2aee4e71d21fbe5cf8b01ff0e069b9275f58929596ceb00d14d90e3e16cd6./usr/bin/python3./usr/bin/python3.-m#ipykernel_launcher associated with connection .jvsc74a57bd031f2aee4e71d21fbe5cf8b01ff0e069b9275f58929596ceb00d14d90e3e16cd6./usr/bin/python3./usr/bin/python3.-m#ipykernel_launcher 
23:28:52.560 [debug] Disposing controller .jvsc74a57bd031f2aee4e71d21fbe5cf8b01ff0e069b9275f58929596ceb00d14d90e3e16cd6./usr/bin/python3./usr/bin/python3.-m#ipykernel_launcher (Interactive) associated with connection .jvsc74a57bd031f2aee4e71d21fbe5cf8b01ff0e069b9275f58929596ceb00d14d90e3e16cd6./usr/bin/python3./usr/bin/python3.-m#ipykernel_launcher 
23:28:52.562 [debug] Disposing controller .jvsc74a57bd04e1d9a8909477db77738c33245c29c7265277ef753467dede8cf3f814cde494e./usr/sbin/python./usr/sbin/python.-m#ipykernel_launcher associated with connection .jvsc74a57bd04e1d9a8909477db77738c33245c29c7265277ef753467dede8cf3f814cde494e./usr/sbin/python./usr/sbin/python.-m#ipykernel_launcher 
23:28:52.563 [debug] Disposing controller .jvsc74a57bd04e1d9a8909477db77738c33245c29c7265277ef753467dede8cf3f814cde494e./usr/sbin/python./usr/sbin/python.-m#ipykernel_launcher (Interactive) associated with connection .jvsc74a57bd04e1d9a8909477db77738c33245c29c7265277ef753467dede8cf3f814cde494e./usr/sbin/python./usr/sbin/python.-m#ipykernel_launcher 
23:28:52.565 [debug] Disposing controller .jvsc74a57bd0767d51c1340bd893661ea55ea3124f6de3c7a262a8b4abca0554b478b1e2ff90./usr/bin/python./usr/bin/python.-m#ipykernel_launcher associated with connection .jvsc74a57bd0767d51c1340bd893661ea55ea3124f6de3c7a262a8b4abca0554b478b1e2ff90./usr/bin/python./usr/bin/python.-m#ipykernel_launcher 
23:28:52.567 [debug] Disposing controller .jvsc74a57bd0767d51c1340bd893661ea55ea3124f6de3c7a262a8b4abca0554b478b1e2ff90./usr/bin/python./usr/bin/python.-m#ipykernel_launcher (Interactive) associated with connection .jvsc74a57bd0767d51c1340bd893661ea55ea3124f6de3c7a262a8b4abca0554b478b1e2ff90./usr/bin/python./usr/bin/python.-m#ipykernel_launcher 
23:28:52.569 [debug] Disposing controller .jvsc74a57bd064811f08c8d85e31e18e44bc20e25433d55c0a1726751ea5a239b065153e9e1a./home/~/project/ap/.my/python./home/~/project/ap/.my/python.-m#ipykernel_launcher associated with connection .jvsc74a57bd064811f08c8d85e31e18e44bc20e25433d55c0a1726751ea5a239b065153e9e1a./home/~/project/ap/.my/python./home/~/project/ap/.my/python.-m#ipykernel_launcher 
23:28:52.570 [debug] Disposing controller .jvsc74a57bd064811f08c8d85e31e18e44bc20e25433d55c0a1726751ea5a239b065153e9e1a./home/~/project/ap/.my/python./home/~/project/ap/.my/python.-m#ipykernel_launcher (Interactive) associated with connection .jvsc74a57bd064811f08c8d85e31e18e44bc20e25433d55c0a1726751ea5a239b065153e9e1a./home/~/project/ap/.my/python./home/~/project/ap/.my/python.-m#ipykernel_launcher 
