2024-09-10 00:42:41.438 [info] [main] Log level: Info
2024-09-10 00:42:41.438 [info] [main] Validating found git in: "git"
2024-09-10 00:42:41.438 [info] [main] Using git "2.46.0" from "git"
2024-09-10 00:42:41.438 [info] [Model][doInitialScan] Initial repository scan started
2024-09-10 00:42:41.438 [info] > git rev-parse --show-toplevel [101ms]
2024-09-10 00:42:41.438 [info] > git rev-parse --git-dir --git-common-dir [1139ms]
2024-09-10 00:42:41.438 [info] [Model][openRepository] Opened repository: /home/karthi/project/Dictionary_API
2024-09-10 00:42:41.438 [info] [Model][doInitialScan] Initial repository scan completed - repositories (1), closed repositories (0), parent repositories (0), unsafe repositories (0)
2024-09-10 00:42:41.488 [info] > git config --get commit.template [65ms]
2024-09-10 00:42:41.853 [info] > git for-each-ref --format=%(refname)%00%(upstream:short)%00%(objectname)%00%(upstream:track)%00%(upstream:remotename)%00%(upstream:remoteref) refs/heads/main refs/remotes/main [282ms]
2024-09-10 00:42:41.905 [warning] [Git][revParse] Unable to read file: ENOENT: no such file or directory, open '/home/karthi/project/Dictionary_API/.git/refs/remotes/origin/main'
2024-09-10 00:42:42.185 [info] > git check-ignore -v -z --stdin [96ms]
2024-09-10 00:42:42.215 [info] > git rev-parse refs/remotes/origin/main [310ms]
2024-09-10 00:42:42.377 [info] > git status -z -uall [112ms]
2024-09-10 00:42:42.700 [info] > git for-each-ref --format=%(refname)%00%(upstream:short)%00%(objectname)%00%(upstream:track)%00%(upstream:remotename)%00%(upstream:remoteref) refs/heads/main refs/remotes/main [242ms]
2024-09-10 00:42:42.794 [info] > git config --local branch.main.vscode-merge-base [27ms]
2024-09-10 00:42:42.795 [warning] [Git][config] git config failed: Failed to execute git
2024-09-10 00:42:42.850 [info] > git config --get commit.template [152ms]
2024-09-10 00:42:42.958 [info] > git reflog main --grep-reflog=branch: Created from *. [112ms]
2024-09-10 00:42:43.400 [info] > git check-ignore -v -z --stdin [305ms]
2024-09-10 00:42:43.422 [info] > git symbolic-ref --short refs/remotes/origin/HEAD [403ms]
2024-09-10 00:42:43.990 [info] > git for-each-ref --format=%(refname)%00%(upstream:short)%00%(objectname)%00%(upstream:track)%00%(upstream:remotename)%00%(upstream:remoteref) refs/heads/origin/main refs/remotes/origin/main [494ms]
2024-09-10 00:42:44.040 [info] > git for-each-ref --format=%(refname)%00%(upstream:short)%00%(objectname)%00%(upstream:track)%00%(upstream:remotename)%00%(upstream:remoteref) refs/heads/main refs/remotes/main [841ms]
2024-09-10 00:42:44.144 [warning] [Git][revParse] Unable to read file: ENOENT: no such file or directory, open '/home/karthi/project/Dictionary_API/.git/refs/remotes/origin/main'
2024-09-10 00:42:44.149 [info] > git config --local branch.main.vscode-merge-base origin/main [109ms]
2024-09-10 00:42:45.761 [info] > git rev-parse refs/remotes/origin/main [1595ms]
2024-09-10 00:42:46.823 [info] > git config --get commit.template [1199ms]
2024-09-10 00:42:47.199 [info] > git for-each-ref --format=%(refname)%00%(upstream:short)%00%(objectname)%00%(upstream:track)%00%(upstream:remotename)%00%(upstream:remoteref) refs/heads/main refs/remotes/main [141ms]
2024-09-10 00:42:48.210 [warning] [Git][revParse] Unable to read file: ENOENT: no such file or directory, open '/home/karthi/project/Dictionary_API/.git/refs/remotes/origin/main'
2024-09-10 00:42:48.292 [info] > git rev-parse refs/remotes/origin/main [81ms]
2024-09-10 00:42:48.321 [info] > git status -z -uall [9ms]
2024-09-10 00:42:48.440 [info] > git for-each-ref --format=%(refname)%00%(upstream:short)%00%(objectname)%00%(upstream:track)%00%(upstream:remotename)%00%(upstream:remoteref) refs/heads/main refs/remotes/main [67ms]
2024-09-10 00:42:48.476 [info] > git config --local branch.main.vscode-merge-base [8ms]
2024-09-10 00:42:48.505 [info] > git merge-base refs/heads/main refs/remotes/origin/main [81ms]
2024-09-10 00:42:48.611 [info] > git for-each-ref --format=%(refname)%00%(upstream:short)%00%(objectname)%00%(upstream:track)%00%(upstream:remotename)%00%(upstream:remoteref) refs/heads/origin/main refs/remotes/origin/main [107ms]
2024-09-10 00:42:48.616 [info] > git rev-list --count --left-right refs/heads/main...refs/remotes/origin/main [81ms]
2024-09-10 00:42:48.649 [info] > git diff --name-status -z --diff-filter=ADMR 7776541f0c3b4ce9dd1cb57c9c5ea53a3c22e5df...refs/remotes/origin/main [10ms]
2024-09-10 00:44:30.199 [info] > git config --get commit.template [7ms]
2024-09-10 00:44:30.231 [info] > git for-each-ref --format=%(refname)%00%(upstream:short)%00%(objectname)%00%(upstream:track)%00%(upstream:remotename)%00%(upstream:remoteref) refs/heads/main refs/remotes/main [13ms]
2024-09-10 00:44:30.249 [warning] [Git][revParse] Unable to read file: ENOENT: no such file or directory, open '/home/karthi/project/Dictionary_API/.git/refs/remotes/origin/main'
2024-09-10 00:44:30.261 [info] > git rev-parse refs/remotes/origin/main [13ms]
2024-09-10 00:44:30.296 [info] > git status -z -uall [14ms]
2024-09-10 00:44:30.382 [info] > git for-each-ref --format=%(refname)%00%(upstream:short)%00%(objectname)%00%(upstream:track)%00%(upstream:remotename)%00%(upstream:remoteref) refs/heads/main refs/remotes/main [41ms]
2024-09-10 00:44:30.559 [info] > git check-ignore -v -z --stdin [78ms]
2024-09-10 00:44:30.566 [info] > git config --local branch.main.vscode-merge-base [135ms]
2024-09-10 00:44:30.661 [info] > git for-each-ref --format=%(refname)%00%(upstream:short)%00%(objectname)%00%(upstream:track)%00%(upstream:remotename)%00%(upstream:remoteref) refs/heads/origin/main refs/remotes/origin/main [42ms]
2024-09-10 00:44:44.982 [info] > git config --get commit.template [36ms]
2024-09-10 00:44:44.986 [info] > git for-each-ref --format=%(refname)%00%(upstream:short)%00%(objectname)%00%(upstream:track)%00%(upstream:remotename)%00%(upstream:remoteref) refs/heads/main refs/remotes/main [14ms]
2024-09-10 00:44:45.015 [warning] [Git][revParse] Unable to read file: ENOENT: no such file or directory, open '/home/karthi/project/Dictionary_API/.git/refs/remotes/origin/main'
2024-09-10 00:44:45.021 [info] > git rev-parse refs/remotes/origin/main [7ms]
2024-09-10 00:44:45.082 [info] > git status -z -uall [37ms]
2024-09-10 00:44:46.227 [info] > git for-each-ref --format=%(refname)%00%(upstream:short)%00%(objectname)%00%(upstream:track)%00%(upstream:remotename)%00%(upstream:remoteref) refs/heads/main refs/remotes/main [1064ms]
2024-09-10 00:44:46.440 [info] > git config --local branch.main.vscode-merge-base [92ms]
2024-09-10 00:44:46.583 [info] > git for-each-ref --format=%(refname)%00%(upstream:short)%00%(objectname)%00%(upstream:track)%00%(upstream:remotename)%00%(upstream:remoteref) refs/heads/origin/main refs/remotes/origin/main [24ms]
2024-09-10 00:45:42.460 [info] > git check-ignore -v -z --stdin [7ms]
2024-09-10 00:45:44.480 [info] > git check-ignore -v -z --stdin [6ms]
2024-09-10 00:46:00.822 [info] > git show --textconv :.myenv/bin/activate.fish [117ms]
2024-09-10 00:46:00.837 [info] > git ls-files --stage -- /home/karthi/project/Dictionary_API/.myenv/bin/activate.fish [35ms]
2024-09-10 00:47:10.664 [info] > git show --textconv :requirements.txt [74ms]
2024-09-10 00:47:10.665 [info] > git ls-files --stage -- /home/karthi/project/Dictionary_API/requirements.txt [15ms]
2024-09-10 00:47:10.720 [info] > git cat-file -s 902bc9f8f53c0c42d72bd30f8333524653b1463e [8ms]
2024-09-10 00:47:36.956 [info] > git show --textconv :app.py [197ms]
2024-09-10 00:47:36.966 [info] > git ls-files --stage -- /home/karthi/project/Dictionary_API/app.py [125ms]
2024-09-10 00:47:38.267 [info] > git cat-file -s 05bba7f5ad837c149d4b46ee9b84a1e3b4f484f3 [1257ms]
2024-09-10 00:47:56.545 [info] > git config --get commit.template [97ms]
2024-09-10 00:47:56.548 [info] > git for-each-ref --format=%(refname)%00%(upstream:short)%00%(objectname)%00%(upstream:track)%00%(upstream:remotename)%00%(upstream:remoteref) refs/heads/main refs/remotes/main [13ms]
2024-09-10 00:47:56.605 [warning] [Git][revParse] Unable to read file: ENOENT: no such file or directory, open '/home/karthi/project/Dictionary_API/.git/refs/remotes/origin/main'
2024-09-10 00:47:56.622 [info] > git rev-parse refs/remotes/origin/main [18ms]
2024-09-10 00:47:56.772 [info] > git status -z -uall [59ms]
2024-09-10 00:47:58.937 [info] > git for-each-ref --format=%(refname)%00%(upstream:short)%00%(objectname)%00%(upstream:track)%00%(upstream:remotename)%00%(upstream:remoteref) refs/heads/main refs/remotes/main [1997ms]
2024-09-10 00:47:59.086 [info] > git config --local branch.main.vscode-merge-base [109ms]
2024-09-10 00:47:59.181 [info] > git for-each-ref --format=%(refname)%00%(upstream:short)%00%(objectname)%00%(upstream:track)%00%(upstream:remotename)%00%(upstream:remoteref) refs/heads/origin/main refs/remotes/origin/main [63ms]
2024-09-10 00:48:14.131 [info] > git config --get commit.template [15ms]
2024-09-10 00:48:14.225 [info] > git for-each-ref --format=%(refname)%00%(upstream:short)%00%(objectname)%00%(upstream:track)%00%(upstream:remotename)%00%(upstream:remoteref) refs/heads/main refs/remotes/main [20ms]
2024-09-10 00:48:14.292 [warning] [Git][revParse] Unable to read file: ENOENT: no such file or directory, open '/home/karthi/project/Dictionary_API/.git/refs/remotes/origin/main'
2024-09-10 00:48:14.305 [info] > git rev-parse refs/remotes/origin/main [14ms]
2024-09-10 00:48:14.569 [info] > git status -z -uall [188ms]
2024-09-10 00:48:22.808 [info] > git for-each-ref --format=%(refname)%00%(upstream:short)%00%(objectname)%00%(upstream:track)%00%(upstream:remotename)%00%(upstream:remoteref) refs/heads/main refs/remotes/main [7842ms]
2024-09-10 00:48:23.184 [info] > git config --local branch.main.vscode-merge-base [313ms]
2024-09-10 00:48:23.265 [info] > git for-each-ref --format=%(refname)%00%(upstream:short)%00%(objectname)%00%(upstream:track)%00%(upstream:remotename)%00%(upstream:remoteref) refs/heads/origin/main refs/remotes/origin/main [23ms]
2024-09-10 00:48:40.822 [info] > git config --get commit.template [20ms]
2024-09-10 00:48:40.881 [info] > git for-each-ref --format=%(refname)%00%(upstream:short)%00%(objectname)%00%(upstream:track)%00%(upstream:remotename)%00%(upstream:remoteref) refs/heads/main refs/remotes/main [19ms]
2024-09-10 00:48:40.957 [warning] [Git][revParse] Unable to read file: ENOENT: no such file or directory, open '/home/karthi/project/Dictionary_API/.git/refs/remotes/origin/main'
2024-09-10 00:48:40.974 [info] > git rev-parse refs/remotes/origin/main [17ms]
2024-09-10 00:48:41.153 [info] > git status -z -uall [152ms]
2024-09-10 00:48:47.345 [info] > git for-each-ref --format=%(refname)%00%(upstream:short)%00%(objectname)%00%(upstream:track)%00%(upstream:remotename)%00%(upstream:remoteref) refs/heads/main refs/remotes/main [6032ms]
2024-09-10 00:48:47.968 [info] > git config --local branch.main.vscode-merge-base [520ms]
2024-09-10 00:48:48.106 [info] > git for-each-ref --format=%(refname)%00%(upstream:short)%00%(objectname)%00%(upstream:track)%00%(upstream:remotename)%00%(upstream:remoteref) refs/heads/origin/main refs/remotes/origin/main [25ms]
2024-09-10 00:48:48.999 [info] > git config --get commit.template [14ms]
2024-09-10 00:48:49.107 [info] > git for-each-ref --format=%(refname)%00%(upstream:short)%00%(objectname)%00%(upstream:track)%00%(upstream:remotename)%00%(upstream:remoteref) refs/heads/main refs/remotes/main [20ms]
2024-09-10 00:48:49.170 [warning] [Git][revParse] Unable to read file: ENOENT: no such file or directory, open '/home/karthi/project/Dictionary_API/.git/refs/remotes/origin/main'
2024-09-10 00:48:49.182 [info] > git rev-parse refs/remotes/origin/main [11ms]
2024-09-10 00:48:49.456 [info] > git status -z -uall [195ms]
2024-09-10 00:49:02.395 [info] > git for-each-ref --format=%(refname)%00%(upstream:short)%00%(objectname)%00%(upstream:track)%00%(upstream:remotename)%00%(upstream:remoteref) refs/heads/main refs/remotes/main [12502ms]
2024-09-10 00:49:03.636 [info] > git config --local branch.main.vscode-merge-base [1127ms]
2024-09-10 00:49:03.779 [info] > git for-each-ref --format=%(refname)%00%(upstream:short)%00%(objectname)%00%(upstream:track)%00%(upstream:remotename)%00%(upstream:remoteref) refs/heads/origin/main refs/remotes/origin/main [41ms]
2024-09-10 00:49:06.315 [info] > git config --get commit.template [15ms]
2024-09-10 00:49:06.402 [info] > git for-each-ref --format=%(refname)%00%(upstream:short)%00%(objectname)%00%(upstream:track)%00%(upstream:remotename)%00%(upstream:remoteref) refs/heads/main refs/remotes/main [18ms]
2024-09-10 00:49:06.507 [warning] [Git][revParse] Unable to read file: ENOENT: no such file or directory, open '/home/karthi/project/Dictionary_API/.git/refs/remotes/origin/main'
2024-09-10 00:49:06.531 [info] > git rev-parse refs/remotes/origin/main [24ms]
2024-09-10 00:49:06.856 [info] > git status -z -uall [224ms]
2024-09-10 00:49:17.203 [info] > git for-each-ref --format=%(refname)%00%(upstream:short)%00%(objectname)%00%(upstream:track)%00%(upstream:remotename)%00%(upstream:remoteref) refs/heads/main refs/remotes/main [10140ms]
2024-09-10 00:49:17.908 [info] > git config --local branch.main.vscode-merge-base [526ms]
2024-09-10 00:49:17.995 [info] > git for-each-ref --format=%(refname)%00%(upstream:short)%00%(objectname)%00%(upstream:track)%00%(upstream:remotename)%00%(upstream:remoteref) refs/heads/origin/main refs/remotes/origin/main [27ms]
2024-09-10 00:49:18.756 [info] > git config --get commit.template [58ms]
2024-09-10 00:49:18.766 [info] > git for-each-ref --format=%(refname)%00%(upstream:short)%00%(objectname)%00%(upstream:track)%00%(upstream:remotename)%00%(upstream:remoteref) refs/heads/main refs/remotes/main [15ms]
2024-09-10 00:49:18.842 [warning] [Git][revParse] Unable to read file: ENOENT: no such file or directory, open '/home/karthi/project/Dictionary_API/.git/refs/remotes/origin/main'
2024-09-10 00:49:18.862 [info] > git rev-parse refs/remotes/origin/main [20ms]
2024-09-10 00:49:19.553 [info] > git status -z -uall [628ms]
2024-09-10 00:49:33.682 [info] > git for-each-ref --format=%(refname)%00%(upstream:short)%00%(objectname)%00%(upstream:track)%00%(upstream:remotename)%00%(upstream:remoteref) refs/heads/main refs/remotes/main [13983ms]
2024-09-10 00:49:34.086 [info] > git config --local branch.main.vscode-merge-base [332ms]
2024-09-10 00:49:34.319 [info] > git for-each-ref --format=%(refname)%00%(upstream:short)%00%(objectname)%00%(upstream:track)%00%(upstream:remotename)%00%(upstream:remoteref) refs/heads/origin/main refs/remotes/origin/main [15ms]
2024-09-10 00:50:03.636 [info] > git config --get commit.template [21ms]
2024-09-10 00:50:03.727 [info] > git for-each-ref --format=%(refname)%00%(upstream:short)%00%(objectname)%00%(upstream:track)%00%(upstream:remotename)%00%(upstream:remoteref) refs/heads/main refs/remotes/main [20ms]
2024-09-10 00:50:03.765 [warning] [Git][revParse] Unable to read file: ENOENT: no such file or directory, open '/home/karthi/project/Dictionary_API/.git/refs/remotes/origin/main'
2024-09-10 00:50:03.775 [info] > git rev-parse refs/remotes/origin/main [11ms]
2024-09-10 00:50:04.293 [info] > git status -z -uall [461ms]
2024-09-10 00:50:17.681 [info] > git for-each-ref --format=%(refname)%00%(upstream:short)%00%(objectname)%00%(upstream:track)%00%(upstream:remotename)%00%(upstream:remoteref) refs/heads/main refs/remotes/main [13083ms]
2024-09-10 00:50:18.070 [info] > git config --local branch.main.vscode-merge-base [269ms]
2024-09-10 00:50:18.362 [info] > git for-each-ref --format=%(refname)%00%(upstream:short)%00%(objectname)%00%(upstream:track)%00%(upstream:remotename)%00%(upstream:remoteref) refs/heads/origin/main refs/remotes/origin/main [119ms]
2024-09-10 00:50:19.163 [info] > git config --get commit.template [16ms]
2024-09-10 00:50:19.277 [info] > git for-each-ref --format=%(refname)%00%(upstream:short)%00%(objectname)%00%(upstream:track)%00%(upstream:remotename)%00%(upstream:remoteref) refs/heads/main refs/remotes/main [16ms]
2024-09-10 00:50:19.331 [warning] [Git][revParse] Unable to read file: ENOENT: no such file or directory, open '/home/karthi/project/Dictionary_API/.git/refs/remotes/origin/main'
2024-09-10 00:50:19.349 [info] > git rev-parse refs/remotes/origin/main [19ms]
2024-09-10 00:50:19.693 [info] > git status -z -uall [266ms] (cancelled)
2024-09-10 00:50:26.423 [info] > git for-each-ref --format=%(refname)%00%(upstream:short)%00%(objectname)%00%(upstream:track)%00%(upstream:remotename)%00%(upstream:remoteref) refs/heads/main refs/remotes/main [426ms]
2024-09-10 00:50:36.533 [info] > git config --local branch.main.vscode-merge-base [10043ms]
2024-09-10 00:50:36.590 [info] > git for-each-ref --format=%(refname)%00%(upstream:short)%00%(objectname)%00%(upstream:track)%00%(upstream:remotename)%00%(upstream:remoteref) refs/heads/origin/main refs/remotes/origin/main [19ms]
2024-09-10 01:13:59.026 [info] > git config --get commit.template [2ms]
2024-09-10 01:13:59.343 [info] > git for-each-ref --format=%(refname)%00%(upstream:short)%00%(objectname)%00%(upstream:track)%00%(upstream:remotename)%00%(upstream:remoteref) refs/heads/main refs/remotes/main [243ms]
2024-09-10 01:13:59.364 [warning] [Git][revParse] Unable to read file: ENOENT: no such file or directory, open '/home/karthi/project/Dictionary_API/.git/refs/remotes/origin/main'
2024-09-10 01:13:59.377 [info] > git rev-parse refs/remotes/origin/main [13ms]
2024-09-10 01:14:06.689 [info] > git status -z -uall [7285ms] (cancelled)
2024-09-10 01:14:06.719 [info] > git for-each-ref --format=%(refname)%00%(upstream:short)%00%(objectname)%00%(upstream:track)%00%(upstream:remotename)%00%(upstream:remoteref) refs/heads/main refs/remotes/main [5418ms]
2024-09-10 01:14:06.850 [info] > git config --local branch.main.vscode-merge-base [95ms]
2024-09-10 01:14:06.936 [info] > git for-each-ref --format=%(refname)%00%(upstream:short)%00%(objectname)%00%(upstream:track)%00%(upstream:remotename)%00%(upstream:remoteref) refs/heads/origin/main refs/remotes/origin/main [55ms]
2024-09-10 01:14:49.504 [info] > git config --get commit.template [7ms]
2024-09-10 01:14:49.644 [info] > git for-each-ref --format=%(refname)%00%(upstream:short)%00%(objectname)%00%(upstream:track)%00%(upstream:remotename)%00%(upstream:remoteref) refs/heads/main refs/remotes/main [47ms]
2024-09-10 01:14:49.776 [warning] [Git][revParse] Unable to read file: ENOENT: no such file or directory, open '/home/karthi/project/Dictionary_API/.git/refs/remotes/origin/main'
2024-09-10 01:14:49.783 [info] > git rev-parse refs/remotes/origin/main [7ms]
2024-09-10 01:14:51.326 [info] > git ls-files --stage -- /home/karthi/project/Dictionary_API/app.py [117ms]
2024-09-10 01:14:51.553 [info] > git cat-file -s 3096366704ec8f96f6ebc60cc14828a73f21f633 [46ms]
2024-09-10 01:14:51.869 [info] > git show --textconv :app.py [88ms]
