2024-07-11 21:52:57.076 [info] Started local extension host with pid 732.
2024-07-11 21:53:02.895 [error] Extension 'luma.jupyter' wants API proposal 'notebookConcatTextDocument' but that proposal DOES NOT EXIST. Likely, the proposal has been finalized (check 'vscode.d.ts') or was abandoned.
2024-07-11 21:53:02.896 [error] Extension 'luma.jupyter' wants API proposal 'notebookControllerKind' but that proposal DOES NOT EXIST. Likely, the proposal has been finalized (check 'vscode.d.ts') or was abandoned.
2024-07-11 21:53:02.900 [error] Extension 'luma.jupyter' wants API proposal 'notebookDebugOptions' but that proposal DOES NOT EXIST. Likely, the proposal has been finalized (check 'vscode.d.ts') or was abandoned.
2024-07-11 21:53:02.901 [error] Extension 'luma.jupyter' wants API proposal 'notebookEditor' but that proposal DOES NOT EXIST. Likely, the proposal has been finalized (check 'vscode.d.ts') or was abandoned.
2024-07-11 21:53:02.902 [error] Extension 'luma.jupyter' wants API proposal 'notebookEditorDecorationType' but that proposal DOES NOT EXIST. Likely, the proposal has been finalized (check 'vscode.d.ts') or was abandoned.
2024-07-11 21:53:02.903 [error] Extension 'luma.jupyter' wants API proposal 'notebookEditorEdit' but that proposal DOES NOT EXIST. Likely, the proposal has been finalized (check 'vscode.d.ts') or was abandoned.
2024-07-11 21:53:02.908 [error] Extension 'luma.jupyter' wants API proposal 'textDocumentNotebook' but that proposal DOES NOT EXIST. Likely, the proposal has been finalized (check 'vscode.d.ts') or was abandoned.
2024-07-11 21:53:02.908 [error] Extension 'luma.jupyter CANNOT USE these API proposals 'notebookDeprecated, notebookMessaging, notebookMime, notebookCellExecutionState, portsAttributes, quickPickSortByLabel'. You MUST start in extension development mode or use the --enable-proposed-api command line flag
2024-07-11 21:53:02.909 [error] Extension 'ms-python.debugpy CANNOT USE these API proposals 'portsAttributes, contribIssueReporter, debugVisualization'. You MUST start in extension development mode or use the --enable-proposed-api command line flag
2024-07-11 21:53:02.917 [error] Extension 'ms-python.python CANNOT USE these API proposals 'contribEditorContentMenu, quickPickSortByLabel, testObserver, quickPickItemTooltip, terminalDataWriteEvent, terminalExecuteCommandEvent, contribIssueReporter, terminalShellIntegration'. You MUST start in extension development mode or use the --enable-proposed-api command line flag
2024-07-11 21:53:02.918 [error] Extension 'ms-toolsai.jupyter CANNOT USE these API proposals 'notebookDeprecated, notebookMessaging, notebookMime, contribNotebookStaticPreloads, portsAttributes, quickPickSortByLabel, notebookKernelSource, interactiveWindow, quickPickItemTooltip, notebookExecution, notebookCellExecution, notebookVariableProvider'. You MUST start in extension development mode or use the --enable-proposed-api command line flag
2024-07-11 21:53:02.918 [error] Extension 'ms-toolsai.jupyter-renderers CANNOT USE these API proposals 'contribNotebookStaticPreloads'. You MUST start in extension development mode or use the --enable-proposed-api command line flag
2024-07-11 21:53:03.059 [warning] [ms-toolsai.jupyter]: Cannot register 'jupyter.experiments.enabled'. This property is already registered.
2024-07-11 21:53:03.070 [warning] [ms-toolsai.jupyter]: Cannot register 'jupyter.showVariableViewWhenDebugging'. This property is already registered.
2024-07-11 21:53:03.071 [warning] [ms-toolsai.jupyter]: Cannot register 'jupyter.logging.level'. This property is already registered.
2024-07-11 21:53:03.072 [warning] [ms-toolsai.jupyter]: Cannot register 'jupyter.experiments.optInto'. This property is already registered.
2024-07-11 21:53:03.073 [warning] [ms-toolsai.jupyter]: Cannot register 'jupyter.experiments.optOutFrom'. This property is already registered.
2024-07-11 21:53:03.082 [warning] [ms-toolsai.jupyter]: Cannot register 'jupyter.widgetScriptSources'. This property is already registered.
2024-07-11 21:53:03.083 [warning] [ms-toolsai.jupyter]: Cannot register 'jupyter.askForLargeDataFrames'. This property is already registered.
2024-07-11 21:53:03.084 [warning] [ms-toolsai.jupyter]: Cannot register 'jupyter.askForKernelRestart'. This property is already registered.
2024-07-11 21:53:03.086 [warning] [ms-toolsai.jupyter]: Cannot register 'jupyter.exportWithOutputEnabled'. This property is already registered.
2024-07-11 21:53:03.091 [warning] [ms-toolsai.jupyter]: Cannot register 'jupyter.jupyterLaunchTimeout'. This property is already registered.
2024-07-11 21:53:03.092 [warning] [ms-toolsai.jupyter]: Cannot register 'jupyter.jupyterLaunchRetries'. This property is already registered.
2024-07-11 21:53:03.093 [warning] [ms-toolsai.jupyter]: Cannot register 'jupyter.jupyterCommandLineArguments'. This property is already registered.
2024-07-11 21:53:03.095 [warning] [ms-toolsai.jupyter]: Cannot register 'jupyter.notebookFileRoot'. This property is already registered.
2024-07-11 21:53:03.096 [warning] [ms-toolsai.jupyter]: Cannot register 'jupyter.useDefaultConfigForJupyter'. This property is already registered.
2024-07-11 21:53:03.101 [warning] [ms-toolsai.jupyter]: Cannot register 'jupyter.jupyterInterruptTimeout'. This property is already registered.
2024-07-11 21:53:03.104 [warning] [ms-toolsai.jupyter]: Cannot register 'jupyter.variableExplorerExclude'. This property is already registered.
2024-07-11 21:53:03.105 [warning] [ms-toolsai.jupyter]: Cannot register 'jupyter.themeMatplotlibPlots'. This property is already registered.
2024-07-11 21:53:03.106 [warning] [ms-toolsai.jupyter]: Cannot register 'jupyter.allowUnauthorizedRemoteConnection'. This property is already registered.
2024-07-11 21:53:03.106 [warning] [ms-toolsai.jupyter]: Cannot register 'jupyter.debugpyDistPath'. This property is already registered.
2024-07-11 21:53:03.111 [warning] [ms-toolsai.jupyter]: Cannot register 'jupyter.stopOnFirstLineWhileDebugging'. This property is already registered.
2024-07-11 21:53:03.112 [warning] [ms-toolsai.jupyter]: Cannot register 'jupyter.disableJupyterAutoStart'. This property is already registered.
2024-07-11 21:53:03.119 [warning] [ms-toolsai.jupyter]: Cannot register 'jupyter.pythonExportMethod'. This property is already registered.
2024-07-11 21:53:03.121 [warning] [ms-toolsai.jupyter]: Cannot register 'jupyter.runStartupCommands'. This property is already registered.
2024-07-11 21:53:03.122 [warning] [ms-toolsai.jupyter]: Cannot register 'jupyter.debugJustMyCode'. This property is already registered.
2024-07-11 21:53:03.127 [warning] [ms-toolsai.jupyter]: Cannot register 'jupyter.showOutlineButtonInNotebookToolbar'. This property is already registered.
2024-07-11 21:53:03.128 [warning] [ms-toolsai.jupyter]: Cannot register 'jupyter.pythonCompletionTriggerCharacters'. This property is already registered.
2024-07-11 21:53:03.129 [warning] [ms-toolsai.jupyter]: Cannot register 'jupyter.logKernelOutputSeparately'. This property is already registered.
2024-07-11 21:53:03.254 [info] [luma.jupyter]: Command `jupyter.selectNativeJupyterUriFromToolBar` already registered by Jupyter (luma.jupyter)
2024-07-11 21:53:03.258 [info] [ms-toolsai.jupyter]: Command `dataScience.ClearCache` already registered by Jupyter (luma.jupyter)
2024-07-11 21:53:03.261 [info] [ms-toolsai.jupyter]: Command `jupyter.replayPylanceLog` already registered by Jupyter (luma.jupyter)
2024-07-11 21:53:03.262 [info] [ms-toolsai.jupyter]: Command `jupyter.replayPylanceLogStep` already registered by Jupyter (luma.jupyter)
2024-07-11 21:53:03.267 [info] [ms-toolsai.jupyter]: Command `jupyter.filterKernels` already registered by Jupyter (luma.jupyter)
2024-07-11 21:53:03.268 [info] [ms-toolsai.jupyter]: Command `jupyter.runByLine` already registered by Jupyter (luma.jupyter)
2024-07-11 21:53:03.269 [info] [ms-toolsai.jupyter]: Command `jupyter.runAndDebugCell` already registered by Jupyter (luma.jupyter)
2024-07-11 21:53:03.274 [info] [ms-toolsai.jupyter]: Command `jupyter.runByLineNext` already registered by Jupyter (luma.jupyter)
2024-07-11 21:53:03.274 [info] [ms-toolsai.jupyter]: Command `jupyter.runByLineStop` already registered by Jupyter (luma.jupyter)
2024-07-11 21:53:03.275 [info] [ms-toolsai.jupyter]: Command `jupyter.viewOutput` already registered by Jupyter (luma.jupyter)
2024-07-11 21:53:03.276 [info] [ms-toolsai.jupyter]: Command `jupyter.notebookeditor.export` already registered by Jupyter (luma.jupyter)
2024-07-11 21:53:03.278 [info] [ms-toolsai.jupyter]: Command `jupyter.export` already registered by Jupyter (luma.jupyter)
2024-07-11 21:53:03.278 [info] [ms-toolsai.jupyter]: Command `jupyter.exportAsPythonScript` already registered by Jupyter (luma.jupyter)
2024-07-11 21:53:03.279 [info] [ms-toolsai.jupyter]: Command `jupyter.exportToHTML` already registered by Jupyter (luma.jupyter)
2024-07-11 21:53:03.284 [info] [ms-toolsai.jupyter]: Command `jupyter.exportToPDF` already registered by Jupyter (luma.jupyter)
2024-07-11 21:53:03.285 [info] [ms-toolsai.jupyter]: Command `jupyter.selectJupyterInterpreter` already registered by Jupyter (luma.jupyter)
2024-07-11 21:53:03.286 [info] [ms-toolsai.jupyter]: Command `jupyter.runcurrentcell` already registered by Jupyter (luma.jupyter)
2024-07-11 21:53:03.286 [info] [ms-toolsai.jupyter]: Command `jupyter.debugcell` already registered by Jupyter (luma.jupyter)
2024-07-11 21:53:03.291 [info] [ms-toolsai.jupyter]: Command `jupyter.debugstepover` already registered by Jupyter (luma.jupyter)
2024-07-11 21:53:03.292 [info] [ms-toolsai.jupyter]: Command `jupyter.debugstop` already registered by Jupyter (luma.jupyter)
2024-07-11 21:53:03.292 [info] [ms-toolsai.jupyter]: Command `jupyter.debugcontinue` already registered by Jupyter (luma.jupyter)
2024-07-11 21:53:03.293 [info] [ms-toolsai.jupyter]: Command `jupyter.insertCellBelowPosition` already registered by Jupyter (luma.jupyter)
2024-07-11 21:53:03.296 [info] [ms-toolsai.jupyter]: Command `jupyter.insertCellBelow` already registered by Jupyter (luma.jupyter)
2024-07-11 21:53:03.301 [info] [ms-toolsai.jupyter]: Command `jupyter.insertCellAbove` already registered by Jupyter (luma.jupyter)
2024-07-11 21:53:03.303 [info] [ms-toolsai.jupyter]: Command `jupyter.deleteCells` already registered by Jupyter (luma.jupyter)
2024-07-11 21:53:03.307 [info] [ms-toolsai.jupyter]: Command `jupyter.selectCell` already registered by Jupyter (luma.jupyter)
2024-07-11 21:53:03.308 [info] [ms-toolsai.jupyter]: Command `jupyter.selectCellContents` already registered by Jupyter (luma.jupyter)
2024-07-11 21:53:03.314 [info] [ms-toolsai.jupyter]: Command `jupyter.extendSelectionByCellAbove` already registered by Jupyter (luma.jupyter)
2024-07-11 21:53:03.315 [info] [ms-toolsai.jupyter]: Command `jupyter.extendSelectionByCellBelow` already registered by Jupyter (luma.jupyter)
2024-07-11 21:53:03.315 [info] [ms-toolsai.jupyter]: Command `jupyter.moveCellsUp` already registered by Jupyter (luma.jupyter)
2024-07-11 21:53:03.316 [info] [ms-toolsai.jupyter]: Command `jupyter.moveCellsDown` already registered by Jupyter (luma.jupyter)
2024-07-11 21:53:03.318 [info] [ms-toolsai.jupyter]: Command `jupyter.changeCellToMarkdown` already registered by Jupyter (luma.jupyter)
2024-07-11 21:53:03.319 [info] [ms-toolsai.jupyter]: Command `jupyter.changeCellToCode` already registered by Jupyter (luma.jupyter)
2024-07-11 21:53:03.320 [info] [ms-toolsai.jupyter]: Command `jupyter.gotoNextCellInFile` already registered by Jupyter (luma.jupyter)
2024-07-11 21:53:03.321 [info] [ms-toolsai.jupyter]: Command `jupyter.gotoPrevCellInFile` already registered by Jupyter (luma.jupyter)
2024-07-11 21:53:03.322 [info] [ms-toolsai.jupyter]: Command `jupyter.runcurrentcelladvance` already registered by Jupyter (luma.jupyter)
2024-07-11 21:53:03.323 [info] [ms-toolsai.jupyter]: Command `jupyter.runcurrentcellandallbelow.palette` already registered by Jupyter (luma.jupyter)
2024-07-11 21:53:03.324 [info] [ms-toolsai.jupyter]: Command `jupyter.runallcellsabove.palette` already registered by Jupyter (luma.jupyter)
2024-07-11 21:53:03.327 [info] [ms-toolsai.jupyter]: Command `jupyter.debugcurrentcell.palette` already registered by Jupyter (luma.jupyter)
2024-07-11 21:53:03.328 [info] [ms-toolsai.jupyter]: Command `jupyter.execSelectionInteractive` already registered by Jupyter (luma.jupyter)
2024-07-11 21:53:03.333 [info] [ms-toolsai.jupyter]: Command `jupyter.createnewinteractive` already registered by Jupyter (luma.jupyter)
2024-07-11 21:53:03.334 [info] [ms-toolsai.jupyter]: Command `jupyter.runFileInteractive` already registered by Jupyter (luma.jupyter)
2024-07-11 21:53:03.335 [info] [ms-toolsai.jupyter]: Command `jupyter.debugFileInteractive` already registered by Jupyter (luma.jupyter)
2024-07-11 21:53:03.337 [info] [ms-toolsai.jupyter]: Command `jupyter.runallcells` already registered by Jupyter (luma.jupyter)
2024-07-11 21:53:03.341 [info] [ms-toolsai.jupyter]: Command `jupyter.runallcellsabove` already registered by Jupyter (luma.jupyter)
2024-07-11 21:53:03.342 [info] [ms-toolsai.jupyter]: Command `jupyter.runcellandallbelow` already registered by Jupyter (luma.jupyter)
2024-07-11 21:53:03.344 [info] [ms-toolsai.jupyter]: Command `jupyter.runcell` already registered by Jupyter (luma.jupyter)
2024-07-11 21:53:03.345 [info] [ms-toolsai.jupyter]: Command `jupyter.runtoline` already registered by Jupyter (luma.jupyter)
2024-07-11 21:53:03.345 [info] [ms-toolsai.jupyter]: Command `jupyter.runfromline` already registered by Jupyter (luma.jupyter)
2024-07-11 21:53:03.346 [info] [ms-toolsai.jupyter]: Command `jupyter.importnotebook` already registered by Jupyter (luma.jupyter)
2024-07-11 21:53:03.352 [info] [ms-toolsai.jupyter]: Command `jupyter.importnotebookfile` already registered by Jupyter (luma.jupyter)
2024-07-11 21:53:03.353 [info] [ms-toolsai.jupyter]: Command `jupyter.exportoutputasnotebook` already registered by Jupyter (luma.jupyter)
2024-07-11 21:53:03.361 [info] [ms-toolsai.jupyter]: Command `jupyter.exportfileasnotebook` already registered by Jupyter (luma.jupyter)
2024-07-11 21:53:03.361 [info] [ms-toolsai.jupyter]: Command `jupyter.exportfileandoutputasnotebook` already registered by Jupyter (luma.jupyter)
2024-07-11 21:53:03.362 [info] [ms-toolsai.jupyter]: Command `jupyter.interruptkernel` already registered by Jupyter (luma.jupyter)
2024-07-11 21:53:03.363 [info] [ms-toolsai.jupyter]: Command `jupyter.restartkernel` already registered by Jupyter (luma.jupyter)
2024-07-11 21:53:03.368 [info] [ms-toolsai.jupyter]: Command `jupyter.notebookeditor.addcellbelow` already registered by Jupyter (luma.jupyter)
2024-07-11 21:53:03.369 [info] [ms-toolsai.jupyter]: Command `jupyter.notebookeditor.removeallcells` already registered by Jupyter (luma.jupyter)
2024-07-11 21:53:03.370 [info] [ms-toolsai.jupyter]: Command `jupyter.expandallcells` already registered by Jupyter (luma.jupyter)
2024-07-11 21:53:03.371 [info] [ms-toolsai.jupyter]: Command `jupyter.collapseallcells` already registered by Jupyter (luma.jupyter)
2024-07-11 21:53:03.371 [info] [ms-toolsai.jupyter]: Command `jupyter.addcellbelow` already registered by Jupyter (luma.jupyter)
2024-07-11 21:53:03.372 [info] [ms-toolsai.jupyter]: Command `jupyter.createnewnotebook` already registered by Jupyter (luma.jupyter)
2024-07-11 21:53:03.373 [info] [ms-toolsai.jupyter]: Command `jupyter.scrolltocell` already registered by Jupyter (luma.jupyter)
2024-07-11 21:53:03.377 [info] [ms-toolsai.jupyter]: Command `jupyter.latestExtension` already registered by Jupyter (luma.jupyter)
2024-07-11 21:53:03.378 [info] [ms-toolsai.jupyter]: Command `jupyter.showDataViewer` already registered by Jupyter (luma.jupyter)
2024-07-11 21:53:03.379 [info] [ms-toolsai.jupyter]: Command `jupyter.clearSavedJupyterUris` already registered by Jupyter (luma.jupyter)
2024-07-11 21:53:03.380 [info] [ms-toolsai.jupyter]: Command `jupyter.openVariableView` already registered by Jupyter (luma.jupyter)
2024-07-11 21:53:03.384 [info] [ms-toolsai.jupyter]: Command `jupyter.openOutlineView` already registered by Jupyter (luma.jupyter)
2024-07-11 21:53:03.387 [info] [ms-toolsai.jupyter]: Command `jupyter.refreshDataViewer` already registered by Jupyter (luma.jupyter)
2024-07-11 21:53:03.388 [info] [ms-toolsai.jupyter]: Command `jupyter.interactive.clearAllCells` already registered by Jupyter (luma.jupyter)
2024-07-11 21:53:03.388 [info] [ms-toolsai.jupyter]: Command `jupyter.interactive.goToCode` already registered by Jupyter (luma.jupyter)
2024-07-11 21:53:03.389 [info] [ms-toolsai.jupyter]: Command `jupyter.interactive.exportasnotebook` already registered by Jupyter (luma.jupyter)
2024-07-11 21:53:03.397 [info] [ms-toolsai.jupyter]: Command `jupyter.interactive.exportas` already registered by Jupyter (luma.jupyter)
2024-07-11 21:53:03.402 [info] [ms-toolsai.jupyter]: Command `jupyter.interactive.copyCell` already registered by Jupyter (luma.jupyter)
2024-07-11 21:53:03.403 [error] [ms-python.debugpy]: issue/reporter is a proposed menu identifier. It requires 'package.json#enabledApiProposals: ["contribIssueReporter"]' and is only available when running out of dev or with the following command line switch: --enable-proposed-api ms-python.debugpy
2024-07-11 21:53:03.404 [error] [ms-python.python]: issue/reporter is a proposed menu identifier. It requires 'package.json#enabledApiProposals: ["contribIssueReporter"]' and is only available when running out of dev or with the following command line switch: --enable-proposed-api ms-python.python
2024-07-11 21:53:03.407 [error] [ms-python.python]: editor/content is a proposed menu identifier. It requires 'package.json#enabledApiProposals: ["contribEditorContentMenu"]' and is only available when running out of dev or with the following command line switch: --enable-proposed-api ms-python.python
2024-07-11 21:53:03.579 [error] [ms-toolsai.jupyter]: Cannot register multiple views with same id `jupyterViewVariables`
2024-07-11 21:53:06.673 [error] [EricSia.pythonsnippets3]: Unknown language in `contributes.pythonsnippets3.language`. Provided value: django-html
2024-07-11 21:53:06.674 [error] [EricSia.pythonsnippets3]: Unknown language in `contributes.pythonsnippets3.language`. Provided value: django-txt
2024-07-11 21:53:10.511 [error] [Extension Host] error 21:53:10.501: Jupyter Extension: Error in activating extension, failed in hy Error: Extension 'ms-toolsai.jupyter' CANNOT use API proposal: notebookKernelSource.
Its package.json#enabledApiProposals-property declares:  but NOT notebookKernelSource.
 The missing proposal MUST be added and you must start in extension development mode or use the following command line switch: --enable-proposed-api ms-toolsai.jupyter
    at P (/usr/lib/code/out/vs/workbench/api/node/extensionHostProcess.js:142:57960)
    at Object.createNotebookControllerDetectionTask (/usr/lib/code/out/vs/workbench/api/node/extensionHostProcess.js:164:46384)
    at i (/home/karthi/.vscode-oss/extensions/ms-toolsai.jupyter-2024.6.0-universal/dist/extension.node.js:299:6231)
    at hy.startRefreshWithPython (/home/karthi/.vscode-oss/extensions/ms-toolsai.jupyter-2024.6.0-universal/dist/extension.node.js:299:6454)
    at hy.activate (/home/karthi/.vscode-oss/extensions/ms-toolsai.jupyter-2024.6.0-universal/dist/extension.node.js:299:4678)
    at /home/karthi/.vscode-oss/extensions/ms-toolsai.jupyter-2024.6.0-universal/dist/extension.node.js:373:28858
    at Array.map (<anonymous>)
    at rI.activate (/home/karthi/.vscode-oss/extensions/ms-toolsai.jupyter-2024.6.0-universal/dist/extension.node.js:373:28844)
    at SG (/home/karthi/.vscode-oss/extensions/ms-toolsai.jupyter-2024.6.0-universal/dist/extension.node.js:436:2062)
    at Bfe (/home/karthi/.vscode-oss/extensions/ms-toolsai.jupyter-2024.6.0-universal/dist/extension.node.js:438:454)
2024-07-11 21:53:10.531 [error] [Extension Host] error 21:53:10.516: Jupyter Extension: Error in activating extension, failed in zy Error: Extension 'ms-toolsai.jupyter' CANNOT use API proposal: notebookKernelSource.
Its package.json#enabledApiProposals-property declares:  but NOT notebookKernelSource.
 The missing proposal MUST be added and you must start in extension development mode or use the following command line switch: --enable-proposed-api ms-toolsai.jupyter
    at P (/usr/lib/code/out/vs/workbench/api/node/extensionHostProcess.js:142:57960)
    at Object.registerKernelSourceActionProvider (/usr/lib/code/out/vs/workbench/api/node/extensionHostProcess.js:164:46519)
    at zy.activate (/home/karthi/.vscode-oss/extensions/ms-toolsai.jupyter-2024.6.0-universal/dist/extension.node.js:304:115154)
    at /home/karthi/.vscode-oss/extensions/ms-toolsai.jupyter-2024.6.0-universal/dist/extension.node.js:373:28858
    at Array.map (<anonymous>)
    at rI.activate (/home/karthi/.vscode-oss/extensions/ms-toolsai.jupyter-2024.6.0-universal/dist/extension.node.js:373:28844)
    at SG (/home/karthi/.vscode-oss/extensions/ms-toolsai.jupyter-2024.6.0-universal/dist/extension.node.js:436:2062)
    at Bfe (/home/karthi/.vscode-oss/extensions/ms-toolsai.jupyter-2024.6.0-universal/dist/extension.node.js:438:454)
2024-07-11 21:53:10.788 [error] spawn /home/karthi/.vscode-oss/extensions/ms-python.python-2024.10.0-universal/python-env-tools/bin/pet ENOENT: Error: spawn /home/karthi/.vscode-oss/extensions/ms-python.python-2024.10.0-universal/python-env-tools/bin/pet ENOENT
    at Process.ChildProcess._handle.onexit (node:internal/child_process:286:19)
    at onErrorNT (node:internal/child_process:484:16)
    at processTicksAndRejections (node:internal/process/task_queues:82:21)
2024-07-11 21:53:11.775 [info] [perf] Render performance baseline is 285ms
2024-07-11 21:53:14.807 [info] Extension host (LocalProcess pid: 732) is unresponsive.
2024-07-11 21:53:17.328 [info] UNRESPONSIVE extension host: starting to profile NOW
2024-07-11 21:53:18.946 [error] [Extension Host] extension activation failed TypeError: s.notebooks.onDidChangeCellMetadata is not a function
    at u.onDidChangeCellMetadata [as addEventHandlers] (/home/karthi/.vscode-oss/extensions/luma.jupyter-2022.3.108-universal/src/client/common/application/notebook.ts:73:32)
    at new addEventHandlers (/home/karthi/.vscode-oss/extensions/luma.jupyter-2022.3.108-universal/src/client/common/application/notebook.ts:24:14)
    at Object.t.resolveInstance (/home/karthi/.vscode-oss/extensions/luma.jupyter-2022.3.108-universal/node_modules/inversify/lib/resolution/instantiation.js:21:12)
    at resolveInstance (/home/karthi/.vscode-oss/extensions/luma.jupyter-2022.3.108-universal/node_modules/inversify/lib/resolution/resolver.js:72:42)
    at Array.map (<anonymous>)
    at Object.map [as resolveInstance] (/home/karthi/.vscode-oss/extensions/luma.jupyter-2022.3.108-universal/node_modules/inversify/lib/resolution/instantiation.js:40:67)
    at resolveInstance (/home/karthi/.vscode-oss/extensions/luma.jupyter-2022.3.108-universal/node_modules/inversify/lib/resolution/resolver.js:72:42)
    at _f (/home/karthi/.vscode-oss/extensions/luma.jupyter-2022.3.108-universal/node_modules/inversify/lib/resolution/resolver.js:34:24)
    at Array.map (<anonymous>)
    at map (/home/karthi/.vscode-oss/extensions/luma.jupyter-2022.3.108-universal/node_modules/inversify/lib/resolution/resolver.js:32:34)
    at Array.map (<anonymous>)
    at Object.map [as resolveInstance] (/home/karthi/.vscode-oss/extensions/luma.jupyter-2022.3.108-universal/node_modules/inversify/lib/resolution/instantiation.js:40:67)
    at resolveInstance (/home/karthi/.vscode-oss/extensions/luma.jupyter-2022.3.108-universal/node_modules/inversify/lib/resolution/resolver.js:72:42)
    at Object._f [as resolve] (/home/karthi/.vscode-oss/extensions/luma.jupyter-2022.3.108-universal/node_modules/inversify/lib/resolution/resolver.js:96:12)
    at resolve (/home/karthi/.vscode-oss/extensions/luma.jupyter-2022.3.108-universal/node_modules/inversify/lib/container/container.js:319:37)
    at e.this (/home/karthi/.vscode-oss/extensions/luma.jupyter-2022.3.108-universal/node_modules/inversify/lib/container/container.js:310:22)
    at e._get [as get] (/home/karthi/.vscode-oss/extensions/luma.jupyter-2022.3.108-universal/node_modules/inversify/lib/container/container.js:230:21)
    at a.get (/home/karthi/.vscode-oss/extensions/luma.jupyter-2022.3.108-universal/src/client/ioc/container.ts:24:89)
    at get (/home/karthi/.vscode-oss/extensions/luma.jupyter-2022.3.108-universal/src/client/extensionActivation.ts:90:38)
    at activationPromise (/home/karthi/.vscode-oss/extensions/luma.jupyter-2022.3.108-universal/src/client/extension.ts:67:17)
    at serviceContainer (/home/karthi/.vscode-oss/extensions/luma.jupyter-2022.3.108-universal/src/client/extension.ts:30:22)
    at c.n (/usr/lib/code/out/vs/workbench/api/node/extensionHostProcess.js:144:6384)
    at c.m (/usr/lib/code/out/vs/workbench/api/node/extensionHostProcess.js:144:6347)
    at c.l (/usr/lib/code/out/vs/workbench/api/node/extensionHostProcess.js:144:5804)
2024-07-11 21:53:20.264 [info] Extension host (LocalProcess pid: 732) is responsive.
2024-07-11 21:53:20.265 [info] UNRESPONSIVE extension host: received responsive event and cancelling profiling session
2024-07-11 21:53:21.669 [warning] UNRESPONSIVE extension host: 'luma.jupyter' took 55.278417102938555% of 1637.046ms, saved PROFILE here: 'file:///tmp/exthost-7c5907.cpuprofile'
2024-07-12 01:48:37.274 [error] UnboundLocalError: cannot access local variable 'start_index' where it is not associated with a value: Error: UnboundLocalError: cannot access local variable 'start_index' where it is not associated with a value
    at ae (/home/karthi/.vscode-oss/extensions/ms-python.python-2024.10.0-universal/out/client/extension.js:2:1947043)
    at oe (/home/karthi/.vscode-oss/extensions/ms-python.python-2024.10.0-universal/out/client/extension.js:2:1945003)
    at Immediate.<anonymous> (/home/karthi/.vscode-oss/extensions/ms-python.python-2024.10.0-universal/out/client/extension.js:2:1941297)
    at processImmediate (node:internal/timers:478:21)
2024-07-12 01:58:11.497 [error] UnboundLocalError: cannot access local variable 'start_index' where it is not associated with a value: Error: UnboundLocalError: cannot access local variable 'start_index' where it is not associated with a value
    at ae (/home/karthi/.vscode-oss/extensions/ms-python.python-2024.10.0-universal/out/client/extension.js:2:1947043)
    at oe (/home/karthi/.vscode-oss/extensions/ms-python.python-2024.10.0-universal/out/client/extension.js:2:1945003)
    at Immediate.<anonymous> (/home/karthi/.vscode-oss/extensions/ms-python.python-2024.10.0-universal/out/client/extension.js:2:1941297)
    at processImmediate (node:internal/timers:478:21)
2024-07-12 02:36:28.679 [info] Extension host (LocalProcess pid: 732) is unresponsive.
2024-07-12 02:36:28.767 [info] Extension host (LocalProcess pid: 732) is responsive.
2024-07-12 02:36:28.793 [info] UNRESPONSIVE extension host: received responsive event and cancelling profiling session
2024-07-12 02:36:38.890 [info] Extension host (LocalProcess pid: 732) is unresponsive.
2024-07-12 02:36:40.156 [info] Extension host (LocalProcess pid: 732) is responsive.
2024-07-12 02:36:40.171 [info] UNRESPONSIVE extension host: received responsive event and cancelling profiling session
2024-07-12 02:36:40.173 [info] UNRESPONSIVE extension host: starting to profile NOW
