2024-07-12 09:34:43.098 [info] Extension host with pid 3755 started
2024-07-12 09:34:44.232 [info] ExtensionService#_doActivateExtension vscode.git-base, startup: true, activationEvent: '*', root cause: vscode.git
2024-07-12 09:34:44.269 [info] ExtensionService#_doActivateExtension s-nlf-fh.glassit, startup: true, activationEvent: '*'
2024-07-12 09:34:45.289 [info] ExtensionService#_doActivateExtension vscode.git, startup: true, activationEvent: '*'
2024-07-12 09:34:45.533 [info] ExtensionService#_doActivateExtension vscode.github, startup: true, activationEvent: '*'
2024-07-12 09:34:45.855 [info] Eager extensions activated
2024-07-12 09:34:46.234 [info] ExtensionService#_doActivateExtension vscode.debug-auto-launch, startup: false, activationEvent: 'onStartupFinished'
2024-07-12 09:34:46.246 [info] ExtensionService#_doActivateExtension vscode.merge-conflict, startup: false, activationEvent: 'onStartupFinished'
2024-07-12 09:34:46.299 [info] ExtensionService#_doActivateExtension esbenp.prettier-vscode, startup: false, activationEvent: 'onStartupFinished'
2024-07-12 09:34:46.587 [info] ExtensionService#_doActivateExtension ritwickdey.LiveServer, startup: false, activationEvent: 'onStartupFinished'
2024-07-12 09:34:46.675 [info] ExtensionService#_doActivateExtension vscode.configuration-editing, startup: false, activationEvent: 'onLanguage:jsonc'
2024-07-12 09:34:46.732 [info] ExtensionService#_doActivateExtension vscode.json-language-features, startup: false, activationEvent: 'onLanguage:jsonc'
2024-07-12 09:34:46.931 [info] ExtensionService#_doActivateExtension vscode.typescript-language-features, startup: false, activationEvent: 'onLanguage:jsonc'
2024-07-12 09:34:47.110 [info] ExtensionService#_doActivateExtension vscode.emmet, startup: false, activationEvent: 'onLanguage'
2024-07-12 09:34:50.277 [info] Extension host terminating: renderer closed the MessagePort
2024-07-12 09:34:50.334 [info] Extension host with pid 3755 exiting with code 0
2024-07-12 09:34:59.347 [info] Extension host with pid 3825 started
2024-07-12 09:34:59.348 [info] Skipping acquiring lock for /home/karthi/.config/Code - OSS/User/workspaceStorage/30e0fd348ecc0b41b1fa23a61c7166ec.
2024-07-12 09:35:01.149 [info] ExtensionService#_doActivateExtension vscode.emmet, startup: false, activationEvent: 'onLanguage'
2024-07-12 09:35:01.186 [info] ExtensionService#_doActivateExtension luma.jupyter, startup: false, activationEvent: 'onLanguage:python'
2024-07-12 09:35:02.483 [info] ExtensionService#_doActivateExtension ms-python.python, startup: false, activationEvent: 'onLanguage:python', root cause: ms-python.debugpy
2024-07-12 09:35:03.187 [info] ExtensionService#_doActivateExtension ms-toolsai.jupyter, startup: false, activationEvent: 'onLanguage:python'
2024-07-12 09:35:03.211 [info] ExtensionService#_doActivateExtension virgilsisoe.python-auto-import, startup: false, activationEvent: 'onLanguage:python'
2024-07-12 09:35:03.271 [info] ExtensionService#_doActivateExtension vscode.git-base, startup: true, activationEvent: '*', root cause: vscode.git
2024-07-12 09:35:03.282 [info] ExtensionService#_doActivateExtension s-nlf-fh.glassit, startup: true, activationEvent: '*'
2024-07-12 09:35:07.107 [error] Error: spawn /home/karthi/.vscode-oss/extensions/ms-python.python-2024.10.0-universal/python-env-tools/bin/pet ENOENT
    at Process.ChildProcess._handle.onexit (node:internal/child_process:286:19)
    at onErrorNT (node:internal/child_process:484:16)
    at processTicksAndRejections (node:internal/process/task_queues:82:21)
2024-07-12 09:35:07.457 [info] ExtensionService#_doActivateExtension ms-toolsai.jupyter-renderers, startup: false, activationEvent: 'api', root cause: ms-toolsai.jupyter
2024-07-12 09:35:07.480 [info] ExtensionService#_doActivateExtension vscode.git, startup: true, activationEvent: '*'
2024-07-12 09:35:07.702 [info] ExtensionService#_doActivateExtension vscode.github, startup: true, activationEvent: '*'
2024-07-12 09:35:18.008 [info] ExtensionService#_doActivateExtension vscode.configuration-editing, startup: false, activationEvent: 'onLanguage:jsonc'
2024-07-12 09:35:18.061 [info] ExtensionService#_doActivateExtension vscode.json-language-features, startup: false, activationEvent: 'onLanguage:jsonc'
2024-07-12 09:35:18.211 [info] ExtensionService#_doActivateExtension vscode.typescript-language-features, startup: false, activationEvent: 'onLanguage:jsonc'
2024-07-12 09:35:18.533 [info] ExtensionService#_doActivateExtension vscode.debug-auto-launch, startup: false, activationEvent: 'onStartupFinished'
2024-07-12 09:35:18.556 [info] ExtensionService#_doActivateExtension vscode.merge-conflict, startup: false, activationEvent: 'onStartupFinished'
2024-07-12 09:35:18.602 [info] ExtensionService#_doActivateExtension esbenp.prettier-vscode, startup: false, activationEvent: 'onStartupFinished'
2024-07-12 09:35:18.767 [info] ExtensionService#_doActivateExtension ritwickdey.LiveServer, startup: false, activationEvent: 'onStartupFinished'
2024-07-12 09:35:19.073 [info] ExtensionService#_doActivateExtension ms-python.debugpy, startup: false, activationEvent: 'onLanguage:python'
2024-07-12 09:35:19.180 [info] ExtensionService#_doActivateExtension vscode.media-preview, startup: false, activationEvent: 'onCustomEditor:imagePreview.previewEditor'
2024-07-12 09:35:19.749 [info] Eager extensions activated
2024-07-12 09:35:19.860 [error] Activating extension ms-python.debugpy failed due to an error:
2024-07-12 09:35:19.860 [error] Error: Extension 'ms-python.debugpy' CANNOT use API proposal: portsAttributes.
Its package.json#enabledApiProposals-property declares:  but NOT portsAttributes.
 The missing proposal MUST be added and you must start in extension development mode or use the following command line switch: --enable-proposed-api ms-python.debugpy
    at P (/usr/lib/code/out/vs/workbench/api/node/extensionHostProcess.js:142:57960)
    at Object.registerPortAttributesProvider (/usr/lib/code/out/vs/workbench/api/node/extensionHostProcess.js:164:42563)
    at t.registerDebugger (/home/karthi/.vscode-oss/extensions/ms-python.debugpy-2024.8.0-linux-x64/dist/extension.js:2:880557)
    at e.activate (/home/karthi/.vscode-oss/extensions/ms-python.debugpy-2024.8.0-linux-x64/dist/extension.js:2:1128458)
    at Function.kb (/usr/lib/code/out/vs/workbench/api/node/extensionHostProcess.js:160:13532)
    at Function.jb (/usr/lib/code/out/vs/workbench/api/node/extensionHostProcess.js:160:13245)
    at /usr/lib/code/out/vs/workbench/api/node/extensionHostProcess.js:160:11246
    at c.n (/usr/lib/code/out/vs/workbench/api/node/extensionHostProcess.js:144:6384)
    at c.m (/usr/lib/code/out/vs/workbench/api/node/extensionHostProcess.js:144:6347)
    at c.l (/usr/lib/code/out/vs/workbench/api/node/extensionHostProcess.js:144:5804)
2024-07-12 09:35:21.561 [error] Error: Extension 'ms-python.python' CANNOT use API proposal: testObserver.
Its package.json#enabledApiProposals-property declares:  but NOT testObserver.
 The missing proposal MUST be added and you must start in extension development mode or use the following command line switch: --enable-proposed-api ms-python.python
    at P (/usr/lib/code/out/vs/workbench/api/node/extensionHostProcess.js:142:57960)
    at Object.get testResults [as testResults] (/usr/lib/code/out/vs/workbench/api/node/extensionHostProcess.js:164:25429)
    at T.activate (/home/karthi/.vscode-oss/extensions/ms-python.python-2024.10.0-universal/out/client/extension.js:2:824391)
    at /home/karthi/.vscode-oss/extensions/ms-python.python-2024.10.0-universal/out/client/extension.js:2:2460
    at Array.map (<anonymous>)
    at m.activateWorkspace (/home/karthi/.vscode-oss/extensions/ms-python.python-2024.10.0-universal/out/client/extension.js:2:2450)
2024-07-12 09:38:59.671 [info] ExtensionService#_doActivateExtension vscode.npm, startup: false, activationEvent: 'onTerminalQuickFixRequest:ms-vscode.npm-command'
2024-07-12 09:43:05.852 [info] Extension host terminating: renderer closed the MessagePort
2024-07-12 09:43:06.113 [info] Extension host with pid 3825 exiting with code 0
