2024-07-12 14:21:19.652 [info] Log level: Info
2024-07-12 14:21:19.652 [info] Validating found git in: "git"
2024-07-12 14:21:19.652 [info] Using git "2.45.2" from "git"
2024-07-12 14:21:27.995 [info] > git rev-parse --show-toplevel [13ms]
2024-07-12 14:21:48.566 [info] Log level: Info
2024-07-12 14:21:48.566 [info] Validating found git in: "git"
2024-07-12 14:21:48.567 [info] Using git "2.45.2" from "git"
2024-07-12 14:21:48.604 [info] > git rev-parse --show-toplevel [32ms]
2024-07-12 14:21:49.290 [info] > git rev-parse --git-dir --git-common-dir [576ms]
2024-07-12 14:21:49.420 [info] Open repository: /home/karthi/Leetcode_daily_progress_scrapper
2024-07-12 14:21:49.892 [info] > git config --get commit.template [55ms]
2024-07-12 14:21:49.899 [info] > git rev-parse --show-toplevel [31ms]
2024-07-12 14:21:49.945 [info] > git for-each-ref --format=%(refname)%00%(upstream:short)%00%(objectname)%00%(upstream:track)%00%(upstream:remotename)%00%(upstream:remoteref) refs/heads/main refs/remotes/main [18ms]
2024-07-12 14:21:50.037 [info] > git check-ignore -v -z --stdin [41ms]
2024-07-12 14:21:50.064 [info] > git status -z -uall [34ms]
2024-07-12 14:21:50.207 [info] > git for-each-ref --format=%(refname)%00%(upstream:short)%00%(objectname)%00%(upstream:track)%00%(upstream:remotename)%00%(upstream:remoteref) refs/heads/main refs/remotes/main [88ms]
2024-07-12 14:21:50.242 [info] > git config --local branch.main.vscode-merge-base [12ms]
2024-07-12 14:21:50.243 [warning] git config failed: Failed to execute git
2024-07-12 14:21:50.272 [info] > git config --get commit.template [67ms]
2024-07-12 14:21:50.326 [info] > git reflog main --grep-reflog=branch: Created from *. [50ms]
2024-07-12 14:21:50.365 [info] > git for-each-ref --format=%(refname)%00%(upstream:short)%00%(objectname)%00%(upstream:track)%00%(upstream:remotename)%00%(upstream:remoteref) refs/heads/main refs/remotes/main [46ms]
2024-07-12 14:21:51.010 [info] > git symbolic-ref --short refs/remotes/origin/HEAD [651ms]
2024-07-12 14:21:51.225 [info] > git for-each-ref --format=%(refname)%00%(upstream:short)%00%(objectname)%00%(upstream:track)%00%(upstream:remotename)%00%(upstream:remoteref) refs/heads/origin/main refs/remotes/origin/main [176ms]
2024-07-12 14:21:51.608 [info] > git status -z -uall [9ms]
2024-07-12 14:21:51.608 [info] > git config --local branch.main.vscode-merge-base origin/main [346ms]
2024-07-12 14:21:51.747 [info] > git check-ignore -v -z --stdin [99ms]
2024-07-12 14:21:51.752 [info] > git config --get commit.template [46ms]
2024-07-12 14:21:51.824 [info] > git for-each-ref --format=%(refname)%00%(upstream:short)%00%(objectname)%00%(upstream:track)%00%(upstream:remotename)%00%(upstream:remoteref) refs/heads/main refs/remotes/main [14ms]
2024-07-12 14:21:51.880 [info] > git status -z -uall [14ms]
2024-07-12 14:21:51.959 [info] > git for-each-ref --format=%(refname)%00%(upstream:short)%00%(objectname)%00%(upstream:track)%00%(upstream:remotename)%00%(upstream:remoteref) refs/heads/main refs/remotes/main [40ms]
2024-07-12 14:21:51.997 [info] > git config --local branch.main.vscode-merge-base [12ms]
2024-07-12 14:21:52.020 [info] > git merge-base refs/heads/main refs/remotes/origin/main [68ms]
2024-07-12 14:21:52.056 [info] > git for-each-ref --format=%(refname)%00%(upstream:short)%00%(objectname)%00%(upstream:track)%00%(upstream:remotename)%00%(upstream:remoteref) refs/heads/origin/main refs/remotes/origin/main [37ms]
2024-07-12 14:21:52.066 [info] > git rev-list --count --left-right refs/heads/main...refs/remotes/origin/main [17ms]
2024-07-12 14:21:52.094 [info] > git diff --name-status -z --diff-filter=ADMR 6cd76ae29a34ed4c99ca273beb991f8a024d131a...refs/remotes/origin/main [8ms]
2024-07-12 14:22:27.870 [info] > git show --textconv :cache.py [12772ms]
2024-07-12 14:22:27.877 [info] > git ls-files --stage -- /home/karthi/Leetcode_daily_progress_scrapper/cache.py [12731ms]
2024-07-12 14:22:28.313 [info] > git cat-file -s 7311d269bf5f313e17ac5b5ac4661713126ad3ba [367ms]
2024-07-12 14:22:31.370 [info] > git show --textconv :scraper.py [601ms]
2024-07-12 14:22:31.370 [info] > git ls-files --stage -- /home/karthi/Leetcode_daily_progress_scrapper/scraper.py [551ms]
2024-07-12 14:22:31.728 [info] > git cat-file -s 290c52f816f585c6620328e9161554d4b17de890 [334ms]
2024-07-12 14:22:32.036 [info] > git show --textconv :main.py [202ms]
2024-07-12 14:22:32.036 [info] > git ls-files --stage -- /home/karthi/Leetcode_daily_progress_scrapper/main.py [137ms]
2024-07-12 14:22:32.268 [info] > git cat-file -s 9b8336e53c852d38c1af52029ab2f531dcea8332 [199ms]
2024-07-12 15:48:22.298 [info] > git show --textconv :Student_db.csv [21ms]
2024-07-12 15:48:22.304 [info] > git ls-files --stage -- /home/karthi/Leetcode_daily_progress_scrapper/Student_db.csv [8ms]
2024-07-12 15:48:22.327 [info] > git cat-file -s d8fc7e329150f457e70cdc11c106319b5bb1e40a [7ms]
2024-07-12 15:48:22.871 [info] > git config --get commit.template [22ms]
2024-07-12 15:48:22.873 [info] > git for-each-ref --format=%(refname)%00%(upstream:short)%00%(objectname)%00%(upstream:track)%00%(upstream:remotename)%00%(upstream:remoteref) refs/heads/main refs/remotes/main [7ms]
2024-07-12 15:48:22.900 [info] > git status -z -uall [7ms]
2024-07-12 15:48:22.979 [info] > git for-each-ref --format=%(refname)%00%(upstream:short)%00%(objectname)%00%(upstream:track)%00%(upstream:remotename)%00%(upstream:remoteref) refs/heads/main refs/remotes/main [42ms]
2024-07-12 15:48:23.008 [info] > git config --local branch.main.vscode-merge-base [8ms]
2024-07-12 15:48:23.034 [info] > git for-each-ref --format=%(refname)%00%(upstream:short)%00%(objectname)%00%(upstream:track)%00%(upstream:remotename)%00%(upstream:remoteref) refs/heads/origin/main refs/remotes/origin/main [9ms]
2024-07-12 15:48:26.424 [info] > git show --textconv :cache.py [48ms]
2024-07-12 15:48:26.441 [info] > git ls-files --stage -- /home/karthi/Leetcode_daily_progress_scrapper/cache.py [39ms]
2024-07-12 15:48:26.515 [info] > git cat-file -s 7311d269bf5f313e17ac5b5ac4661713126ad3ba [17ms]
2024-07-12 15:48:32.978 [info] > git show --textconv :Student_db.csv [31ms]
2024-07-12 15:48:32.981 [info] > git ls-files --stage -- /home/karthi/Leetcode_daily_progress_scrapper/Student_db.csv [9ms]
2024-07-12 15:48:32.999 [info] > git cat-file -s d8fc7e329150f457e70cdc11c106319b5bb1e40a [4ms]
2024-07-12 15:48:38.600 [info] > git show --textconv :main.py [32ms]
2024-07-12 15:48:38.612 [info] > git ls-files --stage -- /home/karthi/Leetcode_daily_progress_scrapper/main.py [15ms]
2024-07-12 15:48:38.641 [info] > git cat-file -s 9b8336e53c852d38c1af52029ab2f531dcea8332 [8ms]
2024-07-12 15:54:03.253 [info] > git config --get commit.template [6ms]
2024-07-12 15:54:03.275 [info] > git for-each-ref --format=%(refname)%00%(upstream:short)%00%(objectname)%00%(upstream:track)%00%(upstream:remotename)%00%(upstream:remoteref) refs/heads/main refs/remotes/main [5ms]
2024-07-12 15:54:03.297 [info] > git status -z -uall [6ms]
2024-07-12 15:54:03.333 [info] > git for-each-ref --format=%(refname)%00%(upstream:short)%00%(objectname)%00%(upstream:track)%00%(upstream:remotename)%00%(upstream:remoteref) refs/heads/main refs/remotes/main [7ms]
2024-07-12 15:54:03.357 [info] > git config --local branch.main.vscode-merge-base [8ms]
2024-07-12 15:54:03.388 [info] > git for-each-ref --format=%(refname)%00%(upstream:short)%00%(objectname)%00%(upstream:track)%00%(upstream:remotename)%00%(upstream:remoteref) refs/heads/origin/main refs/remotes/origin/main [4ms]
2024-07-12 15:54:13.534 [info] > git config --get commit.template [89ms]
2024-07-12 15:54:13.559 [info] > git for-each-ref --format=%(refname)%00%(upstream:short)%00%(objectname)%00%(upstream:track)%00%(upstream:remotename)%00%(upstream:remoteref) refs/heads/main refs/remotes/main [27ms]
2024-07-12 15:54:13.647 [info] > git status -z -uall [15ms]
2024-07-12 15:54:13.701 [info] > git for-each-ref --format=%(refname)%00%(upstream:short)%00%(objectname)%00%(upstream:track)%00%(upstream:remotename)%00%(upstream:remoteref) refs/heads/main refs/remotes/main [20ms]
2024-07-12 15:54:13.750 [info] > git config --local branch.main.vscode-merge-base [8ms]
2024-07-12 15:54:13.796 [info] > git for-each-ref --format=%(refname)%00%(upstream:short)%00%(objectname)%00%(upstream:track)%00%(upstream:remotename)%00%(upstream:remoteref) refs/heads/origin/main refs/remotes/origin/main [17ms]
2024-07-12 15:54:30.365 [info] > git config --get commit.template [31ms]
2024-07-12 15:54:30.370 [info] > git for-each-ref --format=%(refname)%00%(upstream:short)%00%(objectname)%00%(upstream:track)%00%(upstream:remotename)%00%(upstream:remoteref) refs/heads/main refs/remotes/main [8ms]
2024-07-12 15:54:30.403 [info] > git status -z -uall [12ms]
2024-07-12 15:54:30.452 [info] > git for-each-ref --format=%(refname)%00%(upstream:short)%00%(objectname)%00%(upstream:track)%00%(upstream:remotename)%00%(upstream:remoteref) refs/heads/main refs/remotes/main [22ms]
2024-07-12 15:54:30.481 [info] > git config --local branch.main.vscode-merge-base [2ms]
2024-07-12 15:54:30.518 [info] > git for-each-ref --format=%(refname)%00%(upstream:short)%00%(objectname)%00%(upstream:track)%00%(upstream:remotename)%00%(upstream:remoteref) refs/heads/origin/main refs/remotes/origin/main [16ms]
2024-07-12 15:54:56.007 [info] > git config --get commit.template [22ms]
2024-07-12 15:54:56.011 [info] > git for-each-ref --format=%(refname)%00%(upstream:short)%00%(objectname)%00%(upstream:track)%00%(upstream:remotename)%00%(upstream:remoteref) refs/heads/main refs/remotes/main [5ms]
2024-07-12 15:54:56.033 [info] > git status -z -uall [6ms]
2024-07-12 15:54:56.072 [info] > git for-each-ref --format=%(refname)%00%(upstream:short)%00%(objectname)%00%(upstream:track)%00%(upstream:remotename)%00%(upstream:remoteref) refs/heads/main refs/remotes/main [12ms]
2024-07-12 15:54:56.092 [info] > git config --local branch.main.vscode-merge-base [2ms]
2024-07-12 15:54:56.118 [info] > git for-each-ref --format=%(refname)%00%(upstream:short)%00%(objectname)%00%(upstream:track)%00%(upstream:remotename)%00%(upstream:remoteref) refs/heads/origin/main refs/remotes/origin/main [6ms]
2024-07-12 15:56:51.507 [info] > git config --get commit.template [4ms]
2024-07-12 15:56:51.530 [info] > git for-each-ref --format=%(refname)%00%(upstream:short)%00%(objectname)%00%(upstream:track)%00%(upstream:remotename)%00%(upstream:remoteref) refs/heads/main refs/remotes/main [6ms]
2024-07-12 15:56:51.555 [info] > git status -z -uall [7ms]
2024-07-12 15:56:51.588 [info] > git for-each-ref --format=%(refname)%00%(upstream:short)%00%(objectname)%00%(upstream:track)%00%(upstream:remotename)%00%(upstream:remoteref) refs/heads/main refs/remotes/main [8ms]
2024-07-12 15:56:51.608 [info] > git config --local branch.main.vscode-merge-base [3ms]
2024-07-12 15:56:51.631 [info] > git for-each-ref --format=%(refname)%00%(upstream:short)%00%(objectname)%00%(upstream:track)%00%(upstream:remotename)%00%(upstream:remoteref) refs/heads/origin/main refs/remotes/origin/main [6ms]
2024-07-12 15:58:18.210 [info] > git for-each-ref --format=%(refname)%00%(upstream:short)%00%(objectname)%00%(upstream:track)%00%(upstream:remotename)%00%(upstream:remoteref) refs/heads/main refs/remotes/main [8ms]
2024-07-12 15:58:18.212 [info] > git config --get commit.template [28ms]
2024-07-12 15:58:18.233 [info] > git status -z -uall [5ms]
2024-07-12 15:58:18.282 [info] > git for-each-ref --format=%(refname)%00%(upstream:short)%00%(objectname)%00%(upstream:track)%00%(upstream:remotename)%00%(upstream:remoteref) refs/heads/main refs/remotes/main [7ms]
2024-07-12 15:58:18.358 [info] > git check-ignore -v -z --stdin [19ms]
2024-07-12 15:58:18.368 [info] > git config --local branch.main.vscode-merge-base [67ms]
2024-07-12 15:58:18.419 [info] > git for-each-ref --format=%(refname)%00%(upstream:short)%00%(objectname)%00%(upstream:track)%00%(upstream:remotename)%00%(upstream:remoteref) refs/heads/origin/main refs/remotes/origin/main [16ms]
2024-07-12 15:59:34.865 [info] > git config --get commit.template [4ms]
2024-07-12 15:59:34.893 [info] > git for-each-ref --format=%(refname)%00%(upstream:short)%00%(objectname)%00%(upstream:track)%00%(upstream:remotename)%00%(upstream:remoteref) refs/heads/main refs/remotes/main [7ms]
2024-07-12 15:59:34.919 [info] > git status -z -uall [8ms]
2024-07-12 15:59:34.958 [info] > git for-each-ref --format=%(refname)%00%(upstream:short)%00%(objectname)%00%(upstream:track)%00%(upstream:remotename)%00%(upstream:remoteref) refs/heads/main refs/remotes/main [15ms]
2024-07-12 15:59:35.000 [info] > git config --local branch.main.vscode-merge-base [13ms]
2024-07-12 15:59:35.029 [info] > git for-each-ref --format=%(refname)%00%(upstream:short)%00%(objectname)%00%(upstream:track)%00%(upstream:remotename)%00%(upstream:remoteref) refs/heads/origin/main refs/remotes/origin/main [10ms]
2024-07-12 15:59:36.464 [info] > git show --textconv :leetcode_stats.csv [84ms]
2024-07-12 15:59:36.464 [info] > git ls-files --stage -- /home/karthi/Leetcode_daily_progress_scrapper/leetcode_stats.csv [12ms]
2024-07-12 16:00:01.557 [info] > git show --textconv :main.py [54ms]
2024-07-12 16:00:01.569 [info] > git ls-files --stage -- /home/karthi/Leetcode_daily_progress_scrapper/main.py [13ms]
2024-07-12 16:00:01.597 [info] > git cat-file -s 9b8336e53c852d38c1af52029ab2f531dcea8332 [8ms]
2024-07-12 16:00:29.953 [info] > git show --textconv :leetcode_stats.csv [27ms]
2024-07-12 16:00:29.960 [info] > git ls-files --stage -- /home/karthi/Leetcode_daily_progress_scrapper/leetcode_stats.csv [8ms]
2024-07-12 16:01:04.151 [info] > git show --textconv :Student_db.csv [26ms]
2024-07-12 16:01:04.156 [info] > git ls-files --stage -- /home/karthi/Leetcode_daily_progress_scrapper/Student_db.csv [7ms]
2024-07-12 16:01:04.179 [info] > git cat-file -s d8fc7e329150f457e70cdc11c106319b5bb1e40a [4ms]
2024-07-12 16:04:07.523 [info] > git show --textconv :leetcode_stats.csv [52ms]
2024-07-12 16:04:07.524 [info] > git ls-files --stage -- /home/karthi/Leetcode_daily_progress_scrapper/leetcode_stats.csv [7ms]
2024-07-12 16:05:41.217 [info] > git show --textconv :Student_db.csv [25ms]
2024-07-12 16:05:41.223 [info] > git ls-files --stage -- /home/karthi/Leetcode_daily_progress_scrapper/Student_db.csv [8ms]
2024-07-12 16:05:41.250 [info] > git cat-file -s d8fc7e329150f457e70cdc11c106319b5bb1e40a [8ms]
2024-07-12 16:06:10.501 [info] > git show --textconv :main.py [38ms]
2024-07-12 16:06:10.504 [info] > git ls-files --stage -- /home/karthi/Leetcode_daily_progress_scrapper/main.py [7ms]
2024-07-12 16:06:10.544 [info] > git cat-file -s 9b8336e53c852d38c1af52029ab2f531dcea8332 [14ms]
2024-07-12 16:12:52.708 [info] > git config --get commit.template [39ms]
2024-07-12 16:12:52.748 [info] > git for-each-ref --format=%(refname)%00%(upstream:short)%00%(objectname)%00%(upstream:track)%00%(upstream:remotename)%00%(upstream:remoteref) refs/heads/main refs/remotes/main [50ms]
2024-07-12 16:12:52.792 [info] > git status -z -uall [26ms]
2024-07-12 16:12:52.829 [info] > git for-each-ref --format=%(refname)%00%(upstream:short)%00%(objectname)%00%(upstream:track)%00%(upstream:remotename)%00%(upstream:remoteref) refs/heads/main refs/remotes/main [14ms]
2024-07-12 16:12:52.855 [info] > git config --local branch.main.vscode-merge-base [6ms]
2024-07-12 16:12:52.891 [info] > git for-each-ref --format=%(refname)%00%(upstream:short)%00%(objectname)%00%(upstream:track)%00%(upstream:remotename)%00%(upstream:remoteref) refs/heads/origin/main refs/remotes/origin/main [16ms]
2024-07-12 16:13:03.316 [info] > git config --get commit.template [6ms]
2024-07-12 16:13:03.338 [info] > git for-each-ref --format=%(refname)%00%(upstream:short)%00%(objectname)%00%(upstream:track)%00%(upstream:remotename)%00%(upstream:remoteref) refs/heads/main refs/remotes/main [5ms]
2024-07-12 16:13:03.363 [info] > git status -z -uall [6ms]
2024-07-12 16:13:03.412 [info] > git for-each-ref --format=%(refname)%00%(upstream:short)%00%(objectname)%00%(upstream:track)%00%(upstream:remotename)%00%(upstream:remoteref) refs/heads/main refs/remotes/main [19ms]
2024-07-12 16:13:03.441 [info] > git config --local branch.main.vscode-merge-base [4ms]
2024-07-12 16:13:03.463 [info] > git for-each-ref --format=%(refname)%00%(upstream:short)%00%(objectname)%00%(upstream:track)%00%(upstream:remotename)%00%(upstream:remoteref) refs/heads/origin/main refs/remotes/origin/main [3ms]
2024-07-12 16:19:15.051 [info] > git check-ignore -v -z --stdin [9ms]
2024-07-12 16:19:15.452 [info] > git ls-files --stage -- /home/karthi/Leetcode_daily_progress_scrapper/de.py [8ms]
2024-07-12 16:19:15.663 [info] > git show --textconv :de.py [256ms]
2024-07-12 16:19:16.111 [info] > git config --get commit.template [24ms]
2024-07-12 16:19:16.114 [info] > git for-each-ref --format=%(refname)%00%(upstream:short)%00%(objectname)%00%(upstream:track)%00%(upstream:remotename)%00%(upstream:remoteref) refs/heads/main refs/remotes/main [5ms]
2024-07-12 16:19:16.280 [info] > git status -z -uall [147ms]
2024-07-12 16:19:16.316 [info] > git for-each-ref --format=%(refname)%00%(upstream:short)%00%(objectname)%00%(upstream:track)%00%(upstream:remotename)%00%(upstream:remoteref) refs/heads/main refs/remotes/main [13ms]
2024-07-12 16:19:16.343 [info] > git config --local branch.main.vscode-merge-base [8ms]
2024-07-12 16:19:16.365 [info] > git for-each-ref --format=%(refname)%00%(upstream:short)%00%(objectname)%00%(upstream:track)%00%(upstream:remotename)%00%(upstream:remoteref) refs/heads/origin/main refs/remotes/origin/main [4ms]
2024-07-12 16:21:19.276 [info] > git show --textconv :main.py [47ms]
2024-07-12 16:21:19.290 [info] > git ls-files --stage -- /home/karthi/Leetcode_daily_progress_scrapper/main.py [18ms]
2024-07-12 16:21:19.371 [info] > git cat-file -s 9b8336e53c852d38c1af52029ab2f531dcea8332 [12ms]
2024-07-12 16:21:22.744 [info] > git show --textconv :de.py [52ms]
2024-07-12 16:21:22.769 [info] > git ls-files --stage -- /home/karthi/Leetcode_daily_progress_scrapper/de.py [27ms]
2024-07-12 16:21:24.384 [info] > git show --textconv :main.py [78ms]
2024-07-12 16:21:24.396 [info] > git ls-files --stage -- /home/karthi/Leetcode_daily_progress_scrapper/main.py [15ms]
2024-07-12 16:21:24.487 [info] > git cat-file -s 9b8336e53c852d38c1af52029ab2f531dcea8332 [17ms]
2024-07-12 16:21:25.160 [info] > git config --get commit.template [8ms]
2024-07-12 16:21:25.198 [info] > git for-each-ref --format=%(refname)%00%(upstream:short)%00%(objectname)%00%(upstream:track)%00%(upstream:remotename)%00%(upstream:remoteref) refs/heads/main refs/remotes/main [13ms]
2024-07-12 16:21:25.253 [info] > git status -z -uall [15ms]
2024-07-12 16:21:25.333 [info] > git for-each-ref --format=%(refname)%00%(upstream:short)%00%(objectname)%00%(upstream:track)%00%(upstream:remotename)%00%(upstream:remoteref) refs/heads/main refs/remotes/main [21ms]
2024-07-12 16:21:25.388 [info] > git config --local branch.main.vscode-merge-base [20ms]
2024-07-12 16:21:25.441 [info] > git for-each-ref --format=%(refname)%00%(upstream:short)%00%(objectname)%00%(upstream:track)%00%(upstream:remotename)%00%(upstream:remoteref) refs/heads/origin/main refs/remotes/origin/main [13ms]
2024-07-12 16:26:00.953 [info] > git show --textconv :leetcode_stats.csv [51ms]
2024-07-12 16:26:00.959 [info] > git ls-files --stage -- /home/karthi/Leetcode_daily_progress_scrapper/leetcode_stats.csv [11ms]
2024-07-12 16:26:02.760 [info] > git show --textconv :Student_db.csv [32ms]
2024-07-12 16:26:02.760 [info] > git ls-files --stage -- /home/karthi/Leetcode_daily_progress_scrapper/Student_db.csv [8ms]
2024-07-12 16:26:02.787 [info] > git cat-file -s d8fc7e329150f457e70cdc11c106319b5bb1e40a [8ms]
2024-07-12 16:28:42.324 [info] > git ls-files --stage -- /home/karthi/Leetcode_daily_progress_scrapper/scraper.py [11ms]
2024-07-12 16:28:42.357 [info] > git show --textconv :scraper.py [85ms]
2024-07-12 16:28:42.367 [info] > git cat-file -s 290c52f816f585c6620328e9161554d4b17de890 [10ms]
2024-07-12 16:35:39.377 [info] > git show --textconv :cache.py [42ms]
2024-07-12 16:35:39.382 [info] > git ls-files --stage -- /home/karthi/Leetcode_daily_progress_scrapper/cache.py [6ms]
2024-07-12 16:35:39.424 [info] > git cat-file -s 7311d269bf5f313e17ac5b5ac4661713126ad3ba [12ms]
2024-07-12 16:39:58.211 [info] > git config --get commit.template [14ms]
2024-07-12 16:39:58.265 [info] > git for-each-ref --format=%(refname)%00%(upstream:short)%00%(objectname)%00%(upstream:track)%00%(upstream:remotename)%00%(upstream:remoteref) refs/heads/main refs/remotes/main [14ms]
2024-07-12 16:39:58.307 [info] > git status -z -uall [11ms]
2024-07-12 16:39:58.363 [info] > git for-each-ref --format=%(refname)%00%(upstream:short)%00%(objectname)%00%(upstream:track)%00%(upstream:remotename)%00%(upstream:remoteref) refs/heads/main refs/remotes/main [24ms]
2024-07-12 16:39:58.403 [info] > git config --local branch.main.vscode-merge-base [8ms]
2024-07-12 16:39:58.460 [info] > git for-each-ref --format=%(refname)%00%(upstream:short)%00%(objectname)%00%(upstream:track)%00%(upstream:remotename)%00%(upstream:remoteref) refs/heads/origin/main refs/remotes/origin/main [26ms]
2024-07-12 16:40:01.383 [info] > git show --textconv :scraper.py [58ms]
2024-07-12 16:40:01.387 [info] > git ls-files --stage -- /home/karthi/Leetcode_daily_progress_scrapper/scraper.py [26ms]
2024-07-12 16:40:01.436 [info] > git cat-file -s 290c52f816f585c6620328e9161554d4b17de890 [13ms]
2024-07-12 16:40:03.946 [info] > git show --textconv :Student_db.csv [64ms]
2024-07-12 16:40:03.957 [info] > git ls-files --stage -- /home/karthi/Leetcode_daily_progress_scrapper/Student_db.csv [13ms]
2024-07-12 16:40:03.993 [info] > git cat-file -s d8fc7e329150f457e70cdc11c106319b5bb1e40a [10ms]
2024-07-12 16:40:05.246 [info] > git show --textconv :scraper.py [30ms]
2024-07-12 16:40:05.256 [info] > git ls-files --stage -- /home/karthi/Leetcode_daily_progress_scrapper/scraper.py [18ms]
2024-07-12 16:40:05.286 [info] > git cat-file -s 290c52f816f585c6620328e9161554d4b17de890 [3ms]
2024-07-12 16:40:11.407 [info] > git show --textconv :scraper.py [44ms]
2024-07-12 16:40:11.416 [info] > git ls-files --stage -- /home/karthi/Leetcode_daily_progress_scrapper/scraper.py [14ms]
2024-07-12 16:40:11.465 [info] > git cat-file -s 290c52f816f585c6620328e9161554d4b17de890 [12ms]
2024-07-12 16:40:38.032 [info] > git show --textconv :Student_db.csv [38ms]
2024-07-12 16:40:38.042 [info] > git ls-files --stage -- /home/karthi/Leetcode_daily_progress_scrapper/Student_db.csv [13ms]
2024-07-12 16:40:38.089 [info] > git cat-file -s d8fc7e329150f457e70cdc11c106319b5bb1e40a [14ms]
2024-07-12 16:40:38.616 [info] > git config --get commit.template [4ms]
2024-07-12 16:40:38.641 [info] > git for-each-ref --format=%(refname)%00%(upstream:short)%00%(objectname)%00%(upstream:track)%00%(upstream:remotename)%00%(upstream:remoteref) refs/heads/main refs/remotes/main [7ms]
2024-07-12 16:40:38.680 [info] > git status -z -uall [16ms]
2024-07-12 16:40:38.721 [info] > git for-each-ref --format=%(refname)%00%(upstream:short)%00%(objectname)%00%(upstream:track)%00%(upstream:remotename)%00%(upstream:remoteref) refs/heads/main refs/remotes/main [14ms]
2024-07-12 16:40:38.774 [info] > git config --local branch.main.vscode-merge-base [8ms]
2024-07-12 16:40:38.806 [info] > git for-each-ref --format=%(refname)%00%(upstream:short)%00%(objectname)%00%(upstream:track)%00%(upstream:remotename)%00%(upstream:remoteref) refs/heads/origin/main refs/remotes/origin/main [12ms]
2024-07-12 16:41:15.298 [info] > git show --textconv :scraper.py [40ms]
2024-07-12 16:41:15.308 [info] > git ls-files --stage -- /home/karthi/Leetcode_daily_progress_scrapper/scraper.py [15ms]
2024-07-12 16:41:15.338 [info] > git cat-file -s 290c52f816f585c6620328e9161554d4b17de890 [9ms]
2024-07-12 16:41:21.920 [info] > git show --textconv :Student_db.csv [46ms]
2024-07-12 16:41:21.929 [info] > git ls-files --stage -- /home/karthi/Leetcode_daily_progress_scrapper/Student_db.csv [11ms]
2024-07-12 16:41:21.974 [info] > git cat-file -s d8fc7e329150f457e70cdc11c106319b5bb1e40a [13ms]
2024-07-12 16:48:25.537 [info] > git ls-files --stage -- /home/karthi/Leetcode_daily_progress_scrapper/scraper.py [151ms]
2024-07-12 16:48:25.691 [info] > git show --textconv :scraper.py [325ms]
2024-07-12 16:48:25.696 [info] > git cat-file -s 290c52f816f585c6620328e9161554d4b17de890 [6ms]
2024-07-12 16:49:23.635 [info] > git ls-files --stage -- /home/karthi/Leetcode_daily_progress_scrapper/main.py [8ms]
2024-07-12 16:49:23.718 [info] > git show --textconv :main.py [119ms]
2024-07-12 16:49:23.739 [info] > git cat-file -s 9b8336e53c852d38c1af52029ab2f531dcea8332 [81ms]
2024-07-12 16:51:37.388 [info] > git config --get commit.template [22ms]
2024-07-12 16:51:37.391 [info] > git for-each-ref --format=%(refname)%00%(upstream:short)%00%(objectname)%00%(upstream:track)%00%(upstream:remotename)%00%(upstream:remoteref) refs/heads/main refs/remotes/main [5ms]
2024-07-12 16:51:37.423 [info] > git status -z -uall [10ms]
2024-07-12 16:51:37.462 [info] > git for-each-ref --format=%(refname)%00%(upstream:short)%00%(objectname)%00%(upstream:track)%00%(upstream:remotename)%00%(upstream:remoteref) refs/heads/main refs/remotes/main [11ms]
2024-07-12 16:51:37.493 [info] > git config --local branch.main.vscode-merge-base [8ms]
2024-07-12 16:51:37.521 [info] > git for-each-ref --format=%(refname)%00%(upstream:short)%00%(objectname)%00%(upstream:track)%00%(upstream:remotename)%00%(upstream:remoteref) refs/heads/origin/main refs/remotes/origin/main [8ms]
2024-07-12 16:51:48.614 [info] > git config --get commit.template [9ms]
2024-07-12 16:51:48.638 [info] > git for-each-ref --format=%(refname)%00%(upstream:short)%00%(objectname)%00%(upstream:track)%00%(upstream:remotename)%00%(upstream:remoteref) refs/heads/main refs/remotes/main [5ms]
2024-07-12 16:51:48.664 [info] > git status -z -uall [6ms]
2024-07-12 16:51:48.717 [info] > git for-each-ref --format=%(refname)%00%(upstream:short)%00%(objectname)%00%(upstream:track)%00%(upstream:remotename)%00%(upstream:remoteref) refs/heads/main refs/remotes/main [19ms]
2024-07-12 16:51:48.742 [info] > git config --local branch.main.vscode-merge-base [7ms]
2024-07-12 16:51:48.765 [info] > git for-each-ref --format=%(refname)%00%(upstream:short)%00%(objectname)%00%(upstream:track)%00%(upstream:remotename)%00%(upstream:remoteref) refs/heads/origin/main refs/remotes/origin/main [4ms]
