2024-09-03 02:19:00.269 [info] Added views:workbench.panel.markers.view in workbench.panel.markers
2024-09-03 02:19:00.269 [info] Added views:workbench.panel.output in workbench.panel.output
2024-09-03 02:19:00.269 [info] Added views:terminal in terminal
2024-09-03 02:19:00.269 [info] Added views:workbench.scm in workbench.view.scm
2024-09-03 02:19:00.269 [info] Added views:workbench.view.search in workbench.view.search
2024-09-03 02:19:00.269 [info] Added views:outline in workbench.views.service.sidebar.f7267c84-72dc-4e1b-9b99-8268233a296b
2024-09-03 02:19:00.269 [info] Added views:timeline in workbench.views.service.sidebar.f7267c84-72dc-4e1b-9b99-8268233a296b
2024-09-03 02:19:00.269 [info] Added views:workbench.explorer.fileView,workbench.explorer.openEditorsView in workbench.views.service.sidebar.f7267c84-72dc-4e1b-9b99-8268233a296b
2024-09-03 02:19:02.492 [info] Added views:workbench.debug.welcome in workbench.view.debug
2024-09-03 02:19:09.469 [info] Added views:workbench.panel.repl.view in workbench.panel.repl
2024-09-03 02:19:14.981 [info] Added views:~remote.forwardedPorts in ~remote.forwardedPortsContainer
2024-09-03 02:19:30.885 [info] Added views:workbench.view.testing in workbench.view.extension.test
2024-09-03 02:20:00.102 [info] Removed views:workbench.view.testing from workbench.view.extension.test
2024-09-03 02:20:02.783 [info] Added views:workbench.panel.markers.view in workbench.panel.markers
2024-09-03 02:20:02.783 [info] Added views:workbench.panel.output in workbench.panel.output
2024-09-03 02:20:02.783 [info] Added views:terminal in terminal
2024-09-03 02:20:02.783 [info] Added views:workbench.scm in workbench.view.scm
2024-09-03 02:20:02.783 [info] Added views:workbench.view.search in workbench.view.search
2024-09-03 02:20:02.783 [info] Added views:outline in workbench.views.service.sidebar.f7267c84-72dc-4e1b-9b99-8268233a296b
2024-09-03 02:20:02.783 [info] Added views:timeline in workbench.views.service.sidebar.f7267c84-72dc-4e1b-9b99-8268233a296b
2024-09-03 02:20:02.783 [info] Added views:workbench.explorer.fileView,workbench.explorer.openEditorsView in workbench.views.service.sidebar.f7267c84-72dc-4e1b-9b99-8268233a296b
2024-09-03 02:20:06.847 [info] Added views:workbench.debug.variablesView,workbench.debug.watchExpressionsView,workbench.debug.callStackView,workbench.debug.breakPointsView in workbench.view.debug
2024-09-03 02:20:07.324 [info] Added views:workbench.panel.repl.view in workbench.panel.repl
2024-09-03 02:20:07.330 [info] Removed views:workbench.debug.breakPointsView,workbench.debug.callStackView,workbench.debug.watchExpressionsView,workbench.debug.variablesView from workbench.view.debug
2024-09-03 02:20:07.330 [info] Added views:workbench.debug.welcome in workbench.view.debug
2024-09-03 02:20:10.085 [info] Added views:~remote.forwardedPorts in ~remote.forwardedPortsContainer
2024-09-03 02:20:53.576 [info] Added views:workbench.view.testing in workbench.view.extension.test
2024-09-03 05:47:34.005 [info] Removed views:workbench.view.testing from workbench.view.extension.test
