2024-08-27 19:24:39.096 [error] Reading directory to watch failed [Error: ENOENT: no such file or directory, scandir '/home/karthi/project/mongodb/start/.pixi/envs'
	at Object.readdirSync (node:fs:1507:26)
	at t.readdirSync (node:electron/js2c/node_init:2:11418)
	at /home/karthi/.vscode-oss/extensions/ms-python.python-2024.12.3-universal/out/client/extension.js:2:586747
	at /home/karthi/.vscode-oss/extensions/ms-python.python-2024.12.3-universal/out/client/extension.js:2:586938
	at Array.map (<anonymous>)
	at d.initWatchers (/home/karthi/.vscode-oss/extensions/ms-python.python-2024.12.3-universal/out/client/extension.js:2:586656)
	at async d.ensureWatchersReady (/home/karthi/.vscode-oss/extensions/ms-python.python-2024.12.3-universal/out/client/extension.js:2:543067)] {
  errno: -2,
  code: 'ENOENT',
  syscall: 'scandir',
  path: '/home/karthi/project/mongodb/start/.pixi/envs'
}
2024-08-27 19:24:39.096 [error] Dir "/home/karthi/project/mongodb/start/.pixi/envs" is not watchable (directory does not exist)
2024-08-27 19:24:39.096 [info] Default formatter is set to null for workspace /home/karthi/project/mongodb/start
2024-08-27 19:24:39.097 [error] Unable to check if shell integration is active [Error: Extension 'ms-python.python' CANNOT use API proposal: terminalDataWriteEvent.
Its package.json#enabledApiProposals-property declares:  but NOT terminalDataWriteEvent.
 The missing proposal MUST be added and you must start in extension development mode or use the following command line switch: --enable-proposed-api ms-python.python
	at P (/usr/lib/code/out/vs/workbench/api/node/extensionHostProcess.js:142:59143)
	at a.onDidWriteTerminalData (/usr/lib/code/out/vs/workbench/api/node/extensionHostProcess.js:164:32734)
	at new m (/home/karthi/.vscode-oss/extensions/ms-python.python-2024.12.3-universal/out/client/extension.js:2:816931)
	at t.resolveInstance (/home/karthi/.vscode-oss/extensions/ms-python.python-2024.12.3-universal/out/client/extension.js:2:1668732)
	at /home/karthi/.vscode-oss/extensions/ms-python.python-2024.12.3-universal/out/client/extension.js:2:1670640
	at Array.map (<anonymous>)
	at t.resolveInstance (/home/karthi/.vscode-oss/extensions/ms-python.python-2024.12.3-universal/out/client/extension.js:2:1668506)
	at /home/karthi/.vscode-oss/extensions/ms-python.python-2024.12.3-universal/out/client/extension.js:2:1670640
	at t.resolve (/home/karthi/.vscode-oss/extensions/ms-python.python-2024.12.3-universal/out/client/extension.js:2:1670903)
	at /home/karthi/.vscode-oss/extensions/ms-python.python-2024.12.3-universal/out/client/extension.js:2:1654466
	at e._get (/home/karthi/.vscode-oss/extensions/ms-python.python-2024.12.3-universal/out/client/extension.js:2:1654232)
	at e.get (/home/karthi/.vscode-oss/extensions/ms-python.python-2024.12.3-universal/out/client/extension.js:2:1652944)
	at e.dynamicValue (/home/karthi/.vscode-oss/extensions/ms-python.python-2024.12.3-universal/out/client/extension.js:2:1676008)
	at /home/karthi/.vscode-oss/extensions/ms-python.python-2024.12.3-universal/out/client/extension.js:2:1670129
	at c (/home/karthi/.vscode-oss/extensions/ms-python.python-2024.12.3-universal/out/client/extension.js:2:1669175)
	at /home/karthi/.vscode-oss/extensions/ms-python.python-2024.12.3-universal/out/client/extension.js:2:1670069
	at /home/karthi/.vscode-oss/extensions/ms-python.python-2024.12.3-universal/out/client/extension.js:2:1669588
	at Array.map (<anonymous>)
	at /home/karthi/.vscode-oss/extensions/ms-python.python-2024.12.3-universal/out/client/extension.js:2:1669560
	at Array.map (<anonymous>)
	at t.resolveInstance (/home/karthi/.vscode-oss/extensions/ms-python.python-2024.12.3-universal/out/client/extension.js:2:1668506)
	at /home/karthi/.vscode-oss/extensions/ms-python.python-2024.12.3-universal/out/client/extension.js:2:1670640
	at t.resolve (/home/karthi/.vscode-oss/extensions/ms-python.python-2024.12.3-universal/out/client/extension.js:2:1670903)
	at /home/karthi/.vscode-oss/extensions/ms-python.python-2024.12.3-universal/out/client/extension.js:2:1654466
	at e._get (/home/karthi/.vscode-oss/extensions/ms-python.python-2024.12.3-universal/out/client/extension.js:2:1654232)
	at e.get (/home/karthi/.vscode-oss/extensions/ms-python.python-2024.12.3-universal/out/client/extension.js:2:1652944)
	at a.get (/home/karthi/.vscode-oss/extensions/ms-python.python-2024.12.3-universal/out/client/extension.js:2:477070)
	at /home/karthi/.vscode-oss/extensions/ms-python.python-2024.12.3-universal/out/client/extension.js:2:397424
	at async t.activateComponents (/home/karthi/.vscode-oss/extensions/ms-python.python-2024.12.3-universal/out/client/extension.js:2:395711)
	at async /home/karthi/.vscode-oss/extensions/ms-python.python-2024.12.3-universal/out/client/extension.js:2:2588581
	at async e (/home/karthi/.vscode-oss/extensions/ms-python.python-2024.12.3-universal/out/client/extension.js:2:2588113)
	at async m.n (/usr/lib/code/out/vs/workbench/api/node/extensionHostProcess.js:144:6409)
	at async m (/usr/lib/code/out/vs/workbench/api/node/extensionHostProcess.js:144:6372)
	at async m.l (/usr/lib/code/out/vs/workbench/api/node/extensionHostProcess.js:144:5829)]
2024-08-27 19:24:39.097 [error] extension activation failed [Error: Extension 'ms-python.python' CANNOT use API proposal: terminalShellIntegration.
Its package.json#enabledApiProposals-property declares:  but NOT terminalShellIntegration.
 The missing proposal MUST be added and you must start in extension development mode or use the following command line switch: --enable-proposed-api ms-python.python
	at P (/usr/lib/code/out/vs/workbench/api/node/extensionHostProcess.js:142:59143)
	at Object.onDidStartTerminalShellExecution (/usr/lib/code/out/vs/workbench/api/node/extensionHostProcess.js:164:33147)
	at t.onDidStartTerminalShellExecution (/home/karthi/.vscode-oss/extensions/ms-python.python-2024.12.3-universal/out/client/extension.js:2:338602)
	at t.registerTriggerForPipInTerminal (/home/karthi/.vscode-oss/extensions/ms-python.python-2024.12.3-universal/out/client/extension.js:2:662828)
	at t.registerAllCreateEnvironmentFeatures (/home/karthi/.vscode-oss/extensions/ms-python.python-2024.12.3-universal/out/client/extension.js:2:697793)
	at t.activateFeatures (/home/karthi/.vscode-oss/extensions/ms-python.python-2024.12.3-universal/out/client/extension.js:2:397935)
	at /home/karthi/.vscode-oss/extensions/ms-python.python-2024.12.3-universal/out/client/extension.js:2:2588640
	at async e (/home/karthi/.vscode-oss/extensions/ms-python.python-2024.12.3-universal/out/client/extension.js:2:2588113)
	at async m.n (/usr/lib/code/out/vs/workbench/api/node/extensionHostProcess.js:144:6409)
	at async m (/usr/lib/code/out/vs/workbench/api/node/extensionHostProcess.js:144:6372)
	at async m.l (/usr/lib/code/out/vs/workbench/api/node/extensionHostProcess.js:144:5829)]
2024-08-27 19:24:39.216 [info] > pyenv which python
2024-08-27 19:24:39.216 [info] cwd: .
2024-08-27 19:24:42.074 [error] [
  'Failed to activate a workspace, Class name = m, completed in 3661ms, has a falsy return value, Arg 1: <Uri:/home/karthi/project/mongodb/start>, Arg 2: {"started":1724766876188}, Return Value: undefined',
  [Error: Extension 'ms-python.python' CANNOT use API proposal: testObserver.
  Its package.json#enabledApiProposals-property declares:  but NOT testObserver.
   The missing proposal MUST be added and you must start in extension development mode or use the following command line switch: --enable-proposed-api ms-python.python
  	at P (/usr/lib/code/out/vs/workbench/api/node/extensionHostProcess.js:142:59143)
  	at get testResults (/usr/lib/code/out/vs/workbench/api/node/extensionHostProcess.js:164:25438)
  	at T.activate (/home/karthi/.vscode-oss/extensions/ms-python.python-2024.12.3-universal/out/client/extension.js:2:845522)
  	at /home/karthi/.vscode-oss/extensions/ms-python.python-2024.12.3-universal/out/client/extension.js:2:2460
  	at Array.map (<anonymous>)
  	at m.activateWorkspace (/home/karthi/.vscode-oss/extensions/ms-python.python-2024.12.3-universal/out/client/extension.js:2:2450)]
]
2024-08-27 19:24:42.987 [info] Python interpreter path: ./.myenv/bin/python
2024-08-27 19:25:01.170 [info] Starting Jedi language server for start.
