Code - OSS (1.91.0, undefined, desktop)
Jupyter Extension Version: 2024.6.0.
Python Extension Version: 2024.10.0.
Pylance Extension not installed.
Platform: linux (x64).
Workspace folder ~/Leetcode-profile-scraper, Home = /home/karthi
21:53:10.346 [debug] Start refreshing Kernel Picker (1720714990345)
21:53:10.353 [error] Error in activating extension, failed in hy Error: Extension 'ms-toolsai.jupyter' CANNOT use API proposal: notebookKernelSource.
Its package.json#enabledApiProposals-property declares:  but NOT notebookKernelSource.
 The missing proposal MUST be added and you must start in extension development mode or use the following command line switch: --enable-proposed-api ms-toolsai.jupyter
    at P (/usr/lib/code/out/vs/workbench/api/node/extensionHostProcess.js:142:57960)
    at Object.createNotebookControllerDetectionTask (/usr/lib/code/out/vs/workbench/api/node/extensionHostProcess.js:164:46384)
    at i (/home/~/.vscode-oss/extensions/ms-toolsai.jupyter-2024.6.0-universal/dist/extension.node.js:299:6231)
    at hy.startRefreshWithPython (/home/~/.vscode-oss/extensions/ms-toolsai.jupyter-2024.6.0-universal/dist/extension.node.js:299:6454)
    at hy.activate (/home/~/.vscode-oss/extensions/ms-toolsai.jupyter-2024.6.0-universal/dist/extension.node.js:299:4678)
    at /home/~/.vscode-oss/extensions/ms-toolsai.jupyter-2024.6.0-universal/dist/extension.node.js:373:28858
    at Array.map (<anonymous>)
    at rI.activate (/home/~/.vscode-oss/extensions/ms-toolsai.jupyter-2024.6.0-universal/dist/extension.node.js:373:28844)
    at SG (/home/~/.vscode-oss/extensions/ms-toolsai.jupyter-2024.6.0-universal/dist/extension.node.js:436:2062)
    at Bfe (/home/~/.vscode-oss/extensions/ms-toolsai.jupyter-2024.6.0-universal/dist/extension.node.js:438:454)
21:53:10.515 [error] Error in activating extension, failed in zy Error: Extension 'ms-toolsai.jupyter' CANNOT use API proposal: notebookKernelSource.
Its package.json#enabledApiProposals-property declares:  but NOT notebookKernelSource.
 The missing proposal MUST be added and you must start in extension development mode or use the following command line switch: --enable-proposed-api ms-toolsai.jupyter
    at P (/usr/lib/code/out/vs/workbench/api/node/extensionHostProcess.js:142:57960)
    at Object.registerKernelSourceActionProvider (/usr/lib/code/out/vs/workbench/api/node/extensionHostProcess.js:164:46519)
    at zy.activate (/home/~/.vscode-oss/extensions/ms-toolsai.jupyter-2024.6.0-universal/dist/extension.node.js:304:115154)
    at /home/~/.vscode-oss/extensions/ms-toolsai.jupyter-2024.6.0-universal/dist/extension.node.js:373:28858
    at Array.map (<anonymous>)
    at rI.activate (/home/~/.vscode-oss/extensions/ms-toolsai.jupyter-2024.6.0-universal/dist/extension.node.js:373:28844)
    at SG (/home/~/.vscode-oss/extensions/ms-toolsai.jupyter-2024.6.0-universal/dist/extension.node.js:436:2062)
    at Bfe (/home/~/.vscode-oss/extensions/ms-toolsai.jupyter-2024.6.0-universal/dist/extension.node.js:438:454)
21:53:11.384 [debug] creating new code watcher with matching document file:///home/~/Leetcode-profile-scraper/main.py
21:53:20.017 [debug] Get Custom Env Variables, Class name = Sm, completed in 9672ms, has a truthy return value, Arg 1: undefined, Arg 2: "RunPythonCode"
21:53:20.018 [debug] Jupyter Paths /kernels: 
21:53:20.029 [debug] Kernel Spec Root Paths, /usr/share/jupyter/kernels, /usr/local/share/jupyter/kernels, ~/.local/share/jupyter/kernels
21:53:20.033 [warn] No interpreter with path /usr/bin/python3 found in Python API, will convert Uri path to string as Id /usr/bin/python3
21:53:21.316 [warn] Failed to attach variable provider Error: Extension 'ms-toolsai.jupyter' CANNOT use API proposal: notebookVariableProvider.
Its package.json#enabledApiProposals-property declares:  but NOT notebookVariableProvider.
 The missing proposal MUST be added and you must start in extension development mode or use the following command line switch: --enable-proposed-api ms-toolsai.jupyter
    at P (/usr/lib/code/out/vs/workbench/api/node/extensionHostProcess.js:142:57960)
    at Object.set variableProvider [as variableProvider] (/usr/lib/code/out/vs/workbench/api/node/extensionHostProcess.js:154:229430)
    at Function.create (/home/~/.vscode-oss/extensions/ms-toolsai.jupyter-2024.6.0-universal/dist/extension.node.js:304:85881)
    at /home/~/.vscode-oss/extensions/ms-toolsai.jupyter-2024.6.0-universal/dist/extension.node.js:304:99852
    at Array.forEach (<anonymous>)
    at Jy.addImpl (/home/~/.vscode-oss/extensions/ms-toolsai.jupyter-2024.6.0-universal/dist/extension.node.js:304:99825)
    at /home/~/.vscode-oss/extensions/ms-toolsai.jupyter-2024.6.0-universal/dist/extension.node.js:304:98811
    at Array.forEach (<anonymous>)
    at Jy.batchAdd (/home/~/.vscode-oss/extensions/ms-toolsai.jupyter-2024.6.0-universal/dist/extension.node.js:304:98781)
    at Jy.createNotebookControllers (/home/~/.vscode-oss/extensions/ms-toolsai.jupyter-2024.6.0-universal/dist/extension.node.js:304:97603)
    at Jy.loadControllersImpl (/home/~/.vscode-oss/extensions/ms-toolsai.jupyter-2024.6.0-universal/dist/extension.node.js:304:97063)
    at Jy.loadControllers (/home/~/.vscode-oss/extensions/ms-toolsai.jupyter-2024.6.0-universal/dist/extension.node.js:304:96713)
    at Jy.<anonymous> (/home/~/.vscode-oss/extensions/ms-toolsai.jupyter-2024.6.0-universal/dist/extension.node.js:304:95593)
    at r.B (/usr/lib/code/out/vs/workbench/api/node/extensionHostProcess.js:83:737)
    at r.fire (/usr/lib/code/out/vs/workbench/api/node/extensionHostProcess.js:83:954)
    at n.value (/home/~/.vscode-oss/extensions/ms-toolsai.jupyter-2024.6.0-universal/dist/extension.node.js:285:19835)
    at r.B (/usr/lib/code/out/vs/workbench/api/node/extensionHostProcess.js:83:737)
    at r.C (/usr/lib/code/out/vs/workbench/api/node/extensionHostProcess.js:83:807)
    at r.fire (/usr/lib/code/out/vs/workbench/api/node/extensionHostProcess.js:83:1023)
    at Xy.buildDummyEnvironment (/home/~/.vscode-oss/extensions/ms-toolsai.jupyter-2024.6.0-universal/dist/extension.node.js:304:144069)
21:53:21.343 [warn] Failed to attach variable provider Error: Extension 'ms-toolsai.jupyter' CANNOT use API proposal: notebookVariableProvider.
Its package.json#enabledApiProposals-property declares:  but NOT notebookVariableProvider.
 The missing proposal MUST be added and you must start in extension development mode or use the following command line switch: --enable-proposed-api ms-toolsai.jupyter
    at P (/usr/lib/code/out/vs/workbench/api/node/extensionHostProcess.js:142:57960)
    at Object.set variableProvider [as variableProvider] (/usr/lib/code/out/vs/workbench/api/node/extensionHostProcess.js:154:229430)
    at Function.create (/home/~/.vscode-oss/extensions/ms-toolsai.jupyter-2024.6.0-universal/dist/extension.node.js:304:85881)
    at /home/~/.vscode-oss/extensions/ms-toolsai.jupyter-2024.6.0-universal/dist/extension.node.js:304:99852
    at Array.forEach (<anonymous>)
    at Jy.addImpl (/home/~/.vscode-oss/extensions/ms-toolsai.jupyter-2024.6.0-universal/dist/extension.node.js:304:99825)
    at /home/~/.vscode-oss/extensions/ms-toolsai.jupyter-2024.6.0-universal/dist/extension.node.js:304:98811
    at Array.forEach (<anonymous>)
    at Jy.batchAdd (/home/~/.vscode-oss/extensions/ms-toolsai.jupyter-2024.6.0-universal/dist/extension.node.js:304:98781)
    at Jy.createNotebookControllers (/home/~/.vscode-oss/extensions/ms-toolsai.jupyter-2024.6.0-universal/dist/extension.node.js:304:97603)
    at Jy.loadControllersImpl (/home/~/.vscode-oss/extensions/ms-toolsai.jupyter-2024.6.0-universal/dist/extension.node.js:304:97063)
    at Jy.loadControllers (/home/~/.vscode-oss/extensions/ms-toolsai.jupyter-2024.6.0-universal/dist/extension.node.js:304:96713)
    at Jy.<anonymous> (/home/~/.vscode-oss/extensions/ms-toolsai.jupyter-2024.6.0-universal/dist/extension.node.js:304:95593)
    at r.B (/usr/lib/code/out/vs/workbench/api/node/extensionHostProcess.js:83:737)
    at r.fire (/usr/lib/code/out/vs/workbench/api/node/extensionHostProcess.js:83:954)
    at n.value (/home/~/.vscode-oss/extensions/ms-toolsai.jupyter-2024.6.0-universal/dist/extension.node.js:285:19835)
    at r.B (/usr/lib/code/out/vs/workbench/api/node/extensionHostProcess.js:83:737)
    at r.C (/usr/lib/code/out/vs/workbench/api/node/extensionHostProcess.js:83:807)
    at r.fire (/usr/lib/code/out/vs/workbench/api/node/extensionHostProcess.js:83:1023)
    at Xy.buildDummyEnvironment (/home/~/.vscode-oss/extensions/ms-toolsai.jupyter-2024.6.0-universal/dist/extension.node.js:304:144069)
21:53:21.379 [warn] Failed to attach variable provider Error: Extension 'ms-toolsai.jupyter' CANNOT use API proposal: notebookVariableProvider.
Its package.json#enabledApiProposals-property declares:  but NOT notebookVariableProvider.
 The missing proposal MUST be added and you must start in extension development mode or use the following command line switch: --enable-proposed-api ms-toolsai.jupyter
    at P (/usr/lib/code/out/vs/workbench/api/node/extensionHostProcess.js:142:57960)
    at Object.set variableProvider [as variableProvider] (/usr/lib/code/out/vs/workbench/api/node/extensionHostProcess.js:154:229430)
    at Function.create (/home/~/.vscode-oss/extensions/ms-toolsai.jupyter-2024.6.0-universal/dist/extension.node.js:304:85881)
    at /home/~/.vscode-oss/extensions/ms-toolsai.jupyter-2024.6.0-universal/dist/extension.node.js:304:99852
    at Array.forEach (<anonymous>)
    at Jy.addImpl (/home/~/.vscode-oss/extensions/ms-toolsai.jupyter-2024.6.0-universal/dist/extension.node.js:304:99825)
    at /home/~/.vscode-oss/extensions/ms-toolsai.jupyter-2024.6.0-universal/dist/extension.node.js:304:98811
    at Array.forEach (<anonymous>)
    at Jy.batchAdd (/home/~/.vscode-oss/extensions/ms-toolsai.jupyter-2024.6.0-universal/dist/extension.node.js:304:98781)
    at Jy.createNotebookControllers (/home/~/.vscode-oss/extensions/ms-toolsai.jupyter-2024.6.0-universal/dist/extension.node.js:304:97603)
    at Jy.loadControllersImpl (/home/~/.vscode-oss/extensions/ms-toolsai.jupyter-2024.6.0-universal/dist/extension.node.js:304:97063)
    at Jy.loadControllers (/home/~/.vscode-oss/extensions/ms-toolsai.jupyter-2024.6.0-universal/dist/extension.node.js:304:96713)
    at Jy.<anonymous> (/home/~/.vscode-oss/extensions/ms-toolsai.jupyter-2024.6.0-universal/dist/extension.node.js:304:95593)
    at r.B (/usr/lib/code/out/vs/workbench/api/node/extensionHostProcess.js:83:737)
    at r.fire (/usr/lib/code/out/vs/workbench/api/node/extensionHostProcess.js:83:954)
    at n.value (/home/~/.vscode-oss/extensions/ms-toolsai.jupyter-2024.6.0-universal/dist/extension.node.js:285:19835)
    at r.B (/usr/lib/code/out/vs/workbench/api/node/extensionHostProcess.js:83:737)
    at r.C (/usr/lib/code/out/vs/workbench/api/node/extensionHostProcess.js:83:807)
    at r.fire (/usr/lib/code/out/vs/workbench/api/node/extensionHostProcess.js:83:1023)
    at Xy.buildDummyEnvironment (/home/~/.vscode-oss/extensions/ms-toolsai.jupyter-2024.6.0-universal/dist/extension.node.js:304:144069)
21:53:21.414 [warn] Failed to attach variable provider Error: Extension 'ms-toolsai.jupyter' CANNOT use API proposal: notebookVariableProvider.
Its package.json#enabledApiProposals-property declares:  but NOT notebookVariableProvider.
 The missing proposal MUST be added and you must start in extension development mode or use the following command line switch: --enable-proposed-api ms-toolsai.jupyter
    at P (/usr/lib/code/out/vs/workbench/api/node/extensionHostProcess.js:142:57960)
    at Object.set variableProvider [as variableProvider] (/usr/lib/code/out/vs/workbench/api/node/extensionHostProcess.js:154:229430)
    at Function.create (/home/~/.vscode-oss/extensions/ms-toolsai.jupyter-2024.6.0-universal/dist/extension.node.js:304:85881)
    at /home/~/.vscode-oss/extensions/ms-toolsai.jupyter-2024.6.0-universal/dist/extension.node.js:304:99852
    at Array.forEach (<anonymous>)
    at Jy.addImpl (/home/~/.vscode-oss/extensions/ms-toolsai.jupyter-2024.6.0-universal/dist/extension.node.js:304:99825)
    at /home/~/.vscode-oss/extensions/ms-toolsai.jupyter-2024.6.0-universal/dist/extension.node.js:304:98811
    at Array.forEach (<anonymous>)
    at Jy.batchAdd (/home/~/.vscode-oss/extensions/ms-toolsai.jupyter-2024.6.0-universal/dist/extension.node.js:304:98781)
    at Jy.createNotebookControllers (/home/~/.vscode-oss/extensions/ms-toolsai.jupyter-2024.6.0-universal/dist/extension.node.js:304:97603)
    at Jy.loadControllersImpl (/home/~/.vscode-oss/extensions/ms-toolsai.jupyter-2024.6.0-universal/dist/extension.node.js:304:97063)
    at Jy.loadControllers (/home/~/.vscode-oss/extensions/ms-toolsai.jupyter-2024.6.0-universal/dist/extension.node.js:304:96713)
    at Jy.<anonymous> (/home/~/.vscode-oss/extensions/ms-toolsai.jupyter-2024.6.0-universal/dist/extension.node.js:304:95593)
    at r.B (/usr/lib/code/out/vs/workbench/api/node/extensionHostProcess.js:83:737)
    at r.fire (/usr/lib/code/out/vs/workbench/api/node/extensionHostProcess.js:83:954)
    at n.value (/home/~/.vscode-oss/extensions/ms-toolsai.jupyter-2024.6.0-universal/dist/extension.node.js:285:19835)
    at r.B (/usr/lib/code/out/vs/workbench/api/node/extensionHostProcess.js:83:737)
    at r.C (/usr/lib/code/out/vs/workbench/api/node/extensionHostProcess.js:83:807)
    at r.fire (/usr/lib/code/out/vs/workbench/api/node/extensionHostProcess.js:83:1023)
    at Xy.buildDummyEnvironment (/home/~/.vscode-oss/extensions/ms-toolsai.jupyter-2024.6.0-universal/dist/extension.node.js:304:144069)
21:53:21.455 [warn] Failed to attach variable provider Error: Extension 'ms-toolsai.jupyter' CANNOT use API proposal: notebookVariableProvider.
Its package.json#enabledApiProposals-property declares:  but NOT notebookVariableProvider.
 The missing proposal MUST be added and you must start in extension development mode or use the following command line switch: --enable-proposed-api ms-toolsai.jupyter
    at P (/usr/lib/code/out/vs/workbench/api/node/extensionHostProcess.js:142:57960)
    at Object.set variableProvider [as variableProvider] (/usr/lib/code/out/vs/workbench/api/node/extensionHostProcess.js:154:229430)
    at Function.create (/home/~/.vscode-oss/extensions/ms-toolsai.jupyter-2024.6.0-universal/dist/extension.node.js:304:85881)
    at /home/~/.vscode-oss/extensions/ms-toolsai.jupyter-2024.6.0-universal/dist/extension.node.js:304:99852
    at Array.forEach (<anonymous>)
    at Jy.addImpl (/home/~/.vscode-oss/extensions/ms-toolsai.jupyter-2024.6.0-universal/dist/extension.node.js:304:99825)
    at /home/~/.vscode-oss/extensions/ms-toolsai.jupyter-2024.6.0-universal/dist/extension.node.js:304:98811
    at Array.forEach (<anonymous>)
    at Jy.batchAdd (/home/~/.vscode-oss/extensions/ms-toolsai.jupyter-2024.6.0-universal/dist/extension.node.js:304:98781)
    at Jy.createNotebookControllers (/home/~/.vscode-oss/extensions/ms-toolsai.jupyter-2024.6.0-universal/dist/extension.node.js:304:97603)
    at Jy.loadControllersImpl (/home/~/.vscode-oss/extensions/ms-toolsai.jupyter-2024.6.0-universal/dist/extension.node.js:304:97063)
    at Jy.loadControllers (/home/~/.vscode-oss/extensions/ms-toolsai.jupyter-2024.6.0-universal/dist/extension.node.js:304:96713)
    at Jy.<anonymous> (/home/~/.vscode-oss/extensions/ms-toolsai.jupyter-2024.6.0-universal/dist/extension.node.js:304:95593)
    at r.B (/usr/lib/code/out/vs/workbench/api/node/extensionHostProcess.js:83:737)
    at r.fire (/usr/lib/code/out/vs/workbench/api/node/extensionHostProcess.js:83:954)
    at n.value (/home/~/.vscode-oss/extensions/ms-toolsai.jupyter-2024.6.0-universal/dist/extension.node.js:285:19835)
    at r.B (/usr/lib/code/out/vs/workbench/api/node/extensionHostProcess.js:83:737)
    at r.C (/usr/lib/code/out/vs/workbench/api/node/extensionHostProcess.js:83:807)
    at r.fire (/usr/lib/code/out/vs/workbench/api/node/extensionHostProcess.js:83:1023)
    at Xy.buildDummyEnvironment (/home/~/.vscode-oss/extensions/ms-toolsai.jupyter-2024.6.0-universal/dist/extension.node.js:304:144069)
21:53:21.458 [warn] Failed to attach variable provider Error: Extension 'ms-toolsai.jupyter' CANNOT use API proposal: notebookVariableProvider.
Its package.json#enabledApiProposals-property declares:  but NOT notebookVariableProvider.
 The missing proposal MUST be added and you must start in extension development mode or use the following command line switch: --enable-proposed-api ms-toolsai.jupyter
    at P (/usr/lib/code/out/vs/workbench/api/node/extensionHostProcess.js:142:57960)
    at Object.set variableProvider [as variableProvider] (/usr/lib/code/out/vs/workbench/api/node/extensionHostProcess.js:154:229430)
    at Function.create (/home/~/.vscode-oss/extensions/ms-toolsai.jupyter-2024.6.0-universal/dist/extension.node.js:304:85881)
    at /home/~/.vscode-oss/extensions/ms-toolsai.jupyter-2024.6.0-universal/dist/extension.node.js:304:99852
    at Array.forEach (<anonymous>)
    at Jy.addImpl (/home/~/.vscode-oss/extensions/ms-toolsai.jupyter-2024.6.0-universal/dist/extension.node.js:304:99825)
    at /home/~/.vscode-oss/extensions/ms-toolsai.jupyter-2024.6.0-universal/dist/extension.node.js:304:98811
    at Array.forEach (<anonymous>)
    at Jy.batchAdd (/home/~/.vscode-oss/extensions/ms-toolsai.jupyter-2024.6.0-universal/dist/extension.node.js:304:98781)
    at Jy.createNotebookControllers (/home/~/.vscode-oss/extensions/ms-toolsai.jupyter-2024.6.0-universal/dist/extension.node.js:304:97603)
    at Jy.loadControllersImpl (/home/~/.vscode-oss/extensions/ms-toolsai.jupyter-2024.6.0-universal/dist/extension.node.js:304:97063)
    at Jy.loadControllers (/home/~/.vscode-oss/extensions/ms-toolsai.jupyter-2024.6.0-universal/dist/extension.node.js:304:96713)
    at Jy.<anonymous> (/home/~/.vscode-oss/extensions/ms-toolsai.jupyter-2024.6.0-universal/dist/extension.node.js:304:95593)
    at r.B (/usr/lib/code/out/vs/workbench/api/node/extensionHostProcess.js:83:737)
    at r.fire (/usr/lib/code/out/vs/workbench/api/node/extensionHostProcess.js:83:954)
    at n.value (/home/~/.vscode-oss/extensions/ms-toolsai.jupyter-2024.6.0-universal/dist/extension.node.js:285:19835)
    at r.B (/usr/lib/code/out/vs/workbench/api/node/extensionHostProcess.js:83:737)
    at r.C (/usr/lib/code/out/vs/workbench/api/node/extensionHostProcess.js:83:807)
    at r.fire (/usr/lib/code/out/vs/workbench/api/node/extensionHostProcess.js:83:1023)
    at Xy.buildDummyEnvironment (/home/~/.vscode-oss/extensions/ms-toolsai.jupyter-2024.6.0-universal/dist/extension.node.js:304:144069)
21:53:21.515 [warn] Failed to attach variable provider Error: Extension 'ms-toolsai.jupyter' CANNOT use API proposal: notebookVariableProvider.
Its package.json#enabledApiProposals-property declares:  but NOT notebookVariableProvider.
 The missing proposal MUST be added and you must start in extension development mode or use the following command line switch: --enable-proposed-api ms-toolsai.jupyter
    at P (/usr/lib/code/out/vs/workbench/api/node/extensionHostProcess.js:142:57960)
    at Object.set variableProvider [as variableProvider] (/usr/lib/code/out/vs/workbench/api/node/extensionHostProcess.js:154:229430)
    at Function.create (/home/~/.vscode-oss/extensions/ms-toolsai.jupyter-2024.6.0-universal/dist/extension.node.js:304:85881)
    at /home/~/.vscode-oss/extensions/ms-toolsai.jupyter-2024.6.0-universal/dist/extension.node.js:304:99852
    at Array.forEach (<anonymous>)
    at Jy.addImpl (/home/~/.vscode-oss/extensions/ms-toolsai.jupyter-2024.6.0-universal/dist/extension.node.js:304:99825)
    at /home/~/.vscode-oss/extensions/ms-toolsai.jupyter-2024.6.0-universal/dist/extension.node.js:304:98811
    at Array.forEach (<anonymous>)
    at Jy.batchAdd (/home/~/.vscode-oss/extensions/ms-toolsai.jupyter-2024.6.0-universal/dist/extension.node.js:304:98781)
    at Jy.createNotebookControllers (/home/~/.vscode-oss/extensions/ms-toolsai.jupyter-2024.6.0-universal/dist/extension.node.js:304:97603)
    at Jy.loadControllersImpl (/home/~/.vscode-oss/extensions/ms-toolsai.jupyter-2024.6.0-universal/dist/extension.node.js:304:97063)
    at Jy.loadControllers (/home/~/.vscode-oss/extensions/ms-toolsai.jupyter-2024.6.0-universal/dist/extension.node.js:304:96713)
    at Jy.<anonymous> (/home/~/.vscode-oss/extensions/ms-toolsai.jupyter-2024.6.0-universal/dist/extension.node.js:304:95593)
    at r.B (/usr/lib/code/out/vs/workbench/api/node/extensionHostProcess.js:83:737)
    at r.fire (/usr/lib/code/out/vs/workbench/api/node/extensionHostProcess.js:83:954)
    at n.value (/home/~/.vscode-oss/extensions/ms-toolsai.jupyter-2024.6.0-universal/dist/extension.node.js:285:19835)
    at r.B (/usr/lib/code/out/vs/workbench/api/node/extensionHostProcess.js:83:737)
    at r.C (/usr/lib/code/out/vs/workbench/api/node/extensionHostProcess.js:83:807)
    at r.fire (/usr/lib/code/out/vs/workbench/api/node/extensionHostProcess.js:83:1023)
    at Xy.buildDummyEnvironment (/home/~/.vscode-oss/extensions/ms-toolsai.jupyter-2024.6.0-universal/dist/extension.node.js:304:144069)
21:53:21.526 [warn] Failed to attach variable provider Error: Extension 'ms-toolsai.jupyter' CANNOT use API proposal: notebookVariableProvider.
Its package.json#enabledApiProposals-property declares:  but NOT notebookVariableProvider.
 The missing proposal MUST be added and you must start in extension development mode or use the following command line switch: --enable-proposed-api ms-toolsai.jupyter
    at P (/usr/lib/code/out/vs/workbench/api/node/extensionHostProcess.js:142:57960)
    at Object.set variableProvider [as variableProvider] (/usr/lib/code/out/vs/workbench/api/node/extensionHostProcess.js:154:229430)
    at Function.create (/home/~/.vscode-oss/extensions/ms-toolsai.jupyter-2024.6.0-universal/dist/extension.node.js:304:85881)
    at /home/~/.vscode-oss/extensions/ms-toolsai.jupyter-2024.6.0-universal/dist/extension.node.js:304:99852
    at Array.forEach (<anonymous>)
    at Jy.addImpl (/home/~/.vscode-oss/extensions/ms-toolsai.jupyter-2024.6.0-universal/dist/extension.node.js:304:99825)
    at /home/~/.vscode-oss/extensions/ms-toolsai.jupyter-2024.6.0-universal/dist/extension.node.js:304:98811
    at Array.forEach (<anonymous>)
    at Jy.batchAdd (/home/~/.vscode-oss/extensions/ms-toolsai.jupyter-2024.6.0-universal/dist/extension.node.js:304:98781)
    at Jy.createNotebookControllers (/home/~/.vscode-oss/extensions/ms-toolsai.jupyter-2024.6.0-universal/dist/extension.node.js:304:97603)
    at Jy.loadControllersImpl (/home/~/.vscode-oss/extensions/ms-toolsai.jupyter-2024.6.0-universal/dist/extension.node.js:304:97063)
    at Jy.loadControllers (/home/~/.vscode-oss/extensions/ms-toolsai.jupyter-2024.6.0-universal/dist/extension.node.js:304:96713)
    at Jy.<anonymous> (/home/~/.vscode-oss/extensions/ms-toolsai.jupyter-2024.6.0-universal/dist/extension.node.js:304:95593)
    at r.B (/usr/lib/code/out/vs/workbench/api/node/extensionHostProcess.js:83:737)
    at r.fire (/usr/lib/code/out/vs/workbench/api/node/extensionHostProcess.js:83:954)
    at n.value (/home/~/.vscode-oss/extensions/ms-toolsai.jupyter-2024.6.0-universal/dist/extension.node.js:285:19835)
    at r.B (/usr/lib/code/out/vs/workbench/api/node/extensionHostProcess.js:83:737)
    at r.C (/usr/lib/code/out/vs/workbench/api/node/extensionHostProcess.js:83:807)
    at r.fire (/usr/lib/code/out/vs/workbench/api/node/extensionHostProcess.js:83:1023)
    at Xy.buildDummyEnvironment (/home/~/.vscode-oss/extensions/ms-toolsai.jupyter-2024.6.0-universal/dist/extension.node.js:304:144069)
21:53:25.550 [warn] Failed to attach variable provider Error: Extension 'ms-toolsai.jupyter' CANNOT use API proposal: notebookVariableProvider.
Its package.json#enabledApiProposals-property declares:  but NOT notebookVariableProvider.
 The missing proposal MUST be added and you must start in extension development mode or use the following command line switch: --enable-proposed-api ms-toolsai.jupyter
    at P (/usr/lib/code/out/vs/workbench/api/node/extensionHostProcess.js:142:57960)
    at Object.set variableProvider [as variableProvider] (/usr/lib/code/out/vs/workbench/api/node/extensionHostProcess.js:154:229430)
    at Function.create (/home/~/.vscode-oss/extensions/ms-toolsai.jupyter-2024.6.0-universal/dist/extension.node.js:304:85881)
    at /home/~/.vscode-oss/extensions/ms-toolsai.jupyter-2024.6.0-universal/dist/extension.node.js:304:99852
    at Array.forEach (<anonymous>)
    at Jy.addImpl (/home/~/.vscode-oss/extensions/ms-toolsai.jupyter-2024.6.0-universal/dist/extension.node.js:304:99825)
    at /home/~/.vscode-oss/extensions/ms-toolsai.jupyter-2024.6.0-universal/dist/extension.node.js:304:98811
    at Array.forEach (<anonymous>)
    at Jy.batchAdd (/home/~/.vscode-oss/extensions/ms-toolsai.jupyter-2024.6.0-universal/dist/extension.node.js:304:98781)
    at Jy.createNotebookControllers (/home/~/.vscode-oss/extensions/ms-toolsai.jupyter-2024.6.0-universal/dist/extension.node.js:304:97603)
    at Jy.loadControllersImpl (/home/~/.vscode-oss/extensions/ms-toolsai.jupyter-2024.6.0-universal/dist/extension.node.js:304:97063)
    at Jy.loadControllers (/home/~/.vscode-oss/extensions/ms-toolsai.jupyter-2024.6.0-universal/dist/extension.node.js:304:96713)
    at Jy.<anonymous> (/home/~/.vscode-oss/extensions/ms-toolsai.jupyter-2024.6.0-universal/dist/extension.node.js:304:95593)
    at r.B (/usr/lib/code/out/vs/workbench/api/node/extensionHostProcess.js:83:737)
    at r.fire (/usr/lib/code/out/vs/workbench/api/node/extensionHostProcess.js:83:954)
    at n.value (/home/~/.vscode-oss/extensions/ms-toolsai.jupyter-2024.6.0-universal/dist/extension.node.js:285:19835)
    at r.B (/usr/lib/code/out/vs/workbench/api/node/extensionHostProcess.js:83:737)
    at r.C (/usr/lib/code/out/vs/workbench/api/node/extensionHostProcess.js:83:807)
    at r.fire (/usr/lib/code/out/vs/workbench/api/node/extensionHostProcess.js:83:1023)
    at Qm.writeToCache (/home/~/.vscode-oss/extensions/ms-toolsai.jupyter-2024.6.0-universal/dist/extension.node.js:299:35919)
    at Qm.updateCache (/home/~/.vscode-oss/extensions/ms-toolsai.jupyter-2024.6.0-universal/dist/extension.node.js:299:35204)
    at /home/~/.vscode-oss/extensions/ms-toolsai.jupyter-2024.6.0-universal/dist/extension.node.js:60:12513
    at VG (/home/~/.vscode-oss/extensions/ms-toolsai.jupyter-2024.6.0-universal/dist/extension.node.js:60:12090)
    at Qm.i.value (/home/~/.vscode-oss/extensions/ms-toolsai.jupyter-2024.6.0-universal/dist/extension.node.js:60:12494)
    at r.B (/usr/lib/code/out/vs/workbench/api/node/extensionHostProcess.js:83:737)
    at r.fire (/usr/lib/code/out/vs/workbench/api/node/extensionHostProcess.js:83:954)
    at tu.updateCache (/home/~/.vscode-oss/extensions/ms-toolsai.jupyter-2024.6.0-universal/dist/extension.node.js:299:30945)
    at tu.appendNewKernels (/home/~/.vscode-oss/extensions/ms-toolsai.jupyter-2024.6.0-universal/dist/extension.node.js:299:32112)
    at /home/~/.vscode-oss/extensions/ms-toolsai.jupyter-2024.6.0-universal/dist/extension.node.js:299:31763
    at async Promise.all (index 1)
    at tu.listKernelsImplementation (/home/~/.vscode-oss/extensions/ms-toolsai.jupyter-2024.6.0-universal/dist/extension.node.js:299:31784)
    at /home/~/.vscode-oss/extensions/ms-toolsai.jupyter-2024.6.0-universal/dist/extension.node.js:299:29410
21:53:25.560 [warn] Failed to attach variable provider Error: Extension 'ms-toolsai.jupyter' CANNOT use API proposal: notebookVariableProvider.
Its package.json#enabledApiProposals-property declares:  but NOT notebookVariableProvider.
 The missing proposal MUST be added and you must start in extension development mode or use the following command line switch: --enable-proposed-api ms-toolsai.jupyter
    at P (/usr/lib/code/out/vs/workbench/api/node/extensionHostProcess.js:142:57960)
    at Object.set variableProvider [as variableProvider] (/usr/lib/code/out/vs/workbench/api/node/extensionHostProcess.js:154:229430)
    at Function.create (/home/~/.vscode-oss/extensions/ms-toolsai.jupyter-2024.6.0-universal/dist/extension.node.js:304:85881)
    at /home/~/.vscode-oss/extensions/ms-toolsai.jupyter-2024.6.0-universal/dist/extension.node.js:304:99852
    at Array.forEach (<anonymous>)
    at Jy.addImpl (/home/~/.vscode-oss/extensions/ms-toolsai.jupyter-2024.6.0-universal/dist/extension.node.js:304:99825)
    at /home/~/.vscode-oss/extensions/ms-toolsai.jupyter-2024.6.0-universal/dist/extension.node.js:304:98811
    at Array.forEach (<anonymous>)
    at Jy.batchAdd (/home/~/.vscode-oss/extensions/ms-toolsai.jupyter-2024.6.0-universal/dist/extension.node.js:304:98781)
    at Jy.createNotebookControllers (/home/~/.vscode-oss/extensions/ms-toolsai.jupyter-2024.6.0-universal/dist/extension.node.js:304:97603)
    at Jy.loadControllersImpl (/home/~/.vscode-oss/extensions/ms-toolsai.jupyter-2024.6.0-universal/dist/extension.node.js:304:97063)
    at Jy.loadControllers (/home/~/.vscode-oss/extensions/ms-toolsai.jupyter-2024.6.0-universal/dist/extension.node.js:304:96713)
    at Jy.<anonymous> (/home/~/.vscode-oss/extensions/ms-toolsai.jupyter-2024.6.0-universal/dist/extension.node.js:304:95593)
    at r.B (/usr/lib/code/out/vs/workbench/api/node/extensionHostProcess.js:83:737)
    at r.fire (/usr/lib/code/out/vs/workbench/api/node/extensionHostProcess.js:83:954)
    at n.value (/home/~/.vscode-oss/extensions/ms-toolsai.jupyter-2024.6.0-universal/dist/extension.node.js:285:19835)
    at r.B (/usr/lib/code/out/vs/workbench/api/node/extensionHostProcess.js:83:737)
    at r.C (/usr/lib/code/out/vs/workbench/api/node/extensionHostProcess.js:83:807)
    at r.fire (/usr/lib/code/out/vs/workbench/api/node/extensionHostProcess.js:83:1023)
    at Qm.writeToCache (/home/~/.vscode-oss/extensions/ms-toolsai.jupyter-2024.6.0-universal/dist/extension.node.js:299:35919)
    at Qm.updateCache (/home/~/.vscode-oss/extensions/ms-toolsai.jupyter-2024.6.0-universal/dist/extension.node.js:299:35204)
    at /home/~/.vscode-oss/extensions/ms-toolsai.jupyter-2024.6.0-universal/dist/extension.node.js:60:12513
    at VG (/home/~/.vscode-oss/extensions/ms-toolsai.jupyter-2024.6.0-universal/dist/extension.node.js:60:12090)
    at Qm.i.value (/home/~/.vscode-oss/extensions/ms-toolsai.jupyter-2024.6.0-universal/dist/extension.node.js:60:12494)
    at r.B (/usr/lib/code/out/vs/workbench/api/node/extensionHostProcess.js:83:737)
    at r.fire (/usr/lib/code/out/vs/workbench/api/node/extensionHostProcess.js:83:954)
    at tu.updateCache (/home/~/.vscode-oss/extensions/ms-toolsai.jupyter-2024.6.0-universal/dist/extension.node.js:299:30945)
    at tu.appendNewKernels (/home/~/.vscode-oss/extensions/ms-toolsai.jupyter-2024.6.0-universal/dist/extension.node.js:299:32112)
    at /home/~/.vscode-oss/extensions/ms-toolsai.jupyter-2024.6.0-universal/dist/extension.node.js:299:31763
    at async Promise.all (index 1)
    at tu.listKernelsImplementation (/home/~/.vscode-oss/extensions/ms-toolsai.jupyter-2024.6.0-universal/dist/extension.node.js:299:31784)
    at /home/~/.vscode-oss/extensions/ms-toolsai.jupyter-2024.6.0-universal/dist/extension.node.js:299:29410
21:53:25.572 [warn] Failed to attach variable provider Error: Extension 'ms-toolsai.jupyter' CANNOT use API proposal: notebookVariableProvider.
Its package.json#enabledApiProposals-property declares:  but NOT notebookVariableProvider.
 The missing proposal MUST be added and you must start in extension development mode or use the following command line switch: --enable-proposed-api ms-toolsai.jupyter
    at P (/usr/lib/code/out/vs/workbench/api/node/extensionHostProcess.js:142:57960)
    at Object.set variableProvider [as variableProvider] (/usr/lib/code/out/vs/workbench/api/node/extensionHostProcess.js:154:229430)
    at Function.create (/home/~/.vscode-oss/extensions/ms-toolsai.jupyter-2024.6.0-universal/dist/extension.node.js:304:85881)
    at /home/~/.vscode-oss/extensions/ms-toolsai.jupyter-2024.6.0-universal/dist/extension.node.js:304:99852
    at Array.forEach (<anonymous>)
    at Jy.addImpl (/home/~/.vscode-oss/extensions/ms-toolsai.jupyter-2024.6.0-universal/dist/extension.node.js:304:99825)
    at /home/~/.vscode-oss/extensions/ms-toolsai.jupyter-2024.6.0-universal/dist/extension.node.js:304:98811
    at Array.forEach (<anonymous>)
    at Jy.batchAdd (/home/~/.vscode-oss/extensions/ms-toolsai.jupyter-2024.6.0-universal/dist/extension.node.js:304:98781)
    at Jy.createNotebookControllers (/home/~/.vscode-oss/extensions/ms-toolsai.jupyter-2024.6.0-universal/dist/extension.node.js:304:97603)
    at Jy.loadControllersImpl (/home/~/.vscode-oss/extensions/ms-toolsai.jupyter-2024.6.0-universal/dist/extension.node.js:304:97063)
    at Jy.loadControllers (/home/~/.vscode-oss/extensions/ms-toolsai.jupyter-2024.6.0-universal/dist/extension.node.js:304:96713)
    at Jy.<anonymous> (/home/~/.vscode-oss/extensions/ms-toolsai.jupyter-2024.6.0-universal/dist/extension.node.js:304:95593)
    at r.B (/usr/lib/code/out/vs/workbench/api/node/extensionHostProcess.js:83:737)
    at r.fire (/usr/lib/code/out/vs/workbench/api/node/extensionHostProcess.js:83:954)
    at n.value (/home/~/.vscode-oss/extensions/ms-toolsai.jupyter-2024.6.0-universal/dist/extension.node.js:285:19835)
    at r.B (/usr/lib/code/out/vs/workbench/api/node/extensionHostProcess.js:83:737)
    at r.C (/usr/lib/code/out/vs/workbench/api/node/extensionHostProcess.js:83:807)
    at r.fire (/usr/lib/code/out/vs/workbench/api/node/extensionHostProcess.js:83:1023)
    at Xy.buildDummyEnvironment (/home/~/.vscode-oss/extensions/ms-toolsai.jupyter-2024.6.0-universal/dist/extension.node.js:304:144069)
21:53:25.575 [warn] Failed to attach variable provider Error: Extension 'ms-toolsai.jupyter' CANNOT use API proposal: notebookVariableProvider.
Its package.json#enabledApiProposals-property declares:  but NOT notebookVariableProvider.
 The missing proposal MUST be added and you must start in extension development mode or use the following command line switch: --enable-proposed-api ms-toolsai.jupyter
    at P (/usr/lib/code/out/vs/workbench/api/node/extensionHostProcess.js:142:57960)
    at Object.set variableProvider [as variableProvider] (/usr/lib/code/out/vs/workbench/api/node/extensionHostProcess.js:154:229430)
    at Function.create (/home/~/.vscode-oss/extensions/ms-toolsai.jupyter-2024.6.0-universal/dist/extension.node.js:304:85881)
    at /home/~/.vscode-oss/extensions/ms-toolsai.jupyter-2024.6.0-universal/dist/extension.node.js:304:99852
    at Array.forEach (<anonymous>)
    at Jy.addImpl (/home/~/.vscode-oss/extensions/ms-toolsai.jupyter-2024.6.0-universal/dist/extension.node.js:304:99825)
    at /home/~/.vscode-oss/extensions/ms-toolsai.jupyter-2024.6.0-universal/dist/extension.node.js:304:98811
    at Array.forEach (<anonymous>)
    at Jy.batchAdd (/home/~/.vscode-oss/extensions/ms-toolsai.jupyter-2024.6.0-universal/dist/extension.node.js:304:98781)
    at Jy.createNotebookControllers (/home/~/.vscode-oss/extensions/ms-toolsai.jupyter-2024.6.0-universal/dist/extension.node.js:304:97603)
    at Jy.loadControllersImpl (/home/~/.vscode-oss/extensions/ms-toolsai.jupyter-2024.6.0-universal/dist/extension.node.js:304:97063)
    at Jy.loadControllers (/home/~/.vscode-oss/extensions/ms-toolsai.jupyter-2024.6.0-universal/dist/extension.node.js:304:96713)
    at Jy.<anonymous> (/home/~/.vscode-oss/extensions/ms-toolsai.jupyter-2024.6.0-universal/dist/extension.node.js:304:95593)
    at r.B (/usr/lib/code/out/vs/workbench/api/node/extensionHostProcess.js:83:737)
    at r.fire (/usr/lib/code/out/vs/workbench/api/node/extensionHostProcess.js:83:954)
    at n.value (/home/~/.vscode-oss/extensions/ms-toolsai.jupyter-2024.6.0-universal/dist/extension.node.js:285:19835)
    at r.B (/usr/lib/code/out/vs/workbench/api/node/extensionHostProcess.js:83:737)
    at r.C (/usr/lib/code/out/vs/workbench/api/node/extensionHostProcess.js:83:807)
    at r.fire (/usr/lib/code/out/vs/workbench/api/node/extensionHostProcess.js:83:1023)
    at Xy.buildDummyEnvironment (/home/~/.vscode-oss/extensions/ms-toolsai.jupyter-2024.6.0-universal/dist/extension.node.js:304:144069)
21:53:25.585 [warn] The following kernels use interpreters that are no longer valid or not recognized by Python extension, Kernels startUsingPythonInterpreter:'id=.jvsc74a57bd0767d51c1340bd893661ea55ea3124f6de3c7a262a8b4abca0554b478b1e2ff90./usr/bin/python./usr/bin/python.-m#ipykernel_launcher'(interpreterId='/usr/bin/python') and valid interpreter ids include /bin/python, /sbin/python, /usr/bin/python3, /usr/sbin/python
21:53:25.586 [debug] Local Python connection deleted startUsingPythonInterpreter:'.jvsc74a57bd0767d51c1340bd893661ea55ea3124f6de3c7a262a8b4abca0554b478b1e2ff90./usr/bin/python./usr/bin/python.-m#ipykernel_launcher: (interpreter id=/usr/bin/python)'
22:10:16.571 [debug] creating new code watcher with matching document file:///home/~/Leetcode-profile-scraper/p.py
22:22:59.809 [debug] creating new code watcher with matching document file:///home/~/Leetcode-profile-scraper/scraper.py
02:33:55.560 [debug] creating new code watcher with matching document file:///home/~/Leetcode-profile-scraper/p.py
