Code - OSS (1.91.0, undefined, desktop)
Jupyter Extension Version: 2024.6.0.
Python Extension Version: 2024.10.0.
Pylance Extension not installed.
Platform: linux (x64).
Workspace folder ~/ml, Home = /home/karthi
09:35:06.159 [debug] Start refreshing Kernel Picker (1720757106159)
09:35:06.162 [error] Error in activating extension, failed in hy Error: Extension 'ms-toolsai.jupyter' CANNOT use API proposal: notebookKernelSource.
Its package.json#enabledApiProposals-property declares:  but NOT notebookKernelSource.
 The missing proposal MUST be added and you must start in extension development mode or use the following command line switch: --enable-proposed-api ms-toolsai.jupyter
    at P (/usr/lib/code/out/vs/workbench/api/node/extensionHostProcess.js:142:57960)
    at Object.createNotebookControllerDetectionTask (/usr/lib/code/out/vs/workbench/api/node/extensionHostProcess.js:164:46384)
    at i (/home/~/.vscode-oss/extensions/ms-toolsai.jupyter-2024.6.0-universal/dist/extension.node.js:299:6231)
    at hy.startRefreshWithPython (/home/~/.vscode-oss/extensions/ms-toolsai.jupyter-2024.6.0-universal/dist/extension.node.js:299:6454)
    at hy.activate (/home/~/.vscode-oss/extensions/ms-toolsai.jupyter-2024.6.0-universal/dist/extension.node.js:299:4678)
    at /home/~/.vscode-oss/extensions/ms-toolsai.jupyter-2024.6.0-universal/dist/extension.node.js:373:28858
    at Array.map (<anonymous>)
    at rI.activate (/home/~/.vscode-oss/extensions/ms-toolsai.jupyter-2024.6.0-universal/dist/extension.node.js:373:28844)
    at SG (/home/~/.vscode-oss/extensions/ms-toolsai.jupyter-2024.6.0-universal/dist/extension.node.js:436:2062)
    at Bfe (/home/~/.vscode-oss/extensions/ms-toolsai.jupyter-2024.6.0-universal/dist/extension.node.js:438:454)
09:35:06.337 [error] Error in activating extension, failed in zy Error: Extension 'ms-toolsai.jupyter' CANNOT use API proposal: notebookKernelSource.
Its package.json#enabledApiProposals-property declares:  but NOT notebookKernelSource.
 The missing proposal MUST be added and you must start in extension development mode or use the following command line switch: --enable-proposed-api ms-toolsai.jupyter
    at P (/usr/lib/code/out/vs/workbench/api/node/extensionHostProcess.js:142:57960)
    at Object.registerKernelSourceActionProvider (/usr/lib/code/out/vs/workbench/api/node/extensionHostProcess.js:164:46519)
    at zy.activate (/home/~/.vscode-oss/extensions/ms-toolsai.jupyter-2024.6.0-universal/dist/extension.node.js:304:115154)
    at /home/~/.vscode-oss/extensions/ms-toolsai.jupyter-2024.6.0-universal/dist/extension.node.js:373:28858
    at Array.map (<anonymous>)
    at rI.activate (/home/~/.vscode-oss/extensions/ms-toolsai.jupyter-2024.6.0-universal/dist/extension.node.js:373:28844)
    at SG (/home/~/.vscode-oss/extensions/ms-toolsai.jupyter-2024.6.0-universal/dist/extension.node.js:436:2062)
    at Bfe (/home/~/.vscode-oss/extensions/ms-toolsai.jupyter-2024.6.0-universal/dist/extension.node.js:438:454)
09:35:07.800 [debug] creating new code watcher with matching document file:///home/~/ml/val.py
09:35:17.956 [debug] Get Custom Env Variables, Class name = Sm, completed in 11793ms, has a truthy return value, Arg 1: undefined, Arg 2: "RunPythonCode"
09:35:17.957 [debug] Jupyter Paths /kernels: 
09:35:17.965 [debug] Kernel Spec Root Paths, /usr/share/jupyter/kernels, /usr/local/share/jupyter/kernels, ~/.local/share/jupyter/kernels
09:35:17.970 [warn] No interpreter with path /usr/bin/python3 found in Python API, will convert Uri path to string as Id /usr/bin/python3
09:35:18.884 [warn] Failed to attach variable provider Error: Extension 'ms-toolsai.jupyter' CANNOT use API proposal: notebookVariableProvider.
Its package.json#enabledApiProposals-property declares:  but NOT notebookVariableProvider.
 The missing proposal MUST be added and you must start in extension development mode or use the following command line switch: --enable-proposed-api ms-toolsai.jupyter
    at P (/usr/lib/code/out/vs/workbench/api/node/extensionHostProcess.js:142:57960)
    at Object.set variableProvider [as variableProvider] (/usr/lib/code/out/vs/workbench/api/node/extensionHostProcess.js:154:229430)
    at Function.create (/home/~/.vscode-oss/extensions/ms-toolsai.jupyter-2024.6.0-universal/dist/extension.node.js:304:85881)
    at /home/~/.vscode-oss/extensions/ms-toolsai.jupyter-2024.6.0-universal/dist/extension.node.js:304:99852
    at Array.forEach (<anonymous>)
    at Jy.addImpl (/home/~/.vscode-oss/extensions/ms-toolsai.jupyter-2024.6.0-universal/dist/extension.node.js:304:99825)
    at /home/~/.vscode-oss/extensions/ms-toolsai.jupyter-2024.6.0-universal/dist/extension.node.js:304:98811
    at Array.forEach (<anonymous>)
    at Jy.batchAdd (/home/~/.vscode-oss/extensions/ms-toolsai.jupyter-2024.6.0-universal/dist/extension.node.js:304:98781)
    at Jy.createNotebookControllers (/home/~/.vscode-oss/extensions/ms-toolsai.jupyter-2024.6.0-universal/dist/extension.node.js:304:97603)
    at Jy.loadControllersImpl (/home/~/.vscode-oss/extensions/ms-toolsai.jupyter-2024.6.0-universal/dist/extension.node.js:304:97063)
    at Jy.loadControllers (/home/~/.vscode-oss/extensions/ms-toolsai.jupyter-2024.6.0-universal/dist/extension.node.js:304:96713)
    at Jy.<anonymous> (/home/~/.vscode-oss/extensions/ms-toolsai.jupyter-2024.6.0-universal/dist/extension.node.js:304:95593)
    at r.B (/usr/lib/code/out/vs/workbench/api/node/extensionHostProcess.js:83:737)
    at r.fire (/usr/lib/code/out/vs/workbench/api/node/extensionHostProcess.js:83:954)
    at n.value (/home/~/.vscode-oss/extensions/ms-toolsai.jupyter-2024.6.0-universal/dist/extension.node.js:285:19835)
    at r.B (/usr/lib/code/out/vs/workbench/api/node/extensionHostProcess.js:83:737)
    at r.C (/usr/lib/code/out/vs/workbench/api/node/extensionHostProcess.js:83:807)
    at r.fire (/usr/lib/code/out/vs/workbench/api/node/extensionHostProcess.js:83:1023)
    at Xy.buildDummyEnvironment (/home/~/.vscode-oss/extensions/ms-toolsai.jupyter-2024.6.0-universal/dist/extension.node.js:304:144069)
09:35:18.898 [warn] Failed to attach variable provider Error: Extension 'ms-toolsai.jupyter' CANNOT use API proposal: notebookVariableProvider.
Its package.json#enabledApiProposals-property declares:  but NOT notebookVariableProvider.
 The missing proposal MUST be added and you must start in extension development mode or use the following command line switch: --enable-proposed-api ms-toolsai.jupyter
    at P (/usr/lib/code/out/vs/workbench/api/node/extensionHostProcess.js:142:57960)
    at Object.set variableProvider [as variableProvider] (/usr/lib/code/out/vs/workbench/api/node/extensionHostProcess.js:154:229430)
    at Function.create (/home/~/.vscode-oss/extensions/ms-toolsai.jupyter-2024.6.0-universal/dist/extension.node.js:304:85881)
    at /home/~/.vscode-oss/extensions/ms-toolsai.jupyter-2024.6.0-universal/dist/extension.node.js:304:99852
    at Array.forEach (<anonymous>)
    at Jy.addImpl (/home/~/.vscode-oss/extensions/ms-toolsai.jupyter-2024.6.0-universal/dist/extension.node.js:304:99825)
    at /home/~/.vscode-oss/extensions/ms-toolsai.jupyter-2024.6.0-universal/dist/extension.node.js:304:98811
    at Array.forEach (<anonymous>)
    at Jy.batchAdd (/home/~/.vscode-oss/extensions/ms-toolsai.jupyter-2024.6.0-universal/dist/extension.node.js:304:98781)
    at Jy.createNotebookControllers (/home/~/.vscode-oss/extensions/ms-toolsai.jupyter-2024.6.0-universal/dist/extension.node.js:304:97603)
    at Jy.loadControllersImpl (/home/~/.vscode-oss/extensions/ms-toolsai.jupyter-2024.6.0-universal/dist/extension.node.js:304:97063)
    at Jy.loadControllers (/home/~/.vscode-oss/extensions/ms-toolsai.jupyter-2024.6.0-universal/dist/extension.node.js:304:96713)
    at Jy.<anonymous> (/home/~/.vscode-oss/extensions/ms-toolsai.jupyter-2024.6.0-universal/dist/extension.node.js:304:95593)
    at r.B (/usr/lib/code/out/vs/workbench/api/node/extensionHostProcess.js:83:737)
    at r.fire (/usr/lib/code/out/vs/workbench/api/node/extensionHostProcess.js:83:954)
    at n.value (/home/~/.vscode-oss/extensions/ms-toolsai.jupyter-2024.6.0-universal/dist/extension.node.js:285:19835)
    at r.B (/usr/lib/code/out/vs/workbench/api/node/extensionHostProcess.js:83:737)
    at r.C (/usr/lib/code/out/vs/workbench/api/node/extensionHostProcess.js:83:807)
    at r.fire (/usr/lib/code/out/vs/workbench/api/node/extensionHostProcess.js:83:1023)
    at Xy.buildDummyEnvironment (/home/~/.vscode-oss/extensions/ms-toolsai.jupyter-2024.6.0-universal/dist/extension.node.js:304:144069)
09:35:18.917 [warn] Failed to attach variable provider Error: Extension 'ms-toolsai.jupyter' CANNOT use API proposal: notebookVariableProvider.
Its package.json#enabledApiProposals-property declares:  but NOT notebookVariableProvider.
 The missing proposal MUST be added and you must start in extension development mode or use the following command line switch: --enable-proposed-api ms-toolsai.jupyter
    at P (/usr/lib/code/out/vs/workbench/api/node/extensionHostProcess.js:142:57960)
    at Object.set variableProvider [as variableProvider] (/usr/lib/code/out/vs/workbench/api/node/extensionHostProcess.js:154:229430)
    at Function.create (/home/~/.vscode-oss/extensions/ms-toolsai.jupyter-2024.6.0-universal/dist/extension.node.js:304:85881)
    at /home/~/.vscode-oss/extensions/ms-toolsai.jupyter-2024.6.0-universal/dist/extension.node.js:304:99852
    at Array.forEach (<anonymous>)
    at Jy.addImpl (/home/~/.vscode-oss/extensions/ms-toolsai.jupyter-2024.6.0-universal/dist/extension.node.js:304:99825)
    at /home/~/.vscode-oss/extensions/ms-toolsai.jupyter-2024.6.0-universal/dist/extension.node.js:304:98811
    at Array.forEach (<anonymous>)
    at Jy.batchAdd (/home/~/.vscode-oss/extensions/ms-toolsai.jupyter-2024.6.0-universal/dist/extension.node.js:304:98781)
    at Jy.createNotebookControllers (/home/~/.vscode-oss/extensions/ms-toolsai.jupyter-2024.6.0-universal/dist/extension.node.js:304:97603)
    at Jy.loadControllersImpl (/home/~/.vscode-oss/extensions/ms-toolsai.jupyter-2024.6.0-universal/dist/extension.node.js:304:97063)
    at Jy.loadControllers (/home/~/.vscode-oss/extensions/ms-toolsai.jupyter-2024.6.0-universal/dist/extension.node.js:304:96713)
    at Jy.<anonymous> (/home/~/.vscode-oss/extensions/ms-toolsai.jupyter-2024.6.0-universal/dist/extension.node.js:304:95593)
    at r.B (/usr/lib/code/out/vs/workbench/api/node/extensionHostProcess.js:83:737)
    at r.fire (/usr/lib/code/out/vs/workbench/api/node/extensionHostProcess.js:83:954)
    at n.value (/home/~/.vscode-oss/extensions/ms-toolsai.jupyter-2024.6.0-universal/dist/extension.node.js:285:19835)
    at r.B (/usr/lib/code/out/vs/workbench/api/node/extensionHostProcess.js:83:737)
    at r.C (/usr/lib/code/out/vs/workbench/api/node/extensionHostProcess.js:83:807)
    at r.fire (/usr/lib/code/out/vs/workbench/api/node/extensionHostProcess.js:83:1023)
    at Xy.buildDummyEnvironment (/home/~/.vscode-oss/extensions/ms-toolsai.jupyter-2024.6.0-universal/dist/extension.node.js:304:144069)
09:35:18.928 [warn] Failed to attach variable provider Error: Extension 'ms-toolsai.jupyter' CANNOT use API proposal: notebookVariableProvider.
Its package.json#enabledApiProposals-property declares:  but NOT notebookVariableProvider.
 The missing proposal MUST be added and you must start in extension development mode or use the following command line switch: --enable-proposed-api ms-toolsai.jupyter
    at P (/usr/lib/code/out/vs/workbench/api/node/extensionHostProcess.js:142:57960)
    at Object.set variableProvider [as variableProvider] (/usr/lib/code/out/vs/workbench/api/node/extensionHostProcess.js:154:229430)
    at Function.create (/home/~/.vscode-oss/extensions/ms-toolsai.jupyter-2024.6.0-universal/dist/extension.node.js:304:85881)
    at /home/~/.vscode-oss/extensions/ms-toolsai.jupyter-2024.6.0-universal/dist/extension.node.js:304:99852
    at Array.forEach (<anonymous>)
    at Jy.addImpl (/home/~/.vscode-oss/extensions/ms-toolsai.jupyter-2024.6.0-universal/dist/extension.node.js:304:99825)
    at /home/~/.vscode-oss/extensions/ms-toolsai.jupyter-2024.6.0-universal/dist/extension.node.js:304:98811
    at Array.forEach (<anonymous>)
    at Jy.batchAdd (/home/~/.vscode-oss/extensions/ms-toolsai.jupyter-2024.6.0-universal/dist/extension.node.js:304:98781)
    at Jy.createNotebookControllers (/home/~/.vscode-oss/extensions/ms-toolsai.jupyter-2024.6.0-universal/dist/extension.node.js:304:97603)
    at Jy.loadControllersImpl (/home/~/.vscode-oss/extensions/ms-toolsai.jupyter-2024.6.0-universal/dist/extension.node.js:304:97063)
    at Jy.loadControllers (/home/~/.vscode-oss/extensions/ms-toolsai.jupyter-2024.6.0-universal/dist/extension.node.js:304:96713)
    at Jy.<anonymous> (/home/~/.vscode-oss/extensions/ms-toolsai.jupyter-2024.6.0-universal/dist/extension.node.js:304:95593)
    at r.B (/usr/lib/code/out/vs/workbench/api/node/extensionHostProcess.js:83:737)
    at r.fire (/usr/lib/code/out/vs/workbench/api/node/extensionHostProcess.js:83:954)
    at n.value (/home/~/.vscode-oss/extensions/ms-toolsai.jupyter-2024.6.0-universal/dist/extension.node.js:285:19835)
    at r.B (/usr/lib/code/out/vs/workbench/api/node/extensionHostProcess.js:83:737)
    at r.C (/usr/lib/code/out/vs/workbench/api/node/extensionHostProcess.js:83:807)
    at r.fire (/usr/lib/code/out/vs/workbench/api/node/extensionHostProcess.js:83:1023)
    at Xy.buildDummyEnvironment (/home/~/.vscode-oss/extensions/ms-toolsai.jupyter-2024.6.0-universal/dist/extension.node.js:304:144069)
09:35:18.951 [warn] Failed to attach variable provider Error: Extension 'ms-toolsai.jupyter' CANNOT use API proposal: notebookVariableProvider.
Its package.json#enabledApiProposals-property declares:  but NOT notebookVariableProvider.
 The missing proposal MUST be added and you must start in extension development mode or use the following command line switch: --enable-proposed-api ms-toolsai.jupyter
    at P (/usr/lib/code/out/vs/workbench/api/node/extensionHostProcess.js:142:57960)
    at Object.set variableProvider [as variableProvider] (/usr/lib/code/out/vs/workbench/api/node/extensionHostProcess.js:154:229430)
    at Function.create (/home/~/.vscode-oss/extensions/ms-toolsai.jupyter-2024.6.0-universal/dist/extension.node.js:304:85881)
    at /home/~/.vscode-oss/extensions/ms-toolsai.jupyter-2024.6.0-universal/dist/extension.node.js:304:99852
    at Array.forEach (<anonymous>)
    at Jy.addImpl (/home/~/.vscode-oss/extensions/ms-toolsai.jupyter-2024.6.0-universal/dist/extension.node.js:304:99825)
    at /home/~/.vscode-oss/extensions/ms-toolsai.jupyter-2024.6.0-universal/dist/extension.node.js:304:98811
    at Array.forEach (<anonymous>)
    at Jy.batchAdd (/home/~/.vscode-oss/extensions/ms-toolsai.jupyter-2024.6.0-universal/dist/extension.node.js:304:98781)
    at Jy.createNotebookControllers (/home/~/.vscode-oss/extensions/ms-toolsai.jupyter-2024.6.0-universal/dist/extension.node.js:304:97603)
    at Jy.loadControllersImpl (/home/~/.vscode-oss/extensions/ms-toolsai.jupyter-2024.6.0-universal/dist/extension.node.js:304:97063)
    at Jy.loadControllers (/home/~/.vscode-oss/extensions/ms-toolsai.jupyter-2024.6.0-universal/dist/extension.node.js:304:96713)
    at Jy.<anonymous> (/home/~/.vscode-oss/extensions/ms-toolsai.jupyter-2024.6.0-universal/dist/extension.node.js:304:95593)
    at r.B (/usr/lib/code/out/vs/workbench/api/node/extensionHostProcess.js:83:737)
    at r.fire (/usr/lib/code/out/vs/workbench/api/node/extensionHostProcess.js:83:954)
    at n.value (/home/~/.vscode-oss/extensions/ms-toolsai.jupyter-2024.6.0-universal/dist/extension.node.js:285:19835)
    at r.B (/usr/lib/code/out/vs/workbench/api/node/extensionHostProcess.js:83:737)
    at r.C (/usr/lib/code/out/vs/workbench/api/node/extensionHostProcess.js:83:807)
    at r.fire (/usr/lib/code/out/vs/workbench/api/node/extensionHostProcess.js:83:1023)
    at Xy.buildDummyEnvironment (/home/~/.vscode-oss/extensions/ms-toolsai.jupyter-2024.6.0-universal/dist/extension.node.js:304:144069)
09:35:18.958 [warn] Failed to attach variable provider Error: Extension 'ms-toolsai.jupyter' CANNOT use API proposal: notebookVariableProvider.
Its package.json#enabledApiProposals-property declares:  but NOT notebookVariableProvider.
 The missing proposal MUST be added and you must start in extension development mode or use the following command line switch: --enable-proposed-api ms-toolsai.jupyter
    at P (/usr/lib/code/out/vs/workbench/api/node/extensionHostProcess.js:142:57960)
    at Object.set variableProvider [as variableProvider] (/usr/lib/code/out/vs/workbench/api/node/extensionHostProcess.js:154:229430)
    at Function.create (/home/~/.vscode-oss/extensions/ms-toolsai.jupyter-2024.6.0-universal/dist/extension.node.js:304:85881)
    at /home/~/.vscode-oss/extensions/ms-toolsai.jupyter-2024.6.0-universal/dist/extension.node.js:304:99852
    at Array.forEach (<anonymous>)
    at Jy.addImpl (/home/~/.vscode-oss/extensions/ms-toolsai.jupyter-2024.6.0-universal/dist/extension.node.js:304:99825)
    at /home/~/.vscode-oss/extensions/ms-toolsai.jupyter-2024.6.0-universal/dist/extension.node.js:304:98811
    at Array.forEach (<anonymous>)
    at Jy.batchAdd (/home/~/.vscode-oss/extensions/ms-toolsai.jupyter-2024.6.0-universal/dist/extension.node.js:304:98781)
    at Jy.createNotebookControllers (/home/~/.vscode-oss/extensions/ms-toolsai.jupyter-2024.6.0-universal/dist/extension.node.js:304:97603)
    at Jy.loadControllersImpl (/home/~/.vscode-oss/extensions/ms-toolsai.jupyter-2024.6.0-universal/dist/extension.node.js:304:97063)
    at Jy.loadControllers (/home/~/.vscode-oss/extensions/ms-toolsai.jupyter-2024.6.0-universal/dist/extension.node.js:304:96713)
    at Jy.<anonymous> (/home/~/.vscode-oss/extensions/ms-toolsai.jupyter-2024.6.0-universal/dist/extension.node.js:304:95593)
    at r.B (/usr/lib/code/out/vs/workbench/api/node/extensionHostProcess.js:83:737)
    at r.fire (/usr/lib/code/out/vs/workbench/api/node/extensionHostProcess.js:83:954)
    at n.value (/home/~/.vscode-oss/extensions/ms-toolsai.jupyter-2024.6.0-universal/dist/extension.node.js:285:19835)
    at r.B (/usr/lib/code/out/vs/workbench/api/node/extensionHostProcess.js:83:737)
    at r.C (/usr/lib/code/out/vs/workbench/api/node/extensionHostProcess.js:83:807)
    at r.fire (/usr/lib/code/out/vs/workbench/api/node/extensionHostProcess.js:83:1023)
    at Xy.buildDummyEnvironment (/home/~/.vscode-oss/extensions/ms-toolsai.jupyter-2024.6.0-universal/dist/extension.node.js:304:144069)
09:35:18.980 [warn] Failed to attach variable provider Error: Extension 'ms-toolsai.jupyter' CANNOT use API proposal: notebookVariableProvider.
Its package.json#enabledApiProposals-property declares:  but NOT notebookVariableProvider.
 The missing proposal MUST be added and you must start in extension development mode or use the following command line switch: --enable-proposed-api ms-toolsai.jupyter
    at P (/usr/lib/code/out/vs/workbench/api/node/extensionHostProcess.js:142:57960)
    at Object.set variableProvider [as variableProvider] (/usr/lib/code/out/vs/workbench/api/node/extensionHostProcess.js:154:229430)
    at Function.create (/home/~/.vscode-oss/extensions/ms-toolsai.jupyter-2024.6.0-universal/dist/extension.node.js:304:85881)
    at /home/~/.vscode-oss/extensions/ms-toolsai.jupyter-2024.6.0-universal/dist/extension.node.js:304:99852
    at Array.forEach (<anonymous>)
    at Jy.addImpl (/home/~/.vscode-oss/extensions/ms-toolsai.jupyter-2024.6.0-universal/dist/extension.node.js:304:99825)
    at /home/~/.vscode-oss/extensions/ms-toolsai.jupyter-2024.6.0-universal/dist/extension.node.js:304:98811
    at Array.forEach (<anonymous>)
    at Jy.batchAdd (/home/~/.vscode-oss/extensions/ms-toolsai.jupyter-2024.6.0-universal/dist/extension.node.js:304:98781)
    at Jy.createNotebookControllers (/home/~/.vscode-oss/extensions/ms-toolsai.jupyter-2024.6.0-universal/dist/extension.node.js:304:97603)
    at Jy.loadControllersImpl (/home/~/.vscode-oss/extensions/ms-toolsai.jupyter-2024.6.0-universal/dist/extension.node.js:304:97063)
    at Jy.loadControllers (/home/~/.vscode-oss/extensions/ms-toolsai.jupyter-2024.6.0-universal/dist/extension.node.js:304:96713)
    at Jy.<anonymous> (/home/~/.vscode-oss/extensions/ms-toolsai.jupyter-2024.6.0-universal/dist/extension.node.js:304:95593)
    at r.B (/usr/lib/code/out/vs/workbench/api/node/extensionHostProcess.js:83:737)
    at r.fire (/usr/lib/code/out/vs/workbench/api/node/extensionHostProcess.js:83:954)
    at n.value (/home/~/.vscode-oss/extensions/ms-toolsai.jupyter-2024.6.0-universal/dist/extension.node.js:285:19835)
    at r.B (/usr/lib/code/out/vs/workbench/api/node/extensionHostProcess.js:83:737)
    at r.C (/usr/lib/code/out/vs/workbench/api/node/extensionHostProcess.js:83:807)
    at r.fire (/usr/lib/code/out/vs/workbench/api/node/extensionHostProcess.js:83:1023)
    at Xy.buildDummyEnvironment (/home/~/.vscode-oss/extensions/ms-toolsai.jupyter-2024.6.0-universal/dist/extension.node.js:304:144069)
09:35:18.990 [warn] Failed to attach variable provider Error: Extension 'ms-toolsai.jupyter' CANNOT use API proposal: notebookVariableProvider.
Its package.json#enabledApiProposals-property declares:  but NOT notebookVariableProvider.
 The missing proposal MUST be added and you must start in extension development mode or use the following command line switch: --enable-proposed-api ms-toolsai.jupyter
    at P (/usr/lib/code/out/vs/workbench/api/node/extensionHostProcess.js:142:57960)
    at Object.set variableProvider [as variableProvider] (/usr/lib/code/out/vs/workbench/api/node/extensionHostProcess.js:154:229430)
    at Function.create (/home/~/.vscode-oss/extensions/ms-toolsai.jupyter-2024.6.0-universal/dist/extension.node.js:304:85881)
    at /home/~/.vscode-oss/extensions/ms-toolsai.jupyter-2024.6.0-universal/dist/extension.node.js:304:99852
    at Array.forEach (<anonymous>)
    at Jy.addImpl (/home/~/.vscode-oss/extensions/ms-toolsai.jupyter-2024.6.0-universal/dist/extension.node.js:304:99825)
    at /home/~/.vscode-oss/extensions/ms-toolsai.jupyter-2024.6.0-universal/dist/extension.node.js:304:98811
    at Array.forEach (<anonymous>)
    at Jy.batchAdd (/home/~/.vscode-oss/extensions/ms-toolsai.jupyter-2024.6.0-universal/dist/extension.node.js:304:98781)
    at Jy.createNotebookControllers (/home/~/.vscode-oss/extensions/ms-toolsai.jupyter-2024.6.0-universal/dist/extension.node.js:304:97603)
    at Jy.loadControllersImpl (/home/~/.vscode-oss/extensions/ms-toolsai.jupyter-2024.6.0-universal/dist/extension.node.js:304:97063)
    at Jy.loadControllers (/home/~/.vscode-oss/extensions/ms-toolsai.jupyter-2024.6.0-universal/dist/extension.node.js:304:96713)
    at Jy.<anonymous> (/home/~/.vscode-oss/extensions/ms-toolsai.jupyter-2024.6.0-universal/dist/extension.node.js:304:95593)
    at r.B (/usr/lib/code/out/vs/workbench/api/node/extensionHostProcess.js:83:737)
    at r.fire (/usr/lib/code/out/vs/workbench/api/node/extensionHostProcess.js:83:954)
    at n.value (/home/~/.vscode-oss/extensions/ms-toolsai.jupyter-2024.6.0-universal/dist/extension.node.js:285:19835)
    at r.B (/usr/lib/code/out/vs/workbench/api/node/extensionHostProcess.js:83:737)
    at r.C (/usr/lib/code/out/vs/workbench/api/node/extensionHostProcess.js:83:807)
    at r.fire (/usr/lib/code/out/vs/workbench/api/node/extensionHostProcess.js:83:1023)
    at Xy.buildDummyEnvironment (/home/~/.vscode-oss/extensions/ms-toolsai.jupyter-2024.6.0-universal/dist/extension.node.js:304:144069)
09:35:21.220 [warn] Failed to attach variable provider Error: Extension 'ms-toolsai.jupyter' CANNOT use API proposal: notebookVariableProvider.
Its package.json#enabledApiProposals-property declares:  but NOT notebookVariableProvider.
 The missing proposal MUST be added and you must start in extension development mode or use the following command line switch: --enable-proposed-api ms-toolsai.jupyter
    at P (/usr/lib/code/out/vs/workbench/api/node/extensionHostProcess.js:142:57960)
    at Object.set variableProvider [as variableProvider] (/usr/lib/code/out/vs/workbench/api/node/extensionHostProcess.js:154:229430)
    at Function.create (/home/~/.vscode-oss/extensions/ms-toolsai.jupyter-2024.6.0-universal/dist/extension.node.js:304:85881)
    at /home/~/.vscode-oss/extensions/ms-toolsai.jupyter-2024.6.0-universal/dist/extension.node.js:304:99852
    at Array.forEach (<anonymous>)
    at Jy.addImpl (/home/~/.vscode-oss/extensions/ms-toolsai.jupyter-2024.6.0-universal/dist/extension.node.js:304:99825)
    at /home/~/.vscode-oss/extensions/ms-toolsai.jupyter-2024.6.0-universal/dist/extension.node.js:304:98811
    at Array.forEach (<anonymous>)
    at Jy.batchAdd (/home/~/.vscode-oss/extensions/ms-toolsai.jupyter-2024.6.0-universal/dist/extension.node.js:304:98781)
    at Jy.createNotebookControllers (/home/~/.vscode-oss/extensions/ms-toolsai.jupyter-2024.6.0-universal/dist/extension.node.js:304:97603)
    at Jy.loadControllersImpl (/home/~/.vscode-oss/extensions/ms-toolsai.jupyter-2024.6.0-universal/dist/extension.node.js:304:97063)
    at Jy.loadControllers (/home/~/.vscode-oss/extensions/ms-toolsai.jupyter-2024.6.0-universal/dist/extension.node.js:304:96713)
    at Jy.<anonymous> (/home/~/.vscode-oss/extensions/ms-toolsai.jupyter-2024.6.0-universal/dist/extension.node.js:304:95593)
    at r.B (/usr/lib/code/out/vs/workbench/api/node/extensionHostProcess.js:83:737)
    at r.fire (/usr/lib/code/out/vs/workbench/api/node/extensionHostProcess.js:83:954)
    at n.value (/home/~/.vscode-oss/extensions/ms-toolsai.jupyter-2024.6.0-universal/dist/extension.node.js:285:19835)
    at r.B (/usr/lib/code/out/vs/workbench/api/node/extensionHostProcess.js:83:737)
    at r.C (/usr/lib/code/out/vs/workbench/api/node/extensionHostProcess.js:83:807)
    at r.fire (/usr/lib/code/out/vs/workbench/api/node/extensionHostProcess.js:83:1023)
    at Xy.buildDummyEnvironment (/home/~/.vscode-oss/extensions/ms-toolsai.jupyter-2024.6.0-universal/dist/extension.node.js:304:144069)
09:35:21.228 [warn] Failed to attach variable provider Error: Extension 'ms-toolsai.jupyter' CANNOT use API proposal: notebookVariableProvider.
Its package.json#enabledApiProposals-property declares:  but NOT notebookVariableProvider.
 The missing proposal MUST be added and you must start in extension development mode or use the following command line switch: --enable-proposed-api ms-toolsai.jupyter
    at P (/usr/lib/code/out/vs/workbench/api/node/extensionHostProcess.js:142:57960)
    at Object.set variableProvider [as variableProvider] (/usr/lib/code/out/vs/workbench/api/node/extensionHostProcess.js:154:229430)
    at Function.create (/home/~/.vscode-oss/extensions/ms-toolsai.jupyter-2024.6.0-universal/dist/extension.node.js:304:85881)
    at /home/~/.vscode-oss/extensions/ms-toolsai.jupyter-2024.6.0-universal/dist/extension.node.js:304:99852
    at Array.forEach (<anonymous>)
    at Jy.addImpl (/home/~/.vscode-oss/extensions/ms-toolsai.jupyter-2024.6.0-universal/dist/extension.node.js:304:99825)
    at /home/~/.vscode-oss/extensions/ms-toolsai.jupyter-2024.6.0-universal/dist/extension.node.js:304:98811
    at Array.forEach (<anonymous>)
    at Jy.batchAdd (/home/~/.vscode-oss/extensions/ms-toolsai.jupyter-2024.6.0-universal/dist/extension.node.js:304:98781)
    at Jy.createNotebookControllers (/home/~/.vscode-oss/extensions/ms-toolsai.jupyter-2024.6.0-universal/dist/extension.node.js:304:97603)
    at Jy.loadControllersImpl (/home/~/.vscode-oss/extensions/ms-toolsai.jupyter-2024.6.0-universal/dist/extension.node.js:304:97063)
    at Jy.loadControllers (/home/~/.vscode-oss/extensions/ms-toolsai.jupyter-2024.6.0-universal/dist/extension.node.js:304:96713)
    at Jy.<anonymous> (/home/~/.vscode-oss/extensions/ms-toolsai.jupyter-2024.6.0-universal/dist/extension.node.js:304:95593)
    at r.B (/usr/lib/code/out/vs/workbench/api/node/extensionHostProcess.js:83:737)
    at r.fire (/usr/lib/code/out/vs/workbench/api/node/extensionHostProcess.js:83:954)
    at n.value (/home/~/.vscode-oss/extensions/ms-toolsai.jupyter-2024.6.0-universal/dist/extension.node.js:285:19835)
    at r.B (/usr/lib/code/out/vs/workbench/api/node/extensionHostProcess.js:83:737)
    at r.C (/usr/lib/code/out/vs/workbench/api/node/extensionHostProcess.js:83:807)
    at r.fire (/usr/lib/code/out/vs/workbench/api/node/extensionHostProcess.js:83:1023)
    at Xy.buildDummyEnvironment (/home/~/.vscode-oss/extensions/ms-toolsai.jupyter-2024.6.0-universal/dist/extension.node.js:304:144069)
09:35:21.297 [warn] Failed to attach variable provider Error: Extension 'ms-toolsai.jupyter' CANNOT use API proposal: notebookVariableProvider.
Its package.json#enabledApiProposals-property declares:  but NOT notebookVariableProvider.
 The missing proposal MUST be added and you must start in extension development mode or use the following command line switch: --enable-proposed-api ms-toolsai.jupyter
    at P (/usr/lib/code/out/vs/workbench/api/node/extensionHostProcess.js:142:57960)
    at Object.set variableProvider [as variableProvider] (/usr/lib/code/out/vs/workbench/api/node/extensionHostProcess.js:154:229430)
    at Function.create (/home/~/.vscode-oss/extensions/ms-toolsai.jupyter-2024.6.0-universal/dist/extension.node.js:304:85881)
    at /home/~/.vscode-oss/extensions/ms-toolsai.jupyter-2024.6.0-universal/dist/extension.node.js:304:99852
    at Array.forEach (<anonymous>)
    at Jy.addImpl (/home/~/.vscode-oss/extensions/ms-toolsai.jupyter-2024.6.0-universal/dist/extension.node.js:304:99825)
    at /home/~/.vscode-oss/extensions/ms-toolsai.jupyter-2024.6.0-universal/dist/extension.node.js:304:98811
    at Array.forEach (<anonymous>)
    at Jy.batchAdd (/home/~/.vscode-oss/extensions/ms-toolsai.jupyter-2024.6.0-universal/dist/extension.node.js:304:98781)
    at Jy.createNotebookControllers (/home/~/.vscode-oss/extensions/ms-toolsai.jupyter-2024.6.0-universal/dist/extension.node.js:304:97603)
    at Jy.loadControllersImpl (/home/~/.vscode-oss/extensions/ms-toolsai.jupyter-2024.6.0-universal/dist/extension.node.js:304:97063)
    at Jy.loadControllers (/home/~/.vscode-oss/extensions/ms-toolsai.jupyter-2024.6.0-universal/dist/extension.node.js:304:96713)
    at Jy.<anonymous> (/home/~/.vscode-oss/extensions/ms-toolsai.jupyter-2024.6.0-universal/dist/extension.node.js:304:95593)
    at r.B (/usr/lib/code/out/vs/workbench/api/node/extensionHostProcess.js:83:737)
    at r.fire (/usr/lib/code/out/vs/workbench/api/node/extensionHostProcess.js:83:954)
    at n.value (/home/~/.vscode-oss/extensions/ms-toolsai.jupyter-2024.6.0-universal/dist/extension.node.js:285:19835)
    at r.B (/usr/lib/code/out/vs/workbench/api/node/extensionHostProcess.js:83:737)
    at r.C (/usr/lib/code/out/vs/workbench/api/node/extensionHostProcess.js:83:807)
    at r.fire (/usr/lib/code/out/vs/workbench/api/node/extensionHostProcess.js:83:1023)
    at Qm.writeToCache (/home/~/.vscode-oss/extensions/ms-toolsai.jupyter-2024.6.0-universal/dist/extension.node.js:299:35919)
    at Qm.updateCache (/home/~/.vscode-oss/extensions/ms-toolsai.jupyter-2024.6.0-universal/dist/extension.node.js:299:35204)
    at /home/~/.vscode-oss/extensions/ms-toolsai.jupyter-2024.6.0-universal/dist/extension.node.js:60:12513
    at VG (/home/~/.vscode-oss/extensions/ms-toolsai.jupyter-2024.6.0-universal/dist/extension.node.js:60:12090)
    at Qm.i.value (/home/~/.vscode-oss/extensions/ms-toolsai.jupyter-2024.6.0-universal/dist/extension.node.js:60:12494)
    at r.B (/usr/lib/code/out/vs/workbench/api/node/extensionHostProcess.js:83:737)
    at r.fire (/usr/lib/code/out/vs/workbench/api/node/extensionHostProcess.js:83:954)
    at tu.updateCache (/home/~/.vscode-oss/extensions/ms-toolsai.jupyter-2024.6.0-universal/dist/extension.node.js:299:30945)
    at tu.appendNewKernels (/home/~/.vscode-oss/extensions/ms-toolsai.jupyter-2024.6.0-universal/dist/extension.node.js:299:32112)
    at /home/~/.vscode-oss/extensions/ms-toolsai.jupyter-2024.6.0-universal/dist/extension.node.js:299:31763
    at async Promise.all (index 1)
    at tu.listKernelsImplementation (/home/~/.vscode-oss/extensions/ms-toolsai.jupyter-2024.6.0-universal/dist/extension.node.js:299:31784)
    at /home/~/.vscode-oss/extensions/ms-toolsai.jupyter-2024.6.0-universal/dist/extension.node.js:299:29410
09:35:21.307 [warn] Failed to attach variable provider Error: Extension 'ms-toolsai.jupyter' CANNOT use API proposal: notebookVariableProvider.
Its package.json#enabledApiProposals-property declares:  but NOT notebookVariableProvider.
 The missing proposal MUST be added and you must start in extension development mode or use the following command line switch: --enable-proposed-api ms-toolsai.jupyter
    at P (/usr/lib/code/out/vs/workbench/api/node/extensionHostProcess.js:142:57960)
    at Object.set variableProvider [as variableProvider] (/usr/lib/code/out/vs/workbench/api/node/extensionHostProcess.js:154:229430)
    at Function.create (/home/~/.vscode-oss/extensions/ms-toolsai.jupyter-2024.6.0-universal/dist/extension.node.js:304:85881)
    at /home/~/.vscode-oss/extensions/ms-toolsai.jupyter-2024.6.0-universal/dist/extension.node.js:304:99852
    at Array.forEach (<anonymous>)
    at Jy.addImpl (/home/~/.vscode-oss/extensions/ms-toolsai.jupyter-2024.6.0-universal/dist/extension.node.js:304:99825)
    at /home/~/.vscode-oss/extensions/ms-toolsai.jupyter-2024.6.0-universal/dist/extension.node.js:304:98811
    at Array.forEach (<anonymous>)
    at Jy.batchAdd (/home/~/.vscode-oss/extensions/ms-toolsai.jupyter-2024.6.0-universal/dist/extension.node.js:304:98781)
    at Jy.createNotebookControllers (/home/~/.vscode-oss/extensions/ms-toolsai.jupyter-2024.6.0-universal/dist/extension.node.js:304:97603)
    at Jy.loadControllersImpl (/home/~/.vscode-oss/extensions/ms-toolsai.jupyter-2024.6.0-universal/dist/extension.node.js:304:97063)
    at Jy.loadControllers (/home/~/.vscode-oss/extensions/ms-toolsai.jupyter-2024.6.0-universal/dist/extension.node.js:304:96713)
    at Jy.<anonymous> (/home/~/.vscode-oss/extensions/ms-toolsai.jupyter-2024.6.0-universal/dist/extension.node.js:304:95593)
    at r.B (/usr/lib/code/out/vs/workbench/api/node/extensionHostProcess.js:83:737)
    at r.fire (/usr/lib/code/out/vs/workbench/api/node/extensionHostProcess.js:83:954)
    at n.value (/home/~/.vscode-oss/extensions/ms-toolsai.jupyter-2024.6.0-universal/dist/extension.node.js:285:19835)
    at r.B (/usr/lib/code/out/vs/workbench/api/node/extensionHostProcess.js:83:737)
    at r.C (/usr/lib/code/out/vs/workbench/api/node/extensionHostProcess.js:83:807)
    at r.fire (/usr/lib/code/out/vs/workbench/api/node/extensionHostProcess.js:83:1023)
    at Qm.writeToCache (/home/~/.vscode-oss/extensions/ms-toolsai.jupyter-2024.6.0-universal/dist/extension.node.js:299:35919)
    at Qm.updateCache (/home/~/.vscode-oss/extensions/ms-toolsai.jupyter-2024.6.0-universal/dist/extension.node.js:299:35204)
    at /home/~/.vscode-oss/extensions/ms-toolsai.jupyter-2024.6.0-universal/dist/extension.node.js:60:12513
    at VG (/home/~/.vscode-oss/extensions/ms-toolsai.jupyter-2024.6.0-universal/dist/extension.node.js:60:12090)
    at Qm.i.value (/home/~/.vscode-oss/extensions/ms-toolsai.jupyter-2024.6.0-universal/dist/extension.node.js:60:12494)
    at r.B (/usr/lib/code/out/vs/workbench/api/node/extensionHostProcess.js:83:737)
    at r.fire (/usr/lib/code/out/vs/workbench/api/node/extensionHostProcess.js:83:954)
    at tu.updateCache (/home/~/.vscode-oss/extensions/ms-toolsai.jupyter-2024.6.0-universal/dist/extension.node.js:299:30945)
    at tu.appendNewKernels (/home/~/.vscode-oss/extensions/ms-toolsai.jupyter-2024.6.0-universal/dist/extension.node.js:299:32112)
    at /home/~/.vscode-oss/extensions/ms-toolsai.jupyter-2024.6.0-universal/dist/extension.node.js:299:31763
    at async Promise.all (index 1)
    at tu.listKernelsImplementation (/home/~/.vscode-oss/extensions/ms-toolsai.jupyter-2024.6.0-universal/dist/extension.node.js:299:31784)
    at /home/~/.vscode-oss/extensions/ms-toolsai.jupyter-2024.6.0-universal/dist/extension.node.js:299:29410
09:35:21.329 [warn] Failed to attach variable provider Error: Extension 'ms-toolsai.jupyter' CANNOT use API proposal: notebookVariableProvider.
Its package.json#enabledApiProposals-property declares:  but NOT notebookVariableProvider.
 The missing proposal MUST be added and you must start in extension development mode or use the following command line switch: --enable-proposed-api ms-toolsai.jupyter
    at P (/usr/lib/code/out/vs/workbench/api/node/extensionHostProcess.js:142:57960)
    at Object.set variableProvider [as variableProvider] (/usr/lib/code/out/vs/workbench/api/node/extensionHostProcess.js:154:229430)
    at Function.create (/home/~/.vscode-oss/extensions/ms-toolsai.jupyter-2024.6.0-universal/dist/extension.node.js:304:85881)
    at /home/~/.vscode-oss/extensions/ms-toolsai.jupyter-2024.6.0-universal/dist/extension.node.js:304:99852
    at Array.forEach (<anonymous>)
    at Jy.addImpl (/home/~/.vscode-oss/extensions/ms-toolsai.jupyter-2024.6.0-universal/dist/extension.node.js:304:99825)
    at /home/~/.vscode-oss/extensions/ms-toolsai.jupyter-2024.6.0-universal/dist/extension.node.js:304:98811
    at Array.forEach (<anonymous>)
    at Jy.batchAdd (/home/~/.vscode-oss/extensions/ms-toolsai.jupyter-2024.6.0-universal/dist/extension.node.js:304:98781)
    at Jy.createNotebookControllers (/home/~/.vscode-oss/extensions/ms-toolsai.jupyter-2024.6.0-universal/dist/extension.node.js:304:97603)
    at Jy.loadControllersImpl (/home/~/.vscode-oss/extensions/ms-toolsai.jupyter-2024.6.0-universal/dist/extension.node.js:304:97063)
    at Jy.loadControllers (/home/~/.vscode-oss/extensions/ms-toolsai.jupyter-2024.6.0-universal/dist/extension.node.js:304:96713)
    at Jy.<anonymous> (/home/~/.vscode-oss/extensions/ms-toolsai.jupyter-2024.6.0-universal/dist/extension.node.js:304:95593)
    at r.B (/usr/lib/code/out/vs/workbench/api/node/extensionHostProcess.js:83:737)
    at r.fire (/usr/lib/code/out/vs/workbench/api/node/extensionHostProcess.js:83:954)
    at n.value (/home/~/.vscode-oss/extensions/ms-toolsai.jupyter-2024.6.0-universal/dist/extension.node.js:285:19835)
    at r.B (/usr/lib/code/out/vs/workbench/api/node/extensionHostProcess.js:83:737)
    at r.C (/usr/lib/code/out/vs/workbench/api/node/extensionHostProcess.js:83:807)
    at r.fire (/usr/lib/code/out/vs/workbench/api/node/extensionHostProcess.js:83:1023)
    at Xy.buildDummyEnvironment (/home/~/.vscode-oss/extensions/ms-toolsai.jupyter-2024.6.0-universal/dist/extension.node.js:304:144069)
09:35:21.336 [warn] Failed to attach variable provider Error: Extension 'ms-toolsai.jupyter' CANNOT use API proposal: notebookVariableProvider.
Its package.json#enabledApiProposals-property declares:  but NOT notebookVariableProvider.
 The missing proposal MUST be added and you must start in extension development mode or use the following command line switch: --enable-proposed-api ms-toolsai.jupyter
    at P (/usr/lib/code/out/vs/workbench/api/node/extensionHostProcess.js:142:57960)
    at Object.set variableProvider [as variableProvider] (/usr/lib/code/out/vs/workbench/api/node/extensionHostProcess.js:154:229430)
    at Function.create (/home/~/.vscode-oss/extensions/ms-toolsai.jupyter-2024.6.0-universal/dist/extension.node.js:304:85881)
    at /home/~/.vscode-oss/extensions/ms-toolsai.jupyter-2024.6.0-universal/dist/extension.node.js:304:99852
    at Array.forEach (<anonymous>)
    at Jy.addImpl (/home/~/.vscode-oss/extensions/ms-toolsai.jupyter-2024.6.0-universal/dist/extension.node.js:304:99825)
    at /home/~/.vscode-oss/extensions/ms-toolsai.jupyter-2024.6.0-universal/dist/extension.node.js:304:98811
    at Array.forEach (<anonymous>)
    at Jy.batchAdd (/home/~/.vscode-oss/extensions/ms-toolsai.jupyter-2024.6.0-universal/dist/extension.node.js:304:98781)
    at Jy.createNotebookControllers (/home/~/.vscode-oss/extensions/ms-toolsai.jupyter-2024.6.0-universal/dist/extension.node.js:304:97603)
    at Jy.loadControllersImpl (/home/~/.vscode-oss/extensions/ms-toolsai.jupyter-2024.6.0-universal/dist/extension.node.js:304:97063)
    at Jy.loadControllers (/home/~/.vscode-oss/extensions/ms-toolsai.jupyter-2024.6.0-universal/dist/extension.node.js:304:96713)
    at Jy.<anonymous> (/home/~/.vscode-oss/extensions/ms-toolsai.jupyter-2024.6.0-universal/dist/extension.node.js:304:95593)
    at r.B (/usr/lib/code/out/vs/workbench/api/node/extensionHostProcess.js:83:737)
    at r.fire (/usr/lib/code/out/vs/workbench/api/node/extensionHostProcess.js:83:954)
    at n.value (/home/~/.vscode-oss/extensions/ms-toolsai.jupyter-2024.6.0-universal/dist/extension.node.js:285:19835)
    at r.B (/usr/lib/code/out/vs/workbench/api/node/extensionHostProcess.js:83:737)
    at r.C (/usr/lib/code/out/vs/workbench/api/node/extensionHostProcess.js:83:807)
    at r.fire (/usr/lib/code/out/vs/workbench/api/node/extensionHostProcess.js:83:1023)
    at Xy.buildDummyEnvironment (/home/~/.vscode-oss/extensions/ms-toolsai.jupyter-2024.6.0-universal/dist/extension.node.js:304:144069)
09:35:21.408 [warn] The following kernels use interpreters that are no longer valid or not recognized by Python extension, Kernels startUsingPythonInterpreter:'id=.jvsc74a57bd0767d51c1340bd893661ea55ea3124f6de3c7a262a8b4abca0554b478b1e2ff90./usr/bin/python./usr/bin/python.-m#ipykernel_launcher'(interpreterId='/usr/bin/python') and valid interpreter ids include /bin/python, /sbin/python, /usr/bin/python3, /usr/sbin/python, /home/~/ml/mo/bin/python
09:35:21.410 [debug] Local Python connection deleted startUsingPythonInterpreter:'.jvsc74a57bd0767d51c1340bd893661ea55ea3124f6de3c7a262a8b4abca0554b478b1e2ff90./usr/bin/python./usr/bin/python.-m#ipykernel_launcher: (interpreter id=/usr/bin/python)'
09:35:47.129 [debug] creating new code watcher with matching document file:///home/~/ml/photo.py
09:37:28.859 [debug] creating new code watcher with matching document untitled:Untitled-1
09:37:35.157 [debug] creating new code watcher with matching document file:///home/~/ml/video.py
09:43:05.973 [debug] Disposing controller .jvsc74a57bd0e7370f93d1d0cde622a1f8e1c04877d8463912d04d973331ad4851f04de6915a./bin/python./bin/python.-m#ipykernel_launcher associated with connection .jvsc74a57bd0e7370f93d1d0cde622a1f8e1c04877d8463912d04d973331ad4851f04de6915a./bin/python./bin/python.-m#ipykernel_launcher 
09:43:05.975 [debug] Disposing controller .jvsc74a57bd0e7370f93d1d0cde622a1f8e1c04877d8463912d04d973331ad4851f04de6915a./bin/python./bin/python.-m#ipykernel_launcher (Interactive) associated with connection .jvsc74a57bd0e7370f93d1d0cde622a1f8e1c04877d8463912d04d973331ad4851f04de6915a./bin/python./bin/python.-m#ipykernel_launcher 
09:43:05.984 [debug] Disposing controller .jvsc74a57bd0d2152fd7f0bbc62aa1baff8c990435d1e2c7175d001561303988032604c11a48./sbin/python./sbin/python.-m#ipykernel_launcher associated with connection .jvsc74a57bd0d2152fd7f0bbc62aa1baff8c990435d1e2c7175d001561303988032604c11a48./sbin/python./sbin/python.-m#ipykernel_launcher 
09:43:05.990 [debug] Disposing controller .jvsc74a57bd0d2152fd7f0bbc62aa1baff8c990435d1e2c7175d001561303988032604c11a48./sbin/python./sbin/python.-m#ipykernel_launcher (Interactive) associated with connection .jvsc74a57bd0d2152fd7f0bbc62aa1baff8c990435d1e2c7175d001561303988032604c11a48./sbin/python./sbin/python.-m#ipykernel_launcher 
09:43:05.991 [debug] Disposing controller .jvsc74a57bd0767d51c1340bd893661ea55ea3124f6de3c7a262a8b4abca0554b478b1e2ff90./usr/bin/python./usr/bin/python.-m#ipykernel_launcher associated with connection .jvsc74a57bd0767d51c1340bd893661ea55ea3124f6de3c7a262a8b4abca0554b478b1e2ff90./usr/bin/python./usr/bin/python.-m#ipykernel_launcher 
09:43:06.001 [debug] Disposing controller .jvsc74a57bd0767d51c1340bd893661ea55ea3124f6de3c7a262a8b4abca0554b478b1e2ff90./usr/bin/python./usr/bin/python.-m#ipykernel_launcher (Interactive) associated with connection .jvsc74a57bd0767d51c1340bd893661ea55ea3124f6de3c7a262a8b4abca0554b478b1e2ff90./usr/bin/python./usr/bin/python.-m#ipykernel_launcher 
09:43:06.002 [debug] Disposing controller .jvsc74a57bd04e1d9a8909477db77738c33245c29c7265277ef753467dede8cf3f814cde494e./usr/sbin/python./usr/sbin/python.-m#ipykernel_launcher associated with connection .jvsc74a57bd04e1d9a8909477db77738c33245c29c7265277ef753467dede8cf3f814cde494e./usr/sbin/python./usr/sbin/python.-m#ipykernel_launcher 
09:43:06.010 [debug] Disposing controller .jvsc74a57bd04e1d9a8909477db77738c33245c29c7265277ef753467dede8cf3f814cde494e./usr/sbin/python./usr/sbin/python.-m#ipykernel_launcher (Interactive) associated with connection .jvsc74a57bd04e1d9a8909477db77738c33245c29c7265277ef753467dede8cf3f814cde494e./usr/sbin/python./usr/sbin/python.-m#ipykernel_launcher 
09:43:06.013 [debug] Disposing controller .jvsc74a57bd030e675ba3f0940d5ad54468b75fc44fc26655e249d0ef2f932f26ab3ed2576c0./home/~/ml/mo/python./home/~/ml/mo/python.-m#ipykernel_launcher associated with connection .jvsc74a57bd030e675ba3f0940d5ad54468b75fc44fc26655e249d0ef2f932f26ab3ed2576c0./home/~/ml/mo/python./home/~/ml/mo/python.-m#ipykernel_launcher 
09:43:06.014 [debug] Disposing controller .jvsc74a57bd030e675ba3f0940d5ad54468b75fc44fc26655e249d0ef2f932f26ab3ed2576c0./home/~/ml/mo/python./home/~/ml/mo/python.-m#ipykernel_launcher (Interactive) associated with connection .jvsc74a57bd030e675ba3f0940d5ad54468b75fc44fc26655e249d0ef2f932f26ab3ed2576c0./home/~/ml/mo/python./home/~/ml/mo/python.-m#ipykernel_launcher 
09:43:06.015 [debug] Disposing controller .undefined.-xfrozen_modules=off./usr/bin/python3./usr/bin/python3.-xfrozen_modules=off#-m#ipykernel_launcher associated with connection .undefined.-xfrozen_modules=off./usr/bin/python3./usr/bin/python3.-xfrozen_modules=off#-m#ipykernel_launcher 
09:43:06.032 [debug] Disposing controller .undefined.-xfrozen_modules=off./usr/bin/python3./usr/bin/python3.-xfrozen_modules=off#-m#ipykernel_launcher (Interactive) associated with connection .undefined.-xfrozen_modules=off./usr/bin/python3./usr/bin/python3.-xfrozen_modules=off#-m#ipykernel_launcher 
09:43:06.033 [debug] Disposing controller .jvsc74a57bd031f2aee4e71d21fbe5cf8b01ff0e069b9275f58929596ceb00d14d90e3e16cd6./usr/bin/python3./usr/bin/python3.-m#ipykernel_launcher associated with connection .jvsc74a57bd031f2aee4e71d21fbe5cf8b01ff0e069b9275f58929596ceb00d14d90e3e16cd6./usr/bin/python3./usr/bin/python3.-m#ipykernel_launcher 
09:43:06.034 [debug] Disposing controller .jvsc74a57bd031f2aee4e71d21fbe5cf8b01ff0e069b9275f58929596ceb00d14d90e3e16cd6./usr/bin/python3./usr/bin/python3.-m#ipykernel_launcher (Interactive) associated with connection .jvsc74a57bd031f2aee4e71d21fbe5cf8b01ff0e069b9275f58929596ceb00d14d90e3e16cd6./usr/bin/python3./usr/bin/python3.-m#ipykernel_launcher 
