2024-07-12 09:34:38.213 [info] Added views:workbench.panel.markers.view in workbench.panel.markers
2024-07-12 09:34:38.213 [info] Added views:workbench.panel.output in workbench.panel.output
2024-07-12 09:34:38.213 [info] Added views:terminal in terminal
2024-07-12 09:34:38.213 [info] Added views:workbench.scm in workbench.view.scm
2024-07-12 09:34:38.213 [info] Added views:workbench.view.search in workbench.view.search
2024-07-12 09:34:38.213 [info] Added views:outline in workbench.views.service.sidebar.f7267c84-72dc-4e1b-9b99-8268233a296b
2024-07-12 09:34:38.213 [info] Added views:timeline in workbench.views.service.sidebar.f7267c84-72dc-4e1b-9b99-8268233a296b
2024-07-12 09:34:38.213 [info] Added views:workbench.explorer.openEditorsView in workbench.views.service.sidebar.f7267c84-72dc-4e1b-9b99-8268233a296b
2024-07-12 09:34:38.213 [info] Added views:workbench.explorer.emptyView in workbench.view.explorer
2024-07-12 09:34:40.145 [info] Added views:workbench.debug.variablesView,workbench.debug.watchExpressionsView,workbench.debug.callStackView,workbench.debug.breakPointsView in workbench.view.debug
2024-07-12 09:34:44.667 [info] Added views:workbench.panel.repl.view in workbench.panel.repl
2024-07-12 09:34:44.671 [info] Removed views:workbench.debug.breakPointsView,workbench.debug.callStackView,workbench.debug.watchExpressionsView,workbench.debug.variablesView from workbench.view.debug
2024-07-12 09:34:44.674 [info] Added views:workbench.debug.welcome in workbench.view.debug
2024-07-12 09:34:44.686 [info] Added views:~remote.forwardedPorts in ~remote.forwardedPortsContainer
2024-07-12 09:34:53.477 [info] Added views:workbench.panel.markers.view in workbench.panel.markers
2024-07-12 09:34:53.477 [info] Added views:workbench.panel.output in workbench.panel.output
2024-07-12 09:34:53.477 [info] Added views:terminal in terminal
2024-07-12 09:34:53.477 [info] Added views:workbench.scm in workbench.view.scm
2024-07-12 09:34:53.477 [info] Added views:workbench.view.search in workbench.view.search
2024-07-12 09:34:53.477 [info] Added views:outline in workbench.views.service.sidebar.f7267c84-72dc-4e1b-9b99-8268233a296b
2024-07-12 09:34:53.477 [info] Added views:timeline in workbench.views.service.sidebar.f7267c84-72dc-4e1b-9b99-8268233a296b
2024-07-12 09:34:53.477 [info] Added views:workbench.explorer.fileView,workbench.explorer.openEditorsView in workbench.views.service.sidebar.f7267c84-72dc-4e1b-9b99-8268233a296b
2024-07-12 09:34:56.120 [info] Added views:workbench.debug.welcome in workbench.view.debug
2024-07-12 09:35:01.267 [info] Added views:workbench.panel.repl.view in workbench.panel.repl
2024-07-12 09:35:06.106 [info] Added views:~remote.forwardedPorts in ~remote.forwardedPortsContainer
2024-07-12 09:35:17.755 [info] Added views:workbench.view.testing in workbench.view.extension.test
2024-07-12 09:43:05.861 [info] Removed views:workbench.view.testing from workbench.view.extension.test
