2024-07-12 10:25:54.787 [info] Started local extension host with pid 790.
2024-07-12 10:25:59.750 [error] Extension 'luma.jupyter' wants API proposal 'notebookConcatTextDocument' but that proposal DOES NOT EXIST. Likely, the proposal has been finalized (check 'vscode.d.ts') or was abandoned.
2024-07-12 10:25:59.751 [error] Extension 'luma.jupyter' wants API proposal 'notebookControllerKind' but that proposal DOES NOT EXIST. Likely, the proposal has been finalized (check 'vscode.d.ts') or was abandoned.
2024-07-12 10:25:59.756 [error] Extension 'luma.jupyter' wants API proposal 'notebookDebugOptions' but that proposal DOES NOT EXIST. Likely, the proposal has been finalized (check 'vscode.d.ts') or was abandoned.
2024-07-12 10:25:59.760 [error] Extension 'luma.jupyter' wants API proposal 'notebookEditor' but that proposal DOES NOT EXIST. Likely, the proposal has been finalized (check 'vscode.d.ts') or was abandoned.
2024-07-12 10:25:59.761 [error] Extension 'luma.jupyter' wants API proposal 'notebookEditorDecorationType' but that proposal DOES NOT EXIST. Likely, the proposal has been finalized (check 'vscode.d.ts') or was abandoned.
2024-07-12 10:25:59.762 [error] Extension 'luma.jupyter' wants API proposal 'notebookEditorEdit' but that proposal DOES NOT EXIST. Likely, the proposal has been finalized (check 'vscode.d.ts') or was abandoned.
2024-07-12 10:25:59.762 [error] Extension 'luma.jupyter' wants API proposal 'textDocumentNotebook' but that proposal DOES NOT EXIST. Likely, the proposal has been finalized (check 'vscode.d.ts') or was abandoned.
2024-07-12 10:25:59.765 [error] Extension 'luma.jupyter CANNOT USE these API proposals 'notebookDeprecated, notebookMessaging, notebookMime, notebookCellExecutionState, portsAttributes, quickPickSortByLabel'. You MUST start in extension development mode or use the --enable-proposed-api command line flag
2024-07-12 10:25:59.768 [error] Extension 'ms-python.debugpy CANNOT USE these API proposals 'portsAttributes, contribIssueReporter, debugVisualization'. You MUST start in extension development mode or use the --enable-proposed-api command line flag
2024-07-12 10:25:59.769 [error] Extension 'ms-python.python CANNOT USE these API proposals 'contribEditorContentMenu, quickPickSortByLabel, testObserver, quickPickItemTooltip, terminalDataWriteEvent, terminalExecuteCommandEvent, contribIssueReporter, terminalShellIntegration'. You MUST start in extension development mode or use the --enable-proposed-api command line flag
2024-07-12 10:25:59.770 [error] Extension 'ms-toolsai.jupyter CANNOT USE these API proposals 'notebookDeprecated, notebookMessaging, notebookMime, contribNotebookStaticPreloads, portsAttributes, quickPickSortByLabel, notebookKernelSource, interactiveWindow, quickPickItemTooltip, notebookExecution, notebookCellExecution, notebookVariableProvider'. You MUST start in extension development mode or use the --enable-proposed-api command line flag
2024-07-12 10:25:59.772 [error] Extension 'ms-toolsai.jupyter-renderers CANNOT USE these API proposals 'contribNotebookStaticPreloads'. You MUST start in extension development mode or use the --enable-proposed-api command line flag
2024-07-12 10:25:59.903 [warning] [ms-toolsai.jupyter]: Cannot register 'jupyter.experiments.enabled'. This property is already registered.
2024-07-12 10:25:59.906 [warning] [ms-toolsai.jupyter]: Cannot register 'jupyter.showVariableViewWhenDebugging'. This property is already registered.
2024-07-12 10:25:59.907 [warning] [ms-toolsai.jupyter]: Cannot register 'jupyter.logging.level'. This property is already registered.
2024-07-12 10:25:59.908 [warning] [ms-toolsai.jupyter]: Cannot register 'jupyter.experiments.optInto'. This property is already registered.
2024-07-12 10:25:59.908 [warning] [ms-toolsai.jupyter]: Cannot register 'jupyter.experiments.optOutFrom'. This property is already registered.
2024-07-12 10:25:59.915 [warning] [ms-toolsai.jupyter]: Cannot register 'jupyter.widgetScriptSources'. This property is already registered.
2024-07-12 10:25:59.916 [warning] [ms-toolsai.jupyter]: Cannot register 'jupyter.askForLargeDataFrames'. This property is already registered.
2024-07-12 10:25:59.917 [warning] [ms-toolsai.jupyter]: Cannot register 'jupyter.askForKernelRestart'. This property is already registered.
2024-07-12 10:25:59.918 [warning] [ms-toolsai.jupyter]: Cannot register 'jupyter.exportWithOutputEnabled'. This property is already registered.
2024-07-12 10:25:59.923 [warning] [ms-toolsai.jupyter]: Cannot register 'jupyter.jupyterLaunchTimeout'. This property is already registered.
2024-07-12 10:25:59.924 [warning] [ms-toolsai.jupyter]: Cannot register 'jupyter.jupyterLaunchRetries'. This property is already registered.
2024-07-12 10:25:59.925 [warning] [ms-toolsai.jupyter]: Cannot register 'jupyter.jupyterCommandLineArguments'. This property is already registered.
2024-07-12 10:25:59.925 [warning] [ms-toolsai.jupyter]: Cannot register 'jupyter.notebookFileRoot'. This property is already registered.
2024-07-12 10:25:59.931 [warning] [ms-toolsai.jupyter]: Cannot register 'jupyter.useDefaultConfigForJupyter'. This property is already registered.
2024-07-12 10:25:59.932 [warning] [ms-toolsai.jupyter]: Cannot register 'jupyter.jupyterInterruptTimeout'. This property is already registered.
2024-07-12 10:25:59.932 [warning] [ms-toolsai.jupyter]: Cannot register 'jupyter.variableExplorerExclude'. This property is already registered.
2024-07-12 10:25:59.935 [warning] [ms-toolsai.jupyter]: Cannot register 'jupyter.themeMatplotlibPlots'. This property is already registered.
2024-07-12 10:25:59.939 [warning] [ms-toolsai.jupyter]: Cannot register 'jupyter.allowUnauthorizedRemoteConnection'. This property is already registered.
2024-07-12 10:25:59.940 [warning] [ms-toolsai.jupyter]: Cannot register 'jupyter.debugpyDistPath'. This property is already registered.
2024-07-12 10:25:59.941 [warning] [ms-toolsai.jupyter]: Cannot register 'jupyter.stopOnFirstLineWhileDebugging'. This property is already registered.
2024-07-12 10:25:59.941 [warning] [ms-toolsai.jupyter]: Cannot register 'jupyter.disableJupyterAutoStart'. This property is already registered.
2024-07-12 10:25:59.942 [warning] [ms-toolsai.jupyter]: Cannot register 'jupyter.pythonExportMethod'. This property is already registered.
2024-07-12 10:25:59.946 [warning] [ms-toolsai.jupyter]: Cannot register 'jupyter.runStartupCommands'. This property is already registered.
2024-07-12 10:25:59.947 [warning] [ms-toolsai.jupyter]: Cannot register 'jupyter.debugJustMyCode'. This property is already registered.
2024-07-12 10:25:59.948 [warning] [ms-toolsai.jupyter]: Cannot register 'jupyter.showOutlineButtonInNotebookToolbar'. This property is already registered.
2024-07-12 10:25:59.948 [warning] [ms-toolsai.jupyter]: Cannot register 'jupyter.pythonCompletionTriggerCharacters'. This property is already registered.
2024-07-12 10:25:59.953 [warning] [ms-toolsai.jupyter]: Cannot register 'jupyter.logKernelOutputSeparately'. This property is already registered.
2024-07-12 10:26:00.061 [info] [luma.jupyter]: Command `jupyter.selectNativeJupyterUriFromToolBar` already registered by Jupyter (luma.jupyter)
2024-07-12 10:26:00.063 [info] [ms-toolsai.jupyter]: Command `dataScience.ClearCache` already registered by Jupyter (luma.jupyter)
2024-07-12 10:26:00.064 [info] [ms-toolsai.jupyter]: Command `jupyter.replayPylanceLog` already registered by Jupyter (luma.jupyter)
2024-07-12 10:26:00.066 [info] [ms-toolsai.jupyter]: Command `jupyter.replayPylanceLogStep` already registered by Jupyter (luma.jupyter)
2024-07-12 10:26:00.067 [info] [ms-toolsai.jupyter]: Command `jupyter.filterKernels` already registered by Jupyter (luma.jupyter)
2024-07-12 10:26:00.067 [info] [ms-toolsai.jupyter]: Command `jupyter.runByLine` already registered by Jupyter (luma.jupyter)
2024-07-12 10:26:00.071 [info] [ms-toolsai.jupyter]: Command `jupyter.runAndDebugCell` already registered by Jupyter (luma.jupyter)
2024-07-12 10:26:00.073 [info] [ms-toolsai.jupyter]: Command `jupyter.runByLineNext` already registered by Jupyter (luma.jupyter)
2024-07-12 10:26:00.075 [info] [ms-toolsai.jupyter]: Command `jupyter.runByLineStop` already registered by Jupyter (luma.jupyter)
2024-07-12 10:26:00.076 [info] [ms-toolsai.jupyter]: Command `jupyter.viewOutput` already registered by Jupyter (luma.jupyter)
2024-07-12 10:26:00.077 [info] [ms-toolsai.jupyter]: Command `jupyter.notebookeditor.export` already registered by Jupyter (luma.jupyter)
2024-07-12 10:26:00.080 [info] [ms-toolsai.jupyter]: Command `jupyter.export` already registered by Jupyter (luma.jupyter)
2024-07-12 10:26:00.081 [info] [ms-toolsai.jupyter]: Command `jupyter.exportAsPythonScript` already registered by Jupyter (luma.jupyter)
2024-07-12 10:26:00.081 [info] [ms-toolsai.jupyter]: Command `jupyter.exportToHTML` already registered by Jupyter (luma.jupyter)
2024-07-12 10:26:00.082 [info] [ms-toolsai.jupyter]: Command `jupyter.exportToPDF` already registered by Jupyter (luma.jupyter)
2024-07-12 10:26:00.085 [info] [ms-toolsai.jupyter]: Command `jupyter.selectJupyterInterpreter` already registered by Jupyter (luma.jupyter)
2024-07-12 10:26:00.087 [info] [ms-toolsai.jupyter]: Command `jupyter.runcurrentcell` already registered by Jupyter (luma.jupyter)
2024-07-12 10:26:00.088 [info] [ms-toolsai.jupyter]: Command `jupyter.debugcell` already registered by Jupyter (luma.jupyter)
2024-07-12 10:26:00.092 [info] [ms-toolsai.jupyter]: Command `jupyter.debugstepover` already registered by Jupyter (luma.jupyter)
2024-07-12 10:26:00.095 [info] [ms-toolsai.jupyter]: Command `jupyter.debugstop` already registered by Jupyter (luma.jupyter)
2024-07-12 10:26:00.095 [info] [ms-toolsai.jupyter]: Command `jupyter.debugcontinue` already registered by Jupyter (luma.jupyter)
2024-07-12 10:26:00.096 [info] [ms-toolsai.jupyter]: Command `jupyter.insertCellBelowPosition` already registered by Jupyter (luma.jupyter)
2024-07-12 10:26:00.097 [info] [ms-toolsai.jupyter]: Command `jupyter.insertCellBelow` already registered by Jupyter (luma.jupyter)
2024-07-12 10:26:00.098 [info] [ms-toolsai.jupyter]: Command `jupyter.insertCellAbove` already registered by Jupyter (luma.jupyter)
2024-07-12 10:26:00.098 [info] [ms-toolsai.jupyter]: Command `jupyter.deleteCells` already registered by Jupyter (luma.jupyter)
2024-07-12 10:26:00.099 [info] [ms-toolsai.jupyter]: Command `jupyter.selectCell` already registered by Jupyter (luma.jupyter)
2024-07-12 10:26:00.102 [info] [ms-toolsai.jupyter]: Command `jupyter.selectCellContents` already registered by Jupyter (luma.jupyter)
2024-07-12 10:26:00.103 [info] [ms-toolsai.jupyter]: Command `jupyter.extendSelectionByCellAbove` already registered by Jupyter (luma.jupyter)
2024-07-12 10:26:00.104 [info] [ms-toolsai.jupyter]: Command `jupyter.extendSelectionByCellBelow` already registered by Jupyter (luma.jupyter)
2024-07-12 10:26:00.106 [info] [ms-toolsai.jupyter]: Command `jupyter.moveCellsUp` already registered by Jupyter (luma.jupyter)
2024-07-12 10:26:00.107 [info] [ms-toolsai.jupyter]: Command `jupyter.moveCellsDown` already registered by Jupyter (luma.jupyter)
2024-07-12 10:26:00.108 [info] [ms-toolsai.jupyter]: Command `jupyter.changeCellToMarkdown` already registered by Jupyter (luma.jupyter)
2024-07-12 10:26:00.109 [info] [ms-toolsai.jupyter]: Command `jupyter.changeCellToCode` already registered by Jupyter (luma.jupyter)
2024-07-12 10:26:00.110 [info] [ms-toolsai.jupyter]: Command `jupyter.gotoNextCellInFile` already registered by Jupyter (luma.jupyter)
2024-07-12 10:26:00.113 [info] [ms-toolsai.jupyter]: Command `jupyter.gotoPrevCellInFile` already registered by Jupyter (luma.jupyter)
2024-07-12 10:26:00.114 [info] [ms-toolsai.jupyter]: Command `jupyter.runcurrentcelladvance` already registered by Jupyter (luma.jupyter)
2024-07-12 10:26:00.115 [info] [ms-toolsai.jupyter]: Command `jupyter.runcurrentcellandallbelow.palette` already registered by Jupyter (luma.jupyter)
2024-07-12 10:26:00.116 [info] [ms-toolsai.jupyter]: Command `jupyter.runallcellsabove.palette` already registered by Jupyter (luma.jupyter)
2024-07-12 10:26:00.118 [info] [ms-toolsai.jupyter]: Command `jupyter.debugcurrentcell.palette` already registered by Jupyter (luma.jupyter)
2024-07-12 10:26:00.119 [info] [ms-toolsai.jupyter]: Command `jupyter.execSelectionInteractive` already registered by Jupyter (luma.jupyter)
2024-07-12 10:26:00.120 [info] [ms-toolsai.jupyter]: Command `jupyter.createnewinteractive` already registered by Jupyter (luma.jupyter)
2024-07-12 10:26:00.122 [info] [ms-toolsai.jupyter]: Command `jupyter.runFileInteractive` already registered by Jupyter (luma.jupyter)
2024-07-12 10:26:00.123 [info] [ms-toolsai.jupyter]: Command `jupyter.debugFileInteractive` already registered by Jupyter (luma.jupyter)
2024-07-12 10:26:00.124 [info] [ms-toolsai.jupyter]: Command `jupyter.runallcells` already registered by Jupyter (luma.jupyter)
2024-07-12 10:26:00.124 [info] [ms-toolsai.jupyter]: Command `jupyter.runallcellsabove` already registered by Jupyter (luma.jupyter)
2024-07-12 10:26:00.125 [info] [ms-toolsai.jupyter]: Command `jupyter.runcellandallbelow` already registered by Jupyter (luma.jupyter)
2024-07-12 10:26:00.126 [info] [ms-toolsai.jupyter]: Command `jupyter.runcell` already registered by Jupyter (luma.jupyter)
2024-07-12 10:26:00.127 [info] [ms-toolsai.jupyter]: Command `jupyter.runtoline` already registered by Jupyter (luma.jupyter)
2024-07-12 10:26:00.128 [info] [ms-toolsai.jupyter]: Command `jupyter.runfromline` already registered by Jupyter (luma.jupyter)
2024-07-12 10:26:00.129 [info] [ms-toolsai.jupyter]: Command `jupyter.importnotebook` already registered by Jupyter (luma.jupyter)
2024-07-12 10:26:00.130 [info] [ms-toolsai.jupyter]: Command `jupyter.importnotebookfile` already registered by Jupyter (luma.jupyter)
2024-07-12 10:26:00.131 [info] [ms-toolsai.jupyter]: Command `jupyter.exportoutputasnotebook` already registered by Jupyter (luma.jupyter)
2024-07-12 10:26:00.131 [info] [ms-toolsai.jupyter]: Command `jupyter.exportfileasnotebook` already registered by Jupyter (luma.jupyter)
2024-07-12 10:26:00.132 [info] [ms-toolsai.jupyter]: Command `jupyter.exportfileandoutputasnotebook` already registered by Jupyter (luma.jupyter)
2024-07-12 10:26:00.134 [info] [ms-toolsai.jupyter]: Command `jupyter.interruptkernel` already registered by Jupyter (luma.jupyter)
2024-07-12 10:26:00.135 [info] [ms-toolsai.jupyter]: Command `jupyter.restartkernel` already registered by Jupyter (luma.jupyter)
2024-07-12 10:26:00.136 [info] [ms-toolsai.jupyter]: Command `jupyter.notebookeditor.addcellbelow` already registered by Jupyter (luma.jupyter)
2024-07-12 10:26:00.137 [info] [ms-toolsai.jupyter]: Command `jupyter.notebookeditor.removeallcells` already registered by Jupyter (luma.jupyter)
2024-07-12 10:26:00.139 [info] [ms-toolsai.jupyter]: Command `jupyter.expandallcells` already registered by Jupyter (luma.jupyter)
2024-07-12 10:26:00.140 [info] [ms-toolsai.jupyter]: Command `jupyter.collapseallcells` already registered by Jupyter (luma.jupyter)
2024-07-12 10:26:00.141 [info] [ms-toolsai.jupyter]: Command `jupyter.addcellbelow` already registered by Jupyter (luma.jupyter)
2024-07-12 10:26:00.142 [info] [ms-toolsai.jupyter]: Command `jupyter.createnewnotebook` already registered by Jupyter (luma.jupyter)
2024-07-12 10:26:00.143 [info] [ms-toolsai.jupyter]: Command `jupyter.scrolltocell` already registered by Jupyter (luma.jupyter)
2024-07-12 10:26:00.144 [info] [ms-toolsai.jupyter]: Command `jupyter.latestExtension` already registered by Jupyter (luma.jupyter)
2024-07-12 10:26:00.145 [info] [ms-toolsai.jupyter]: Command `jupyter.showDataViewer` already registered by Jupyter (luma.jupyter)
2024-07-12 10:26:00.146 [info] [ms-toolsai.jupyter]: Command `jupyter.clearSavedJupyterUris` already registered by Jupyter (luma.jupyter)
2024-07-12 10:26:00.147 [info] [ms-toolsai.jupyter]: Command `jupyter.openVariableView` already registered by Jupyter (luma.jupyter)
2024-07-12 10:26:00.148 [info] [ms-toolsai.jupyter]: Command `jupyter.openOutlineView` already registered by Jupyter (luma.jupyter)
2024-07-12 10:26:00.149 [info] [ms-toolsai.jupyter]: Command `jupyter.refreshDataViewer` already registered by Jupyter (luma.jupyter)
2024-07-12 10:26:00.152 [info] [ms-toolsai.jupyter]: Command `jupyter.interactive.clearAllCells` already registered by Jupyter (luma.jupyter)
2024-07-12 10:26:00.153 [info] [ms-toolsai.jupyter]: Command `jupyter.interactive.goToCode` already registered by Jupyter (luma.jupyter)
2024-07-12 10:26:00.154 [info] [ms-toolsai.jupyter]: Command `jupyter.interactive.exportasnotebook` already registered by Jupyter (luma.jupyter)
2024-07-12 10:26:00.160 [info] [ms-toolsai.jupyter]: Command `jupyter.interactive.exportas` already registered by Jupyter (luma.jupyter)
2024-07-12 10:26:00.161 [info] [ms-toolsai.jupyter]: Command `jupyter.interactive.copyCell` already registered by Jupyter (luma.jupyter)
2024-07-12 10:26:00.174 [error] [ms-python.debugpy]: issue/reporter is a proposed menu identifier. It requires 'package.json#enabledApiProposals: ["contribIssueReporter"]' and is only available when running out of dev or with the following command line switch: --enable-proposed-api ms-python.debugpy
2024-07-12 10:26:00.178 [error] [ms-python.python]: issue/reporter is a proposed menu identifier. It requires 'package.json#enabledApiProposals: ["contribIssueReporter"]' and is only available when running out of dev or with the following command line switch: --enable-proposed-api ms-python.python
2024-07-12 10:26:00.184 [error] [ms-python.python]: editor/content is a proposed menu identifier. It requires 'package.json#enabledApiProposals: ["contribEditorContentMenu"]' and is only available when running out of dev or with the following command line switch: --enable-proposed-api ms-python.python
2024-07-12 10:26:00.377 [error] [ms-toolsai.jupyter]: Cannot register multiple views with same id `jupyterViewVariables`
2024-07-12 10:26:03.239 [error] [EricSia.pythonsnippets3]: Unknown language in `contributes.pythonsnippets3.language`. Provided value: django-html
2024-07-12 10:26:03.247 [error] [EricSia.pythonsnippets3]: Unknown language in `contributes.pythonsnippets3.language`. Provided value: django-txt
2024-07-12 10:26:07.541 [error] [Extension Host] error 10:26:07.385: Jupyter Extension: Error in activating extension, failed in hy Error: Extension 'ms-toolsai.jupyter' CANNOT use API proposal: notebookKernelSource.
Its package.json#enabledApiProposals-property declares:  but NOT notebookKernelSource.
 The missing proposal MUST be added and you must start in extension development mode or use the following command line switch: --enable-proposed-api ms-toolsai.jupyter
    at P (/usr/lib/code/out/vs/workbench/api/node/extensionHostProcess.js:142:57960)
    at Object.createNotebookControllerDetectionTask (/usr/lib/code/out/vs/workbench/api/node/extensionHostProcess.js:164:46384)
    at i (/home/karthi/.vscode-oss/extensions/ms-toolsai.jupyter-2024.6.0-universal/dist/extension.node.js:299:6231)
    at hy.startRefreshWithPython (/home/karthi/.vscode-oss/extensions/ms-toolsai.jupyter-2024.6.0-universal/dist/extension.node.js:299:6454)
    at hy.activate (/home/karthi/.vscode-oss/extensions/ms-toolsai.jupyter-2024.6.0-universal/dist/extension.node.js:299:4678)
    at /home/karthi/.vscode-oss/extensions/ms-toolsai.jupyter-2024.6.0-universal/dist/extension.node.js:373:28858
    at Array.map (<anonymous>)
    at rI.activate (/home/karthi/.vscode-oss/extensions/ms-toolsai.jupyter-2024.6.0-universal/dist/extension.node.js:373:28844)
    at SG (/home/karthi/.vscode-oss/extensions/ms-toolsai.jupyter-2024.6.0-universal/dist/extension.node.js:436:2062)
    at Bfe (/home/karthi/.vscode-oss/extensions/ms-toolsai.jupyter-2024.6.0-universal/dist/extension.node.js:438:454)
2024-07-12 10:26:07.555 [error] [Extension Host] error 10:26:07.394: Jupyter Extension: Error in activating extension, failed in zy Error: Extension 'ms-toolsai.jupyter' CANNOT use API proposal: notebookKernelSource.
Its package.json#enabledApiProposals-property declares:  but NOT notebookKernelSource.
 The missing proposal MUST be added and you must start in extension development mode or use the following command line switch: --enable-proposed-api ms-toolsai.jupyter
    at P (/usr/lib/code/out/vs/workbench/api/node/extensionHostProcess.js:142:57960)
    at Object.registerKernelSourceActionProvider (/usr/lib/code/out/vs/workbench/api/node/extensionHostProcess.js:164:46519)
    at zy.activate (/home/karthi/.vscode-oss/extensions/ms-toolsai.jupyter-2024.6.0-universal/dist/extension.node.js:304:115154)
    at /home/karthi/.vscode-oss/extensions/ms-toolsai.jupyter-2024.6.0-universal/dist/extension.node.js:373:28858
    at Array.map (<anonymous>)
    at rI.activate (/home/karthi/.vscode-oss/extensions/ms-toolsai.jupyter-2024.6.0-universal/dist/extension.node.js:373:28844)
    at SG (/home/karthi/.vscode-oss/extensions/ms-toolsai.jupyter-2024.6.0-universal/dist/extension.node.js:436:2062)
    at Bfe (/home/karthi/.vscode-oss/extensions/ms-toolsai.jupyter-2024.6.0-universal/dist/extension.node.js:438:454)
2024-07-12 10:26:08.051 [error] spawn /home/karthi/.vscode-oss/extensions/ms-python.python-2024.10.0-universal/python-env-tools/bin/pet ENOENT: Error: spawn /home/karthi/.vscode-oss/extensions/ms-python.python-2024.10.0-universal/python-env-tools/bin/pet ENOENT
    at Process.ChildProcess._handle.onexit (node:internal/child_process:286:19)
    at onErrorNT (node:internal/child_process:484:16)
    at processTicksAndRejections (node:internal/process/task_queues:82:21)
2024-07-12 10:26:08.581 [info] [perf] Render performance baseline is 274ms
2024-07-12 10:26:08.912 [warning] Creation of workbench contribution 'workbench.contrib.configurationMigration' took 118ms.
2024-07-12 10:26:11.305 [info] Extension host (LocalProcess pid: 790) is unresponsive.
2024-07-12 10:26:13.509 [info] UNRESPONSIVE extension host: starting to profile NOW
2024-07-12 10:26:16.081 [error] [Extension Host] extension activation failed TypeError: s.notebooks.onDidChangeCellMetadata is not a function
    at u.onDidChangeCellMetadata [as addEventHandlers] (/home/karthi/.vscode-oss/extensions/luma.jupyter-2022.3.108-universal/src/client/common/application/notebook.ts:73:32)
    at new addEventHandlers (/home/karthi/.vscode-oss/extensions/luma.jupyter-2022.3.108-universal/src/client/common/application/notebook.ts:24:14)
    at Object.t.resolveInstance (/home/karthi/.vscode-oss/extensions/luma.jupyter-2022.3.108-universal/node_modules/inversify/lib/resolution/instantiation.js:21:12)
    at resolveInstance (/home/karthi/.vscode-oss/extensions/luma.jupyter-2022.3.108-universal/node_modules/inversify/lib/resolution/resolver.js:72:42)
    at Array.map (<anonymous>)
    at Object.map [as resolveInstance] (/home/karthi/.vscode-oss/extensions/luma.jupyter-2022.3.108-universal/node_modules/inversify/lib/resolution/instantiation.js:40:67)
    at resolveInstance (/home/karthi/.vscode-oss/extensions/luma.jupyter-2022.3.108-universal/node_modules/inversify/lib/resolution/resolver.js:72:42)
    at _f (/home/karthi/.vscode-oss/extensions/luma.jupyter-2022.3.108-universal/node_modules/inversify/lib/resolution/resolver.js:34:24)
    at Array.map (<anonymous>)
    at map (/home/karthi/.vscode-oss/extensions/luma.jupyter-2022.3.108-universal/node_modules/inversify/lib/resolution/resolver.js:32:34)
    at Array.map (<anonymous>)
    at Object.map [as resolveInstance] (/home/karthi/.vscode-oss/extensions/luma.jupyter-2022.3.108-universal/node_modules/inversify/lib/resolution/instantiation.js:40:67)
    at resolveInstance (/home/karthi/.vscode-oss/extensions/luma.jupyter-2022.3.108-universal/node_modules/inversify/lib/resolution/resolver.js:72:42)
    at Object._f [as resolve] (/home/karthi/.vscode-oss/extensions/luma.jupyter-2022.3.108-universal/node_modules/inversify/lib/resolution/resolver.js:96:12)
    at resolve (/home/karthi/.vscode-oss/extensions/luma.jupyter-2022.3.108-universal/node_modules/inversify/lib/container/container.js:319:37)
    at e.this (/home/karthi/.vscode-oss/extensions/luma.jupyter-2022.3.108-universal/node_modules/inversify/lib/container/container.js:310:22)
    at e._get [as get] (/home/karthi/.vscode-oss/extensions/luma.jupyter-2022.3.108-universal/node_modules/inversify/lib/container/container.js:230:21)
    at a.get (/home/karthi/.vscode-oss/extensions/luma.jupyter-2022.3.108-universal/src/client/ioc/container.ts:24:89)
    at get (/home/karthi/.vscode-oss/extensions/luma.jupyter-2022.3.108-universal/src/client/extensionActivation.ts:90:38)
    at activationPromise (/home/karthi/.vscode-oss/extensions/luma.jupyter-2022.3.108-universal/src/client/extension.ts:67:17)
    at serviceContainer (/home/karthi/.vscode-oss/extensions/luma.jupyter-2022.3.108-universal/src/client/extension.ts:30:22)
    at c.n (/usr/lib/code/out/vs/workbench/api/node/extensionHostProcess.js:144:6384)
    at c.m (/usr/lib/code/out/vs/workbench/api/node/extensionHostProcess.js:144:6347)
    at c.l (/usr/lib/code/out/vs/workbench/api/node/extensionHostProcess.js:144:5804)
2024-07-12 10:26:16.626 [info] Extension host (LocalProcess pid: 790) is responsive.
2024-07-12 10:26:16.637 [info] UNRESPONSIVE extension host: received responsive event and cancelling profiling session
2024-07-12 10:26:17.508 [warning] UNRESPONSIVE extension host: 'luma.jupyter' took 72.77858181631508% of 2282.519ms, saved PROFILE here: 'file:///tmp/exthost-004c7b.cpuprofile'
