2024-07-12 10:29:33.607 [info] Added views:workbench.panel.markers.view in workbench.panel.markers
2024-07-12 10:29:33.607 [info] Added views:workbench.panel.output in workbench.panel.output
2024-07-12 10:29:33.607 [info] Added views:terminal in terminal
2024-07-12 10:29:33.607 [info] Added views:workbench.scm in workbench.view.scm
2024-07-12 10:29:33.607 [info] Added views:workbench.view.search in workbench.view.search
2024-07-12 10:29:33.607 [info] Added views:outline in workbench.views.service.sidebar.f7267c84-72dc-4e1b-9b99-8268233a296b
2024-07-12 10:29:33.607 [info] Added views:timeline in workbench.views.service.sidebar.f7267c84-72dc-4e1b-9b99-8268233a296b
2024-07-12 10:29:33.607 [info] Added views:workbench.explorer.openEditorsView in workbench.views.service.sidebar.f7267c84-72dc-4e1b-9b99-8268233a296b
2024-07-12 10:29:33.607 [info] Added views:workbench.explorer.emptyView in workbench.view.explorer
2024-07-12 10:29:36.598 [info] Added views:workbench.debug.variablesView,workbench.debug.watchExpressionsView,workbench.debug.callStackView,workbench.debug.breakPointsView in workbench.view.debug
2024-07-12 10:29:38.803 [info] Added views:workbench.panel.repl.view in workbench.panel.repl
2024-07-12 10:29:38.811 [info] Removed views:workbench.debug.breakPointsView,workbench.debug.callStackView,workbench.debug.watchExpressionsView,workbench.debug.variablesView from workbench.view.debug
2024-07-12 10:29:38.812 [info] Added views:workbench.debug.welcome in workbench.view.debug
2024-07-12 10:29:41.495 [info] Added views:~remote.forwardedPorts in ~remote.forwardedPortsContainer
2024-07-12 10:29:51.405 [info] Added views:workbench.panel.markers.view in workbench.panel.markers
2024-07-12 10:29:51.405 [info] Added views:workbench.panel.output in workbench.panel.output
2024-07-12 10:29:51.405 [info] Added views:terminal in terminal
2024-07-12 10:29:51.405 [info] Added views:workbench.scm in workbench.view.scm
2024-07-12 10:29:51.405 [info] Added views:workbench.view.search in workbench.view.search
2024-07-12 10:29:51.405 [info] Added views:outline in workbench.views.service.sidebar.f7267c84-72dc-4e1b-9b99-8268233a296b
2024-07-12 10:29:51.405 [info] Added views:timeline in workbench.views.service.sidebar.f7267c84-72dc-4e1b-9b99-8268233a296b
2024-07-12 10:29:51.405 [info] Added views:workbench.explorer.fileView,workbench.explorer.openEditorsView in workbench.views.service.sidebar.f7267c84-72dc-4e1b-9b99-8268233a296b
2024-07-12 10:29:52.337 [info] Added views:workbench.debug.welcome in workbench.view.debug
2024-07-12 10:29:58.856 [info] Added views:workbench.panel.repl.view in workbench.panel.repl
2024-07-12 10:30:08.670 [info] Added views:~remote.forwardedPorts in ~remote.forwardedPortsContainer
2024-07-12 10:30:12.347 [info] Added views:workbench.view.testing in workbench.view.extension.test
