2024-07-12 02:40:57.020 [info] Log level: Info
2024-07-12 02:40:57.021 [info] Validating found git in: "git"
2024-07-12 02:40:57.021 [info] Using git "2.45.2" from "git"
2024-07-12 02:40:57.021 [info] > git rev-parse --show-toplevel [228ms]
2024-07-12 02:40:57.021 [info] > git rev-parse --git-dir --git-common-dir [88ms]
2024-07-12 02:40:57.021 [info] Open repository: /home/karthi/Leetcode-profile-scraper
2024-07-12 02:40:57.234 [info] > git rev-parse --show-toplevel [56ms]
2024-07-12 02:40:57.241 [info] > git config --get commit.template [117ms]
2024-07-12 02:40:57.347 [info] > git for-each-ref --format=%(refname)%00%(upstream:short)%00%(objectname)%00%(upstream:track)%00%(upstream:remotename)%00%(upstream:remoteref) refs/heads/main refs/remotes/main [23ms]
2024-07-12 02:40:57.392 [warning] ENOENT: no such file or directory, open '/home/karthi/Leetcode-profile-scraper/.git/refs/remotes/origin/main'
2024-07-12 02:40:57.399 [info] > git rev-parse refs/remotes/origin/main [6ms]
2024-07-12 02:40:57.482 [info] > git status -z -uall [58ms]
2024-07-12 02:40:57.594 [info] > git show --textconv :main.py [146ms]
2024-07-12 02:40:57.597 [info] > git for-each-ref --format=%(refname)%00%(upstream:short)%00%(objectname)%00%(upstream:track)%00%(upstream:remotename)%00%(upstream:remoteref) refs/heads/main refs/remotes/main [91ms]
2024-07-12 02:40:57.622 [info] > git ls-files --stage -- /home/karthi/Leetcode-profile-scraper/main.py [153ms]
2024-07-12 02:40:57.664 [info] > git cat-file -s dcaa9560afaafd1cb4d2aca65d8d1205b74ef075 [23ms]
2024-07-12 02:40:57.669 [info] > git config --local branch.main.vscode-merge-base [47ms]
2024-07-12 02:40:57.687 [info] > git config --get commit.template [97ms]
2024-07-12 02:40:58.196 [info] > git check-ignore -v -z --stdin [436ms]
2024-07-12 02:40:58.200 [info] > git for-each-ref --format=%(refname)%00%(upstream:short)%00%(objectname)%00%(upstream:track)%00%(upstream:remotename)%00%(upstream:remoteref) refs/heads/origin/main refs/remotes/origin/main [515ms]
2024-07-12 02:40:58.260 [info] > git merge-base refs/heads/main refs/remotes/origin/main [31ms]
2024-07-12 02:40:58.315 [info] > git for-each-ref --format=%(refname)%00%(upstream:short)%00%(objectname)%00%(upstream:track)%00%(upstream:remotename)%00%(upstream:remoteref) refs/heads/main refs/remotes/main [149ms]
2024-07-12 02:40:58.378 [warning] ENOENT: no such file or directory, open '/home/karthi/Leetcode-profile-scraper/.git/refs/remotes/origin/main'
2024-07-12 02:40:58.386 [info] > git rev-list --count --left-right refs/heads/main...refs/remotes/origin/main [71ms]
2024-07-12 02:40:58.427 [info] > git rev-parse refs/remotes/origin/main [49ms]
2024-07-12 02:40:58.462 [info] > git diff --name-status -z --diff-filter=ADMR 88cead31783998ba4e5f1baa791324f3a7319b68...refs/remotes/origin/main [46ms]
2024-07-12 02:40:58.473 [info] > git status -z -uall [17ms]
2024-07-12 02:40:58.586 [info] > git for-each-ref --format=%(refname)%00%(upstream:short)%00%(objectname)%00%(upstream:track)%00%(upstream:remotename)%00%(upstream:remoteref) refs/heads/main refs/remotes/main [84ms]
2024-07-12 02:40:58.635 [info] > git config --local branch.main.vscode-merge-base [10ms]
2024-07-12 02:40:58.664 [info] > git for-each-ref --format=%(refname)%00%(upstream:short)%00%(objectname)%00%(upstream:track)%00%(upstream:remotename)%00%(upstream:remoteref) refs/heads/origin/main refs/remotes/origin/main [12ms]
2024-07-12 02:42:20.378 [info] > git config --get commit.template [97ms]
2024-07-12 02:42:20.384 [info] > git for-each-ref --format=%(refname)%00%(upstream:short)%00%(objectname)%00%(upstream:track)%00%(upstream:remotename)%00%(upstream:remoteref) refs/heads/main refs/remotes/main [17ms]
2024-07-12 02:42:20.402 [warning] ENOENT: no such file or directory, open '/home/karthi/Leetcode-profile-scraper/.git/refs/remotes/origin/main'
2024-07-12 02:42:20.408 [info] > git rev-parse refs/remotes/origin/main [6ms]
2024-07-12 02:42:20.463 [info] > git status -z -uall [16ms]
2024-07-12 02:42:20.529 [info] > git for-each-ref --format=%(refname)%00%(upstream:short)%00%(objectname)%00%(upstream:track)%00%(upstream:remotename)%00%(upstream:remoteref) refs/heads/main refs/remotes/main [27ms]
2024-07-12 02:42:20.579 [info] > git config --local branch.main.vscode-merge-base [23ms]
2024-07-12 02:42:20.608 [info] > git for-each-ref --format=%(refname)%00%(upstream:short)%00%(objectname)%00%(upstream:track)%00%(upstream:remotename)%00%(upstream:remoteref) refs/heads/origin/main refs/remotes/origin/main [7ms]
2024-07-12 02:43:50.142 [info] > git config --get commit.template [3ms]
2024-07-12 02:43:50.164 [info] > git for-each-ref --format=%(refname)%00%(upstream:short)%00%(objectname)%00%(upstream:track)%00%(upstream:remotename)%00%(upstream:remoteref) refs/heads/main refs/remotes/main [5ms]
2024-07-12 02:43:50.179 [warning] ENOENT: no such file or directory, open '/home/karthi/Leetcode-profile-scraper/.git/refs/remotes/origin/main'
2024-07-12 02:43:50.184 [info] > git rev-parse refs/remotes/origin/main [5ms]
2024-07-12 02:43:50.206 [info] > git status -z -uall [6ms]
2024-07-12 02:43:50.230 [info] > git for-each-ref --format=%(refname)%00%(upstream:short)%00%(objectname)%00%(upstream:track)%00%(upstream:remotename)%00%(upstream:remoteref) refs/heads/main refs/remotes/main [7ms]
2024-07-12 02:43:50.251 [info] > git config --local branch.main.vscode-merge-base [5ms]
2024-07-12 02:43:50.270 [info] > git for-each-ref --format=%(refname)%00%(upstream:short)%00%(objectname)%00%(upstream:track)%00%(upstream:remotename)%00%(upstream:remoteref) refs/heads/origin/main refs/remotes/origin/main [4ms]
2024-07-12 02:43:52.736 [info] > git show --textconv :leetcode_stats.csv [54ms]
2024-07-12 02:43:52.748 [info] > git ls-files --stage -- /home/karthi/Leetcode-profile-scraper/leetcode_stats.csv [17ms]
2024-07-12 02:44:19.538 [info] > git config --get commit.template [2ms]
2024-07-12 02:44:19.563 [info] > git for-each-ref --format=%(refname)%00%(upstream:short)%00%(objectname)%00%(upstream:track)%00%(upstream:remotename)%00%(upstream:remoteref) refs/heads/main refs/remotes/main [4ms]
2024-07-12 02:44:19.579 [warning] ENOENT: no such file or directory, open '/home/karthi/Leetcode-profile-scraper/.git/refs/remotes/origin/main'
2024-07-12 02:44:19.585 [info] > git rev-parse refs/remotes/origin/main [6ms]
2024-07-12 02:44:19.627 [info] > git status -z -uall [27ms]
2024-07-12 02:44:19.662 [info] > git for-each-ref --format=%(refname)%00%(upstream:short)%00%(objectname)%00%(upstream:track)%00%(upstream:remotename)%00%(upstream:remoteref) refs/heads/main refs/remotes/main [7ms]
2024-07-12 02:44:19.681 [info] > git ls-files --stage -- /home/karthi/Leetcode-profile-scraper/leetcode_stats.csv [56ms]
2024-07-12 02:44:19.689 [info] > git config --local branch.main.vscode-merge-base [7ms]
2024-07-12 02:44:19.718 [info] > git for-each-ref --format=%(refname)%00%(upstream:short)%00%(objectname)%00%(upstream:track)%00%(upstream:remotename)%00%(upstream:remoteref) refs/heads/origin/main refs/remotes/origin/main [7ms]
2024-07-12 02:44:19.744 [info] > git show --textconv :leetcode_stats.csv [6ms]
2024-07-12 02:44:37.028 [info] > git config --get commit.template [23ms]
2024-07-12 02:44:37.032 [info] > git for-each-ref --format=%(refname)%00%(upstream:short)%00%(objectname)%00%(upstream:track)%00%(upstream:remotename)%00%(upstream:remoteref) refs/heads/main refs/remotes/main [7ms]
2024-07-12 02:44:37.051 [warning] ENOENT: no such file or directory, open '/home/karthi/Leetcode-profile-scraper/.git/refs/remotes/origin/main'
2024-07-12 02:44:37.055 [info] > git rev-parse refs/remotes/origin/main [4ms]
2024-07-12 02:44:37.077 [info] > git status -z -uall [7ms]
2024-07-12 02:44:37.126 [info] > git for-each-ref --format=%(refname)%00%(upstream:short)%00%(objectname)%00%(upstream:track)%00%(upstream:remotename)%00%(upstream:remoteref) refs/heads/main refs/remotes/main [22ms]
2024-07-12 02:44:37.171 [info] > git ls-files --stage -- /home/karthi/Leetcode-profile-scraper/leetcode_stats.csv [4ms]
2024-07-12 02:44:37.173 [info] > git config --local branch.main.vscode-merge-base [26ms]
2024-07-12 02:44:37.213 [info] > git for-each-ref --format=%(refname)%00%(upstream:short)%00%(objectname)%00%(upstream:track)%00%(upstream:remotename)%00%(upstream:remoteref) refs/heads/origin/main refs/remotes/origin/main [23ms]
2024-07-12 02:44:37.216 [info] > git show --textconv :leetcode_stats.csv [6ms]
2024-07-12 02:45:26.005 [info] > git config --get commit.template [18ms]
2024-07-12 02:45:26.008 [info] > git for-each-ref --format=%(refname)%00%(upstream:short)%00%(objectname)%00%(upstream:track)%00%(upstream:remotename)%00%(upstream:remoteref) refs/heads/main refs/remotes/main [6ms]
2024-07-12 02:45:26.023 [warning] ENOENT: no such file or directory, open '/home/karthi/Leetcode-profile-scraper/.git/refs/remotes/origin/main'
2024-07-12 02:45:26.029 [info] > git rev-parse refs/remotes/origin/main [7ms]
2024-07-12 02:45:26.069 [info] > git status -z -uall [25ms]
2024-07-12 02:45:26.100 [info] > git for-each-ref --format=%(refname)%00%(upstream:short)%00%(objectname)%00%(upstream:track)%00%(upstream:remotename)%00%(upstream:remoteref) refs/heads/main refs/remotes/main [8ms]
2024-07-12 02:45:26.117 [info] > git ls-files --stage -- /home/karthi/Leetcode-profile-scraper/leetcode_stats.csv [50ms]
2024-07-12 02:45:26.123 [info] > git config --local branch.main.vscode-merge-base [7ms]
2024-07-12 02:45:26.160 [info] > git for-each-ref --format=%(refname)%00%(upstream:short)%00%(objectname)%00%(upstream:track)%00%(upstream:remotename)%00%(upstream:remoteref) refs/heads/origin/main refs/remotes/origin/main [21ms]
2024-07-12 02:45:26.164 [info] > git show --textconv :leetcode_stats.csv [6ms]
2024-07-12 02:51:18.914 [info] > git config --get commit.template [3ms]
2024-07-12 02:51:18.936 [info] > git for-each-ref --format=%(refname)%00%(upstream:short)%00%(objectname)%00%(upstream:track)%00%(upstream:remotename)%00%(upstream:remoteref) refs/heads/main refs/remotes/main [7ms]
2024-07-12 02:51:18.952 [warning] ENOENT: no such file or directory, open '/home/karthi/Leetcode-profile-scraper/.git/refs/remotes/origin/main'
2024-07-12 02:51:18.957 [info] > git rev-parse refs/remotes/origin/main [4ms]
2024-07-12 02:51:18.984 [info] > git status -z -uall [13ms]
2024-07-12 02:51:19.057 [info] > git ls-files --stage -- /home/karthi/Leetcode-profile-scraper/leetcode_stats.csv [13ms]
2024-07-12 02:51:19.062 [info] > git for-each-ref --format=%(refname)%00%(upstream:short)%00%(objectname)%00%(upstream:track)%00%(upstream:remotename)%00%(upstream:remoteref) refs/heads/main refs/remotes/main [59ms]
2024-07-12 02:51:19.113 [info] > git config --local branch.main.vscode-merge-base [24ms]
2024-07-12 02:51:19.140 [info] > git show --textconv :leetcode_stats.csv [29ms]
2024-07-12 02:51:19.147 [info] > git for-each-ref --format=%(refname)%00%(upstream:short)%00%(objectname)%00%(upstream:track)%00%(upstream:remotename)%00%(upstream:remoteref) refs/heads/origin/main refs/remotes/origin/main [9ms]
2024-07-12 02:51:19.170 [info] > git merge-base refs/heads/main refs/remotes/origin/main [5ms]
2024-07-12 02:51:19.194 [info] > git rev-list --count --left-right refs/heads/main...refs/remotes/origin/main [5ms]
2024-07-12 02:51:19.217 [info] > git diff --name-status -z --diff-filter=ADMR 88cead31783998ba4e5f1baa791324f3a7319b68...refs/remotes/origin/main [6ms]
