2024-09-03 02:19:35.103 [error] Reading directory to watch failed Error: ENOENT: no such file or directory, scandir '/home/karthi/project/mongodb/start/.pixi/envs'
    at Object.readdirSync (node:fs:1507:26)
    at Object.t.readdirSync (node:electron/js2c/node_init:2:11418)
    at /home/karthi/.vscode-oss/extensions/ms-python.python-2024.12.3-universal/out/client/extension.js:2:586747
    at /home/karthi/.vscode-oss/extensions/ms-python.python-2024.12.3-universal/out/client/extension.js:2:586938
    at Array.map (<anonymous>)
    at d.initWatchers (/home/karthi/.vscode-oss/extensions/ms-python.python-2024.12.3-universal/out/client/extension.js:2:586656)
    at d.ensureWatchersReady (/home/karthi/.vscode-oss/extensions/ms-python.python-2024.12.3-universal/out/client/extension.js:2:543067) {
  errno: -2,
  code: 'ENOENT',
  syscall: 'scandir',
  path: '/home/karthi/project/mongodb/start/.pixi/envs'
}
2024-09-03 02:19:35.103 [error] Dir "/home/karthi/project/mongodb/start/.pixi/envs" is not watchable (directory does not exist)
2024-09-03 02:19:35.103 [info] Default formatter is set to null for workspace /home/karthi/project/mongodb/start
2024-09-03 02:19:35.103 [error] Unable to check if shell integration is active Error: Extension 'ms-python.python' CANNOT use API proposal: terminalDataWriteEvent.
Its package.json#enabledApiProposals-property declares:  but NOT terminalDataWriteEvent.
 The missing proposal MUST be added and you must start in extension development mode or use the following command line switch: --enable-proposed-api ms-python.python
    at P (/usr/lib/code/out/vs/workbench/api/node/extensionHostProcess.js:142:59143)
    at a.onDidWriteTerminalData (/usr/lib/code/out/vs/workbench/api/node/extensionHostProcess.js:164:32734)
    at new m (/home/karthi/.vscode-oss/extensions/ms-python.python-2024.12.3-universal/out/client/extension.js:2:816931)
    at Object.t.resolveInstance (/home/karthi/.vscode-oss/extensions/ms-python.python-2024.12.3-universal/out/client/extension.js:2:1668732)
    at /home/karthi/.vscode-oss/extensions/ms-python.python-2024.12.3-universal/out/client/extension.js:2:1670640
    at Array.map (<anonymous>)
    at Object.t.resolveInstance (/home/karthi/.vscode-oss/extensions/ms-python.python-2024.12.3-universal/out/client/extension.js:2:1668506)
    at /home/karthi/.vscode-oss/extensions/ms-python.python-2024.12.3-universal/out/client/extension.js:2:1670640
    at Object.t.resolve (/home/karthi/.vscode-oss/extensions/ms-python.python-2024.12.3-universal/out/client/extension.js:2:1670903)
    at /home/karthi/.vscode-oss/extensions/ms-python.python-2024.12.3-universal/out/client/extension.js:2:1654466
    at e._get (/home/karthi/.vscode-oss/extensions/ms-python.python-2024.12.3-universal/out/client/extension.js:2:1654232)
    at e.get (/home/karthi/.vscode-oss/extensions/ms-python.python-2024.12.3-universal/out/client/extension.js:2:1652944)
    at e.dynamicValue (/home/karthi/.vscode-oss/extensions/ms-python.python-2024.12.3-universal/out/client/extension.js:2:1676008)
    at /home/karthi/.vscode-oss/extensions/ms-python.python-2024.12.3-universal/out/client/extension.js:2:1670129
    at c (/home/karthi/.vscode-oss/extensions/ms-python.python-2024.12.3-universal/out/client/extension.js:2:1669175)
    at /home/karthi/.vscode-oss/extensions/ms-python.python-2024.12.3-universal/out/client/extension.js:2:1670069
    at /home/karthi/.vscode-oss/extensions/ms-python.python-2024.12.3-universal/out/client/extension.js:2:1669588
    at Array.map (<anonymous>)
    at /home/karthi/.vscode-oss/extensions/ms-python.python-2024.12.3-universal/out/client/extension.js:2:1669560
    at Array.map (<anonymous>)
    at Object.t.resolveInstance (/home/karthi/.vscode-oss/extensions/ms-python.python-2024.12.3-universal/out/client/extension.js:2:1668506)
    at /home/karthi/.vscode-oss/extensions/ms-python.python-2024.12.3-universal/out/client/extension.js:2:1670640
    at Object.t.resolve (/home/karthi/.vscode-oss/extensions/ms-python.python-2024.12.3-universal/out/client/extension.js:2:1670903)
    at /home/karthi/.vscode-oss/extensions/ms-python.python-2024.12.3-universal/out/client/extension.js:2:1654466
    at e._get (/home/karthi/.vscode-oss/extensions/ms-python.python-2024.12.3-universal/out/client/extension.js:2:1654232)
    at e.get (/home/karthi/.vscode-oss/extensions/ms-python.python-2024.12.3-universal/out/client/extension.js:2:1652944)
    at a.get (/home/karthi/.vscode-oss/extensions/ms-python.python-2024.12.3-universal/out/client/extension.js:2:477070)
    at /home/karthi/.vscode-oss/extensions/ms-python.python-2024.12.3-universal/out/client/extension.js:2:397424
    at t.activateComponents (/home/karthi/.vscode-oss/extensions/ms-python.python-2024.12.3-universal/out/client/extension.js:2:395711)
    at /home/karthi/.vscode-oss/extensions/ms-python.python-2024.12.3-universal/out/client/extension.js:2:2588581
    at e (/home/karthi/.vscode-oss/extensions/ms-python.python-2024.12.3-universal/out/client/extension.js:2:2588113)
    at m.n (/usr/lib/code/out/vs/workbench/api/node/extensionHostProcess.js:144:6409)
    at m (/usr/lib/code/out/vs/workbench/api/node/extensionHostProcess.js:144:6372)
    at m.l (/usr/lib/code/out/vs/workbench/api/node/extensionHostProcess.js:144:5829)
2024-09-03 02:19:35.103 [error] extension activation failed Error: Extension 'ms-python.python' CANNOT use API proposal: terminalShellIntegration.
Its package.json#enabledApiProposals-property declares:  but NOT terminalShellIntegration.
 The missing proposal MUST be added and you must start in extension development mode or use the following command line switch: --enable-proposed-api ms-python.python
    at P (/usr/lib/code/out/vs/workbench/api/node/extensionHostProcess.js:142:59143)
    at Object.onDidStartTerminalShellExecution (/usr/lib/code/out/vs/workbench/api/node/extensionHostProcess.js:164:33147)
    at t.onDidStartTerminalShellExecution (/home/karthi/.vscode-oss/extensions/ms-python.python-2024.12.3-universal/out/client/extension.js:2:338602)
    at t.registerTriggerForPipInTerminal (/home/karthi/.vscode-oss/extensions/ms-python.python-2024.12.3-universal/out/client/extension.js:2:662828)
    at t.registerAllCreateEnvironmentFeatures (/home/karthi/.vscode-oss/extensions/ms-python.python-2024.12.3-universal/out/client/extension.js:2:697793)
    at t.activateFeatures (/home/karthi/.vscode-oss/extensions/ms-python.python-2024.12.3-universal/out/client/extension.js:2:397935)
    at /home/karthi/.vscode-oss/extensions/ms-python.python-2024.12.3-universal/out/client/extension.js:2:2588640
    at e (/home/karthi/.vscode-oss/extensions/ms-python.python-2024.12.3-universal/out/client/extension.js:2:2588113)
    at m.n (/usr/lib/code/out/vs/workbench/api/node/extensionHostProcess.js:144:6409)
    at m (/usr/lib/code/out/vs/workbench/api/node/extensionHostProcess.js:144:6372)
    at m.l (/usr/lib/code/out/vs/workbench/api/node/extensionHostProcess.js:144:5829)
2024-09-03 02:19:35.153 [info] > pyenv which python
2024-09-03 02:19:35.153 [info] cwd: .
2024-09-03 02:19:35.341 [error] [
  'Failed to activate a workspace, Class name = m, completed in 4362ms, has a falsy return value, Arg 1: <Uri:/home/karthi/project/mongodb/start/sim.py>, Arg 2: {"started":1725310152743}, Return Value: undefined',
  Error: Extension 'ms-python.python' CANNOT use API proposal: testObserver.
  Its package.json#enabledApiProposals-property declares:  but NOT testObserver.
   The missing proposal MUST be added and you must start in extension development mode or use the following command line switch: --enable-proposed-api ms-python.python
      at P (/usr/lib/code/out/vs/workbench/api/node/extensionHostProcess.js:142:59143)
      at Object.get testResults [as testResults] (/usr/lib/code/out/vs/workbench/api/node/extensionHostProcess.js:164:25438)
      at T.activate (/home/karthi/.vscode-oss/extensions/ms-python.python-2024.12.3-universal/out/client/extension.js:2:845522)
      at /home/karthi/.vscode-oss/extensions/ms-python.python-2024.12.3-universal/out/client/extension.js:2:2460
      at Array.map (<anonymous>)
      at m.activateWorkspace (/home/karthi/.vscode-oss/extensions/ms-python.python-2024.12.3-universal/out/client/extension.js:2:2450)
]
2024-09-03 02:19:40.640 [info] Starting Jedi language server for start.
2024-09-03 02:20:53.499 [error] Reading directory to watch failed Error: ENOENT: no such file or directory, scandir '/home/karthi/project/Leetcode-profile-scraper/.pixi/envs'
    at Object.readdirSync (node:fs:1507:26)
    at Object.t.readdirSync (node:electron/js2c/node_init:2:11418)
    at /home/karthi/.vscode-oss/extensions/ms-python.python-2024.12.3-universal/out/client/extension.js:2:586747
    at /home/karthi/.vscode-oss/extensions/ms-python.python-2024.12.3-universal/out/client/extension.js:2:586938
    at Array.map (<anonymous>)
    at d.initWatchers (/home/karthi/.vscode-oss/extensions/ms-python.python-2024.12.3-universal/out/client/extension.js:2:586656)
    at d.ensureWatchersReady (/home/karthi/.vscode-oss/extensions/ms-python.python-2024.12.3-universal/out/client/extension.js:2:543067) {
  errno: -2,
  code: 'ENOENT',
  syscall: 'scandir',
  path: '/home/karthi/project/Leetcode-profile-scraper/.pixi/envs'
}
2024-09-03 02:20:53.499 [error] Dir "/home/karthi/project/Leetcode-profile-scraper/.pixi/envs" is not watchable (directory does not exist)
2024-09-03 02:20:53.499 [info] Default formatter is set to null for workspace /home/karthi/project/Leetcode-profile-scraper
2024-09-03 02:20:53.499 [error] Unable to check if shell integration is active Error: Extension 'ms-python.python' CANNOT use API proposal: terminalDataWriteEvent.
Its package.json#enabledApiProposals-property declares:  but NOT terminalDataWriteEvent.
 The missing proposal MUST be added and you must start in extension development mode or use the following command line switch: --enable-proposed-api ms-python.python
    at P (/usr/lib/code/out/vs/workbench/api/node/extensionHostProcess.js:142:59143)
    at a.onDidWriteTerminalData (/usr/lib/code/out/vs/workbench/api/node/extensionHostProcess.js:164:32734)
    at new m (/home/karthi/.vscode-oss/extensions/ms-python.python-2024.12.3-universal/out/client/extension.js:2:816931)
    at Object.t.resolveInstance (/home/karthi/.vscode-oss/extensions/ms-python.python-2024.12.3-universal/out/client/extension.js:2:1668732)
    at /home/karthi/.vscode-oss/extensions/ms-python.python-2024.12.3-universal/out/client/extension.js:2:1670640
    at Array.map (<anonymous>)
    at Object.t.resolveInstance (/home/karthi/.vscode-oss/extensions/ms-python.python-2024.12.3-universal/out/client/extension.js:2:1668506)
    at /home/karthi/.vscode-oss/extensions/ms-python.python-2024.12.3-universal/out/client/extension.js:2:1670640
    at Object.t.resolve (/home/karthi/.vscode-oss/extensions/ms-python.python-2024.12.3-universal/out/client/extension.js:2:1670903)
    at /home/karthi/.vscode-oss/extensions/ms-python.python-2024.12.3-universal/out/client/extension.js:2:1654466
    at e._get (/home/karthi/.vscode-oss/extensions/ms-python.python-2024.12.3-universal/out/client/extension.js:2:1654232)
    at e.get (/home/karthi/.vscode-oss/extensions/ms-python.python-2024.12.3-universal/out/client/extension.js:2:1652944)
    at e.dynamicValue (/home/karthi/.vscode-oss/extensions/ms-python.python-2024.12.3-universal/out/client/extension.js:2:1676008)
    at /home/karthi/.vscode-oss/extensions/ms-python.python-2024.12.3-universal/out/client/extension.js:2:1670129
    at c (/home/karthi/.vscode-oss/extensions/ms-python.python-2024.12.3-universal/out/client/extension.js:2:1669175)
    at /home/karthi/.vscode-oss/extensions/ms-python.python-2024.12.3-universal/out/client/extension.js:2:1670069
    at /home/karthi/.vscode-oss/extensions/ms-python.python-2024.12.3-universal/out/client/extension.js:2:1669588
    at Array.map (<anonymous>)
    at /home/karthi/.vscode-oss/extensions/ms-python.python-2024.12.3-universal/out/client/extension.js:2:1669560
    at Array.map (<anonymous>)
    at Object.t.resolveInstance (/home/karthi/.vscode-oss/extensions/ms-python.python-2024.12.3-universal/out/client/extension.js:2:1668506)
    at /home/karthi/.vscode-oss/extensions/ms-python.python-2024.12.3-universal/out/client/extension.js:2:1670640
    at Object.t.resolve (/home/karthi/.vscode-oss/extensions/ms-python.python-2024.12.3-universal/out/client/extension.js:2:1670903)
    at /home/karthi/.vscode-oss/extensions/ms-python.python-2024.12.3-universal/out/client/extension.js:2:1654466
    at e._get (/home/karthi/.vscode-oss/extensions/ms-python.python-2024.12.3-universal/out/client/extension.js:2:1654232)
    at e.get (/home/karthi/.vscode-oss/extensions/ms-python.python-2024.12.3-universal/out/client/extension.js:2:1652944)
    at a.get (/home/karthi/.vscode-oss/extensions/ms-python.python-2024.12.3-universal/out/client/extension.js:2:477070)
    at /home/karthi/.vscode-oss/extensions/ms-python.python-2024.12.3-universal/out/client/extension.js:2:397424
    at t.activateComponents (/home/karthi/.vscode-oss/extensions/ms-python.python-2024.12.3-universal/out/client/extension.js:2:395711)
    at /home/karthi/.vscode-oss/extensions/ms-python.python-2024.12.3-universal/out/client/extension.js:2:2588581
    at e (/home/karthi/.vscode-oss/extensions/ms-python.python-2024.12.3-universal/out/client/extension.js:2:2588113)
    at m.n (/usr/lib/code/out/vs/workbench/api/node/extensionHostProcess.js:144:6409)
    at m (/usr/lib/code/out/vs/workbench/api/node/extensionHostProcess.js:144:6372)
    at m.l (/usr/lib/code/out/vs/workbench/api/node/extensionHostProcess.js:144:5829)
2024-09-03 02:20:53.499 [info] Starting Environment refresh
2024-09-03 02:20:53.499 [error] extension activation failed Error: Extension 'ms-python.python' CANNOT use API proposal: terminalShellIntegration.
Its package.json#enabledApiProposals-property declares:  but NOT terminalShellIntegration.
 The missing proposal MUST be added and you must start in extension development mode or use the following command line switch: --enable-proposed-api ms-python.python
    at P (/usr/lib/code/out/vs/workbench/api/node/extensionHostProcess.js:142:59143)
    at Object.onDidStartTerminalShellExecution (/usr/lib/code/out/vs/workbench/api/node/extensionHostProcess.js:164:33147)
    at t.onDidStartTerminalShellExecution (/home/karthi/.vscode-oss/extensions/ms-python.python-2024.12.3-universal/out/client/extension.js:2:338602)
    at t.registerTriggerForPipInTerminal (/home/karthi/.vscode-oss/extensions/ms-python.python-2024.12.3-universal/out/client/extension.js:2:662828)
    at t.registerAllCreateEnvironmentFeatures (/home/karthi/.vscode-oss/extensions/ms-python.python-2024.12.3-universal/out/client/extension.js:2:697793)
    at t.activateFeatures (/home/karthi/.vscode-oss/extensions/ms-python.python-2024.12.3-universal/out/client/extension.js:2:397935)
    at /home/karthi/.vscode-oss/extensions/ms-python.python-2024.12.3-universal/out/client/extension.js:2:2588640
    at e (/home/karthi/.vscode-oss/extensions/ms-python.python-2024.12.3-universal/out/client/extension.js:2:2588113)
    at m.n (/usr/lib/code/out/vs/workbench/api/node/extensionHostProcess.js:144:6409)
    at m (/usr/lib/code/out/vs/workbench/api/node/extensionHostProcess.js:144:6372)
    at m.l (/usr/lib/code/out/vs/workbench/api/node/extensionHostProcess.js:144:5829)
2024-09-03 02:20:53.523 [info] > pixi --version
2024-09-03 02:20:53.525 [error] Error: spawn pixi ENOENT
    at Process.ChildProcess._handle.onexit (node:internal/child_process:286:19)
    at onErrorNT (node:internal/child_process:484:16)
    at processTicksAndRejections (node:internal/process/task_queues:82:21) {
  errno: -2,
  code: 'ENOENT',
  syscall: 'spawn pixi',
  path: 'pixi',
  spawnargs: [ '--version' ]
}
2024-09-03 02:20:53.552 [info] > hatch env show --json
2024-09-03 02:20:53.552 [info] cwd: .
2024-09-03 02:20:53.601 [info] Environments refresh finished (event): 144 milliseconds
2024-09-03 02:20:53.602 [info] Environments refresh paths discovered: 144 milliseconds
2024-09-03 02:20:53.631 [info] Environment refresh took 175 milliseconds
2024-09-03 02:20:53.686 [info] > pyenv which python
2024-09-03 02:20:53.686 [info] cwd: .
2024-09-03 02:20:53.728 [info] > pyenv which python
2024-09-03 02:20:53.728 [info] cwd: .
2024-09-03 02:20:53.812 [warning] could not find a pixi interpreter for the interpreter at /bin/python
2024-09-03 02:20:54.172 [info] > /bin/python -I ~/.vscode-oss/extensions/ms-python.python-2024.12.3-universal/python_files/get_output_via_markers.py ~/.vscode-oss/extensions/ms-python.python-2024.12.3-universal/python_files/interpreterInfo.py
2024-09-03 02:20:54.222 [error] [
  'Failed to activate a workspace, Class name = m, completed in 765ms, has a falsy return value, Arg 1: <Uri:/home/karthi/project/Leetcode-profile-scraper/scraper.py>, Arg 2: {"started":1725310242531}, Return Value: undefined',
  Error: Extension 'ms-python.python' CANNOT use API proposal: testObserver.
  Its package.json#enabledApiProposals-property declares:  but NOT testObserver.
   The missing proposal MUST be added and you must start in extension development mode or use the following command line switch: --enable-proposed-api ms-python.python
      at P (/usr/lib/code/out/vs/workbench/api/node/extensionHostProcess.js:142:59143)
      at Object.get testResults [as testResults] (/usr/lib/code/out/vs/workbench/api/node/extensionHostProcess.js:164:25438)
      at T.activate (/home/karthi/.vscode-oss/extensions/ms-python.python-2024.12.3-universal/out/client/extension.js:2:845522)
      at /home/karthi/.vscode-oss/extensions/ms-python.python-2024.12.3-universal/out/client/extension.js:2:2460
      at Array.map (<anonymous>)
      at m.activateWorkspace (/home/karthi/.vscode-oss/extensions/ms-python.python-2024.12.3-universal/out/client/extension.js:2:2450)
]
2024-09-03 02:21:01.626 [info] Starting Jedi language server for Leetcode-profile-scraper.
2024-09-03 02:27:40.272 [info] Discover tests for workspace name: Leetcode-profile-scraper - uri: /home/karthi/project/Leetcode-profile-scraper/scraper.py
2024-09-03 02:28:37.483 [info] Python interpreter path: /bin/python
2024-09-03 02:29:48.577 [info] Discover tests for workspace name: Leetcode-profile-scraper - uri: /home/karthi/project/Leetcode-profile-scraper/.myenv/lib/python3.12/site-packages/numpy/f2py/setup.cfg
2024-09-03 02:29:57.455 [info] Discover tests for workspace name: Leetcode-profile-scraper - uri: /home/karthi/project/Leetcode-profile-scraper/.myenv/lib/python3.12/site-packages/pandas/pyproject.toml
2024-09-03 02:35:18.140 [info] Discover tests for workspace name: Leetcode-profile-scraper - uri: /home/karthi/project/Leetcode-profile-scraper/main.py
2024-09-03 02:40:15.222 [info] Discover tests for workspace name: Leetcode-profile-scraper - uri: /home/karthi/project/Leetcode-profile-scraper/main.py
2024-09-03 02:48:43.583 [info] Discover tests for workspace name: Leetcode-profile-scraper - uri: /home/karthi/project/Leetcode-profile-scraper/main.py
2024-09-03 02:56:56.242 [info] Discover tests for workspace name: Leetcode-profile-scraper - uri: /home/karthi/project/Leetcode-profile-scraper/main.py
2024-09-03 03:00:44.475 [info] Discover tests for workspace name: Leetcode-profile-scraper - uri: /home/karthi/project/Leetcode-profile-scraper/main.py
2024-09-03 03:52:55.629 [info] Discover tests for workspace name: Leetcode-profile-scraper - uri: /home/karthi/project/Leetcode-profile-scraper/main.py
2024-09-03 03:54:14.362 [info] Discover tests for workspace name: Leetcode-profile-scraper - uri: /home/karthi/project/Leetcode-profile-scraper/main.py
2024-09-03 03:55:52.188 [info] Discover tests for workspace name: Leetcode-profile-scraper - uri: /home/karthi/project/Leetcode-profile-scraper/main.py
2024-09-03 03:59:23.457 [info] Discover tests for workspace name: Leetcode-profile-scraper - uri: /home/karthi/project/Leetcode-profile-scraper/main.py
2024-09-03 03:59:38.960 [info] Discover tests for workspace name: Leetcode-profile-scraper - uri: /home/karthi/project/Leetcode-profile-scraper/main.py
2024-09-03 03:59:52.876 [info] Discover tests for workspace name: Leetcode-profile-scraper - uri: /home/karthi/project/Leetcode-profile-scraper/main.py
2024-09-03 04:03:44.284 [info] Discover tests for workspace name: Leetcode-profile-scraper - uri: /home/karthi/project/Leetcode-profile-scraper/main.py
2024-09-03 04:03:55.594 [info] Discover tests for workspace name: Leetcode-profile-scraper - uri: /home/karthi/project/Leetcode-profile-scraper/main.py
