2024-07-15 18:21:27.408 [info] Extension host with pid 1206 started
2024-07-15 18:21:27.409 [info] Skipping acquiring lock for /home/karthi/.config/Code - OSS/User/workspaceStorage/81a8f03a6857fcb77f66df29213e39d6.
2024-07-15 18:21:28.900 [info] ExtensionService#_doActivateExtension vscode.git-base, startup: true, activationEvent: '*', root cause: vscode.git
2024-07-15 18:21:28.954 [info] ExtensionService#_doActivateExtension s-nlf-fh.glassit, startup: true, activationEvent: '*'
2024-07-15 18:21:30.014 [info] ExtensionService#_doActivateExtension vscode.git, startup: true, activationEvent: '*'
2024-07-15 18:21:30.319 [info] ExtensionService#_doActivateExtension vscode.github, startup: true, activationEvent: '*'
2024-07-15 18:21:30.699 [info] Eager extensions activated
2024-07-15 18:21:30.933 [info] ExtensionService#_doActivateExtension vscode.debug-auto-launch, startup: false, activationEvent: 'onStartupFinished'
2024-07-15 18:21:30.959 [info] ExtensionService#_doActivateExtension vscode.merge-conflict, startup: false, activationEvent: 'onStartupFinished'
2024-07-15 18:21:31.030 [info] ExtensionService#_doActivateExtension esbenp.prettier-vscode, startup: false, activationEvent: 'onStartupFinished'
2024-07-15 18:21:31.622 [info] ExtensionService#_doActivateExtension ritwickdey.LiveServer, startup: false, activationEvent: 'onStartupFinished'
2024-07-15 18:21:32.010 [info] ExtensionService#_doActivateExtension vscode.configuration-editing, startup: false, activationEvent: 'onLanguage:jsonc'
2024-07-15 18:21:32.079 [info] ExtensionService#_doActivateExtension vscode.json-language-features, startup: false, activationEvent: 'onLanguage:jsonc'
2024-07-15 18:21:32.254 [info] ExtensionService#_doActivateExtension vscode.typescript-language-features, startup: false, activationEvent: 'onLanguage:jsonc'
2024-07-15 18:21:32.596 [info] ExtensionService#_doActivateExtension vscode.emmet, startup: false, activationEvent: 'onLanguage'
2024-07-15 18:21:33.893 [info] ExtensionService#_doActivateExtension vscode.github-authentication, startup: false, activationEvent: 'onAuthenticationRequest:github'
2024-07-15 18:22:01.705 [info] ExtensionService#_doActivateExtension luma.jupyter, startup: false, activationEvent: 'onLanguage:python'
2024-07-15 18:22:02.807 [info] ExtensionService#_doActivateExtension ms-python.python, startup: false, activationEvent: 'onLanguage:python', root cause: ms-python.debugpy
2024-07-15 18:22:03.404 [info] ExtensionService#_doActivateExtension ms-toolsai.jupyter, startup: false, activationEvent: 'onLanguage:python'
2024-07-15 18:22:03.467 [info] ExtensionService#_doActivateExtension virgilsisoe.python-auto-import, startup: false, activationEvent: 'onLanguage:python'
2024-07-15 18:22:05.821 [error] Error: spawn /home/karthi/.vscode-oss/extensions/ms-python.python-2024.10.0-universal/python-env-tools/bin/pet ENOENT
    at Process.ChildProcess._handle.onexit (node:internal/child_process:286:19)
    at onErrorNT (node:internal/child_process:484:16)
    at processTicksAndRejections (node:internal/process/task_queues:82:21)
2024-07-15 18:22:05.987 [info] ExtensionService#_doActivateExtension ms-toolsai.jupyter-renderers, startup: false, activationEvent: 'api', root cause: ms-toolsai.jupyter
2024-07-15 18:22:15.144 [info] ExtensionService#_doActivateExtension ms-python.debugpy, startup: false, activationEvent: 'onLanguage:python'
2024-07-15 18:22:15.673 [error] Activating extension ms-python.debugpy failed due to an error:
2024-07-15 18:22:15.673 [error] Error: Extension 'ms-python.debugpy' CANNOT use API proposal: portsAttributes.
Its package.json#enabledApiProposals-property declares:  but NOT portsAttributes.
 The missing proposal MUST be added and you must start in extension development mode or use the following command line switch: --enable-proposed-api ms-python.debugpy
    at P (/usr/lib/code/out/vs/workbench/api/node/extensionHostProcess.js:142:57960)
    at Object.registerPortAttributesProvider (/usr/lib/code/out/vs/workbench/api/node/extensionHostProcess.js:164:42563)
    at t.registerDebugger (/home/karthi/.vscode-oss/extensions/ms-python.debugpy-2024.8.0-linux-x64/dist/extension.js:2:880557)
    at e.activate (/home/karthi/.vscode-oss/extensions/ms-python.debugpy-2024.8.0-linux-x64/dist/extension.js:2:1128458)
    at Function.kb (/usr/lib/code/out/vs/workbench/api/node/extensionHostProcess.js:160:13532)
    at Function.jb (/usr/lib/code/out/vs/workbench/api/node/extensionHostProcess.js:160:13245)
    at /usr/lib/code/out/vs/workbench/api/node/extensionHostProcess.js:160:11246
    at c.n (/usr/lib/code/out/vs/workbench/api/node/extensionHostProcess.js:144:6384)
    at c.m (/usr/lib/code/out/vs/workbench/api/node/extensionHostProcess.js:144:6347)
    at c.l (/usr/lib/code/out/vs/workbench/api/node/extensionHostProcess.js:144:5804)
2024-07-15 18:22:16.944 [error] Error: Extension 'ms-python.python' CANNOT use API proposal: testObserver.
Its package.json#enabledApiProposals-property declares:  but NOT testObserver.
 The missing proposal MUST be added and you must start in extension development mode or use the following command line switch: --enable-proposed-api ms-python.python
    at P (/usr/lib/code/out/vs/workbench/api/node/extensionHostProcess.js:142:57960)
    at Object.get testResults [as testResults] (/usr/lib/code/out/vs/workbench/api/node/extensionHostProcess.js:164:25429)
    at T.activate (/home/karthi/.vscode-oss/extensions/ms-python.python-2024.10.0-universal/out/client/extension.js:2:824391)
    at /home/karthi/.vscode-oss/extensions/ms-python.python-2024.10.0-universal/out/client/extension.js:2:2460
    at Array.map (<anonymous>)
    at m.activateWorkspace (/home/karthi/.vscode-oss/extensions/ms-python.python-2024.10.0-universal/out/client/extension.js:2:2450)
2024-07-15 18:24:18.929 [info] ExtensionService#_doActivateExtension vscode.npm, startup: false, activationEvent: 'onTerminalQuickFixRequest:ms-vscode.npm-command'
2024-07-15 18:35:48.383 [info] ExtensionService#_doActivateExtension vscode.extension-editing, startup: false, activationEvent: 'onLanguage:markdown'
2024-07-15 18:35:48.741 [info] ExtensionService#_doActivateExtension vscode.markdown-language-features, startup: false, activationEvent: 'onLanguage:markdown'
2024-07-15 18:35:52.418 [info] ExtensionService#_doActivateExtension vscode.markdown-math, startup: false, activationEvent: 'api', root cause: vscode.markdown-language-features
2024-07-15 18:46:34.961 [error] [ms-python.python] provider FAILED
2024-07-15 18:46:34.961 [error] Error: UnboundLocalError: cannot access local variable 'start_index' where it is not associated with a value
    at ae (/home/karthi/.vscode-oss/extensions/ms-python.python-2024.10.0-universal/out/client/extension.js:2:1947043)
    at oe (/home/karthi/.vscode-oss/extensions/ms-python.python-2024.10.0-universal/out/client/extension.js:2:1945003)
    at Immediate.<anonymous> (/home/karthi/.vscode-oss/extensions/ms-python.python-2024.10.0-universal/out/client/extension.js:2:1941297)
    at processImmediate (node:internal/timers:478:21)
2024-07-15 18:46:55.928 [error] [ms-python.python] provider FAILED
2024-07-15 18:46:55.928 [error] Error: UnboundLocalError: cannot access local variable 'start_index' where it is not associated with a value
    at ae (/home/karthi/.vscode-oss/extensions/ms-python.python-2024.10.0-universal/out/client/extension.js:2:1947043)
    at oe (/home/karthi/.vscode-oss/extensions/ms-python.python-2024.10.0-universal/out/client/extension.js:2:1945003)
    at Immediate.<anonymous> (/home/karthi/.vscode-oss/extensions/ms-python.python-2024.10.0-universal/out/client/extension.js:2:1941297)
    at processImmediate (node:internal/timers:478:21)
2024-07-15 18:49:38.102 [error] [ms-python.python] provider FAILED
2024-07-15 18:49:38.102 [error] Error: UnboundLocalError: cannot access local variable 'start_index' where it is not associated with a value
    at ae (/home/karthi/.vscode-oss/extensions/ms-python.python-2024.10.0-universal/out/client/extension.js:2:1947043)
    at oe (/home/karthi/.vscode-oss/extensions/ms-python.python-2024.10.0-universal/out/client/extension.js:2:1945003)
    at Immediate.<anonymous> (/home/karthi/.vscode-oss/extensions/ms-python.python-2024.10.0-universal/out/client/extension.js:2:1941297)
    at processImmediate (node:internal/timers:478:21)
2024-07-15 21:01:54.980 [error] Error: Extension 'ms-python.python' CANNOT use API proposal: terminalDataWriteEvent.
Its package.json#enabledApiProposals-property declares:  but NOT terminalDataWriteEvent.
 The missing proposal MUST be added and you must start in extension development mode or use the following command line switch: --enable-proposed-api ms-python.python
    at P (/usr/lib/code/out/vs/workbench/api/node/extensionHostProcess.js:142:57960)
    at a.onDidWriteTerminalData (/usr/lib/code/out/vs/workbench/api/node/extensionHostProcess.js:164:32723)
    at /home/karthi/.vscode-oss/extensions/ms-python.python-2024.10.0-universal/out/client/extension.js:2:777457
    at new Promise (<anonymous>)
    at /home/karthi/.vscode-oss/extensions/ms-python.python-2024.10.0-universal/out/client/extension.js:2:777370
    at processTicksAndRejections (node:internal/process/task_queues:95:5)
2024-07-15 22:02:47.820 [error] [ms-python.python] provider FAILED
2024-07-15 22:02:47.835 [error] Error: UnboundLocalError: cannot access local variable 'start_index' where it is not associated with a value
    at ae (/home/karthi/.vscode-oss/extensions/ms-python.python-2024.10.0-universal/out/client/extension.js:2:1947043)
    at oe (/home/karthi/.vscode-oss/extensions/ms-python.python-2024.10.0-universal/out/client/extension.js:2:1945003)
    at Immediate.<anonymous> (/home/karthi/.vscode-oss/extensions/ms-python.python-2024.10.0-universal/out/client/extension.js:2:1941297)
    at processImmediate (node:internal/timers:478:21)
2024-07-15 23:16:58.602 [info] Extension host terminating: renderer closed the MessagePort
2024-07-15 23:16:59.194 [error] Canceled: Canceled
    at new I (/usr/lib/code/out/vs/workbench/api/node/extensionHostProcess.js:144:34990)
    at S.U (/usr/lib/code/out/vs/workbench/api/node/extensionHostProcess.js:151:6023)
    at Proxy.z.<computed>.F.charCodeAt.T.CharCode.DollarSign.z.<computed> (/usr/lib/code/out/vs/workbench/api/node/extensionHostProcess.js:151:3107)
    at f.g (/usr/lib/code/out/vs/workbench/api/node/extensionHostProcess.js:154:203861)
    at f.executeCommand (/usr/lib/code/out/vs/workbench/api/node/extensionHostProcess.js:154:203299)
    at A.registerCommand.description (/usr/lib/code/out/vs/workbench/api/node/extensionHostProcess.js:154:202623)
    at f.h (/usr/lib/code/out/vs/workbench/api/node/extensionHostProcess.js:154:204400)
    at f.g (/usr/lib/code/out/vs/workbench/api/node/extensionHostProcess.js:154:203392)
    at f.executeCommand (/usr/lib/code/out/vs/workbench/api/node/extensionHostProcess.js:154:203299)
    at Object.executeCommand (/usr/lib/code/out/vs/workbench/api/node/extensionHostProcess.js:164:23051)
    at n.O [as value] (/usr/lib/code/extensions/git/dist/main.js:2:949375)
    at r.B (/usr/lib/code/out/vs/workbench/api/node/extensionHostProcess.js:83:737)
    at r.C (/usr/lib/code/out/vs/workbench/api/node/extensionHostProcess.js:83:807)
    at r.fire (/usr/lib/code/out/vs/workbench/api/node/extensionHostProcess.js:83:1023)
    at Object.p [as dispose] (/usr/lib/code/extensions/git/dist/main.js:2:968579)
    at /usr/lib/code/extensions/git/dist/main.js:2:974617
    at Array.forEach (<anonymous>)
    at f.dispose (/usr/lib/code/extensions/git/dist/main.js:2:974603)
    at c.<anonymous> (/usr/lib/code/out/vs/workbench/api/node/extensionHostProcess.js:152:4048)
    at c.dispose (/usr/lib/code/out/vs/workbench/api/node/extensionHostProcess.js:152:4145)
    at c.<anonymous> (/usr/lib/code/extensions/git/dist/main.js:2:951632)
    at c.dispose (/usr/lib/code/out/vs/workbench/api/node/extensionHostProcess.js:152:4145)
    at d (/usr/lib/code/out/vs/workbench/api/node/extensionHostProcess.js:30:744)
    at m.eb (/usr/lib/code/out/vs/workbench/api/node/extensionHostProcess.js:160:10039)
    at /usr/lib/code/out/vs/workbench/api/node/extensionHostProcess.js:160:7915
    at Array.map (<anonymous>)
    at m.$ (/usr/lib/code/out/vs/workbench/api/node/extensionHostProcess.js:160:7902)
    at m.terminate (/usr/lib/code/out/vs/workbench/api/node/extensionHostProcess.js:160:8175)
    at d.terminate (/usr/lib/code/out/vs/workbench/api/node/extensionHostProcess.js:164:1513)
    at i (/usr/lib/code/out/vs/workbench/api/node/extensionHostProcess.js:177:10617)
    at MessagePortMain.<anonymous> (/usr/lib/code/out/vs/workbench/api/node/extensionHostProcess.js:177:6809)
    at MessagePortMain.emit (node:events:514:28)
    at Object.MessagePortMain._internalPort.emit (node:electron/js2c/utility_init:2:2285) setContext undefined
2024-07-15 23:16:59.285 [error] Canceled: Canceled
    at new I (/usr/lib/code/out/vs/workbench/api/node/extensionHostProcess.js:144:34990)
    at S.U (/usr/lib/code/out/vs/workbench/api/node/extensionHostProcess.js:151:6023)
    at Proxy.z.<computed>.F.charCodeAt.T.CharCode.DollarSign.z.<computed> (/usr/lib/code/out/vs/workbench/api/node/extensionHostProcess.js:151:3107)
    at f.g (/usr/lib/code/out/vs/workbench/api/node/extensionHostProcess.js:154:203861)
    at f.executeCommand (/usr/lib/code/out/vs/workbench/api/node/extensionHostProcess.js:154:203299)
    at A.registerCommand.description (/usr/lib/code/out/vs/workbench/api/node/extensionHostProcess.js:154:202623)
    at f.h (/usr/lib/code/out/vs/workbench/api/node/extensionHostProcess.js:154:204400)
    at f.g (/usr/lib/code/out/vs/workbench/api/node/extensionHostProcess.js:154:203392)
    at f.executeCommand (/usr/lib/code/out/vs/workbench/api/node/extensionHostProcess.js:154:203299)
    at Object.executeCommand (/usr/lib/code/out/vs/workbench/api/node/extensionHostProcess.js:164:23051)
    at a.VscodeDevShareProvider.set hasGitHubRepositories [as hasGitHubRepositories] (/usr/lib/code/extensions/github/dist/extension.js:2:322969)
    at /usr/lib/code/extensions/github/dist/extension.js:2:323928
    at n.value (/usr/lib/code/extensions/git/dist/main.js:2:1055117)
    at r.B (/usr/lib/code/out/vs/workbench/api/node/extensionHostProcess.js:83:737)
    at r.C (/usr/lib/code/out/vs/workbench/api/node/extensionHostProcess.js:83:807)
    at r.fire (/usr/lib/code/out/vs/workbench/api/node/extensionHostProcess.js:83:1023)
    at Object.p [as dispose] (/usr/lib/code/extensions/git/dist/main.js:2:968579)
    at /usr/lib/code/extensions/git/dist/main.js:2:974617
    at Array.forEach (<anonymous>)
    at f.dispose (/usr/lib/code/extensions/git/dist/main.js:2:974603)
    at c.<anonymous> (/usr/lib/code/out/vs/workbench/api/node/extensionHostProcess.js:152:4048)
    at c.dispose (/usr/lib/code/out/vs/workbench/api/node/extensionHostProcess.js:152:4145)
    at c.<anonymous> (/usr/lib/code/extensions/git/dist/main.js:2:951632)
    at c.dispose (/usr/lib/code/out/vs/workbench/api/node/extensionHostProcess.js:152:4145)
    at d (/usr/lib/code/out/vs/workbench/api/node/extensionHostProcess.js:30:744)
    at m.eb (/usr/lib/code/out/vs/workbench/api/node/extensionHostProcess.js:160:10039)
    at /usr/lib/code/out/vs/workbench/api/node/extensionHostProcess.js:160:7915
    at Array.map (<anonymous>)
    at m.$ (/usr/lib/code/out/vs/workbench/api/node/extensionHostProcess.js:160:7902)
    at m.terminate (/usr/lib/code/out/vs/workbench/api/node/extensionHostProcess.js:160:8175)
    at d.terminate (/usr/lib/code/out/vs/workbench/api/node/extensionHostProcess.js:164:1513)
    at i (/usr/lib/code/out/vs/workbench/api/node/extensionHostProcess.js:177:10617)
    at MessagePortMain.<anonymous> (/usr/lib/code/out/vs/workbench/api/node/extensionHostProcess.js:177:6809)
    at MessagePortMain.emit (node:events:514:28)
    at Object.MessagePortMain._internalPort.emit (node:electron/js2c/utility_init:2:2285) setContext undefined
2024-07-15 23:16:59.384 [info] Extension host with pid 1206 exiting with code 0
