2024-09-10 00:42:39.718 [error] Reading directory to watch failed [Error: ENOENT: no such file or directory, scandir '/home/karthi/project/Dictionary_API/.pixi/envs'
	at Object.readdirSync (node:fs:1507:26)
	at t.readdirSync (node:electron/js2c/node_init:2:11418)
	at /home/karthi/.vscode-oss/extensions/ms-python.python-2024.12.3-universal/out/client/extension.js:2:586747
	at /home/karthi/.vscode-oss/extensions/ms-python.python-2024.12.3-universal/out/client/extension.js:2:586938
	at Array.map (<anonymous>)
	at d.initWatchers (/home/karthi/.vscode-oss/extensions/ms-python.python-2024.12.3-universal/out/client/extension.js:2:586656)
	at async d.ensureWatchersReady (/home/karthi/.vscode-oss/extensions/ms-python.python-2024.12.3-universal/out/client/extension.js:2:543067)] {
  errno: -2,
  code: 'ENOENT',
  syscall: 'scandir',
  path: '/home/karthi/project/Dictionary_API/.pixi/envs'
}
2024-09-10 00:42:39.719 [error] Dir "/home/karthi/project/Dictionary_API/.pixi/envs" is not watchable (directory does not exist)
2024-09-10 00:42:39.719 [info] Default formatter is set to null for workspace /home/karthi/project/Dictionary_API
2024-09-10 00:42:39.719 [error] Unable to check if shell integration is active [Error: Extension 'ms-python.python' CANNOT use API proposal: terminalDataWriteEvent.
Its package.json#enabledApiProposals-property declares:  but NOT terminalDataWriteEvent.
 The missing proposal MUST be added and you must start in extension development mode or use the following command line switch: --enable-proposed-api ms-python.python
	at P (/usr/lib/code/out/vs/workbench/api/node/extensionHostProcess.js:142:59143)
	at a.onDidWriteTerminalData (/usr/lib/code/out/vs/workbench/api/node/extensionHostProcess.js:164:32734)
	at new m (/home/karthi/.vscode-oss/extensions/ms-python.python-2024.12.3-universal/out/client/extension.js:2:816931)
	at t.resolveInstance (/home/karthi/.vscode-oss/extensions/ms-python.python-2024.12.3-universal/out/client/extension.js:2:1668732)
	at /home/karthi/.vscode-oss/extensions/ms-python.python-2024.12.3-universal/out/client/extension.js:2:1670640
	at Array.map (<anonymous>)
	at t.resolveInstance (/home/karthi/.vscode-oss/extensions/ms-python.python-2024.12.3-universal/out/client/extension.js:2:1668506)
	at /home/karthi/.vscode-oss/extensions/ms-python.python-2024.12.3-universal/out/client/extension.js:2:1670640
	at t.resolve (/home/karthi/.vscode-oss/extensions/ms-python.python-2024.12.3-universal/out/client/extension.js:2:1670903)
	at /home/karthi/.vscode-oss/extensions/ms-python.python-2024.12.3-universal/out/client/extension.js:2:1654466
	at e._get (/home/karthi/.vscode-oss/extensions/ms-python.python-2024.12.3-universal/out/client/extension.js:2:1654232)
	at e.get (/home/karthi/.vscode-oss/extensions/ms-python.python-2024.12.3-universal/out/client/extension.js:2:1652944)
	at e.dynamicValue (/home/karthi/.vscode-oss/extensions/ms-python.python-2024.12.3-universal/out/client/extension.js:2:1676008)
	at /home/karthi/.vscode-oss/extensions/ms-python.python-2024.12.3-universal/out/client/extension.js:2:1670129
	at c (/home/karthi/.vscode-oss/extensions/ms-python.python-2024.12.3-universal/out/client/extension.js:2:1669175)
	at /home/karthi/.vscode-oss/extensions/ms-python.python-2024.12.3-universal/out/client/extension.js:2:1670069
	at /home/karthi/.vscode-oss/extensions/ms-python.python-2024.12.3-universal/out/client/extension.js:2:1669588
	at Array.map (<anonymous>)
	at /home/karthi/.vscode-oss/extensions/ms-python.python-2024.12.3-universal/out/client/extension.js:2:1669560
	at Array.map (<anonymous>)
	at t.resolveInstance (/home/karthi/.vscode-oss/extensions/ms-python.python-2024.12.3-universal/out/client/extension.js:2:1668506)
	at /home/karthi/.vscode-oss/extensions/ms-python.python-2024.12.3-universal/out/client/extension.js:2:1670640
	at t.resolve (/home/karthi/.vscode-oss/extensions/ms-python.python-2024.12.3-universal/out/client/extension.js:2:1670903)
	at /home/karthi/.vscode-oss/extensions/ms-python.python-2024.12.3-universal/out/client/extension.js:2:1654466
	at e._get (/home/karthi/.vscode-oss/extensions/ms-python.python-2024.12.3-universal/out/client/extension.js:2:1654232)
	at e.get (/home/karthi/.vscode-oss/extensions/ms-python.python-2024.12.3-universal/out/client/extension.js:2:1652944)
	at a.get (/home/karthi/.vscode-oss/extensions/ms-python.python-2024.12.3-universal/out/client/extension.js:2:477070)
	at /home/karthi/.vscode-oss/extensions/ms-python.python-2024.12.3-universal/out/client/extension.js:2:397424
	at async t.activateComponents (/home/karthi/.vscode-oss/extensions/ms-python.python-2024.12.3-universal/out/client/extension.js:2:395711)
	at async /home/karthi/.vscode-oss/extensions/ms-python.python-2024.12.3-universal/out/client/extension.js:2:2588581
	at async e (/home/karthi/.vscode-oss/extensions/ms-python.python-2024.12.3-universal/out/client/extension.js:2:2588113)
	at async m.n (/usr/lib/code/out/vs/workbench/api/node/extensionHostProcess.js:144:6409)
	at async m (/usr/lib/code/out/vs/workbench/api/node/extensionHostProcess.js:144:6372)
	at async m.l (/usr/lib/code/out/vs/workbench/api/node/extensionHostProcess.js:144:5829)]
2024-09-10 00:42:39.719 [info] Starting Environment refresh
2024-09-10 00:42:39.719 [info] Starting Environment refresh
2024-09-10 00:42:39.719 [error] extension activation failed [Error: Extension 'ms-python.python' CANNOT use API proposal: terminalShellIntegration.
Its package.json#enabledApiProposals-property declares:  but NOT terminalShellIntegration.
 The missing proposal MUST be added and you must start in extension development mode or use the following command line switch: --enable-proposed-api ms-python.python
	at P (/usr/lib/code/out/vs/workbench/api/node/extensionHostProcess.js:142:59143)
	at Object.onDidStartTerminalShellExecution (/usr/lib/code/out/vs/workbench/api/node/extensionHostProcess.js:164:33147)
	at t.onDidStartTerminalShellExecution (/home/karthi/.vscode-oss/extensions/ms-python.python-2024.12.3-universal/out/client/extension.js:2:338602)
	at t.registerTriggerForPipInTerminal (/home/karthi/.vscode-oss/extensions/ms-python.python-2024.12.3-universal/out/client/extension.js:2:662828)
	at t.registerAllCreateEnvironmentFeatures (/home/karthi/.vscode-oss/extensions/ms-python.python-2024.12.3-universal/out/client/extension.js:2:697793)
	at t.activateFeatures (/home/karthi/.vscode-oss/extensions/ms-python.python-2024.12.3-universal/out/client/extension.js:2:397935)
	at /home/karthi/.vscode-oss/extensions/ms-python.python-2024.12.3-universal/out/client/extension.js:2:2588640
	at async e (/home/karthi/.vscode-oss/extensions/ms-python.python-2024.12.3-universal/out/client/extension.js:2:2588113)
	at async m.n (/usr/lib/code/out/vs/workbench/api/node/extensionHostProcess.js:144:6409)
	at async m (/usr/lib/code/out/vs/workbench/api/node/extensionHostProcess.js:144:6372)
	at async m.l (/usr/lib/code/out/vs/workbench/api/node/extensionHostProcess.js:144:5829)]
2024-09-10 00:42:39.719 [info] > pixi --version
2024-09-10 00:42:39.719 [error] [Error: spawn pixi ENOENT
	at ChildProcess._handle.onexit (node:internal/child_process:286:19)
	at onErrorNT (node:internal/child_process:484:16)
	at process.processTicksAndRejections (node:internal/process/task_queues:82:21)] {
  errno: -2,
  code: 'ENOENT',
  syscall: 'spawn pixi',
  path: 'pixi',
  spawnargs: [ '--version' ]
}
2024-09-10 00:42:39.719 [info] > hatch env show --json
2024-09-10 00:42:39.719 [info] cwd: .
2024-09-10 00:42:41.459 [info] Environments refresh finished (event): 2203 milliseconds
2024-09-10 00:42:41.459 [info] Environments refresh paths discovered: 2204 milliseconds
2024-09-10 00:42:41.465 [info] Environments refresh finished (event): 2205 milliseconds
2024-09-10 00:42:41.465 [info] Environments refresh paths discovered: 2205 milliseconds
2024-09-10 00:42:41.517 [info] Environment refresh took 2270 milliseconds
2024-09-10 00:42:41.542 [info] Environment refresh took 2270 milliseconds
2024-09-10 00:42:41.725 [info] > pyenv which python
2024-09-10 00:42:41.725 [info] cwd: .
2024-09-10 00:42:41.765 [info] > pyenv which python
2024-09-10 00:42:41.765 [info] cwd: .
2024-09-10 00:42:41.966 [warning] could not find a pixi interpreter for the interpreter at /bin/python
2024-09-10 00:42:43.387 [error] [
  'Failed to activate a workspace, Class name = m, completed in 4142ms, has a falsy return value, Arg 1: <Uri:/home/karthi/project/Dictionary_API>, Arg 2: {"started":1725909158142}, Return Value: undefined',
  [Error: Extension 'ms-python.python' CANNOT use API proposal: testObserver.
  Its package.json#enabledApiProposals-property declares:  but NOT testObserver.
   The missing proposal MUST be added and you must start in extension development mode or use the following command line switch: --enable-proposed-api ms-python.python
  	at P (/usr/lib/code/out/vs/workbench/api/node/extensionHostProcess.js:142:59143)
  	at get testResults (/usr/lib/code/out/vs/workbench/api/node/extensionHostProcess.js:164:25438)
  	at T.activate (/home/karthi/.vscode-oss/extensions/ms-python.python-2024.12.3-universal/out/client/extension.js:2:845522)
  	at /home/karthi/.vscode-oss/extensions/ms-python.python-2024.12.3-universal/out/client/extension.js:2:2460
  	at Array.map (<anonymous>)
  	at m.activateWorkspace (/home/karthi/.vscode-oss/extensions/ms-python.python-2024.12.3-universal/out/client/extension.js:2:2450)]
]
2024-09-10 00:43:01.913 [info] Starting Jedi language server for Dictionary_API.
2024-09-10 00:44:30.774 [info] > ./.myenv/bin/python -I ~/.vscode-oss/extensions/ms-python.python-2024.12.3-universal/python_files/get_output_via_markers.py ~/.vscode-oss/extensions/ms-python.python-2024.12.3-universal/python_files/interpreterInfo.py
2024-09-10 00:44:30.777 [info] Environments refresh paths discovered: 631 milliseconds
2024-09-10 00:44:31.042 [info] Environments refresh finished (event): 899 milliseconds
2024-09-10 00:44:34.934 [info] Discover tests for workspace name: Dictionary_API - uri: /home/karthi/project/Dictionary_API
2024-09-10 00:44:34.935 [info] Python interpreter path: ./.myenv/bin/python
2024-09-10 00:44:39.232 [info] Starting Jedi language server for Dictionary_API.
2024-09-10 00:47:09.741 [info] Running installed packages checker:  {
  id: '/home/karthi/project/Dictionary_API/.myenv/bin/python',
  sysPrefix: '/home/karthi/project/Dictionary_API/.myenv',
  envType: 'Venv',
  envName: '.myenv',
  envPath: '/home/karthi/project/Dictionary_API/.myenv',
  path: '/home/karthi/project/Dictionary_API/.myenv/bin/python',
  architecture: 3,
  sysVersion: '3.12.5 (main, Aug  9 2024, 08:20:41) [GCC 14.2.1 20240805]',
  version: {
    raw: '3.12.5',
    major: 3,
    minor: 12,
    patch: 5,
    build: [],
    prerelease: [ 'final', '0' ]
  },
  displayName: "Python 3.12.5 ('.myenv')",
  detailedDisplayName: "Python 3.12.5 ('.myenv': venv)",
  type: 'Virtual'
} /home/karthi/.vscode-oss/extensions/ms-python.python-2024.12.3-universal/python_files/installed_check.py /home/karthi/project/Dictionary_API/requirements.txt
2024-09-10 00:47:09.741 [info] > ./.myenv/bin/python ~/.vscode-oss/extensions/ms-python.python-2024.12.3-universal/python_files/installed_check.py ./requirements.txt
2024-09-10 00:49:17.987 [info] Discover tests for workspace name: Dictionary_API - uri: /home/karthi/project/Dictionary_API/app.py
2024-09-10 00:50:18.307 [warning] could not find a pixi interpreter for the interpreter at /home/karthi/project/Dictionary_API/.myenv/bin/python
2024-09-10 00:50:18.470 [info] Send text to terminal: source /home/karthi/project/Dictionary_API/.myenv/bin/activate.fish
2024-09-10 00:58:43.977 [info] Discover tests for workspace name: Dictionary_API - uri: /home/karthi/project/Dictionary_API/app.py
2024-09-10 00:59:01.844 [info] Discover tests for workspace name: Dictionary_API - uri: /home/karthi/project/Dictionary_API/app.py
2024-09-10 01:13:37.661 [info] Discover tests for workspace name: Dictionary_API - uri: /home/karthi/project/Dictionary_API/app.py
2024-09-10 01:13:51.177 [warning] could not find a pixi interpreter for the interpreter at /home/karthi/project/Dictionary_API/.myenv/bin/python
2024-09-10 01:13:53.140 [info] Send text to terminal: source /home/karthi/project/Dictionary_API/.myenv/bin/activate.fish
