Code - OSS (1.91.1, undefined, desktop)
Jupyter Extension Version: 2024.6.0.
Python Extension Version: 2024.12.3.
Pylance Extension not installed.
Platform: linux (x64).
Workspace folder ~/project/mongodb/start, Home = /home/karthi
23:41:07.526 [debug] Start refreshing Kernel Picker (1724609467526)
23:41:07.533 [error] Error in activating extension, failed in hy Error: Extension 'ms-toolsai.jupyter' CANNOT use API proposal: notebookKernelSource.
Its package.json#enabledApiProposals-property declares:  but NOT notebookKernelSource.
 The missing proposal MUST be added and you must start in extension development mode or use the following command line switch: --enable-proposed-api ms-toolsai.jupyter
    at P (/usr/lib/code/out/vs/workbench/api/node/extensionHostProcess.js:142:57960)
    at Object.createNotebookControllerDetectionTask (/usr/lib/code/out/vs/workbench/api/node/extensionHostProcess.js:164:46384)
    at i (/home/~/.vscode-oss/extensions/ms-toolsai.jupyter-2024.6.0-universal/dist/extension.node.js:299:6231)
    at hy.startRefreshWithPython (/home/~/.vscode-oss/extensions/ms-toolsai.jupyter-2024.6.0-universal/dist/extension.node.js:299:6454)
    at hy.activate (/home/~/.vscode-oss/extensions/ms-toolsai.jupyter-2024.6.0-universal/dist/extension.node.js:299:4678)
    at /home/~/.vscode-oss/extensions/ms-toolsai.jupyter-2024.6.0-universal/dist/extension.node.js:373:28858
    at Array.map (<anonymous>)
    at rI.activate (/home/~/.vscode-oss/extensions/ms-toolsai.jupyter-2024.6.0-universal/dist/extension.node.js:373:28844)
    at SG (/home/~/.vscode-oss/extensions/ms-toolsai.jupyter-2024.6.0-universal/dist/extension.node.js:436:2062)
    at Bfe (/home/~/.vscode-oss/extensions/ms-toolsai.jupyter-2024.6.0-universal/dist/extension.node.js:438:454)
23:41:07.690 [error] Error in activating extension, failed in zy Error: Extension 'ms-toolsai.jupyter' CANNOT use API proposal: notebookKernelSource.
Its package.json#enabledApiProposals-property declares:  but NOT notebookKernelSource.
 The missing proposal MUST be added and you must start in extension development mode or use the following command line switch: --enable-proposed-api ms-toolsai.jupyter
    at P (/usr/lib/code/out/vs/workbench/api/node/extensionHostProcess.js:142:57960)
    at Object.registerKernelSourceActionProvider (/usr/lib/code/out/vs/workbench/api/node/extensionHostProcess.js:164:46519)
    at zy.activate (/home/~/.vscode-oss/extensions/ms-toolsai.jupyter-2024.6.0-universal/dist/extension.node.js:304:115154)
    at /home/~/.vscode-oss/extensions/ms-toolsai.jupyter-2024.6.0-universal/dist/extension.node.js:373:28858
    at Array.map (<anonymous>)
    at rI.activate (/home/~/.vscode-oss/extensions/ms-toolsai.jupyter-2024.6.0-universal/dist/extension.node.js:373:28844)
    at SG (/home/~/.vscode-oss/extensions/ms-toolsai.jupyter-2024.6.0-universal/dist/extension.node.js:436:2062)
    at Bfe (/home/~/.vscode-oss/extensions/ms-toolsai.jupyter-2024.6.0-universal/dist/extension.node.js:438:454)
23:41:09.144 [debug] creating new code watcher with matching document file:///home/~/project/mongodb/start/app.py
23:41:18.655 [error] Failed activating the python extension:  Error: Extension 'ms-python.python' CANNOT use API proposal: terminalShellIntegration.
Its package.json#enabledApiProposals-property declares:  but NOT terminalShellIntegration.
 The missing proposal MUST be added and you must start in extension development mode or use the following command line switch: --enable-proposed-api ms-python.python
    at P (/usr/lib/code/out/vs/workbench/api/node/extensionHostProcess.js:142:57960)
    at Object.onDidStartTerminalShellExecution (/usr/lib/code/out/vs/workbench/api/node/extensionHostProcess.js:164:33136)
    at t.onDidStartTerminalShellExecution (/home/~/.vscode-oss/extensions/ms-python.python-2024.12.3-universal/out/client/extension.js:2:338602)
    at t.registerTriggerForPipInTerminal (/home/~/.vscode-oss/extensions/ms-python.python-2024.12.3-universal/out/client/extension.js:2:662828)
    at t.registerAllCreateEnvironmentFeatures (/home/~/.vscode-oss/extensions/ms-python.python-2024.12.3-universal/out/client/extension.js:2:697793)
    at t.activateFeatures (/home/~/.vscode-oss/extensions/ms-python.python-2024.12.3-universal/out/client/extension.js:2:397935)
    at /home/~/.vscode-oss/extensions/ms-python.python-2024.12.3-universal/out/client/extension.js:2:2588640
    at e (/home/~/.vscode-oss/extensions/ms-python.python-2024.12.3-universal/out/client/extension.js:2:2588113)
    at c.n (/usr/lib/code/out/vs/workbench/api/node/extensionHostProcess.js:144:6384)
    at c.m (/usr/lib/code/out/vs/workbench/api/node/extensionHostProcess.js:144:6347)
    at c.l (/usr/lib/code/out/vs/workbench/api/node/extensionHostProcess.js:144:5804) {
  message: "Activating extension 'ms-python.python' failed: Extension 'ms-python.python' CANNOT use API proposal: terminalShellIntegration.\n" +
    'Its package.json#enabledApiProposals-property declares:  but NOT terminalShellIntegration.\n' +
    ' The missing proposal MUST be added and you must start in extension development mode or use the following command line switch: --enable-proposed-api ms-python.python.'
}
23:41:18.669 [error] Failed activating the python extension:  Error: Extension 'ms-python.python' CANNOT use API proposal: terminalShellIntegration.
Its package.json#enabledApiProposals-property declares:  but NOT terminalShellIntegration.
 The missing proposal MUST be added and you must start in extension development mode or use the following command line switch: --enable-proposed-api ms-python.python
    at P (/usr/lib/code/out/vs/workbench/api/node/extensionHostProcess.js:142:57960)
    at Object.onDidStartTerminalShellExecution (/usr/lib/code/out/vs/workbench/api/node/extensionHostProcess.js:164:33136)
    at t.onDidStartTerminalShellExecution (/home/~/.vscode-oss/extensions/ms-python.python-2024.12.3-universal/out/client/extension.js:2:338602)
    at t.registerTriggerForPipInTerminal (/home/~/.vscode-oss/extensions/ms-python.python-2024.12.3-universal/out/client/extension.js:2:662828)
    at t.registerAllCreateEnvironmentFeatures (/home/~/.vscode-oss/extensions/ms-python.python-2024.12.3-universal/out/client/extension.js:2:697793)
    at t.activateFeatures (/home/~/.vscode-oss/extensions/ms-python.python-2024.12.3-universal/out/client/extension.js:2:397935)
    at /home/~/.vscode-oss/extensions/ms-python.python-2024.12.3-universal/out/client/extension.js:2:2588640
    at e (/home/~/.vscode-oss/extensions/ms-python.python-2024.12.3-universal/out/client/extension.js:2:2588113)
    at c.n (/usr/lib/code/out/vs/workbench/api/node/extensionHostProcess.js:144:6384)
    at c.m (/usr/lib/code/out/vs/workbench/api/node/extensionHostProcess.js:144:6347)
    at c.l (/usr/lib/code/out/vs/workbench/api/node/extensionHostProcess.js:144:5804) {
  message: "Activating extension 'ms-python.python' failed: Extension 'ms-python.python' CANNOT use API proposal: terminalShellIntegration.\n" +
    'Its package.json#enabledApiProposals-property declares:  but NOT terminalShellIntegration.\n' +
    ' The missing proposal MUST be added and you must start in extension development mode or use the following command line switch: --enable-proposed-api ms-python.python.'
}
23:41:18.672 [error] Failed activating the python extension:  Error: Extension 'ms-python.python' CANNOT use API proposal: terminalShellIntegration.
Its package.json#enabledApiProposals-property declares:  but NOT terminalShellIntegration.
 The missing proposal MUST be added and you must start in extension development mode or use the following command line switch: --enable-proposed-api ms-python.python
    at P (/usr/lib/code/out/vs/workbench/api/node/extensionHostProcess.js:142:57960)
    at Object.onDidStartTerminalShellExecution (/usr/lib/code/out/vs/workbench/api/node/extensionHostProcess.js:164:33136)
    at t.onDidStartTerminalShellExecution (/home/~/.vscode-oss/extensions/ms-python.python-2024.12.3-universal/out/client/extension.js:2:338602)
    at t.registerTriggerForPipInTerminal (/home/~/.vscode-oss/extensions/ms-python.python-2024.12.3-universal/out/client/extension.js:2:662828)
    at t.registerAllCreateEnvironmentFeatures (/home/~/.vscode-oss/extensions/ms-python.python-2024.12.3-universal/out/client/extension.js:2:697793)
    at t.activateFeatures (/home/~/.vscode-oss/extensions/ms-python.python-2024.12.3-universal/out/client/extension.js:2:397935)
    at /home/~/.vscode-oss/extensions/ms-python.python-2024.12.3-universal/out/client/extension.js:2:2588640
    at e (/home/~/.vscode-oss/extensions/ms-python.python-2024.12.3-universal/out/client/extension.js:2:2588113)
    at c.n (/usr/lib/code/out/vs/workbench/api/node/extensionHostProcess.js:144:6384)
    at c.m (/usr/lib/code/out/vs/workbench/api/node/extensionHostProcess.js:144:6347)
    at c.l (/usr/lib/code/out/vs/workbench/api/node/extensionHostProcess.js:144:5804) {
  message: "Activating extension 'ms-python.python' failed: Extension 'ms-python.python' CANNOT use API proposal: terminalShellIntegration.\n" +
    'Its package.json#enabledApiProposals-property declares:  but NOT terminalShellIntegration.\n' +
    ' The missing proposal MUST be added and you must start in extension development mode or use the following command line switch: --enable-proposed-api ms-python.python.'
}
23:41:18.681 [error] Failed activating the python extension:  Error: Extension 'ms-python.python' CANNOT use API proposal: terminalShellIntegration.
Its package.json#enabledApiProposals-property declares:  but NOT terminalShellIntegration.
 The missing proposal MUST be added and you must start in extension development mode or use the following command line switch: --enable-proposed-api ms-python.python
    at P (/usr/lib/code/out/vs/workbench/api/node/extensionHostProcess.js:142:57960)
    at Object.onDidStartTerminalShellExecution (/usr/lib/code/out/vs/workbench/api/node/extensionHostProcess.js:164:33136)
    at t.onDidStartTerminalShellExecution (/home/~/.vscode-oss/extensions/ms-python.python-2024.12.3-universal/out/client/extension.js:2:338602)
    at t.registerTriggerForPipInTerminal (/home/~/.vscode-oss/extensions/ms-python.python-2024.12.3-universal/out/client/extension.js:2:662828)
    at t.registerAllCreateEnvironmentFeatures (/home/~/.vscode-oss/extensions/ms-python.python-2024.12.3-universal/out/client/extension.js:2:697793)
    at t.activateFeatures (/home/~/.vscode-oss/extensions/ms-python.python-2024.12.3-universal/out/client/extension.js:2:397935)
    at /home/~/.vscode-oss/extensions/ms-python.python-2024.12.3-universal/out/client/extension.js:2:2588640
    at e (/home/~/.vscode-oss/extensions/ms-python.python-2024.12.3-universal/out/client/extension.js:2:2588113)
    at c.n (/usr/lib/code/out/vs/workbench/api/node/extensionHostProcess.js:144:6384)
    at c.m (/usr/lib/code/out/vs/workbench/api/node/extensionHostProcess.js:144:6347)
    at c.l (/usr/lib/code/out/vs/workbench/api/node/extensionHostProcess.js:144:5804) {
  message: "Activating extension 'ms-python.python' failed: Extension 'ms-python.python' CANNOT use API proposal: terminalShellIntegration.\n" +
    'Its package.json#enabledApiProposals-property declares:  but NOT terminalShellIntegration.\n' +
    ' The missing proposal MUST be added and you must start in extension development mode or use the following command line switch: --enable-proposed-api ms-python.python.'
}
23:41:18.682 [error] Failed activating the python extension:  Error: Extension 'ms-python.python' CANNOT use API proposal: terminalShellIntegration.
Its package.json#enabledApiProposals-property declares:  but NOT terminalShellIntegration.
 The missing proposal MUST be added and you must start in extension development mode or use the following command line switch: --enable-proposed-api ms-python.python
    at P (/usr/lib/code/out/vs/workbench/api/node/extensionHostProcess.js:142:57960)
    at Object.onDidStartTerminalShellExecution (/usr/lib/code/out/vs/workbench/api/node/extensionHostProcess.js:164:33136)
    at t.onDidStartTerminalShellExecution (/home/~/.vscode-oss/extensions/ms-python.python-2024.12.3-universal/out/client/extension.js:2:338602)
    at t.registerTriggerForPipInTerminal (/home/~/.vscode-oss/extensions/ms-python.python-2024.12.3-universal/out/client/extension.js:2:662828)
    at t.registerAllCreateEnvironmentFeatures (/home/~/.vscode-oss/extensions/ms-python.python-2024.12.3-universal/out/client/extension.js:2:697793)
    at t.activateFeatures (/home/~/.vscode-oss/extensions/ms-python.python-2024.12.3-universal/out/client/extension.js:2:397935)
    at /home/~/.vscode-oss/extensions/ms-python.python-2024.12.3-universal/out/client/extension.js:2:2588640
    at e (/home/~/.vscode-oss/extensions/ms-python.python-2024.12.3-universal/out/client/extension.js:2:2588113)
    at c.n (/usr/lib/code/out/vs/workbench/api/node/extensionHostProcess.js:144:6384)
    at c.m (/usr/lib/code/out/vs/workbench/api/node/extensionHostProcess.js:144:6347)
    at c.l (/usr/lib/code/out/vs/workbench/api/node/extensionHostProcess.js:144:5804) {
  message: "Activating extension 'ms-python.python' failed: Extension 'ms-python.python' CANNOT use API proposal: terminalShellIntegration.\n" +
    'Its package.json#enabledApiProposals-property declares:  but NOT terminalShellIntegration.\n' +
    ' The missing proposal MUST be added and you must start in extension development mode or use the following command line switch: --enable-proposed-api ms-python.python.'
}
23:41:18.689 [error] Failed activating the python extension:  Error: Extension 'ms-python.python' CANNOT use API proposal: terminalShellIntegration.
Its package.json#enabledApiProposals-property declares:  but NOT terminalShellIntegration.
 The missing proposal MUST be added and you must start in extension development mode or use the following command line switch: --enable-proposed-api ms-python.python
    at P (/usr/lib/code/out/vs/workbench/api/node/extensionHostProcess.js:142:57960)
    at Object.onDidStartTerminalShellExecution (/usr/lib/code/out/vs/workbench/api/node/extensionHostProcess.js:164:33136)
    at t.onDidStartTerminalShellExecution (/home/~/.vscode-oss/extensions/ms-python.python-2024.12.3-universal/out/client/extension.js:2:338602)
    at t.registerTriggerForPipInTerminal (/home/~/.vscode-oss/extensions/ms-python.python-2024.12.3-universal/out/client/extension.js:2:662828)
    at t.registerAllCreateEnvironmentFeatures (/home/~/.vscode-oss/extensions/ms-python.python-2024.12.3-universal/out/client/extension.js:2:697793)
    at t.activateFeatures (/home/~/.vscode-oss/extensions/ms-python.python-2024.12.3-universal/out/client/extension.js:2:397935)
    at /home/~/.vscode-oss/extensions/ms-python.python-2024.12.3-universal/out/client/extension.js:2:2588640
    at e (/home/~/.vscode-oss/extensions/ms-python.python-2024.12.3-universal/out/client/extension.js:2:2588113)
    at c.n (/usr/lib/code/out/vs/workbench/api/node/extensionHostProcess.js:144:6384)
    at c.m (/usr/lib/code/out/vs/workbench/api/node/extensionHostProcess.js:144:6347)
    at c.l (/usr/lib/code/out/vs/workbench/api/node/extensionHostProcess.js:144:5804) {
  message: "Activating extension 'ms-python.python' failed: Extension 'ms-python.python' CANNOT use API proposal: terminalShellIntegration.\n" +
    'Its package.json#enabledApiProposals-property declares:  but NOT terminalShellIntegration.\n' +
    ' The missing proposal MUST be added and you must start in extension development mode or use the following command line switch: --enable-proposed-api ms-python.python.'
}
23:41:18.694 [error] Failed activating the python extension:  Error: Extension 'ms-python.python' CANNOT use API proposal: terminalShellIntegration.
Its package.json#enabledApiProposals-property declares:  but NOT terminalShellIntegration.
 The missing proposal MUST be added and you must start in extension development mode or use the following command line switch: --enable-proposed-api ms-python.python
    at P (/usr/lib/code/out/vs/workbench/api/node/extensionHostProcess.js:142:57960)
    at Object.onDidStartTerminalShellExecution (/usr/lib/code/out/vs/workbench/api/node/extensionHostProcess.js:164:33136)
    at t.onDidStartTerminalShellExecution (/home/~/.vscode-oss/extensions/ms-python.python-2024.12.3-universal/out/client/extension.js:2:338602)
    at t.registerTriggerForPipInTerminal (/home/~/.vscode-oss/extensions/ms-python.python-2024.12.3-universal/out/client/extension.js:2:662828)
    at t.registerAllCreateEnvironmentFeatures (/home/~/.vscode-oss/extensions/ms-python.python-2024.12.3-universal/out/client/extension.js:2:697793)
    at t.activateFeatures (/home/~/.vscode-oss/extensions/ms-python.python-2024.12.3-universal/out/client/extension.js:2:397935)
    at /home/~/.vscode-oss/extensions/ms-python.python-2024.12.3-universal/out/client/extension.js:2:2588640
    at e (/home/~/.vscode-oss/extensions/ms-python.python-2024.12.3-universal/out/client/extension.js:2:2588113)
    at c.n (/usr/lib/code/out/vs/workbench/api/node/extensionHostProcess.js:144:6384)
    at c.m (/usr/lib/code/out/vs/workbench/api/node/extensionHostProcess.js:144:6347)
    at c.l (/usr/lib/code/out/vs/workbench/api/node/extensionHostProcess.js:144:5804) {
  message: "Activating extension 'ms-python.python' failed: Extension 'ms-python.python' CANNOT use API proposal: terminalShellIntegration.\n" +
    'Its package.json#enabledApiProposals-property declares:  but NOT terminalShellIntegration.\n' +
    ' The missing proposal MUST be added and you must start in extension development mode or use the following command line switch: --enable-proposed-api ms-python.python.'
}
23:41:19.139 [debug] Get Custom Env Variables, Class name = Sm, completed in 11614ms, has a truthy return value, Arg 1: undefined, Arg 2: "RunPythonCode"
23:41:19.140 [debug] Jupyter Paths /kernels: 
23:41:19.145 [debug] Kernel Spec Root Paths, /usr/share/jupyter/kernels, /usr/local/share/jupyter/kernels, ~/.local/share/jupyter/kernels
00:44:32.138 [debug] creating new code watcher with matching document file:///home/~/project/mongodb/start/app.py
