2024-09-13 13:05:46.533 [warning] Dir "/home/karthi/project/ap/.pixi/envs" is not watchable (directory does not exist)
2024-09-13 13:05:46.533 [info] Default formatter is set to null for workspace /home/karthi/project/ap
2024-09-13 13:05:46.533 [error] Unable to check if shell integration is active [Error: Extension 'ms-python.python' CANNOT use API proposal: terminalDataWriteEvent.
Its package.json#enabledApiProposals-property declares:  but NOT terminalDataWriteEvent.
 The missing proposal MUST be added and you must start in extension development mode or use the following command line switch: --enable-proposed-api ms-python.python
	at P (/usr/lib/code/out/vs/workbench/api/node/extensionHostProcess.js:149:59064)
	at a.onDidWriteTerminalData (/usr/lib/code/out/vs/workbench/api/node/extensionHostProcess.js:171:40355)
	at new v (/home/karthi/.vscode-oss/extensions/ms-python.python-2024.14.0-universal/out/client/extension.js:2:904597)
	at me (/home/karthi/.vscode-oss/extensions/ms-python.python-2024.14.0-universal/out/client/extension.js:2:1750940)
	at /home/karthi/.vscode-oss/extensions/ms-python.python-2024.14.0-universal/out/client/extension.js:2:1754304
	at /home/karthi/.vscode-oss/extensions/ms-python.python-2024.14.0-universal/out/client/extension.js:2:1754332
	at Se (/home/karthi/.vscode-oss/extensions/ms-python.python-2024.14.0-universal/out/client/extension.js:2:1754399)
	at /home/karthi/.vscode-oss/extensions/ms-python.python-2024.14.0-universal/out/client/extension.js:2:1754879
	at we (/home/karthi/.vscode-oss/extensions/ms-python.python-2024.14.0-universal/out/client/extension.js:2:1754820)
	at Pe (/home/karthi/.vscode-oss/extensions/ms-python.python-2024.14.0-universal/out/client/extension.js:2:1754854)
	at /home/karthi/.vscode-oss/extensions/ms-python.python-2024.14.0-universal/out/client/extension.js:2:1752093
	at /home/karthi/.vscode-oss/extensions/ms-python.python-2024.14.0-universal/out/client/extension.js:2:1753698
	at Array.reduce (<anonymous>)
	at /home/karthi/.vscode-oss/extensions/ms-python.python-2024.14.0-universal/out/client/extension.js:2:1753670
	at /home/karthi/.vscode-oss/extensions/ms-python.python-2024.14.0-universal/out/client/extension.js:2:1753952
	at /home/karthi/.vscode-oss/extensions/ms-python.python-2024.14.0-universal/out/client/extension.js:2:1754332
	at Se (/home/karthi/.vscode-oss/extensions/ms-python.python-2024.14.0-universal/out/client/extension.js:2:1754399)
	at /home/karthi/.vscode-oss/extensions/ms-python.python-2024.14.0-universal/out/client/extension.js:2:1754879
	at we (/home/karthi/.vscode-oss/extensions/ms-python.python-2024.14.0-universal/out/client/extension.js:2:1754820)
	at Pe (/home/karthi/.vscode-oss/extensions/ms-python.python-2024.14.0-universal/out/client/extension.js:2:1754854)
	at /home/karthi/.vscode-oss/extensions/ms-python.python-2024.14.0-universal/out/client/extension.js:2:1752093
	at /home/karthi/.vscode-oss/extensions/ms-python.python-2024.14.0-universal/out/client/extension.js:2:1781763
	at /home/karthi/.vscode-oss/extensions/ms-python.python-2024.14.0-universal/out/client/extension.js:2:1781784
	at e._get (/home/karthi/.vscode-oss/extensions/ms-python.python-2024.14.0-universal/out/client/extension.js:2:1780797)
	at e._getButThrowIfAsync (/home/karthi/.vscode-oss/extensions/ms-python.python-2024.14.0-universal/out/client/extension.js:2:1780857)
	at e.get (/home/karthi/.vscode-oss/extensions/ms-python.python-2024.14.0-universal/out/client/extension.js:2:1776566)
	at e.dynamicValue (/home/karthi/.vscode-oss/extensions/ms-python.python-2024.14.0-universal/out/client/extension.js:2:1766299)
	at /home/karthi/.vscode-oss/extensions/ms-python.python-2024.14.0-universal/out/client/extension.js:2:1752476
	at Ee (/home/karthi/.vscode-oss/extensions/ms-python.python-2024.14.0-universal/out/client/extension.js:2:1752732)
	at Se (/home/karthi/.vscode-oss/extensions/ms-python.python-2024.14.0-universal/out/client/extension.js:2:1754448)
	at /home/karthi/.vscode-oss/extensions/ms-python.python-2024.14.0-universal/out/client/extension.js:2:1754879
	at we (/home/karthi/.vscode-oss/extensions/ms-python.python-2024.14.0-universal/out/client/extension.js:2:1754820)
	at Pe (/home/karthi/.vscode-oss/extensions/ms-python.python-2024.14.0-universal/out/client/extension.js:2:1754854)
	at /home/karthi/.vscode-oss/extensions/ms-python.python-2024.14.0-universal/out/client/extension.js:2:1752093
	at /home/karthi/.vscode-oss/extensions/ms-python.python-2024.14.0-universal/out/client/extension.js:2:1752027
	at Array.map (<anonymous>)
	at /home/karthi/.vscode-oss/extensions/ms-python.python-2024.14.0-universal/out/client/extension.js:2:1751998
	at /home/karthi/.vscode-oss/extensions/ms-python.python-2024.14.0-universal/out/client/extension.js:2:1753698
	at Array.reduce (<anonymous>)
	at /home/karthi/.vscode-oss/extensions/ms-python.python-2024.14.0-universal/out/client/extension.js:2:1753670
	at /home/karthi/.vscode-oss/extensions/ms-python.python-2024.14.0-universal/out/client/extension.js:2:1753952
	at /home/karthi/.vscode-oss/extensions/ms-python.python-2024.14.0-universal/out/client/extension.js:2:1754332
	at Se (/home/karthi/.vscode-oss/extensions/ms-python.python-2024.14.0-universal/out/client/extension.js:2:1754399)
	at /home/karthi/.vscode-oss/extensions/ms-python.python-2024.14.0-universal/out/client/extension.js:2:1754879
	at we (/home/karthi/.vscode-oss/extensions/ms-python.python-2024.14.0-universal/out/client/extension.js:2:1754820)
	at Pe (/home/karthi/.vscode-oss/extensions/ms-python.python-2024.14.0-universal/out/client/extension.js:2:1754854)
	at /home/karthi/.vscode-oss/extensions/ms-python.python-2024.14.0-universal/out/client/extension.js:2:1752093
	at /home/karthi/.vscode-oss/extensions/ms-python.python-2024.14.0-universal/out/client/extension.js:2:1781763
	at /home/karthi/.vscode-oss/extensions/ms-python.python-2024.14.0-universal/out/client/extension.js:2:1781784
	at e._get (/home/karthi/.vscode-oss/extensions/ms-python.python-2024.14.0-universal/out/client/extension.js:2:1780797)
	at e._getButThrowIfAsync (/home/karthi/.vscode-oss/extensions/ms-python.python-2024.14.0-universal/out/client/extension.js:2:1780857)
	at e.get (/home/karthi/.vscode-oss/extensions/ms-python.python-2024.14.0-universal/out/client/extension.js:2:1776566)
	at a.get (/home/karthi/.vscode-oss/extensions/ms-python.python-2024.14.0-universal/out/client/extension.js:2:523454)
	at /home/karthi/.vscode-oss/extensions/ms-python.python-2024.14.0-universal/out/client/extension.js:2:439421
	at async t.activateComponents (/home/karthi/.vscode-oss/extensions/ms-python.python-2024.14.0-universal/out/client/extension.js:2:437708)
	at async /home/karthi/.vscode-oss/extensions/ms-python.python-2024.14.0-universal/out/client/extension.js:2:2707688
	at async e (/home/karthi/.vscode-oss/extensions/ms-python.python-2024.14.0-universal/out/client/extension.js:2:2707220)
	at async m.n (/usr/lib/code/out/vs/workbench/api/node/extensionHostProcess.js:151:6409)
	at async m (/usr/lib/code/out/vs/workbench/api/node/extensionHostProcess.js:151:6372)
	at async m.l (/usr/lib/code/out/vs/workbench/api/node/extensionHostProcess.js:151:5829)]
2024-09-13 13:05:46.533 [info] Starting Environment refresh
2024-09-13 13:05:46.533 [info] Starting Environment refresh
2024-09-13 13:05:46.533 [info] > pixi --version
2024-09-13 13:05:46.533 [info] > hatch env show --json
2024-09-13 13:05:46.533 [info] cwd: .
2024-09-13 13:05:47.008 [info] > ./.my/bin/python -I ~/.vscode-oss/extensions/ms-python.python-2024.14.0-universal/python_files/get_output_via_markers.py ~/.vscode-oss/extensions/ms-python.python-2024.14.0-universal/python_files/interpreterInfo.py
2024-09-13 13:05:47.008 [info] Environments refresh paths discovered: 795 milliseconds
2024-09-13 13:05:47.020 [info] Environments refresh paths discovered: 795 milliseconds
2024-09-13 13:06:01.378 [info] Environments refresh finished (event): 15163 milliseconds
2024-09-13 13:06:01.379 [info] Environments refresh finished (event): 15153 milliseconds
2024-09-13 13:06:02.513 [info] Starting Environment refresh
2024-09-13 13:06:02.517 [info] Environments refresh finished (event): 4 milliseconds
2024-09-13 13:06:02.517 [info] Environments refresh paths discovered: 4 milliseconds
2024-09-13 13:06:02.776 [info] Environment refresh took 16569 milliseconds
2024-09-13 13:06:02.780 [info] Environment refresh took 16555 milliseconds
2024-09-13 13:06:02.792 [info] Environment refresh took 279 milliseconds
2024-09-13 13:06:09.249 [info] > conda info --json
2024-09-13 13:06:09.298 [info] > pyenv which python
2024-09-13 13:06:09.298 [info] cwd: .
2024-09-13 13:06:09.345 [info] > pyenv which python
2024-09-13 13:06:09.345 [info] cwd: .
2024-09-13 13:06:11.104 [warning] could not find a pixi interpreter for the interpreter at /home/karthi/project/ap/.my/bin/python
2024-09-13 13:06:11.105 [warning] could not find a pixi interpreter for the interpreter at /home/karthi/project/ap/.my/bin/python
2024-09-13 13:06:11.235 [warning] could not find a pixi interpreter for the interpreter at /home/karthi/project/ap/.my/bin/python
2024-09-13 13:06:11.235 [warning] could not find a pixi interpreter for the interpreter at /home/karthi/project/ap/.my/bin/python
2024-09-13 13:06:12.020 [error] [
  'Failed to activate a workspace, Class name = v, completed in 25820ms, has a falsy return value, Arg 1: <Uri:/home/karthi/project/ap>, Arg 2: {"started":1726212945564}, Return Value: undefined',
  Error: Extension 'ms-python.python' CANNOT use API proposal: testObserver.
  Its package.json#enabledApiProposals-property declares:  but NOT testObserver.
   The missing proposal MUST be added and you must start in extension development mode or use the following command line switch: --enable-proposed-api ms-python.python
      at P (/usr/lib/code/out/vs/workbench/api/node/extensionHostProcess.js:149:59064)
      at Object.get testResults [as testResults] (/usr/lib/code/out/vs/workbench/api/node/extensionHostProcess.js:171:33061)
      at C.activate (/home/karthi/.vscode-oss/extensions/ms-python.python-2024.14.0-universal/out/client/extension.js:2:938870)
      at /home/karthi/.vscode-oss/extensions/ms-python.python-2024.14.0-universal/out/client/extension.js:2:2457
      at Array.map (<anonymous>)
      at v.activateWorkspace (/home/karthi/.vscode-oss/extensions/ms-python.python-2024.14.0-universal/out/client/extension.js:2:2447)
]
2024-09-13 13:06:12.021 [error] Failure during activation. Error: Extension 'ms-python.python' CANNOT use API proposal: testObserver.
Its package.json#enabledApiProposals-property declares:  but NOT testObserver.
 The missing proposal MUST be added and you must start in extension development mode or use the following command line switch: --enable-proposed-api ms-python.python
    at P (/usr/lib/code/out/vs/workbench/api/node/extensionHostProcess.js:149:59064)
    at Object.get testResults [as testResults] (/usr/lib/code/out/vs/workbench/api/node/extensionHostProcess.js:171:33061)
    at C.activate (/home/karthi/.vscode-oss/extensions/ms-python.python-2024.14.0-universal/out/client/extension.js:2:938870)
    at /home/karthi/.vscode-oss/extensions/ms-python.python-2024.14.0-universal/out/client/extension.js:2:2457
    at Array.map (<anonymous>)
    at v.activateWorkspace (/home/karthi/.vscode-oss/extensions/ms-python.python-2024.14.0-universal/out/client/extension.js:2:2447)
2024-09-13 13:06:12.021 [error] sendStartupTelemetry() failed. Error: Extension 'ms-python.python' CANNOT use API proposal: testObserver.
Its package.json#enabledApiProposals-property declares:  but NOT testObserver.
 The missing proposal MUST be added and you must start in extension development mode or use the following command line switch: --enable-proposed-api ms-python.python
    at P (/usr/lib/code/out/vs/workbench/api/node/extensionHostProcess.js:149:59064)
    at Object.get testResults [as testResults] (/usr/lib/code/out/vs/workbench/api/node/extensionHostProcess.js:171:33061)
    at C.activate (/home/karthi/.vscode-oss/extensions/ms-python.python-2024.14.0-universal/out/client/extension.js:2:938870)
    at /home/karthi/.vscode-oss/extensions/ms-python.python-2024.14.0-universal/out/client/extension.js:2:2457
    at Array.map (<anonymous>)
    at v.activateWorkspace (/home/karthi/.vscode-oss/extensions/ms-python.python-2024.14.0-universal/out/client/extension.js:2:2447)
2024-09-13 13:06:12.045 [info] Python interpreter path: ~/project/ap/.my/bin/python
2024-09-13 13:06:17.909 [info] Starting Jedi language server for ap.
2024-09-13 13:06:48.457 [info] Discover tests for workspace name: ap - uri: /home/karthi/project/ap/main.py
2024-09-13 13:07:26.670 [info] Discover tests for workspace name: ap - uri: /home/karthi/project/ap/main.py
