2024-07-12 10:29:40.396 [info] Log level: Info
2024-07-12 10:29:40.396 [info] Validating found git in: "git"
2024-07-12 10:29:40.396 [info] Using git "2.45.2" from "git"
2024-07-12 10:30:14.132 [info] Log level: Info
2024-07-12 10:30:14.132 [info] Validating found git in: "git"
2024-07-12 10:30:14.132 [info] Using git "2.45.2" from "git"
2024-07-12 10:30:14.132 [info] > git rev-parse --show-toplevel [192ms]
2024-07-12 10:30:14.335 [info] > git rev-parse --git-dir --git-common-dir [117ms]
2024-07-12 10:30:14.392 [info] Open repository: /home/karthi/Leetcode-profile-scraper
2024-07-12 10:30:14.469 [info] > git rev-parse --show-toplevel [22ms]
2024-07-12 10:30:14.474 [info] > git config --get commit.template [47ms]
2024-07-12 10:30:14.610 [info] > git for-each-ref --format=%(refname)%00%(upstream:short)%00%(objectname)%00%(upstream:track)%00%(upstream:remotename)%00%(upstream:remoteref) refs/heads/main refs/remotes/main [35ms]
2024-07-12 10:30:14.688 [warning] ENOENT: no such file or directory, open '/home/karthi/Leetcode-profile-scraper/.git/refs/remotes/origin/main'
2024-07-12 10:30:14.741 [info] > git rev-parse refs/remotes/origin/main [52ms]
2024-07-12 10:30:14.812 [info] > git status -z -uall [29ms]
2024-07-12 10:30:15.023 [info] > git for-each-ref --format=%(refname)%00%(upstream:short)%00%(objectname)%00%(upstream:track)%00%(upstream:remotename)%00%(upstream:remoteref) refs/heads/main refs/remotes/main [147ms]
2024-07-12 10:30:15.092 [info] > git config --local branch.main.vscode-merge-base [22ms]
2024-07-12 10:30:15.151 [info] > git config --get commit.template [148ms]
2024-07-12 10:30:15.268 [info] > git check-ignore -v -z --stdin [54ms]
2024-07-12 10:30:15.283 [info] > git for-each-ref --format=%(refname)%00%(upstream:short)%00%(objectname)%00%(upstream:track)%00%(upstream:remotename)%00%(upstream:remoteref) refs/heads/origin/main refs/remotes/origin/main [132ms]
2024-07-12 10:30:15.396 [info] > git merge-base refs/heads/main refs/remotes/origin/main [54ms]
2024-07-12 10:30:15.458 [info] > git for-each-ref --format=%(refname)%00%(upstream:short)%00%(objectname)%00%(upstream:track)%00%(upstream:remotename)%00%(upstream:remoteref) refs/heads/main refs/remotes/main [71ms]
2024-07-12 10:30:15.500 [warning] ENOENT: no such file or directory, open '/home/karthi/Leetcode-profile-scraper/.git/refs/remotes/origin/main'
2024-07-12 10:30:15.509 [info] > git rev-list --count --left-right refs/heads/main...refs/remotes/origin/main [75ms]
2024-07-12 10:30:15.729 [info] > git diff --name-status -z --diff-filter=ADMR 88cead31783998ba4e5f1baa791324f3a7319b68...refs/remotes/origin/main [168ms]
2024-07-12 10:30:15.735 [info] > git rev-parse refs/remotes/origin/main [235ms]
2024-07-12 10:30:15.845 [info] > git status -z -uall [75ms]
2024-07-12 10:30:15.989 [info] > git for-each-ref --format=%(refname)%00%(upstream:short)%00%(objectname)%00%(upstream:track)%00%(upstream:remotename)%00%(upstream:remoteref) refs/heads/main refs/remotes/main [89ms]
2024-07-12 10:30:16.177 [info] > git show --textconv :main.py [105ms]
2024-07-12 10:30:16.196 [info] > git config --local branch.main.vscode-merge-base [176ms]
2024-07-12 10:30:16.282 [info] > git for-each-ref --format=%(refname)%00%(upstream:short)%00%(objectname)%00%(upstream:track)%00%(upstream:remotename)%00%(upstream:remoteref) refs/heads/origin/main refs/remotes/origin/main [32ms]
2024-07-12 10:30:16.289 [info] > git ls-files --stage -- /home/karthi/Leetcode-profile-scraper/main.py [150ms]
2024-07-12 10:30:16.330 [info] > git cat-file -s 7a5d2bc3a75f66d12319658f3b00eb5928e08517 [19ms]
2024-07-12 10:31:07.200 [info] > git ls-files --stage -- /home/karthi/Leetcode-profile-scraper/scraper.py [14ms]
2024-07-12 10:31:07.508 [info] > git cat-file -s 852aab9ba9bedd5b812c57d96c8ce5837a38ab84 [264ms]
2024-07-12 10:31:07.518 [info] > git show --textconv :scraper.py [381ms]
2024-07-12 10:32:41.985 [info] > git show --textconv :leetcode_stats.csv [22ms]
2024-07-12 10:32:41.991 [info] > git ls-files --stage -- /home/karthi/Leetcode-profile-scraper/leetcode_stats.csv [10ms]
2024-07-12 10:33:04.374 [info] > git show --textconv :main.py [41ms]
2024-07-12 10:33:04.375 [info] > git ls-files --stage -- /home/karthi/Leetcode-profile-scraper/main.py [10ms]
2024-07-12 10:33:04.418 [info] > git cat-file -s 7a5d2bc3a75f66d12319658f3b00eb5928e08517 [19ms]
2024-07-12 10:38:42.486 [info] > git config --get commit.template [8ms]
2024-07-12 10:38:42.532 [info] > git for-each-ref --format=%(refname)%00%(upstream:short)%00%(objectname)%00%(upstream:track)%00%(upstream:remotename)%00%(upstream:remoteref) refs/heads/main refs/remotes/main [10ms]
2024-07-12 10:38:42.566 [warning] ENOENT: no such file or directory, open '/home/karthi/Leetcode-profile-scraper/.git/refs/remotes/origin/main'
2024-07-12 10:38:42.587 [info] > git rev-parse refs/remotes/origin/main [21ms]
2024-07-12 10:38:42.605 [info] > git ls-files --stage -- /home/karthi/Leetcode-profile-scraper/main.py [20ms]
2024-07-12 10:38:42.624 [info] > git status -z -uall [21ms]
2024-07-12 10:38:42.653 [info] > git cat-file -s 7a5d2bc3a75f66d12319658f3b00eb5928e08517 [33ms]
2024-07-12 10:38:42.661 [info] > git for-each-ref --format=%(refname)%00%(upstream:short)%00%(objectname)%00%(upstream:track)%00%(upstream:remotename)%00%(upstream:remoteref) refs/heads/main refs/remotes/main [15ms]
2024-07-12 10:38:42.703 [info] > git config --local branch.main.vscode-merge-base [23ms]
2024-07-12 10:38:42.723 [info] > git show --textconv :main.py [23ms]
2024-07-12 10:38:42.728 [info] > git for-each-ref --format=%(refname)%00%(upstream:short)%00%(objectname)%00%(upstream:track)%00%(upstream:remotename)%00%(upstream:remoteref) refs/heads/origin/main refs/remotes/origin/main [8ms]
2024-07-12 10:38:49.265 [info] > git config --get commit.template [6ms]
2024-07-12 10:38:49.287 [info] > git for-each-ref --format=%(refname)%00%(upstream:short)%00%(objectname)%00%(upstream:track)%00%(upstream:remotename)%00%(upstream:remoteref) refs/heads/main refs/remotes/main [6ms]
2024-07-12 10:38:49.303 [warning] ENOENT: no such file or directory, open '/home/karthi/Leetcode-profile-scraper/.git/refs/remotes/origin/main'
2024-07-12 10:38:49.307 [info] > git rev-parse refs/remotes/origin/main [4ms]
2024-07-12 10:38:49.351 [info] > git status -z -uall [28ms]
2024-07-12 10:38:49.351 [info] > git ls-files --stage -- /home/karthi/Leetcode-profile-scraper/main.py [4ms]
2024-07-12 10:38:49.397 [info] > git cat-file -s 9b8336e53c852d38c1af52029ab2f531dcea8332 [31ms]
2024-07-12 10:38:49.401 [info] > git for-each-ref --format=%(refname)%00%(upstream:short)%00%(objectname)%00%(upstream:track)%00%(upstream:remotename)%00%(upstream:remoteref) refs/heads/main refs/remotes/main [15ms]
2024-07-12 10:38:49.424 [info] > git config --local branch.main.vscode-merge-base [4ms]
2024-07-12 10:38:49.447 [info] > git for-each-ref --format=%(refname)%00%(upstream:short)%00%(objectname)%00%(upstream:track)%00%(upstream:remotename)%00%(upstream:remoteref) refs/heads/origin/main refs/remotes/origin/main [4ms]
2024-07-12 10:38:49.552 [info] > git show --textconv :main.py [12ms]
2024-07-12 10:39:02.965 [info] > git config --get commit.template [6ms]
2024-07-12 10:39:02.992 [info] > git for-each-ref --format=%(refname)%00%(upstream:short)%00%(objectname)%00%(upstream:track)%00%(upstream:remotename)%00%(upstream:remoteref) refs/heads/main refs/remotes/main [4ms]
2024-07-12 10:39:03.007 [warning] ENOENT: no such file or directory, open '/home/karthi/Leetcode-profile-scraper/.git/refs/remotes/origin/main'
2024-07-12 10:39:03.015 [info] > git rev-parse refs/remotes/origin/main [8ms]
2024-07-12 10:39:03.057 [info] > git status -z -uall [26ms]
2024-07-12 10:39:03.093 [info] > git for-each-ref --format=%(refname)%00%(upstream:short)%00%(objectname)%00%(upstream:track)%00%(upstream:remotename)%00%(upstream:remoteref) refs/heads/main refs/remotes/main [16ms]
2024-07-12 10:39:03.114 [info] > git ls-files --stage -- /home/karthi/Leetcode-profile-scraper/main.py [60ms]
2024-07-12 10:39:03.141 [info] > git config --local branch.main.vscode-merge-base [28ms]
2024-07-12 10:39:03.165 [info] > git for-each-ref --format=%(refname)%00%(upstream:short)%00%(objectname)%00%(upstream:track)%00%(upstream:remotename)%00%(upstream:remoteref) refs/heads/origin/main refs/remotes/origin/main [3ms]
2024-07-12 10:39:03.187 [info] > git cat-file -s 9b8336e53c852d38c1af52029ab2f531dcea8332 [57ms]
2024-07-12 10:39:03.191 [info] > git merge-base refs/heads/main refs/remotes/origin/main [5ms]
2024-07-12 10:39:03.214 [info] > git rev-list --count --left-right refs/heads/main...refs/remotes/origin/main [4ms]
2024-07-12 10:39:03.237 [info] > git diff --name-status -z --diff-filter=ADMR 88cead31783998ba4e5f1baa791324f3a7319b68...refs/remotes/origin/main [4ms]
2024-07-12 10:39:03.341 [info] > git show --textconv :main.py [16ms]
2024-07-12 10:40:57.510 [info] > git config --get commit.template [7ms]
2024-07-12 10:40:57.561 [info] > git for-each-ref --format=%(refname)%00%(upstream:short)%00%(objectname)%00%(upstream:track)%00%(upstream:remotename)%00%(upstream:remoteref) refs/heads/main refs/remotes/main [11ms]
2024-07-12 10:40:57.599 [info] > git ls-files --stage -- /home/karthi/Leetcode-profile-scraper/main.py [3ms]
2024-07-12 10:40:57.631 [info] > git cat-file -s 9b8336e53c852d38c1af52029ab2f531dcea8332 [18ms]
2024-07-12 10:40:57.636 [info] > git status -z -uall [7ms]
2024-07-12 10:40:57.702 [info] > git for-each-ref --format=%(refname)%00%(upstream:short)%00%(objectname)%00%(upstream:track)%00%(upstream:remotename)%00%(upstream:remoteref) refs/heads/main refs/remotes/main [46ms]
2024-07-12 10:40:57.723 [info] > git show --textconv :main.py [24ms]
2024-07-12 10:40:57.724 [info] > git config --local branch.main.vscode-merge-base [3ms]
2024-07-12 10:40:57.751 [info] > git for-each-ref --format=%(refname)%00%(upstream:short)%00%(objectname)%00%(upstream:track)%00%(upstream:remotename)%00%(upstream:remoteref) refs/heads/origin/main refs/remotes/origin/main [8ms]
2024-07-12 10:40:57.780 [info] > git merge-base refs/heads/main refs/remotes/origin/main [7ms]
2024-07-12 10:40:57.812 [info] > git rev-list --count --left-right refs/heads/main...refs/remotes/origin/main [8ms]
2024-07-12 10:40:57.836 [info] > git diff --name-status -z --diff-filter=ADMR 51ec61efb3cce202349bea0fea82fbbd6755b552...refs/remotes/origin/main [5ms]
2024-07-12 10:48:17.352 [info] > git show --textconv :Student_db.csv [59ms]
2024-07-12 10:48:17.352 [info] > git ls-files --stage -- /home/karthi/Leetcode-profile-scraper/Student_db.csv [7ms]
