2024-09-13 13:04:26.954 [info] Extension host with pid 11832 started
2024-09-13 13:04:26.954 [info] Skipping acquiring lock for /home/karthi/.config/Code - OSS/User/workspaceStorage/0babec5bbaf305f826e3ac01c89eec6e.
2024-09-13 13:04:28.708 [info] ExtensionService#_doActivateExtension vscode.git-base, startup: true, activationEvent: '*', root cause: vscode.git
2024-09-13 13:04:28.835 [info] ExtensionService#_doActivateExtension s-nlf-fh.glassit, startup: true, activationEvent: '*'
2024-09-13 13:04:29.791 [info] ExtensionService#_doActivateExtension vscode.git, startup: true, activationEvent: '*'
2024-09-13 13:04:30.356 [info] ExtensionService#_doActivateExtension vscode.github, startup: true, activationEvent: '*'
2024-09-13 13:04:30.822 [info] Eager extensions activated
2024-09-13 13:04:30.964 [info] ExtensionService#_doActivateExtension vscode.debug-auto-launch, startup: false, activationEvent: 'onStartupFinished'
2024-09-13 13:04:30.987 [info] ExtensionService#_doActivateExtension vscode.merge-conflict, startup: false, activationEvent: 'onStartupFinished'
2024-09-13 13:04:31.084 [info] ExtensionService#_doActivateExtension esbenp.prettier-vscode, startup: false, activationEvent: 'onStartupFinished'
2024-09-13 13:04:31.606 [info] ExtensionService#_doActivateExtension ritwickdey.LiveServer, startup: false, activationEvent: 'onStartupFinished'
2024-09-13 13:04:32.146 [info] ExtensionService#_doActivateExtension vscode.configuration-editing, startup: false, activationEvent: 'onLanguage:jsonc'
2024-09-13 13:04:32.239 [info] ExtensionService#_doActivateExtension vscode.json-language-features, startup: false, activationEvent: 'onLanguage:jsonc'
2024-09-13 13:04:32.437 [info] ExtensionService#_doActivateExtension vscode.typescript-language-features, startup: false, activationEvent: 'onLanguage:jsonc'
2024-09-13 13:04:32.623 [info] ExtensionService#_doActivateExtension vscode.emmet, startup: false, activationEvent: 'onLanguage'
2024-09-13 13:05:43.276 [info] ExtensionService#_doActivateExtension ms-python.python, startup: false, activationEvent: 'onCommand:python.createNewFile'
2024-09-13 13:05:45.776 [error] Error: spawn /home/karthi/.vscode-oss/extensions/ms-python.python-2024.14.0-universal/python-env-tools/bin/pet ENOENT
	at ChildProcess._handle.onexit (node:internal/child_process:286:19)
	at onErrorNT (node:internal/child_process:484:16)
	at process.processTicksAndRejections (node:internal/process/task_queues:82:21)
2024-09-13 13:05:47.357 [info] ExtensionService#_doActivateExtension luma.jupyter, startup: false, activationEvent: 'onLanguage:python'
2024-09-13 13:06:01.572 [info] ExtensionService#_doActivateExtension ms-python.debugpy, startup: false, activationEvent: 'onLanguage:python'
2024-09-13 13:06:02.321 [info] ExtensionService#_doActivateExtension ms-toolsai.jupyter, startup: false, activationEvent: 'onLanguage:python'
2024-09-13 13:06:02.380 [info] ExtensionService#_doActivateExtension virgilsisoe.python-auto-import, startup: false, activationEvent: 'onLanguage:python'
2024-09-13 13:06:02.949 [error] Activating extension ms-python.debugpy failed due to an error:
2024-09-13 13:06:02.949 [error] Error: Extension 'ms-python.debugpy' CANNOT use API proposal: portsAttributes.
Its package.json#enabledApiProposals-property declares:  but NOT portsAttributes.
 The missing proposal MUST be added and you must start in extension development mode or use the following command line switch: --enable-proposed-api ms-python.debugpy
    at P (/usr/lib/code/out/vs/workbench/api/node/extensionHostProcess.js:149:59064)
    at Object.registerPortAttributesProvider (/usr/lib/code/out/vs/workbench/api/node/extensionHostProcess.js:171:50790)
    at t.registerDebugger (/home/karthi/.vscode-oss/extensions/ms-python.debugpy-2024.11.0-dev-linux-x64/dist/extension.js:2:910389)
    at e.activate (/home/karthi/.vscode-oss/extensions/ms-python.debugpy-2024.11.0-dev-linux-x64/dist/extension.js:2:1159316)
    at Function.kb (/usr/lib/code/out/vs/workbench/api/node/extensionHostProcess.js:167:13836)
    at Function.jb (/usr/lib/code/out/vs/workbench/api/node/extensionHostProcess.js:167:13508)
    at /usr/lib/code/out/vs/workbench/api/node/extensionHostProcess.js:167:11493
    at m.n (/usr/lib/code/out/vs/workbench/api/node/extensionHostProcess.js:151:6409)
    at m (/usr/lib/code/out/vs/workbench/api/node/extensionHostProcess.js:151:6372)
    at m.l (/usr/lib/code/out/vs/workbench/api/node/extensionHostProcess.js:151:5829)
2024-09-13 13:06:09.721 [info] ExtensionService#_doActivateExtension ms-toolsai.jupyter-renderers, startup: false, activationEvent: 'api', root cause: ms-toolsai.jupyter
2024-09-13 13:06:13.027 [error] Error: Extension 'ms-python.python' CANNOT use API proposal: testObserver.
Its package.json#enabledApiProposals-property declares:  but NOT testObserver.
 The missing proposal MUST be added and you must start in extension development mode or use the following command line switch: --enable-proposed-api ms-python.python
    at P (/usr/lib/code/out/vs/workbench/api/node/extensionHostProcess.js:149:59064)
    at Object.get testResults [as testResults] (/usr/lib/code/out/vs/workbench/api/node/extensionHostProcess.js:171:33061)
    at C.activate (/home/karthi/.vscode-oss/extensions/ms-python.python-2024.14.0-universal/out/client/extension.js:2:938870)
    at /home/karthi/.vscode-oss/extensions/ms-python.python-2024.14.0-universal/out/client/extension.js:2:2457
    at Array.map (<anonymous>)
    at v.activateWorkspace (/home/karthi/.vscode-oss/extensions/ms-python.python-2024.14.0-universal/out/client/extension.js:2:2447)
2024-09-13 13:07:46.771 [info] ExtensionService#_doActivateExtension vscode.npm, startup: false, activationEvent: 'onTerminalQuickFixRequest:ms-vscode.npm-command'
2024-09-13 13:13:15.009 [info] Extension host terminating: renderer closed the MessagePort
2024-09-13 13:13:15.242 [info] Extension host with pid 11832 exiting with code 0
