2024-07-12 09:03:42.381 [info] Log level: Info
2024-07-12 09:03:42.381 [info] Validating found git in: "git"
2024-07-12 09:03:42.381 [info] Using git "2.45.2" from "git"
2024-07-12 09:03:42.381 [info] > git rev-parse --show-toplevel [29ms]
2024-07-12 09:03:42.381 [info] > git rev-parse --git-dir --git-common-dir [19ms]
2024-07-12 09:03:42.381 [info] Open repository: /home/karthi/Leetcode-profile-scraper
2024-07-12 09:03:42.508 [info] > git rev-parse --show-toplevel [41ms]
2024-07-12 09:03:42.513 [info] > git config --get commit.template [85ms]
2024-07-12 09:03:42.594 [info] > git for-each-ref --format=%(refname)%00%(upstream:short)%00%(objectname)%00%(upstream:track)%00%(upstream:remotename)%00%(upstream:remoteref) refs/heads/main refs/remotes/main [20ms]
2024-07-12 09:03:42.622 [warning] ENOENT: no such file or directory, open '/home/karthi/Leetcode-profile-scraper/.git/refs/remotes/origin/main'
2024-07-12 09:03:44.105 [info] > git rev-parse refs/remotes/origin/main [1484ms]
2024-07-12 09:03:44.582 [info] > git status -z -uall [443ms]
2024-07-12 09:03:45.272 [info] > git show --textconv :leetcode_stats.csv [67ms]
2024-07-12 09:03:45.274 [info] > git ls-files --stage -- /home/karthi/Leetcode-profile-scraper/leetcode_stats.csv [40ms]
2024-07-12 09:03:45.291 [info] > git for-each-ref --format=%(refname)%00%(upstream:short)%00%(objectname)%00%(upstream:track)%00%(upstream:remotename)%00%(upstream:remoteref) refs/heads/main refs/remotes/main [667ms]
2024-07-12 09:03:45.572 [info] > git check-ignore -v -z --stdin [195ms]
2024-07-12 09:03:45.595 [info] > git config --local branch.main.vscode-merge-base [259ms]
2024-07-12 09:03:45.668 [info] > git config --get commit.template [403ms]
2024-07-12 09:03:45.926 [info] > git for-each-ref --format=%(refname)%00%(upstream:short)%00%(objectname)%00%(upstream:track)%00%(upstream:remotename)%00%(upstream:remoteref) refs/heads/origin/main refs/remotes/origin/main [268ms]
2024-07-12 09:03:46.040 [info] > git merge-base refs/heads/main refs/remotes/origin/main [86ms]
2024-07-12 09:03:46.166 [info] > git rev-list --count --left-right refs/heads/main...refs/remotes/origin/main [78ms]
2024-07-12 09:03:46.219 [info] > git for-each-ref --format=%(refname)%00%(upstream:short)%00%(objectname)%00%(upstream:track)%00%(upstream:remotename)%00%(upstream:remoteref) refs/heads/main refs/remotes/main [202ms]
2024-07-12 09:03:46.418 [warning] ENOENT: no such file or directory, open '/home/karthi/Leetcode-profile-scraper/.git/refs/remotes/origin/main'
2024-07-12 09:03:46.427 [info] > git diff --name-status -z --diff-filter=ADMR 88cead31783998ba4e5f1baa791324f3a7319b68...refs/remotes/origin/main [201ms]
2024-07-12 09:03:46.473 [info] > git rev-parse refs/remotes/origin/main [56ms]
2024-07-12 09:03:46.570 [info] > git status -z -uall [47ms]
2024-07-12 09:03:46.745 [info] > git for-each-ref --format=%(refname)%00%(upstream:short)%00%(objectname)%00%(upstream:track)%00%(upstream:remotename)%00%(upstream:remoteref) refs/heads/main refs/remotes/main [41ms]
2024-07-12 09:03:46.791 [info] > git config --local branch.main.vscode-merge-base [13ms]
2024-07-12 09:03:46.850 [info] > git for-each-ref --format=%(refname)%00%(upstream:short)%00%(objectname)%00%(upstream:track)%00%(upstream:remotename)%00%(upstream:remoteref) refs/heads/origin/main refs/remotes/origin/main [24ms]
2024-07-12 09:06:37.262 [info] > git show --textconv :main.py [300ms]
2024-07-12 09:06:37.279 [info] > git ls-files --stage -- /home/karthi/Leetcode-profile-scraper/main.py [294ms]
2024-07-12 09:06:45.261 [info] > git cat-file -s 7a5d2bc3a75f66d12319658f3b00eb5928e08517 [7928ms]
2024-07-12 09:06:52.678 [info] > git show --textconv :leetcode_stats.csv [33ms]
2024-07-12 09:06:52.678 [info] > git ls-files --stage -- /home/karthi/Leetcode-profile-scraper/leetcode_stats.csv [5ms]
2024-07-12 09:06:53.789 [info] > git config --get commit.template [22ms]
2024-07-12 09:06:53.791 [info] > git for-each-ref --format=%(refname)%00%(upstream:short)%00%(objectname)%00%(upstream:track)%00%(upstream:remotename)%00%(upstream:remoteref) refs/heads/main refs/remotes/main [6ms]
2024-07-12 09:06:53.807 [warning] ENOENT: no such file or directory, open '/home/karthi/Leetcode-profile-scraper/.git/refs/remotes/origin/main'
2024-07-12 09:06:53.811 [info] > git rev-parse refs/remotes/origin/main [4ms]
2024-07-12 09:06:53.840 [info] > git status -z -uall [7ms]
2024-07-12 09:06:53.891 [info] > git for-each-ref --format=%(refname)%00%(upstream:short)%00%(objectname)%00%(upstream:track)%00%(upstream:remotename)%00%(upstream:remoteref) refs/heads/main refs/remotes/main [22ms]
2024-07-12 09:06:53.916 [info] > git config --local branch.main.vscode-merge-base [6ms]
2024-07-12 09:06:53.962 [info] > git for-each-ref --format=%(refname)%00%(upstream:short)%00%(objectname)%00%(upstream:track)%00%(upstream:remotename)%00%(upstream:remoteref) refs/heads/origin/main refs/remotes/origin/main [20ms]
2024-07-12 09:06:55.576 [info] > git show --textconv :main.py [36ms]
2024-07-12 09:06:55.587 [info] > git ls-files --stage -- /home/karthi/Leetcode-profile-scraper/main.py [15ms]
2024-07-12 09:06:55.614 [info] > git cat-file -s 7a5d2bc3a75f66d12319658f3b00eb5928e08517 [6ms]
2024-07-12 09:07:50.253 [info] > git show --textconv :leetcode_stats.csv [23ms]
2024-07-12 09:07:50.260 [info] > git ls-files --stage -- /home/karthi/Leetcode-profile-scraper/leetcode_stats.csv [10ms]
2024-07-12 09:08:02.848 [info] > git show --textconv :main.py [70ms]
2024-07-12 09:08:02.871 [info] > git ls-files --stage -- /home/karthi/Leetcode-profile-scraper/main.py [30ms]
2024-07-12 09:08:02.948 [info] > git cat-file -s 7a5d2bc3a75f66d12319658f3b00eb5928e08517 [29ms]
2024-07-12 09:10:18.597 [info] > git show --textconv :scraper.py [54ms]
2024-07-12 09:10:18.598 [info] > git ls-files --stage -- /home/karthi/Leetcode-profile-scraper/scraper.py [11ms]
2024-07-12 09:10:18.641 [info] > git cat-file -s 852aab9ba9bedd5b812c57d96c8ce5837a38ab84 [9ms]
2024-07-12 09:10:42.465 [info] > git show --textconv :Student_db.csv [20ms]
2024-07-12 09:10:42.468 [info] > git ls-files --stage -- /home/karthi/Leetcode-profile-scraper/Student_db.csv [6ms]
2024-07-12 09:10:54.010 [info] > git show --textconv :scraper.py [73ms]
2024-07-12 09:10:54.011 [info] > git ls-files --stage -- /home/karthi/Leetcode-profile-scraper/scraper.py [13ms]
2024-07-12 09:10:54.077 [info] > git cat-file -s 852aab9ba9bedd5b812c57d96c8ce5837a38ab84 [27ms]
2024-07-12 09:11:36.324 [info] > git show --textconv :main.py [51ms]
2024-07-12 09:11:36.325 [info] > git ls-files --stage -- /home/karthi/Leetcode-profile-scraper/main.py [12ms]
2024-07-12 09:11:36.371 [info] > git cat-file -s 7a5d2bc3a75f66d12319658f3b00eb5928e08517 [10ms]
2024-07-12 09:12:34.884 [info] > git show --textconv :cache.py [22ms]
2024-07-12 09:12:34.889 [info] > git ls-files --stage -- /home/karthi/Leetcode-profile-scraper/cache.py [7ms]
2024-07-12 09:12:34.912 [info] > git cat-file -s 7311d269bf5f313e17ac5b5ac4661713126ad3ba [8ms]
2024-07-12 09:12:38.097 [info] > git show --textconv :cache.txt [33ms]
2024-07-12 09:12:38.106 [info] > git ls-files --stage -- /home/karthi/Leetcode-profile-scraper/cache.txt [12ms]
2024-07-12 09:12:44.017 [info] > git show --textconv :leetcode_stats.csv [21ms]
2024-07-12 09:12:44.021 [info] > git ls-files --stage -- /home/karthi/Leetcode-profile-scraper/leetcode_stats.csv [6ms]
2024-07-12 09:13:03.483 [info] > git show --textconv :cache.py [28ms]
2024-07-12 09:13:03.497 [info] > git ls-files --stage -- /home/karthi/Leetcode-profile-scraper/cache.py [18ms]
2024-07-12 09:13:03.535 [info] > git cat-file -s 7311d269bf5f313e17ac5b5ac4661713126ad3ba [8ms]
2024-07-12 09:13:04.318 [info] > git show --textconv :cache.txt [5ms]
2024-07-12 09:13:04.348 [info] > git ls-files --stage -- /home/karthi/Leetcode-profile-scraper/cache.txt [7ms]
2024-07-12 09:13:29.532 [info] > git show --textconv :scraper.py [60ms]
2024-07-12 09:13:29.532 [info] > git ls-files --stage -- /home/karthi/Leetcode-profile-scraper/scraper.py [26ms]
2024-07-12 09:13:29.573 [info] > git cat-file -s 852aab9ba9bedd5b812c57d96c8ce5837a38ab84 [13ms]
2024-07-12 09:13:32.232 [info] > git show --textconv :cache.py [26ms]
2024-07-12 09:13:32.237 [info] > git ls-files --stage -- /home/karthi/Leetcode-profile-scraper/cache.py [11ms]
2024-07-12 09:13:32.261 [info] > git cat-file -s 7311d269bf5f313e17ac5b5ac4661713126ad3ba [8ms]
2024-07-12 09:13:33.896 [info] > git show --textconv :scraper.py [25ms]
2024-07-12 09:13:33.908 [info] > git ls-files --stage -- /home/karthi/Leetcode-profile-scraper/scraper.py [14ms]
2024-07-12 09:13:33.946 [info] > git cat-file -s 852aab9ba9bedd5b812c57d96c8ce5837a38ab84 [8ms]
2024-07-12 09:13:36.797 [info] > git show --textconv :cache.py [24ms]
2024-07-12 09:13:36.801 [info] > git ls-files --stage -- /home/karthi/Leetcode-profile-scraper/cache.py [9ms]
2024-07-12 09:13:36.822 [info] > git cat-file -s 7311d269bf5f313e17ac5b5ac4661713126ad3ba [6ms]
2024-07-12 09:13:59.282 [info] > git show --textconv :main.py [64ms]
2024-07-12 09:13:59.311 [info] > git ls-files --stage -- /home/karthi/Leetcode-profile-scraper/main.py [31ms]
2024-07-12 09:13:59.356 [info] > git cat-file -s 7a5d2bc3a75f66d12319658f3b00eb5928e08517 [9ms]
2024-07-12 09:14:03.882 [info] > git show --textconv :leetcode_stats.csv [21ms]
2024-07-12 09:14:03.888 [info] > git ls-files --stage -- /home/karthi/Leetcode-profile-scraper/leetcode_stats.csv [8ms]
2024-07-12 09:14:12.418 [info] > git show --textconv :Student_db.csv [19ms]
2024-07-12 09:14:12.422 [info] > git ls-files --stage -- /home/karthi/Leetcode-profile-scraper/Student_db.csv [6ms]
2024-07-12 09:14:15.438 [info] > git show --textconv :main.py [39ms]
2024-07-12 09:14:15.463 [info] > git ls-files --stage -- /home/karthi/Leetcode-profile-scraper/main.py [26ms]
2024-07-12 09:14:15.513 [info] > git cat-file -s 7a5d2bc3a75f66d12319658f3b00eb5928e08517 [7ms]
2024-07-12 09:15:04.142 [info] > git show --textconv :cache.py [39ms]
2024-07-12 09:15:04.154 [info] > git ls-files --stage -- /home/karthi/Leetcode-profile-scraper/cache.py [16ms]
2024-07-12 09:15:04.180 [info] > git cat-file -s 7311d269bf5f313e17ac5b5ac4661713126ad3ba [7ms]
2024-07-12 09:15:10.266 [info] > git show --textconv :cache.txt [22ms]
2024-07-12 09:15:10.271 [info] > git ls-files --stage -- /home/karthi/Leetcode-profile-scraper/cache.txt [7ms]
2024-07-12 09:15:13.894 [info] > git show --textconv :cache.py [50ms]
2024-07-12 09:15:13.919 [info] > git ls-files --stage -- /home/karthi/Leetcode-profile-scraper/cache.py [27ms]
2024-07-12 09:15:13.950 [info] > git cat-file -s 7311d269bf5f313e17ac5b5ac4661713126ad3ba [10ms]
2024-07-12 09:15:21.399 [info] > git show --textconv :scraper.py [56ms]
2024-07-12 09:15:21.416 [info] > git ls-files --stage -- /home/karthi/Leetcode-profile-scraper/scraper.py [15ms]
2024-07-12 09:15:21.455 [info] > git cat-file -s 852aab9ba9bedd5b812c57d96c8ce5837a38ab84 [13ms]
2024-07-12 09:15:44.682 [info] > git show --textconv :main.py [28ms]
2024-07-12 09:15:44.691 [info] > git ls-files --stage -- /home/karthi/Leetcode-profile-scraper/main.py [11ms]
2024-07-12 09:15:44.730 [info] > git cat-file -s 7a5d2bc3a75f66d12319658f3b00eb5928e08517 [14ms]
2024-07-12 09:15:58.993 [info] > git show --textconv :scraper.py [28ms]
2024-07-12 09:15:59.007 [info] > git ls-files --stage -- /home/karthi/Leetcode-profile-scraper/scraper.py [17ms]
2024-07-12 09:15:59.038 [info] > git cat-file -s 852aab9ba9bedd5b812c57d96c8ce5837a38ab84 [6ms]
2024-07-12 09:23:22.742 [info] > git show --textconv :main.py [75ms]
2024-07-12 09:23:22.752 [info] > git ls-files --stage -- /home/karthi/Leetcode-profile-scraper/main.py [30ms]
2024-07-12 09:23:22.803 [info] > git cat-file -s 7a5d2bc3a75f66d12319658f3b00eb5928e08517 [20ms]
2024-07-12 09:23:24.846 [info] > git show --textconv :scraper.py [153ms]
2024-07-12 09:23:24.873 [info] > git ls-files --stage -- /home/karthi/Leetcode-profile-scraper/scraper.py [70ms]
2024-07-12 09:23:24.991 [info] > git cat-file -s 852aab9ba9bedd5b812c57d96c8ce5837a38ab84 [42ms]
2024-07-12 09:23:34.927 [info] > git show --textconv :Student_db.csv [36ms]
2024-07-12 09:23:34.938 [info] > git ls-files --stage -- /home/karthi/Leetcode-profile-scraper/Student_db.csv [18ms]
2024-07-12 09:23:35.908 [info] > git config --get commit.template [29ms]
2024-07-12 09:23:35.912 [info] > git for-each-ref --format=%(refname)%00%(upstream:short)%00%(objectname)%00%(upstream:track)%00%(upstream:remotename)%00%(upstream:remoteref) refs/heads/main refs/remotes/main [10ms]
2024-07-12 09:23:35.935 [warning] ENOENT: no such file or directory, open '/home/karthi/Leetcode-profile-scraper/.git/refs/remotes/origin/main'
2024-07-12 09:23:35.940 [info] > git rev-parse refs/remotes/origin/main [6ms]
2024-07-12 09:23:35.970 [info] > git status -z -uall [9ms]
2024-07-12 09:23:36.012 [info] > git for-each-ref --format=%(refname)%00%(upstream:short)%00%(objectname)%00%(upstream:track)%00%(upstream:remotename)%00%(upstream:remoteref) refs/heads/main refs/remotes/main [12ms]
2024-07-12 09:23:36.047 [info] > git config --local branch.main.vscode-merge-base [10ms]
2024-07-12 09:23:36.086 [info] > git for-each-ref --format=%(refname)%00%(upstream:short)%00%(objectname)%00%(upstream:track)%00%(upstream:remotename)%00%(upstream:remoteref) refs/heads/origin/main refs/remotes/origin/main [13ms]
2024-07-12 09:23:52.233 [info] > git show --textconv :scraper.py [76ms]
2024-07-12 09:23:52.246 [info] > git ls-files --stage -- /home/karthi/Leetcode-profile-scraper/scraper.py [18ms]
2024-07-12 09:23:52.284 [info] > git cat-file -s 852aab9ba9bedd5b812c57d96c8ce5837a38ab84 [14ms]
2024-07-12 09:25:43.900 [info] > git config --get commit.template [204ms]
2024-07-12 09:25:43.941 [info] > git for-each-ref --format=%(refname)%00%(upstream:short)%00%(objectname)%00%(upstream:track)%00%(upstream:remotename)%00%(upstream:remoteref) refs/heads/main refs/remotes/main [101ms]
2024-07-12 09:25:44.108 [warning] ENOENT: no such file or directory, open '/home/karthi/Leetcode-profile-scraper/.git/refs/remotes/origin/main'
2024-07-12 09:25:44.184 [info] > git rev-parse refs/remotes/origin/main [76ms]
2024-07-12 09:25:44.391 [info] > git status -z -uall [65ms]
2024-07-12 09:25:44.627 [info] > git for-each-ref --format=%(refname)%00%(upstream:short)%00%(objectname)%00%(upstream:track)%00%(upstream:remotename)%00%(upstream:remoteref) refs/heads/main refs/remotes/main [40ms]
2024-07-12 09:25:44.731 [info] > git config --local branch.main.vscode-merge-base [36ms]
2024-07-12 09:25:44.843 [info] > git for-each-ref --format=%(refname)%00%(upstream:short)%00%(objectname)%00%(upstream:track)%00%(upstream:remotename)%00%(upstream:remoteref) refs/heads/origin/main refs/remotes/origin/main [28ms]
2024-07-12 09:27:59.720 [info] > git show --textconv :leetcode_stats.csv [21ms]
2024-07-12 09:27:59.724 [info] > git ls-files --stage -- /home/karthi/Leetcode-profile-scraper/leetcode_stats.csv [7ms]
2024-07-12 09:28:00.780 [info] > git config --get commit.template [4ms]
2024-07-12 09:28:00.807 [info] > git for-each-ref --format=%(refname)%00%(upstream:short)%00%(objectname)%00%(upstream:track)%00%(upstream:remotename)%00%(upstream:remoteref) refs/heads/main refs/remotes/main [8ms]
2024-07-12 09:28:00.829 [warning] ENOENT: no such file or directory, open '/home/karthi/Leetcode-profile-scraper/.git/refs/remotes/origin/main'
2024-07-12 09:28:00.837 [info] > git rev-parse refs/remotes/origin/main [8ms]
2024-07-12 09:28:00.869 [info] > git status -z -uall [11ms]
2024-07-12 09:28:00.905 [info] > git for-each-ref --format=%(refname)%00%(upstream:short)%00%(objectname)%00%(upstream:track)%00%(upstream:remotename)%00%(upstream:remoteref) refs/heads/main refs/remotes/main [12ms]
2024-07-12 09:28:00.953 [info] > git config --local branch.main.vscode-merge-base [14ms]
2024-07-12 09:28:01.007 [info] > git for-each-ref --format=%(refname)%00%(upstream:short)%00%(objectname)%00%(upstream:track)%00%(upstream:remotename)%00%(upstream:remoteref) refs/heads/origin/main refs/remotes/origin/main [13ms]
2024-07-12 09:28:01.407 [info] > git show --textconv :Student_db.csv [81ms]
2024-07-12 09:28:01.435 [info] > git ls-files --stage -- /home/karthi/Leetcode-profile-scraper/Student_db.csv [43ms]
2024-07-12 09:28:03.356 [info] > git show --textconv :main.py [45ms]
2024-07-12 09:28:03.370 [info] > git ls-files --stage -- /home/karthi/Leetcode-profile-scraper/main.py [20ms]
2024-07-12 09:28:03.420 [info] > git cat-file -s 7a5d2bc3a75f66d12319658f3b00eb5928e08517 [10ms]
2024-07-12 09:28:10.854 [info] > git show --textconv :leetcode_stats.csv [23ms]
2024-07-12 09:28:10.861 [info] > git ls-files --stage -- /home/karthi/Leetcode-profile-scraper/leetcode_stats.csv [10ms]
2024-07-12 09:28:19.153 [info] > git show --textconv :Student_db.csv [30ms]
2024-07-12 09:28:19.156 [info] > git ls-files --stage -- /home/karthi/Leetcode-profile-scraper/Student_db.csv [9ms]
2024-07-12 09:28:50.013 [info] > git show --textconv :scraper.py [60ms]
2024-07-12 09:28:50.025 [info] > git ls-files --stage -- /home/karthi/Leetcode-profile-scraper/scraper.py [23ms]
2024-07-12 09:28:50.113 [info] > git cat-file -s 852aab9ba9bedd5b812c57d96c8ce5837a38ab84 [21ms]
2024-07-12 09:29:41.284 [info] > git show --textconv :main.py [47ms]
2024-07-12 09:29:41.293 [info] > git ls-files --stage -- /home/karthi/Leetcode-profile-scraper/main.py [16ms]
2024-07-12 09:29:41.332 [info] > git cat-file -s 7a5d2bc3a75f66d12319658f3b00eb5928e08517 [15ms]
2024-07-12 09:31:25.606 [info] > git config --get commit.template [8ms]
2024-07-12 09:31:25.630 [info] > git for-each-ref --format=%(refname)%00%(upstream:short)%00%(objectname)%00%(upstream:track)%00%(upstream:remotename)%00%(upstream:remoteref) refs/heads/main refs/remotes/main [6ms]
2024-07-12 09:31:25.647 [warning] ENOENT: no such file or directory, open '/home/karthi/Leetcode-profile-scraper/.git/refs/remotes/origin/main'
2024-07-12 09:31:25.649 [info] > git rev-parse refs/remotes/origin/main [3ms]
2024-07-12 09:31:25.677 [info] > git status -z -uall [9ms]
2024-07-12 09:31:25.724 [info] > git for-each-ref --format=%(refname)%00%(upstream:short)%00%(objectname)%00%(upstream:track)%00%(upstream:remotename)%00%(upstream:remoteref) refs/heads/main refs/remotes/main [19ms]
2024-07-12 09:31:25.767 [info] > git config --local branch.main.vscode-merge-base [14ms]
2024-07-12 09:31:25.792 [info] > git for-each-ref --format=%(refname)%00%(upstream:short)%00%(objectname)%00%(upstream:track)%00%(upstream:remotename)%00%(upstream:remoteref) refs/heads/origin/main refs/remotes/origin/main [4ms]
