2024-09-14 20:08:05.077 [info] Extension host with pid 6284 started
2024-09-14 20:08:05.078 [info] Skipping acquiring lock for /home/karthi/.config/Code - OSS/User/workspaceStorage/0babec5bbaf305f826e3ac01c89eec6e.
2024-09-14 20:08:07.153 [info] ExtensionService#_doActivateExtension vscode.emmet, startup: false, activationEvent: 'onLanguage'
2024-09-14 20:08:07.577 [info] ExtensionService#_doActivateExtension luma.jupyter, startup: false, activationEvent: 'onLanguage:python'
2024-09-14 20:08:08.588 [info] ExtensionService#_doActivateExtension ms-python.python, startup: false, activationEvent: 'onLanguage:python', root cause: ms-python.debugpy
2024-09-14 20:08:11.204 [info] ExtensionService#_doActivateExtension ms-toolsai.jupyter, startup: false, activationEvent: 'onLanguage:python'
2024-09-14 20:08:11.261 [info] ExtensionService#_doActivateExtension virgilsisoe.python-auto-import, startup: false, activationEvent: 'onLanguage:python'
2024-09-14 20:08:11.381 [info] ExtensionService#_doActivateExtension vscode.git-base, startup: true, activationEvent: '*', root cause: vscode.git
2024-09-14 20:08:11.407 [info] ExtensionService#_doActivateExtension s-nlf-fh.glassit, startup: true, activationEvent: '*'
2024-09-14 20:08:11.940 [error] Error: spawn /home/karthi/.vscode-oss/extensions/ms-python.python-2024.14.1-universal/python-env-tools/bin/pet ENOENT
    at Process.ChildProcess._handle.onexit (node:internal/child_process:286:19)
    at onErrorNT (node:internal/child_process:484:16)
    at processTicksAndRejections (node:internal/process/task_queues:82:21)
2024-09-14 20:08:17.488 [info] ExtensionService#_doActivateExtension ms-toolsai.jupyter-renderers, startup: false, activationEvent: 'api', root cause: ms-toolsai.jupyter
2024-09-14 20:08:26.997 [info] ExtensionService#_doActivateExtension vscode.git, startup: true, activationEvent: '*'
2024-09-14 20:08:27.315 [info] ExtensionService#_doActivateExtension vscode.github, startup: true, activationEvent: '*'
2024-09-14 20:08:27.558 [info] ExtensionService#_doActivateExtension vscode.debug-auto-launch, startup: false, activationEvent: 'onStartupFinished'
2024-09-14 20:08:27.589 [info] ExtensionService#_doActivateExtension vscode.merge-conflict, startup: false, activationEvent: 'onStartupFinished'
2024-09-14 20:08:27.672 [info] ExtensionService#_doActivateExtension esbenp.prettier-vscode, startup: false, activationEvent: 'onStartupFinished'
2024-09-14 20:08:28.038 [info] ExtensionService#_doActivateExtension ritwickdey.LiveServer, startup: false, activationEvent: 'onStartupFinished'
2024-09-14 20:08:28.302 [info] Extension host terminating: renderer closed the MessagePort
2024-09-14 20:08:28.346 [error] Canceled: Canceled
    at Object.f [as $0] (/usr/lib/code/out/vs/workbench/api/node/extensionHostProcess.js:10:1082)
    at /usr/lib/code/out/vs/workbench/api/node/extensionHostProcess.js:158:2406
    at Array.forEach (<anonymous>)
    at y.dispose (/usr/lib/code/out/vs/workbench/api/node/extensionHostProcess.js:158:2344)
    at m.terminate (/usr/lib/code/out/vs/workbench/api/node/extensionHostProcess.js:167:8389)
    at $.terminate (/usr/lib/code/out/vs/workbench/api/node/extensionHostProcess.js:171:1513)
    at n (/usr/lib/code/out/vs/workbench/api/node/extensionHostProcess.js:184:10613)
    at MessagePortMain.<anonymous> (/usr/lib/code/out/vs/workbench/api/node/extensionHostProcess.js:184:6805)
    at MessagePortMain.emit (node:events:519:28)
    at Object.MessagePortMain._internalPort.emit (node:electron/js2c/utility_init:2:2619) setContext undefined
2024-09-14 20:08:28.347 [error] Canceled: Canceled
    at Object.f [as $0] (/usr/lib/code/out/vs/workbench/api/node/extensionHostProcess.js:10:1082)
    at /usr/lib/code/out/vs/workbench/api/node/extensionHostProcess.js:158:2406
    at Array.forEach (<anonymous>)
    at y.dispose (/usr/lib/code/out/vs/workbench/api/node/extensionHostProcess.js:158:2344)
    at m.terminate (/usr/lib/code/out/vs/workbench/api/node/extensionHostProcess.js:167:8389)
    at $.terminate (/usr/lib/code/out/vs/workbench/api/node/extensionHostProcess.js:171:1513)
    at n (/usr/lib/code/out/vs/workbench/api/node/extensionHostProcess.js:184:10613)
    at MessagePortMain.<anonymous> (/usr/lib/code/out/vs/workbench/api/node/extensionHostProcess.js:184:6805)
    at MessagePortMain.emit (node:events:519:28)
    at Object.MessagePortMain._internalPort.emit (node:electron/js2c/utility_init:2:2619) setContext undefined
2024-09-14 20:08:28.348 [error] Canceled: Canceled
    at Object.f [as $0] (/usr/lib/code/out/vs/workbench/api/node/extensionHostProcess.js:10:1082)
    at /usr/lib/code/out/vs/workbench/api/node/extensionHostProcess.js:158:2406
    at Array.forEach (<anonymous>)
    at y.dispose (/usr/lib/code/out/vs/workbench/api/node/extensionHostProcess.js:158:2344)
    at m.terminate (/usr/lib/code/out/vs/workbench/api/node/extensionHostProcess.js:167:8389)
    at $.terminate (/usr/lib/code/out/vs/workbench/api/node/extensionHostProcess.js:171:1513)
    at n (/usr/lib/code/out/vs/workbench/api/node/extensionHostProcess.js:184:10613)
    at MessagePortMain.<anonymous> (/usr/lib/code/out/vs/workbench/api/node/extensionHostProcess.js:184:6805)
    at MessagePortMain.emit (node:events:519:28)
    at Object.MessagePortMain._internalPort.emit (node:electron/js2c/utility_init:2:2619) setContext undefined
2024-09-14 20:08:28.351 [error] Canceled: Canceled
    at Object.f [as $0] (/usr/lib/code/out/vs/workbench/api/node/extensionHostProcess.js:10:1082)
    at /usr/lib/code/out/vs/workbench/api/node/extensionHostProcess.js:158:2406
    at Array.forEach (<anonymous>)
    at y.dispose (/usr/lib/code/out/vs/workbench/api/node/extensionHostProcess.js:158:2344)
    at m.terminate (/usr/lib/code/out/vs/workbench/api/node/extensionHostProcess.js:167:8389)
    at $.terminate (/usr/lib/code/out/vs/workbench/api/node/extensionHostProcess.js:171:1513)
    at n (/usr/lib/code/out/vs/workbench/api/node/extensionHostProcess.js:184:10613)
    at MessagePortMain.<anonymous> (/usr/lib/code/out/vs/workbench/api/node/extensionHostProcess.js:184:6805)
    at MessagePortMain.emit (node:events:519:28)
    at Object.MessagePortMain._internalPort.emit (node:electron/js2c/utility_init:2:2619) setContext undefined
2024-09-14 20:08:28.353 [error] Canceled: Canceled
    at Object.f [as $0] (/usr/lib/code/out/vs/workbench/api/node/extensionHostProcess.js:10:1082)
    at /usr/lib/code/out/vs/workbench/api/node/extensionHostProcess.js:158:2406
    at Array.forEach (<anonymous>)
    at y.dispose (/usr/lib/code/out/vs/workbench/api/node/extensionHostProcess.js:158:2344)
    at m.terminate (/usr/lib/code/out/vs/workbench/api/node/extensionHostProcess.js:167:8389)
    at $.terminate (/usr/lib/code/out/vs/workbench/api/node/extensionHostProcess.js:171:1513)
    at n (/usr/lib/code/out/vs/workbench/api/node/extensionHostProcess.js:184:10613)
    at MessagePortMain.<anonymous> (/usr/lib/code/out/vs/workbench/api/node/extensionHostProcess.js:184:6805)
    at MessagePortMain.emit (node:events:519:28)
    at Object.MessagePortMain._internalPort.emit (node:electron/js2c/utility_init:2:2619) setContext undefined
2024-09-14 20:08:28.354 [error] Canceled: Canceled
    at Object.f [as $0] (/usr/lib/code/out/vs/workbench/api/node/extensionHostProcess.js:10:1082)
    at /usr/lib/code/out/vs/workbench/api/node/extensionHostProcess.js:158:2406
    at Array.forEach (<anonymous>)
    at y.dispose (/usr/lib/code/out/vs/workbench/api/node/extensionHostProcess.js:158:2344)
    at m.terminate (/usr/lib/code/out/vs/workbench/api/node/extensionHostProcess.js:167:8389)
    at $.terminate (/usr/lib/code/out/vs/workbench/api/node/extensionHostProcess.js:171:1513)
    at n (/usr/lib/code/out/vs/workbench/api/node/extensionHostProcess.js:184:10613)
    at MessagePortMain.<anonymous> (/usr/lib/code/out/vs/workbench/api/node/extensionHostProcess.js:184:6805)
    at MessagePortMain.emit (node:events:519:28)
    at Object.MessagePortMain._internalPort.emit (node:electron/js2c/utility_init:2:2619) setContext undefined
2024-09-14 20:08:28.356 [error] Canceled: Canceled
    at Object.f [as $0] (/usr/lib/code/out/vs/workbench/api/node/extensionHostProcess.js:10:1082)
    at /usr/lib/code/out/vs/workbench/api/node/extensionHostProcess.js:158:2406
    at Array.forEach (<anonymous>)
    at y.dispose (/usr/lib/code/out/vs/workbench/api/node/extensionHostProcess.js:158:2344)
    at m.terminate (/usr/lib/code/out/vs/workbench/api/node/extensionHostProcess.js:167:8389)
    at $.terminate (/usr/lib/code/out/vs/workbench/api/node/extensionHostProcess.js:171:1513)
    at n (/usr/lib/code/out/vs/workbench/api/node/extensionHostProcess.js:184:10613)
    at MessagePortMain.<anonymous> (/usr/lib/code/out/vs/workbench/api/node/extensionHostProcess.js:184:6805)
    at MessagePortMain.emit (node:events:519:28)
    at Object.MessagePortMain._internalPort.emit (node:electron/js2c/utility_init:2:2619) setContext undefined
2024-09-14 20:08:28.357 [error] Canceled: Canceled
    at Object.f [as $0] (/usr/lib/code/out/vs/workbench/api/node/extensionHostProcess.js:10:1082)
    at /usr/lib/code/out/vs/workbench/api/node/extensionHostProcess.js:158:2406
    at Array.forEach (<anonymous>)
    at y.dispose (/usr/lib/code/out/vs/workbench/api/node/extensionHostProcess.js:158:2344)
    at m.terminate (/usr/lib/code/out/vs/workbench/api/node/extensionHostProcess.js:167:8389)
    at $.terminate (/usr/lib/code/out/vs/workbench/api/node/extensionHostProcess.js:171:1513)
    at n (/usr/lib/code/out/vs/workbench/api/node/extensionHostProcess.js:184:10613)
    at MessagePortMain.<anonymous> (/usr/lib/code/out/vs/workbench/api/node/extensionHostProcess.js:184:6805)
    at MessagePortMain.emit (node:events:519:28)
    at Object.MessagePortMain._internalPort.emit (node:electron/js2c/utility_init:2:2619) setContext undefined
2024-09-14 20:08:28.360 [error] Canceled: Canceled
    at Object.f [as $0] (/usr/lib/code/out/vs/workbench/api/node/extensionHostProcess.js:10:1082)
    at /usr/lib/code/out/vs/workbench/api/node/extensionHostProcess.js:158:2406
    at Array.forEach (<anonymous>)
    at y.dispose (/usr/lib/code/out/vs/workbench/api/node/extensionHostProcess.js:158:2344)
    at m.terminate (/usr/lib/code/out/vs/workbench/api/node/extensionHostProcess.js:167:8389)
    at $.terminate (/usr/lib/code/out/vs/workbench/api/node/extensionHostProcess.js:171:1513)
    at n (/usr/lib/code/out/vs/workbench/api/node/extensionHostProcess.js:184:10613)
    at MessagePortMain.<anonymous> (/usr/lib/code/out/vs/workbench/api/node/extensionHostProcess.js:184:6805)
    at MessagePortMain.emit (node:events:519:28)
    at Object.MessagePortMain._internalPort.emit (node:electron/js2c/utility_init:2:2619) setContext undefined
2024-09-14 20:08:28.364 [error] Canceled: Canceled
    at new D (/usr/lib/code/out/vs/workbench/api/node/extensionHostProcess.js:151:35235)
    at y.U (/usr/lib/code/out/vs/workbench/api/node/extensionHostProcess.js:158:6005)
    at Proxy.V.<computed>.F.charCodeAt.A.CharCode.DollarSign.V.<computed> (/usr/lib/code/out/vs/workbench/api/node/extensionHostProcess.js:158:3107)
    at h.g (/usr/lib/code/out/vs/workbench/api/node/extensionHostProcess.js:161:210015)
    at h.executeCommand (/usr/lib/code/out/vs/workbench/api/node/extensionHostProcess.js:161:209453)
    at C.registerCommand.description (/usr/lib/code/out/vs/workbench/api/node/extensionHostProcess.js:161:208777)
    at h (/usr/lib/code/out/vs/workbench/api/node/extensionHostProcess.js:161:210554)
    at h.g (/usr/lib/code/out/vs/workbench/api/node/extensionHostProcess.js:161:209546)
    at h.executeCommand (/usr/lib/code/out/vs/workbench/api/node/extensionHostProcess.js:161:209453)
    at Object.executeCommand (/usr/lib/code/out/vs/workbench/api/node/extensionHostProcess.js:171:30683)
    at zt.set (/home/karthi/.vscode-oss/extensions/ms-toolsai.jupyter-2024.8.1-universal/dist/extension.node.js:304:165051)
    at Tb.dispose (/home/karthi/.vscode-oss/extensions/ms-toolsai.jupyter-2024.8.1-universal/dist/extension.node.js:342:8136)
    at $ (/usr/lib/code/out/vs/workbench/api/node/extensionHostProcess.js:30:744)
    at /usr/lib/code/out/vs/workbench/api/node/extensionHostProcess.js:167:13607
    at /usr/lib/code/out/vs/workbench/api/node/extensionHostProcess.js:30:1112
    at Object.dispose (/usr/lib/code/out/vs/workbench/api/node/extensionHostProcess.js:11:11463)
    at m.eb (/usr/lib/code/out/vs/workbench/api/node/extensionHostProcess.js:167:10282)
    at /usr/lib/code/out/vs/workbench/api/node/extensionHostProcess.js:167:8153
    at Array.map (<anonymous>)
    at m.$ (/usr/lib/code/out/vs/workbench/api/node/extensionHostProcess.js:167:8140)
    at m.terminate (/usr/lib/code/out/vs/workbench/api/node/extensionHostProcess.js:167:8413)
    at $.terminate (/usr/lib/code/out/vs/workbench/api/node/extensionHostProcess.js:171:1513)
    at n (/usr/lib/code/out/vs/workbench/api/node/extensionHostProcess.js:184:10613)
    at MessagePortMain.<anonymous> (/usr/lib/code/out/vs/workbench/api/node/extensionHostProcess.js:184:6805)
    at MessagePortMain.emit (node:events:519:28)
    at Object.MessagePortMain._internalPort.emit (node:electron/js2c/utility_init:2:2619) setContext undefined
2024-09-14 20:08:28.366 [error] ProxyResolver#addCertificatesV1 Canceled: Canceled
    at Object.f [as $0] (/usr/lib/code/out/vs/workbench/api/node/extensionHostProcess.js:10:1082)
    at /usr/lib/code/out/vs/workbench/api/node/extensionHostProcess.js:158:2406
    at Array.forEach (<anonymous>)
    at y.dispose (/usr/lib/code/out/vs/workbench/api/node/extensionHostProcess.js:158:2344)
    at m.terminate (/usr/lib/code/out/vs/workbench/api/node/extensionHostProcess.js:167:8389)
    at $.terminate (/usr/lib/code/out/vs/workbench/api/node/extensionHostProcess.js:171:1513)
    at n (/usr/lib/code/out/vs/workbench/api/node/extensionHostProcess.js:184:10613)
    at MessagePortMain.<anonymous> (/usr/lib/code/out/vs/workbench/api/node/extensionHostProcess.js:184:6805)
    at MessagePortMain.emit (node:events:519:28)
    at Object.MessagePortMain._internalPort.emit (node:electron/js2c/utility_init:2:2619)
2024-09-14 20:08:28.374 [info] Extension host with pid 6284 exiting with code 0
